[0.823s] DEBUG:colcon:Command line arguments: ['/usr/bin/colcon', 'build']
[0.823s] DEBUG:colcon:Parsed command line arguments: Namespace(log_base=None, log_level=None, verb_name='build', build_base='build', install_base='install', merge_install=False, symlink_install=False, test_result_base=None, continue_on_error=False, executor='parallel', parallel_workers=12, event_handlers=None, ignore_user_meta=False, metas=['./colcon.meta'], base_paths=['.'], packages_ignore=None, packages_ignore_regex=None, paths=None, packages_up_to=None, packages_up_to_regex=None, packages_above=None, packages_above_and_dependencies=None, packages_above_depth=None, packages_select_by_dep=None, packages_skip_by_dep=None, packages_skip_up_to=None, packages_select_build_failed=False, packages_skip_build_finished=False, packages_select_test_failures=False, packages_skip_test_passed=False, packages_select=None, packages_skip=None, packages_select_regex=None, packages_skip_regex=None, packages_start=None, packages_end=None, allow_overriding=[], cmake_args=None, cmake_target=None, cmake_target_skip_unavailable=False, cmake_clean_cache=False, cmake_clean_first=False, cmake_force_configure=False, ament_cmake_args=None, catkin_cmake_args=None, catkin_skip_building_tests=False, verb_parser=<colcon_defaults.argument_parser.defaults.DefaultArgumentsDecorator object at 0x7ff8054898d0>, verb_extension=<colcon_core.verb.build.BuildVerb object at 0x7ff8058d7370>, main=<bound method BuildVerb.main of <colcon_core.verb.build.BuildVerb object at 0x7ff8058d7370>>)
[0.860s] Level 1:colcon.colcon_core.package_discovery:discover_packages(colcon_meta) check parameters
[0.861s] Level 1:colcon.colcon_core.package_discovery:discover_packages(recursive) check parameters
[0.861s] Level 1:colcon.colcon_core.package_discovery:discover_packages(ignore) check parameters
[0.861s] Level 1:colcon.colcon_core.package_discovery:discover_packages(path) check parameters
[0.861s] Level 1:colcon.colcon_core.package_discovery:discover_packages(colcon_meta) discover
[0.861s] Level 1:colcon.colcon_core.package_discovery:discover_packages(recursive) discover
[0.861s] INFO:colcon.colcon_core.package_discovery:Crawling recursively for packages in '/home/astrox/astrobot_ws'
[0.861s] Level 1:colcon.colcon_core.package_identification:_identify(.) by extensions ['ignore', 'ignore_ament_install']
[0.861s] Level 1:colcon.colcon_core.package_identification:_identify(.) by extension 'ignore'
[0.861s] Level 1:colcon.colcon_core.package_identification:_identify(.) by extension 'ignore_ament_install'
[0.861s] Level 1:colcon.colcon_core.package_identification:_identify(.) by extensions ['colcon_pkg']
[0.861s] Level 1:colcon.colcon_core.package_identification:_identify(.) by extension 'colcon_pkg'
[0.861s] Level 1:colcon.colcon_core.package_identification:_identify(.) by extensions ['colcon_meta']
[0.861s] Level 1:colcon.colcon_core.package_identification:_identify(.) by extension 'colcon_meta'
[0.861s] Level 1:colcon.colcon_core.package_identification:_identify(.) by extensions ['ros']
[0.861s] Level 1:colcon.colcon_core.package_identification:_identify(.) by extension 'ros'
[0.870s] Level 1:colcon.colcon_core.package_identification:_identify(.) by extensions ['cmake', 'python']
[0.870s] Level 1:colcon.colcon_core.package_identification:_identify(.) by extension 'cmake'
[0.870s] Level 1:colcon.colcon_core.package_identification:_identify(.) by extension 'python'
[0.870s] Level 1:colcon.colcon_core.package_identification:_identify(.) by extensions ['python_setup_py']
[0.870s] Level 1:colcon.colcon_core.package_identification:_identify(.) by extension 'python_setup_py'
[0.870s] Level 1:colcon.colcon_core.package_identification:_identify(build) by extensions ['ignore', 'ignore_ament_install']
[0.870s] Level 1:colcon.colcon_core.package_identification:_identify(build) by extension 'ignore'
[0.870s] Level 1:colcon.colcon_core.package_identification:_identify(build) ignored
[0.870s] Level 1:colcon.colcon_core.package_identification:_identify(install) by extensions ['ignore', 'ignore_ament_install']
[0.870s] Level 1:colcon.colcon_core.package_identification:_identify(install) by extension 'ignore'
[0.870s] Level 1:colcon.colcon_core.package_identification:_identify(install) ignored
[0.871s] Level 1:colcon.colcon_core.package_identification:_identify(log) by extensions ['ignore', 'ignore_ament_install']
[0.871s] Level 1:colcon.colcon_core.package_identification:_identify(log) by extension 'ignore'
[0.871s] Level 1:colcon.colcon_core.package_identification:_identify(log) ignored
[0.871s] Level 1:colcon.colcon_core.package_identification:_identify(src) by extensions ['ignore', 'ignore_ament_install']
[0.871s] Level 1:colcon.colcon_core.package_identification:_identify(src) by extension 'ignore'
[0.871s] Level 1:colcon.colcon_core.package_identification:_identify(src) by extension 'ignore_ament_install'
[0.871s] Level 1:colcon.colcon_core.package_identification:_identify(src) by extensions ['colcon_pkg']
[0.871s] Level 1:colcon.colcon_core.package_identification:_identify(src) by extension 'colcon_pkg'
[0.871s] Level 1:colcon.colcon_core.package_identification:_identify(src) by extensions ['colcon_meta']
[0.871s] Level 1:colcon.colcon_core.package_identification:_identify(src) by extension 'colcon_meta'
[0.871s] Level 1:colcon.colcon_core.package_identification:_identify(src) by extensions ['ros']
[0.871s] Level 1:colcon.colcon_core.package_identification:_identify(src) by extension 'ros'
[0.871s] Level 1:colcon.colcon_core.package_identification:_identify(src) by extensions ['cmake', 'python']
[0.871s] Level 1:colcon.colcon_core.package_identification:_identify(src) by extension 'cmake'
[0.871s] Level 1:colcon.colcon_core.package_identification:_identify(src) by extension 'python'
[0.871s] Level 1:colcon.colcon_core.package_identification:_identify(src) by extensions ['python_setup_py']
[0.871s] Level 1:colcon.colcon_core.package_identification:_identify(src) by extension 'python_setup_py'
[0.871s] Level 1:colcon.colcon_core.package_identification:_identify(src/astrobot_base) by extensions ['ignore', 'ignore_ament_install']
[0.871s] Level 1:colcon.colcon_core.package_identification:_identify(src/astrobot_base) by extension 'ignore'
[0.871s] Level 1:colcon.colcon_core.package_identification:_identify(src/astrobot_base) by extension 'ignore_ament_install'
[0.871s] Level 1:colcon.colcon_core.package_identification:_identify(src/astrobot_base) by extensions ['colcon_pkg']
[0.871s] Level 1:colcon.colcon_core.package_identification:_identify(src/astrobot_base) by extension 'colcon_pkg'
[0.872s] Level 1:colcon.colcon_core.package_identification:_identify(src/astrobot_base) by extensions ['colcon_meta']
[0.872s] Level 1:colcon.colcon_core.package_identification:_identify(src/astrobot_base) by extension 'colcon_meta'
[0.872s] Level 1:colcon.colcon_core.package_identification:_identify(src/astrobot_base) by extensions ['ros']
[0.872s] Level 1:colcon.colcon_core.package_identification:_identify(src/astrobot_base) by extension 'ros'
[0.873s] DEBUG:colcon.colcon_core.package_identification:Package 'src/astrobot_base' with type 'ros.ament_cmake' and name 'astrobot_base'
[0.873s] Level 1:colcon.colcon_core.package_identification:_identify(src/astrobot_bringup) by extensions ['ignore', 'ignore_ament_install']
[0.873s] Level 1:colcon.colcon_core.package_identification:_identify(src/astrobot_bringup) by extension 'ignore'
[0.874s] Level 1:colcon.colcon_core.package_identification:_identify(src/astrobot_bringup) by extension 'ignore_ament_install'
[0.874s] Level 1:colcon.colcon_core.package_identification:_identify(src/astrobot_bringup) by extensions ['colcon_pkg']
[0.874s] Level 1:colcon.colcon_core.package_identification:_identify(src/astrobot_bringup) by extension 'colcon_pkg'
[0.874s] Level 1:colcon.colcon_core.package_identification:_identify(src/astrobot_bringup) by extensions ['colcon_meta']
[0.874s] Level 1:colcon.colcon_core.package_identification:_identify(src/astrobot_bringup) by extension 'colcon_meta'
[0.874s] Level 1:colcon.colcon_core.package_identification:_identify(src/astrobot_bringup) by extensions ['ros']
[0.874s] Level 1:colcon.colcon_core.package_identification:_identify(src/astrobot_bringup) by extension 'ros'
[0.874s] DEBUG:colcon.colcon_core.package_identification:Package 'src/astrobot_bringup' with type 'ros.ament_cmake' and name 'astrobot_bringup'
[0.874s] Level 1:colcon.colcon_core.package_identification:_identify(src/astrobot_description) by extensions ['ignore', 'ignore_ament_install']
[0.874s] Level 1:colcon.colcon_core.package_identification:_identify(src/astrobot_description) by extension 'ignore'
[0.874s] Level 1:colcon.colcon_core.package_identification:_identify(src/astrobot_description) by extension 'ignore_ament_install'
[0.874s] Level 1:colcon.colcon_core.package_identification:_identify(src/astrobot_description) by extensions ['colcon_pkg']
[0.874s] Level 1:colcon.colcon_core.package_identification:_identify(src/astrobot_description) by extension 'colcon_pkg'
[0.874s] Level 1:colcon.colcon_core.package_identification:_identify(src/astrobot_description) by extensions ['colcon_meta']
[0.874s] Level 1:colcon.colcon_core.package_identification:_identify(src/astrobot_description) by extension 'colcon_meta'
[0.874s] Level 1:colcon.colcon_core.package_identification:_identify(src/astrobot_description) by extensions ['ros']
[0.875s] Level 1:colcon.colcon_core.package_identification:_identify(src/astrobot_description) by extension 'ros'
[0.875s] DEBUG:colcon.colcon_core.package_identification:Package 'src/astrobot_description' with type 'ros.ament_cmake' and name 'astrobot_description'
[0.875s] Level 1:colcon.colcon_core.package_identification:_identify(src/astrobot_navigation) by extensions ['ignore', 'ignore_ament_install']
[0.875s] Level 1:colcon.colcon_core.package_identification:_identify(src/astrobot_navigation) by extension 'ignore'
[0.875s] Level 1:colcon.colcon_core.package_identification:_identify(src/astrobot_navigation) by extension 'ignore_ament_install'
[0.875s] Level 1:colcon.colcon_core.package_identification:_identify(src/astrobot_navigation) by extensions ['colcon_pkg']
[0.875s] Level 1:colcon.colcon_core.package_identification:_identify(src/astrobot_navigation) by extension 'colcon_pkg'
[0.875s] Level 1:colcon.colcon_core.package_identification:_identify(src/astrobot_navigation) by extensions ['colcon_meta']
[0.875s] Level 1:colcon.colcon_core.package_identification:_identify(src/astrobot_navigation) by extension 'colcon_meta'
[0.875s] Level 1:colcon.colcon_core.package_identification:_identify(src/astrobot_navigation) by extensions ['ros']
[0.875s] Level 1:colcon.colcon_core.package_identification:_identify(src/astrobot_navigation) by extension 'ros'
[0.876s] DEBUG:colcon.colcon_core.package_identification:Package 'src/astrobot_navigation' with type 'ros.ament_cmake' and name 'astrobot_navigation'
[0.876s] Level 1:colcon.colcon_core.package_identification:_identify(src/astrobot_slam) by extensions ['ignore', 'ignore_ament_install']
[0.876s] Level 1:colcon.colcon_core.package_identification:_identify(src/astrobot_slam) by extension 'ignore'
[0.876s] Level 1:colcon.colcon_core.package_identification:_identify(src/astrobot_slam) by extension 'ignore_ament_install'
[0.876s] Level 1:colcon.colcon_core.package_identification:_identify(src/astrobot_slam) by extensions ['colcon_pkg']
[0.876s] Level 1:colcon.colcon_core.package_identification:_identify(src/astrobot_slam) by extension 'colcon_pkg'
[0.876s] Level 1:colcon.colcon_core.package_identification:_identify(src/astrobot_slam) by extensions ['colcon_meta']
[0.876s] Level 1:colcon.colcon_core.package_identification:_identify(src/astrobot_slam) by extension 'colcon_meta'
[0.876s] Level 1:colcon.colcon_core.package_identification:_identify(src/astrobot_slam) by extensions ['ros']
[0.876s] Level 1:colcon.colcon_core.package_identification:_identify(src/astrobot_slam) by extension 'ros'
[0.876s] DEBUG:colcon.colcon_core.package_identification:Package 'src/astrobot_slam' with type 'ros.ament_cmake' and name 'astrobot_slam'
[0.876s] Level 1:colcon.colcon_core.package_discovery:discover_packages(recursive) using defaults
[0.876s] Level 1:colcon.colcon_core.package_discovery:discover_packages(ignore) discover
[0.876s] Level 1:colcon.colcon_core.package_discovery:discover_packages(ignore) using defaults
[0.876s] Level 1:colcon.colcon_core.package_discovery:discover_packages(path) discover
[0.876s] Level 1:colcon.colcon_core.package_discovery:discover_packages(path) using defaults
[0.952s] Level 1:colcon.colcon_core.package_discovery:discover_packages(prefix_path) check parameters
[0.952s] Level 1:colcon.colcon_core.package_discovery:discover_packages(prefix_path) discover
[0.977s] DEBUG:colcon.colcon_installed_package_information.package_discovery:Found 5 installed packages in /home/astrox/astrobot_ws/install
[0.990s] DEBUG:colcon.colcon_installed_package_information.package_discovery:Found 348 installed packages in /opt/ros/humble
[0.991s] Level 1:colcon.colcon_core.package_discovery:discover_packages(prefix_path) using defaults
[1.074s] Level 5:colcon.colcon_core.verb:set package 'astrobot_base' build argument 'cmake_args' from command line to 'None'
[1.074s] Level 5:colcon.colcon_core.verb:set package 'astrobot_base' build argument 'cmake_target' from command line to 'None'
[1.074s] Level 5:colcon.colcon_core.verb:set package 'astrobot_base' build argument 'cmake_target_skip_unavailable' from command line to 'False'
[1.074s] Level 5:colcon.colcon_core.verb:set package 'astrobot_base' build argument 'cmake_clean_cache' from command line to 'False'
[1.074s] Level 5:colcon.colcon_core.verb:set package 'astrobot_base' build argument 'cmake_clean_first' from command line to 'False'
[1.074s] Level 5:colcon.colcon_core.verb:set package 'astrobot_base' build argument 'cmake_force_configure' from command line to 'False'
[1.074s] Level 5:colcon.colcon_core.verb:set package 'astrobot_base' build argument 'ament_cmake_args' from command line to 'None'
[1.074s] Level 5:colcon.colcon_core.verb:set package 'astrobot_base' build argument 'catkin_cmake_args' from command line to 'None'
[1.075s] Level 5:colcon.colcon_core.verb:set package 'astrobot_base' build argument 'catkin_skip_building_tests' from command line to 'False'
[1.075s] DEBUG:colcon.colcon_core.verb:Building package 'astrobot_base' with the following arguments: {'ament_cmake_args': None, 'build_base': '/home/astrox/astrobot_ws/build/astrobot_base', 'catkin_cmake_args': None, 'catkin_skip_building_tests': False, 'cmake_args': None, 'cmake_clean_cache': False, 'cmake_clean_first': False, 'cmake_force_configure': False, 'cmake_target': None, 'cmake_target_skip_unavailable': False, 'install_base': '/home/astrox/astrobot_ws/install/astrobot_base', 'merge_install': False, 'path': '/home/astrox/astrobot_ws/src/astrobot_base', 'symlink_install': False, 'test_result_base': None}
[1.087s] Level 5:colcon.colcon_core.verb:set package 'astrobot_bringup' build argument 'cmake_args' from command line to 'None'
[1.087s] Level 5:colcon.colcon_core.verb:set package 'astrobot_bringup' build argument 'cmake_target' from command line to 'None'
[1.087s] Level 5:colcon.colcon_core.verb:set package 'astrobot_bringup' build argument 'cmake_target_skip_unavailable' from command line to 'False'
[1.087s] Level 5:colcon.colcon_core.verb:set package 'astrobot_bringup' build argument 'cmake_clean_cache' from command line to 'False'
[1.087s] Level 5:colcon.colcon_core.verb:set package 'astrobot_bringup' build argument 'cmake_clean_first' from command line to 'False'
[1.087s] Level 5:colcon.colcon_core.verb:set package 'astrobot_bringup' build argument 'cmake_force_configure' from command line to 'False'
[1.087s] Level 5:colcon.colcon_core.verb:set package 'astrobot_bringup' build argument 'ament_cmake_args' from command line to 'None'
[1.087s] Level 5:colcon.colcon_core.verb:set package 'astrobot_bringup' build argument 'catkin_cmake_args' from command line to 'None'
[1.087s] Level 5:colcon.colcon_core.verb:set package 'astrobot_bringup' build argument 'catkin_skip_building_tests' from command line to 'False'
[1.087s] DEBUG:colcon.colcon_core.verb:Building package 'astrobot_bringup' with the following arguments: {'ament_cmake_args': None, 'build_base': '/home/astrox/astrobot_ws/build/astrobot_bringup', 'catkin_cmake_args': None, 'catkin_skip_building_tests': False, 'cmake_args': None, 'cmake_clean_cache': False, 'cmake_clean_first': False, 'cmake_force_configure': False, 'cmake_target': None, 'cmake_target_skip_unavailable': False, 'install_base': '/home/astrox/astrobot_ws/install/astrobot_bringup', 'merge_install': False, 'path': '/home/astrox/astrobot_ws/src/astrobot_bringup', 'symlink_install': False, 'test_result_base': None}
[1.099s] Level 5:colcon.colcon_core.verb:set package 'astrobot_description' build argument 'cmake_args' from command line to 'None'
[1.099s] Level 5:colcon.colcon_core.verb:set package 'astrobot_description' build argument 'cmake_target' from command line to 'None'
[1.099s] Level 5:colcon.colcon_core.verb:set package 'astrobot_description' build argument 'cmake_target_skip_unavailable' from command line to 'False'
[1.099s] Level 5:colcon.colcon_core.verb:set package 'astrobot_description' build argument 'cmake_clean_cache' from command line to 'False'
[1.099s] Level 5:colcon.colcon_core.verb:set package 'astrobot_description' build argument 'cmake_clean_first' from command line to 'False'
[1.099s] Level 5:colcon.colcon_core.verb:set package 'astrobot_description' build argument 'cmake_force_configure' from command line to 'False'
[1.099s] Level 5:colcon.colcon_core.verb:set package 'astrobot_description' build argument 'ament_cmake_args' from command line to 'None'
[1.099s] Level 5:colcon.colcon_core.verb:set package 'astrobot_description' build argument 'catkin_cmake_args' from command line to 'None'
[1.099s] Level 5:colcon.colcon_core.verb:set package 'astrobot_description' build argument 'catkin_skip_building_tests' from command line to 'False'
[1.099s] DEBUG:colcon.colcon_core.verb:Building package 'astrobot_description' with the following arguments: {'ament_cmake_args': None, 'build_base': '/home/astrox/astrobot_ws/build/astrobot_description', 'catkin_cmake_args': None, 'catkin_skip_building_tests': False, 'cmake_args': None, 'cmake_clean_cache': False, 'cmake_clean_first': False, 'cmake_force_configure': False, 'cmake_target': None, 'cmake_target_skip_unavailable': False, 'install_base': '/home/astrox/astrobot_ws/install/astrobot_description', 'merge_install': False, 'path': '/home/astrox/astrobot_ws/src/astrobot_description', 'symlink_install': False, 'test_result_base': None}
[1.111s] Level 5:colcon.colcon_core.verb:set package 'astrobot_navigation' build argument 'cmake_args' from command line to 'None'
[1.111s] Level 5:colcon.colcon_core.verb:set package 'astrobot_navigation' build argument 'cmake_target' from command line to 'None'
[1.111s] Level 5:colcon.colcon_core.verb:set package 'astrobot_navigation' build argument 'cmake_target_skip_unavailable' from command line to 'False'
[1.111s] Level 5:colcon.colcon_core.verb:set package 'astrobot_navigation' build argument 'cmake_clean_cache' from command line to 'False'
[1.111s] Level 5:colcon.colcon_core.verb:set package 'astrobot_navigation' build argument 'cmake_clean_first' from command line to 'False'
[1.112s] Level 5:colcon.colcon_core.verb:set package 'astrobot_navigation' build argument 'cmake_force_configure' from command line to 'False'
[1.112s] Level 5:colcon.colcon_core.verb:set package 'astrobot_navigation' build argument 'ament_cmake_args' from command line to 'None'
[1.112s] Level 5:colcon.colcon_core.verb:set package 'astrobot_navigation' build argument 'catkin_cmake_args' from command line to 'None'
[1.112s] Level 5:colcon.colcon_core.verb:set package 'astrobot_navigation' build argument 'catkin_skip_building_tests' from command line to 'False'
[1.112s] DEBUG:colcon.colcon_core.verb:Building package 'astrobot_navigation' with the following arguments: {'ament_cmake_args': None, 'build_base': '/home/astrox/astrobot_ws/build/astrobot_navigation', 'catkin_cmake_args': None, 'catkin_skip_building_tests': False, 'cmake_args': None, 'cmake_clean_cache': False, 'cmake_clean_first': False, 'cmake_force_configure': False, 'cmake_target': None, 'cmake_target_skip_unavailable': False, 'install_base': '/home/astrox/astrobot_ws/install/astrobot_navigation', 'merge_install': False, 'path': '/home/astrox/astrobot_ws/src/astrobot_navigation', 'symlink_install': False, 'test_result_base': None}
[1.124s] Level 5:colcon.colcon_core.verb:set package 'astrobot_slam' build argument 'cmake_args' from command line to 'None'
[1.124s] Level 5:colcon.colcon_core.verb:set package 'astrobot_slam' build argument 'cmake_target' from command line to 'None'
[1.124s] Level 5:colcon.colcon_core.verb:set package 'astrobot_slam' build argument 'cmake_target_skip_unavailable' from command line to 'False'
[1.124s] Level 5:colcon.colcon_core.verb:set package 'astrobot_slam' build argument 'cmake_clean_cache' from command line to 'False'
[1.124s] Level 5:colcon.colcon_core.verb:set package 'astrobot_slam' build argument 'cmake_clean_first' from command line to 'False'
[1.124s] Level 5:colcon.colcon_core.verb:set package 'astrobot_slam' build argument 'cmake_force_configure' from command line to 'False'
[1.124s] Level 5:colcon.colcon_core.verb:set package 'astrobot_slam' build argument 'ament_cmake_args' from command line to 'None'
[1.124s] Level 5:colcon.colcon_core.verb:set package 'astrobot_slam' build argument 'catkin_cmake_args' from command line to 'None'
[1.124s] Level 5:colcon.colcon_core.verb:set package 'astrobot_slam' build argument 'catkin_skip_building_tests' from command line to 'False'
[1.124s] DEBUG:colcon.colcon_core.verb:Building package 'astrobot_slam' with the following arguments: {'ament_cmake_args': None, 'build_base': '/home/astrox/astrobot_ws/build/astrobot_slam', 'catkin_cmake_args': None, 'catkin_skip_building_tests': False, 'cmake_args': None, 'cmake_clean_cache': False, 'cmake_clean_first': False, 'cmake_force_configure': False, 'cmake_target': None, 'cmake_target_skip_unavailable': False, 'install_base': '/home/astrox/astrobot_ws/install/astrobot_slam', 'merge_install': False, 'path': '/home/astrox/astrobot_ws/src/astrobot_slam', 'symlink_install': False, 'test_result_base': None}
[1.136s] INFO:colcon.colcon_core.executor:Executing jobs using 'parallel' executor
[1.149s] DEBUG:colcon.colcon_parallel_executor.executor.parallel:run_until_complete
[1.149s] INFO:colcon.colcon_ros.task.ament_cmake.build:Building ROS package in '/home/astrox/astrobot_ws/src/astrobot_base' with build type 'ament_cmake'
[1.149s] INFO:colcon.colcon_cmake.task.cmake.build:Building CMake package in '/home/astrox/astrobot_ws/src/astrobot_base'
[1.162s] INFO:colcon.colcon_core.plugin_system:Skipping extension 'colcon_core.shell.bat': Not used on non-Windows systems
[1.162s] INFO:colcon.colcon_core.shell:Skip shell extension 'powershell' for command environment: Not usable outside of PowerShell
[1.162s] DEBUG:colcon.colcon_core.shell:Skip shell extension 'dsv' for command environment
[1.201s] INFO:colcon.colcon_ros.task.ament_cmake.build:Building ROS package in '/home/astrox/astrobot_ws/src/astrobot_bringup' with build type 'ament_cmake'
[1.202s] INFO:colcon.colcon_cmake.task.cmake.build:Building CMake package in '/home/astrox/astrobot_ws/src/astrobot_bringup'
[1.222s] INFO:colcon.colcon_core.shell:Skip shell extension 'powershell' for command environment: Not usable outside of PowerShell
[1.222s] DEBUG:colcon.colcon_core.shell:Skip shell extension 'dsv' for command environment
[1.261s] INFO:colcon.colcon_ros.task.ament_cmake.build:Building ROS package in '/home/astrox/astrobot_ws/src/astrobot_description' with build type 'ament_cmake'
[1.261s] INFO:colcon.colcon_cmake.task.cmake.build:Building CMake package in '/home/astrox/astrobot_ws/src/astrobot_description'
[1.274s] INFO:colcon.colcon_core.shell:Skip shell extension 'powershell' for command environment: Not usable outside of PowerShell
[1.274s] DEBUG:colcon.colcon_core.shell:Skip shell extension 'dsv' for command environment
[1.313s] INFO:colcon.colcon_ros.task.ament_cmake.build:Building ROS package in '/home/astrox/astrobot_ws/src/astrobot_navigation' with build type 'ament_cmake'
[1.313s] INFO:colcon.colcon_cmake.task.cmake.build:Building CMake package in '/home/astrox/astrobot_ws/src/astrobot_navigation'
[1.326s] INFO:colcon.colcon_core.shell:Skip shell extension 'powershell' for command environment: Not usable outside of PowerShell
[1.327s] DEBUG:colcon.colcon_core.shell:Skip shell extension 'dsv' for command environment
[1.366s] INFO:colcon.colcon_ros.task.ament_cmake.build:Building ROS package in '/home/astrox/astrobot_ws/src/astrobot_slam' with build type 'ament_cmake'
[1.366s] INFO:colcon.colcon_cmake.task.cmake.build:Building CMake package in '/home/astrox/astrobot_ws/src/astrobot_slam'
[1.379s] INFO:colcon.colcon_core.shell:Skip shell extension 'powershell' for command environment: Not usable outside of PowerShell
[1.379s] DEBUG:colcon.colcon_core.shell:Skip shell extension 'dsv' for command environment
[1.427s] DEBUG:colcon.colcon_core.event_handler.log_command:Invoking command in '/home/astrox/astrobot_ws/build/astrobot_base': CMAKE_PREFIX_PATH=/opt/ros/humble /usr/bin/cmake --build /home/astrox/astrobot_ws/build/astrobot_base -- -j12 -l12
[1.428s] DEBUG:colcon.colcon_core.event_handler.log_command:Invoking command in '/home/astrox/astrobot_ws/build/astrobot_bringup': CMAKE_PREFIX_PATH=/opt/ros/humble /usr/bin/cmake --build /home/astrox/astrobot_ws/build/astrobot_bringup -- -j12 -l12
[1.430s] DEBUG:colcon.colcon_core.event_handler.log_command:Invoking command in '/home/astrox/astrobot_ws/build/astrobot_description': CMAKE_PREFIX_PATH=/opt/ros/humble /usr/bin/cmake --build /home/astrox/astrobot_ws/build/astrobot_description -- -j12 -l12
[1.433s] DEBUG:colcon.colcon_core.event_handler.log_command:Invoking command in '/home/astrox/astrobot_ws/build/astrobot_navigation': CMAKE_PREFIX_PATH=/opt/ros/humble /usr/bin/cmake --build /home/astrox/astrobot_ws/build/astrobot_navigation -- -j12 -l12
[1.437s] DEBUG:colcon.colcon_core.event_handler.log_command:Invoking command in '/home/astrox/astrobot_ws/build/astrobot_slam': CMAKE_PREFIX_PATH=/opt/ros/humble /usr/bin/cmake --build /home/astrox/astrobot_ws/build/astrobot_slam -- -j12 -l12
[1.460s] DEBUG:colcon.colcon_core.event_handler.log_command:Invoked command in '/home/astrox/astrobot_ws/build/astrobot_base' returned '0': CMAKE_PREFIX_PATH=/opt/ros/humble /usr/bin/cmake --build /home/astrox/astrobot_ws/build/astrobot_base -- -j12 -l12
[1.463s] DEBUG:colcon.colcon_core.event_handler.log_command:Invoked command in '/home/astrox/astrobot_ws/build/astrobot_bringup' returned '0': CMAKE_PREFIX_PATH=/opt/ros/humble /usr/bin/cmake --build /home/astrox/astrobot_ws/build/astrobot_bringup -- -j12 -l12
[1.468s] DEBUG:colcon.colcon_core.event_handler.log_command:Invoked command in '/home/astrox/astrobot_ws/build/astrobot_slam' returned '0': CMAKE_PREFIX_PATH=/opt/ros/humble /usr/bin/cmake --build /home/astrox/astrobot_ws/build/astrobot_slam -- -j12 -l12
[1.468s] DEBUG:colcon.colcon_core.event_handler.log_command:Invoked command in '/home/astrox/astrobot_ws/build/astrobot_navigation' returned '0': CMAKE_PREFIX_PATH=/opt/ros/humble /usr/bin/cmake --build /home/astrox/astrobot_ws/build/astrobot_navigation -- -j12 -l12
[1.490s] DEBUG:colcon.colcon_core.event_handler.log_command:Invoking command in '/home/astrox/astrobot_ws/build/astrobot_base': CMAKE_PREFIX_PATH=/opt/ros/humble /usr/bin/cmake --install /home/astrox/astrobot_ws/build/astrobot_base
[1.493s] DEBUG:colcon.colcon_core.event_handler.log_command:Invoking command in '/home/astrox/astrobot_ws/build/astrobot_bringup': CMAKE_PREFIX_PATH=/opt/ros/humble /usr/bin/cmake --install /home/astrox/astrobot_ws/build/astrobot_bringup
[1.495s] DEBUG:colcon.colcon_core.event_handler.log_command:Invoking command in '/home/astrox/astrobot_ws/build/astrobot_navigation': CMAKE_PREFIX_PATH=/opt/ros/humble /usr/bin/cmake --install /home/astrox/astrobot_ws/build/astrobot_navigation
[1.497s] DEBUG:colcon.colcon_core.event_handler.log_command:Invoking command in '/home/astrox/astrobot_ws/build/astrobot_slam': CMAKE_PREFIX_PATH=/opt/ros/humble /usr/bin/cmake --install /home/astrox/astrobot_ws/build/astrobot_slam
[1.500s] Level 1:colcon.colcon_core.environment:create_environment_scripts_only(astrobot_base)
[1.505s] DEBUG:colcon.colcon_core.event_handler.log_command:Invoked command in '/home/astrox/astrobot_ws/build/astrobot_base' returned '0': CMAKE_PREFIX_PATH=/opt/ros/humble /usr/bin/cmake --install /home/astrox/astrobot_ws/build/astrobot_base
[1.524s] Level 1:colcon.colcon_core.environment:checking '/home/astrox/astrobot_ws/install/astrobot_base' for CMake module files
[1.524s] Level 1:colcon.colcon_core.environment:checking '/home/astrox/astrobot_ws/install/astrobot_base' for CMake config files
[1.525s] Level 1:colcon.colcon_core.shell:create_environment_hook('astrobot_base', 'cmake_prefix_path')
[1.539s] INFO:colcon.colcon_core.shell:Creating environment hook '/home/astrox/astrobot_ws/install/astrobot_base/share/astrobot_base/hook/cmake_prefix_path.ps1'
[1.540s] INFO:colcon.colcon_core.shell:Creating environment descriptor '/home/astrox/astrobot_ws/install/astrobot_base/share/astrobot_base/hook/cmake_prefix_path.dsv'
[1.540s] INFO:colcon.colcon_core.shell:Creating environment hook '/home/astrox/astrobot_ws/install/astrobot_base/share/astrobot_base/hook/cmake_prefix_path.sh'
[1.541s] Level 1:colcon.colcon_core.environment:checking '/home/astrox/astrobot_ws/install/astrobot_base/bin'
[1.541s] Level 1:colcon.colcon_core.environment:checking '/home/astrox/astrobot_ws/install/astrobot_base/lib/pkgconfig/astrobot_base.pc'
[1.541s] Level 1:colcon.colcon_core.environment:checking '/home/astrox/astrobot_ws/install/astrobot_base/lib/python3.10/site-packages'
[1.542s] Level 1:colcon.colcon_core.environment:checking '/home/astrox/astrobot_ws/install/astrobot_base/bin'
[1.555s] INFO:colcon.colcon_core.shell:Creating package script '/home/astrox/astrobot_ws/install/astrobot_base/share/astrobot_base/package.ps1'
[1.556s] INFO:colcon.colcon_core.shell:Creating package descriptor '/home/astrox/astrobot_ws/install/astrobot_base/share/astrobot_base/package.dsv'
[1.557s] INFO:colcon.colcon_core.shell:Creating package script '/home/astrox/astrobot_ws/install/astrobot_base/share/astrobot_base/package.sh'
[1.557s] INFO:colcon.colcon_core.shell:Creating package script '/home/astrox/astrobot_ws/install/astrobot_base/share/astrobot_base/package.bash'
[1.558s] INFO:colcon.colcon_core.shell:Creating package script '/home/astrox/astrobot_ws/install/astrobot_base/share/astrobot_base/package.zsh'
[1.558s] Level 1:colcon.colcon_core.environment:create_file_with_runtime_dependencies(/home/astrox/astrobot_ws/install/astrobot_base/share/colcon-core/packages/astrobot_base)
[1.560s] Level 1:colcon.colcon_core.environment:create_environment_scripts_only(astrobot_slam)
[1.560s] DEBUG:colcon.colcon_core.event_handler.log_command:Invoked command in '/home/astrox/astrobot_ws/build/astrobot_slam' returned '0': CMAKE_PREFIX_PATH=/opt/ros/humble /usr/bin/cmake --install /home/astrox/astrobot_ws/build/astrobot_slam
[1.573s] Level 1:colcon.colcon_core.environment:checking '/home/astrox/astrobot_ws/install/astrobot_slam' for CMake module files
[1.573s] Level 1:colcon.colcon_core.environment:checking '/home/astrox/astrobot_ws/install/astrobot_slam' for CMake config files
[1.574s] Level 1:colcon.colcon_core.shell:create_environment_hook('astrobot_slam', 'cmake_prefix_path')
[1.587s] INFO:colcon.colcon_core.shell:Creating environment hook '/home/astrox/astrobot_ws/install/astrobot_slam/share/astrobot_slam/hook/cmake_prefix_path.ps1'
[1.587s] INFO:colcon.colcon_core.shell:Creating environment descriptor '/home/astrox/astrobot_ws/install/astrobot_slam/share/astrobot_slam/hook/cmake_prefix_path.dsv'
[1.587s] INFO:colcon.colcon_core.shell:Creating environment hook '/home/astrox/astrobot_ws/install/astrobot_slam/share/astrobot_slam/hook/cmake_prefix_path.sh'
[1.588s] Level 1:colcon.colcon_core.environment:checking '/home/astrox/astrobot_ws/install/astrobot_slam/bin'
[1.588s] Level 1:colcon.colcon_core.environment:checking '/home/astrox/astrobot_ws/install/astrobot_slam/lib/pkgconfig/astrobot_slam.pc'
[1.588s] Level 1:colcon.colcon_core.environment:checking '/home/astrox/astrobot_ws/install/astrobot_slam/lib/python3.10/site-packages'
[1.588s] Level 1:colcon.colcon_core.environment:checking '/home/astrox/astrobot_ws/install/astrobot_slam/bin'
[1.600s] INFO:colcon.colcon_core.shell:Creating package script '/home/astrox/astrobot_ws/install/astrobot_slam/share/astrobot_slam/package.ps1'
[1.601s] INFO:colcon.colcon_core.shell:Creating package descriptor '/home/astrox/astrobot_ws/install/astrobot_slam/share/astrobot_slam/package.dsv'
[1.601s] INFO:colcon.colcon_core.shell:Creating package script '/home/astrox/astrobot_ws/install/astrobot_slam/share/astrobot_slam/package.sh'
[1.601s] INFO:colcon.colcon_core.shell:Creating package script '/home/astrox/astrobot_ws/install/astrobot_slam/share/astrobot_slam/package.bash'
[1.602s] INFO:colcon.colcon_core.shell:Creating package script '/home/astrox/astrobot_ws/install/astrobot_slam/share/astrobot_slam/package.zsh'
[1.602s] Level 1:colcon.colcon_core.environment:create_file_with_runtime_dependencies(/home/astrox/astrobot_ws/install/astrobot_slam/share/colcon-core/packages/astrobot_slam)
[1.602s] Level 1:colcon.colcon_core.environment:create_environment_scripts_only(astrobot_navigation)
[1.603s] DEBUG:colcon.colcon_core.event_handler.log_command:Invoked command in '/home/astrox/astrobot_ws/build/astrobot_navigation' returned '0': CMAKE_PREFIX_PATH=/opt/ros/humble /usr/bin/cmake --install /home/astrox/astrobot_ws/build/astrobot_navigation
[1.616s] Level 1:colcon.colcon_core.environment:checking '/home/astrox/astrobot_ws/install/astrobot_navigation' for CMake module files
[1.616s] Level 1:colcon.colcon_core.environment:checking '/home/astrox/astrobot_ws/install/astrobot_navigation' for CMake config files
[1.616s] Level 1:colcon.colcon_core.shell:create_environment_hook('astrobot_navigation', 'cmake_prefix_path')
[1.629s] INFO:colcon.colcon_core.shell:Creating environment hook '/home/astrox/astrobot_ws/install/astrobot_navigation/share/astrobot_navigation/hook/cmake_prefix_path.ps1'
[1.630s] INFO:colcon.colcon_core.shell:Creating environment descriptor '/home/astrox/astrobot_ws/install/astrobot_navigation/share/astrobot_navigation/hook/cmake_prefix_path.dsv'
[1.630s] INFO:colcon.colcon_core.shell:Creating environment hook '/home/astrox/astrobot_ws/install/astrobot_navigation/share/astrobot_navigation/hook/cmake_prefix_path.sh'
[1.630s] Level 1:colcon.colcon_core.environment:checking '/home/astrox/astrobot_ws/install/astrobot_navigation/bin'
[1.631s] Level 1:colcon.colcon_core.environment:checking '/home/astrox/astrobot_ws/install/astrobot_navigation/lib/pkgconfig/astrobot_navigation.pc'
[1.631s] Level 1:colcon.colcon_core.environment:checking '/home/astrox/astrobot_ws/install/astrobot_navigation/lib/python3.10/site-packages'
[1.631s] Level 1:colcon.colcon_core.environment:checking '/home/astrox/astrobot_ws/install/astrobot_navigation/bin'
[1.643s] INFO:colcon.colcon_core.shell:Creating package script '/home/astrox/astrobot_ws/install/astrobot_navigation/share/astrobot_navigation/package.ps1'
[1.644s] INFO:colcon.colcon_core.shell:Creating package descriptor '/home/astrox/astrobot_ws/install/astrobot_navigation/share/astrobot_navigation/package.dsv'
[1.644s] INFO:colcon.colcon_core.shell:Creating package script '/home/astrox/astrobot_ws/install/astrobot_navigation/share/astrobot_navigation/package.sh'
[1.644s] INFO:colcon.colcon_core.shell:Creating package script '/home/astrox/astrobot_ws/install/astrobot_navigation/share/astrobot_navigation/package.bash'
[1.644s] INFO:colcon.colcon_core.shell:Creating package script '/home/astrox/astrobot_ws/install/astrobot_navigation/share/astrobot_navigation/package.zsh'
[1.645s] Level 1:colcon.colcon_core.environment:create_file_with_runtime_dependencies(/home/astrox/astrobot_ws/install/astrobot_navigation/share/colcon-core/packages/astrobot_navigation)
[1.646s] Level 1:colcon.colcon_core.environment:create_environment_scripts_only(astrobot_bringup)
[1.646s] DEBUG:colcon.colcon_core.event_handler.log_command:Invoked command in '/home/astrox/astrobot_ws/build/astrobot_bringup' returned '0': CMAKE_PREFIX_PATH=/opt/ros/humble /usr/bin/cmake --install /home/astrox/astrobot_ws/build/astrobot_bringup
[1.659s] Level 1:colcon.colcon_core.environment:checking '/home/astrox/astrobot_ws/install/astrobot_bringup' for CMake module files
[1.659s] Level 1:colcon.colcon_core.environment:checking '/home/astrox/astrobot_ws/install/astrobot_bringup' for CMake config files
[1.659s] Level 1:colcon.colcon_core.shell:create_environment_hook('astrobot_bringup', 'cmake_prefix_path')
[1.672s] INFO:colcon.colcon_core.shell:Creating environment hook '/home/astrox/astrobot_ws/install/astrobot_bringup/share/astrobot_bringup/hook/cmake_prefix_path.ps1'
[1.672s] INFO:colcon.colcon_core.shell:Creating environment descriptor '/home/astrox/astrobot_ws/install/astrobot_bringup/share/astrobot_bringup/hook/cmake_prefix_path.dsv'
[1.672s] INFO:colcon.colcon_core.shell:Creating environment hook '/home/astrox/astrobot_ws/install/astrobot_bringup/share/astrobot_bringup/hook/cmake_prefix_path.sh'
[1.673s] Level 1:colcon.colcon_core.environment:checking '/home/astrox/astrobot_ws/install/astrobot_bringup/bin'
[1.673s] Level 1:colcon.colcon_core.environment:checking '/home/astrox/astrobot_ws/install/astrobot_bringup/lib/pkgconfig/astrobot_bringup.pc'
[1.673s] Level 1:colcon.colcon_core.environment:checking '/home/astrox/astrobot_ws/install/astrobot_bringup/lib/python3.10/site-packages'
[1.673s] Level 1:colcon.colcon_core.environment:checking '/home/astrox/astrobot_ws/install/astrobot_bringup/bin'
[1.687s] INFO:colcon.colcon_core.shell:Creating package script '/home/astrox/astrobot_ws/install/astrobot_bringup/share/astrobot_bringup/package.ps1'
[1.687s] INFO:colcon.colcon_core.shell:Creating package descriptor '/home/astrox/astrobot_ws/install/astrobot_bringup/share/astrobot_bringup/package.dsv'
[1.688s] INFO:colcon.colcon_core.shell:Creating package script '/home/astrox/astrobot_ws/install/astrobot_bringup/share/astrobot_bringup/package.sh'
[1.688s] INFO:colcon.colcon_core.shell:Creating package script '/home/astrox/astrobot_ws/install/astrobot_bringup/share/astrobot_bringup/package.bash'
[1.688s] INFO:colcon.colcon_core.shell:Creating package script '/home/astrox/astrobot_ws/install/astrobot_bringup/share/astrobot_bringup/package.zsh'
[1.688s] Level 1:colcon.colcon_core.environment:create_file_with_runtime_dependencies(/home/astrox/astrobot_ws/install/astrobot_bringup/share/colcon-core/packages/astrobot_bringup)
[1.702s] Level 1:colcon.colcon_core.environment:create_environment_scripts_only(astrobot_base)
[1.715s] Level 1:colcon.colcon_core.environment:checking '/home/astrox/astrobot_ws/install/astrobot_base' for CMake module files
[1.715s] Level 1:colcon.colcon_core.environment:checking '/home/astrox/astrobot_ws/install/astrobot_base' for CMake config files
[1.715s] Level 1:colcon.colcon_core.shell:create_environment_hook('astrobot_base', 'cmake_prefix_path')
[1.727s] INFO:colcon.colcon_core.shell:Creating environment hook '/home/astrox/astrobot_ws/install/astrobot_base/share/astrobot_base/hook/cmake_prefix_path.ps1'
[1.728s] INFO:colcon.colcon_core.shell:Creating environment descriptor '/home/astrox/astrobot_ws/install/astrobot_base/share/astrobot_base/hook/cmake_prefix_path.dsv'
[1.728s] INFO:colcon.colcon_core.shell:Creating environment hook '/home/astrox/astrobot_ws/install/astrobot_base/share/astrobot_base/hook/cmake_prefix_path.sh'
[1.728s] Level 1:colcon.colcon_core.environment:checking '/home/astrox/astrobot_ws/install/astrobot_base/bin'
[1.728s] Level 1:colcon.colcon_core.environment:checking '/home/astrox/astrobot_ws/install/astrobot_base/lib/pkgconfig/astrobot_base.pc'
[1.729s] Level 1:colcon.colcon_core.environment:checking '/home/astrox/astrobot_ws/install/astrobot_base/lib/python3.10/site-packages'
[1.729s] Level 1:colcon.colcon_core.environment:checking '/home/astrox/astrobot_ws/install/astrobot_base/bin'
[1.741s] INFO:colcon.colcon_core.shell:Creating package script '/home/astrox/astrobot_ws/install/astrobot_base/share/astrobot_base/package.ps1'
[1.741s] INFO:colcon.colcon_core.shell:Creating package descriptor '/home/astrox/astrobot_ws/install/astrobot_base/share/astrobot_base/package.dsv'
[1.742s] INFO:colcon.colcon_core.shell:Creating package script '/home/astrox/astrobot_ws/install/astrobot_base/share/astrobot_base/package.sh'
[1.742s] INFO:colcon.colcon_core.shell:Creating package script '/home/astrox/astrobot_ws/install/astrobot_base/share/astrobot_base/package.bash'
[1.742s] INFO:colcon.colcon_core.shell:Creating package script '/home/astrox/astrobot_ws/install/astrobot_base/share/astrobot_base/package.zsh'
[1.742s] Level 1:colcon.colcon_core.environment:create_file_with_runtime_dependencies(/home/astrox/astrobot_ws/install/astrobot_base/share/colcon-core/packages/astrobot_base)
[1.756s] Level 1:colcon.colcon_core.environment:create_environment_scripts_only(astrobot_slam)
[1.768s] Level 1:colcon.colcon_core.environment:checking '/home/astrox/astrobot_ws/install/astrobot_slam' for CMake module files
[1.768s] Level 1:colcon.colcon_core.environment:checking '/home/astrox/astrobot_ws/install/astrobot_slam' for CMake config files
[1.768s] Level 1:colcon.colcon_core.shell:create_environment_hook('astrobot_slam', 'cmake_prefix_path')
[1.781s] INFO:colcon.colcon_core.shell:Creating environment hook '/home/astrox/astrobot_ws/install/astrobot_slam/share/astrobot_slam/hook/cmake_prefix_path.ps1'
[1.781s] INFO:colcon.colcon_core.shell:Creating environment descriptor '/home/astrox/astrobot_ws/install/astrobot_slam/share/astrobot_slam/hook/cmake_prefix_path.dsv'
[1.781s] INFO:colcon.colcon_core.shell:Creating environment hook '/home/astrox/astrobot_ws/install/astrobot_slam/share/astrobot_slam/hook/cmake_prefix_path.sh'
[1.782s] Level 1:colcon.colcon_core.environment:checking '/home/astrox/astrobot_ws/install/astrobot_slam/bin'
[1.782s] Level 1:colcon.colcon_core.environment:checking '/home/astrox/astrobot_ws/install/astrobot_slam/lib/pkgconfig/astrobot_slam.pc'
[1.782s] Level 1:colcon.colcon_core.environment:checking '/home/astrox/astrobot_ws/install/astrobot_slam/lib/python3.10/site-packages'
[1.782s] Level 1:colcon.colcon_core.environment:checking '/home/astrox/astrobot_ws/install/astrobot_slam/bin'
[1.794s] INFO:colcon.colcon_core.shell:Creating package script '/home/astrox/astrobot_ws/install/astrobot_slam/share/astrobot_slam/package.ps1'
[1.795s] INFO:colcon.colcon_core.shell:Creating package descriptor '/home/astrox/astrobot_ws/install/astrobot_slam/share/astrobot_slam/package.dsv'
[1.795s] INFO:colcon.colcon_core.shell:Creating package script '/home/astrox/astrobot_ws/install/astrobot_slam/share/astrobot_slam/package.sh'
[1.795s] INFO:colcon.colcon_core.shell:Creating package script '/home/astrox/astrobot_ws/install/astrobot_slam/share/astrobot_slam/package.bash'
[1.796s] INFO:colcon.colcon_core.shell:Creating package script '/home/astrox/astrobot_ws/install/astrobot_slam/share/astrobot_slam/package.zsh'
[1.796s] Level 1:colcon.colcon_core.environment:create_file_with_runtime_dependencies(/home/astrox/astrobot_ws/install/astrobot_slam/share/colcon-core/packages/astrobot_slam)
[1.809s] Level 1:colcon.colcon_core.environment:create_environment_scripts_only(astrobot_navigation)
[1.822s] Level 1:colcon.colcon_core.environment:checking '/home/astrox/astrobot_ws/install/astrobot_navigation' for CMake module files
[1.822s] Level 1:colcon.colcon_core.environment:checking '/home/astrox/astrobot_ws/install/astrobot_navigation' for CMake config files
[1.822s] Level 1:colcon.colcon_core.shell:create_environment_hook('astrobot_navigation', 'cmake_prefix_path')
[1.834s] INFO:colcon.colcon_core.shell:Creating environment hook '/home/astrox/astrobot_ws/install/astrobot_navigation/share/astrobot_navigation/hook/cmake_prefix_path.ps1'
[1.835s] INFO:colcon.colcon_core.shell:Creating environment descriptor '/home/astrox/astrobot_ws/install/astrobot_navigation/share/astrobot_navigation/hook/cmake_prefix_path.dsv'
[1.835s] INFO:colcon.colcon_core.shell:Creating environment hook '/home/astrox/astrobot_ws/install/astrobot_navigation/share/astrobot_navigation/hook/cmake_prefix_path.sh'
[1.835s] Level 1:colcon.colcon_core.environment:checking '/home/astrox/astrobot_ws/install/astrobot_navigation/bin'
[1.835s] Level 1:colcon.colcon_core.environment:checking '/home/astrox/astrobot_ws/install/astrobot_navigation/lib/pkgconfig/astrobot_navigation.pc'
[1.835s] Level 1:colcon.colcon_core.environment:checking '/home/astrox/astrobot_ws/install/astrobot_navigation/lib/python3.10/site-packages'
[1.836s] Level 1:colcon.colcon_core.environment:checking '/home/astrox/astrobot_ws/install/astrobot_navigation/bin'
[1.848s] INFO:colcon.colcon_core.shell:Creating package script '/home/astrox/astrobot_ws/install/astrobot_navigation/share/astrobot_navigation/package.ps1'
[1.848s] INFO:colcon.colcon_core.shell:Creating package descriptor '/home/astrox/astrobot_ws/install/astrobot_navigation/share/astrobot_navigation/package.dsv'
[1.848s] INFO:colcon.colcon_core.shell:Creating package script '/home/astrox/astrobot_ws/install/astrobot_navigation/share/astrobot_navigation/package.sh'
[1.849s] INFO:colcon.colcon_core.shell:Creating package script '/home/astrox/astrobot_ws/install/astrobot_navigation/share/astrobot_navigation/package.bash'
[1.849s] INFO:colcon.colcon_core.shell:Creating package script '/home/astrox/astrobot_ws/install/astrobot_navigation/share/astrobot_navigation/package.zsh'
[1.849s] Level 1:colcon.colcon_core.environment:create_file_with_runtime_dependencies(/home/astrox/astrobot_ws/install/astrobot_navigation/share/colcon-core/packages/astrobot_navigation)
[1.851s] DEBUG:colcon.colcon_core.event_handler.log_command:Invoked command in '/home/astrox/astrobot_ws/build/astrobot_description' returned '0': CMAKE_PREFIX_PATH=/opt/ros/humble /usr/bin/cmake --build /home/astrox/astrobot_ws/build/astrobot_description -- -j12 -l12
[1.864s] Level 1:colcon.colcon_core.environment:create_environment_scripts_only(astrobot_bringup)
[1.877s] Level 1:colcon.colcon_core.environment:checking '/home/astrox/astrobot_ws/install/astrobot_bringup' for CMake module files
[1.878s] Level 1:colcon.colcon_core.environment:checking '/home/astrox/astrobot_ws/install/astrobot_bringup' for CMake config files
[1.878s] Level 1:colcon.colcon_core.shell:create_environment_hook('astrobot_bringup', 'cmake_prefix_path')
[1.890s] INFO:colcon.colcon_core.shell:Creating environment hook '/home/astrox/astrobot_ws/install/astrobot_bringup/share/astrobot_bringup/hook/cmake_prefix_path.ps1'
[1.890s] INFO:colcon.colcon_core.shell:Creating environment descriptor '/home/astrox/astrobot_ws/install/astrobot_bringup/share/astrobot_bringup/hook/cmake_prefix_path.dsv'
[1.891s] INFO:colcon.colcon_core.shell:Creating environment hook '/home/astrox/astrobot_ws/install/astrobot_bringup/share/astrobot_bringup/hook/cmake_prefix_path.sh'
[1.891s] Level 1:colcon.colcon_core.environment:checking '/home/astrox/astrobot_ws/install/astrobot_bringup/bin'
[1.891s] Level 1:colcon.colcon_core.environment:checking '/home/astrox/astrobot_ws/install/astrobot_bringup/lib/pkgconfig/astrobot_bringup.pc'
[1.891s] Level 1:colcon.colcon_core.environment:checking '/home/astrox/astrobot_ws/install/astrobot_bringup/lib/python3.10/site-packages'
[1.892s] Level 1:colcon.colcon_core.environment:checking '/home/astrox/astrobot_ws/install/astrobot_bringup/bin'
[1.904s] INFO:colcon.colcon_core.shell:Creating package script '/home/astrox/astrobot_ws/install/astrobot_bringup/share/astrobot_bringup/package.ps1'
[1.904s] INFO:colcon.colcon_core.shell:Creating package descriptor '/home/astrox/astrobot_ws/install/astrobot_bringup/share/astrobot_bringup/package.dsv'
[1.905s] INFO:colcon.colcon_core.shell:Creating package script '/home/astrox/astrobot_ws/install/astrobot_bringup/share/astrobot_bringup/package.sh'
[1.905s] INFO:colcon.colcon_core.shell:Creating package script '/home/astrox/astrobot_ws/install/astrobot_bringup/share/astrobot_bringup/package.bash'
[1.905s] INFO:colcon.colcon_core.shell:Creating package script '/home/astrox/astrobot_ws/install/astrobot_bringup/share/astrobot_bringup/package.zsh'
[1.905s] Level 1:colcon.colcon_core.environment:create_file_with_runtime_dependencies(/home/astrox/astrobot_ws/install/astrobot_bringup/share/colcon-core/packages/astrobot_bringup)
[1.907s] DEBUG:colcon.colcon_core.event_handler.log_command:Invoking command in '/home/astrox/astrobot_ws/build/astrobot_description': CMAKE_PREFIX_PATH=/opt/ros/humble /usr/bin/cmake --install /home/astrox/astrobot_ws/build/astrobot_description
[1.936s] Level 1:colcon.colcon_core.environment:create_environment_scripts_only(astrobot_description)
[1.937s] DEBUG:colcon.colcon_core.event_handler.log_command:Invoked command in '/home/astrox/astrobot_ws/build/astrobot_description' returned '0': CMAKE_PREFIX_PATH=/opt/ros/humble /usr/bin/cmake --install /home/astrox/astrobot_ws/build/astrobot_description
[1.950s] Level 1:colcon.colcon_core.environment:checking '/home/astrox/astrobot_ws/install/astrobot_description' for CMake module files
[1.950s] Level 1:colcon.colcon_core.environment:checking '/home/astrox/astrobot_ws/install/astrobot_description' for CMake config files
[1.950s] Level 1:colcon.colcon_core.shell:create_environment_hook('astrobot_description', 'cmake_prefix_path')
[1.963s] INFO:colcon.colcon_core.shell:Creating environment hook '/home/astrox/astrobot_ws/install/astrobot_description/share/astrobot_description/hook/cmake_prefix_path.ps1'
[1.963s] INFO:colcon.colcon_core.shell:Creating environment descriptor '/home/astrox/astrobot_ws/install/astrobot_description/share/astrobot_description/hook/cmake_prefix_path.dsv'
[1.963s] INFO:colcon.colcon_core.shell:Creating environment hook '/home/astrox/astrobot_ws/install/astrobot_description/share/astrobot_description/hook/cmake_prefix_path.sh'
[1.964s] Level 1:colcon.colcon_core.environment:checking '/home/astrox/astrobot_ws/install/astrobot_description/bin'
[1.964s] Level 1:colcon.colcon_core.environment:checking '/home/astrox/astrobot_ws/install/astrobot_description/lib/pkgconfig/astrobot_description.pc'
[1.964s] Level 1:colcon.colcon_core.environment:checking '/home/astrox/astrobot_ws/install/astrobot_description/lib/python3.10/site-packages'
[1.964s] Level 1:colcon.colcon_core.environment:checking '/home/astrox/astrobot_ws/install/astrobot_description/bin'
[1.977s] INFO:colcon.colcon_core.shell:Creating package script '/home/astrox/astrobot_ws/install/astrobot_description/share/astrobot_description/package.ps1'
[1.977s] INFO:colcon.colcon_core.shell:Creating package descriptor '/home/astrox/astrobot_ws/install/astrobot_description/share/astrobot_description/package.dsv'
[1.978s] INFO:colcon.colcon_core.shell:Creating package script '/home/astrox/astrobot_ws/install/astrobot_description/share/astrobot_description/package.sh'
[1.978s] INFO:colcon.colcon_core.shell:Creating package script '/home/astrox/astrobot_ws/install/astrobot_description/share/astrobot_description/package.bash'
[1.978s] INFO:colcon.colcon_core.shell:Creating package script '/home/astrox/astrobot_ws/install/astrobot_description/share/astrobot_description/package.zsh'
[1.979s] Level 1:colcon.colcon_core.environment:create_file_with_runtime_dependencies(/home/astrox/astrobot_ws/install/astrobot_description/share/colcon-core/packages/astrobot_description)
[2.005s] Level 1:colcon.colcon_core.environment:create_environment_scripts_only(astrobot_description)
[2.018s] Level 1:colcon.colcon_core.environment:checking '/home/astrox/astrobot_ws/install/astrobot_description' for CMake module files
[2.018s] Level 1:colcon.colcon_core.environment:checking '/home/astrox/astrobot_ws/install/astrobot_description' for CMake config files
[2.018s] Level 1:colcon.colcon_core.shell:create_environment_hook('astrobot_description', 'cmake_prefix_path')
[2.030s] INFO:colcon.colcon_core.shell:Creating environment hook '/home/astrox/astrobot_ws/install/astrobot_description/share/astrobot_description/hook/cmake_prefix_path.ps1'
[2.031s] INFO:colcon.colcon_core.shell:Creating environment descriptor '/home/astrox/astrobot_ws/install/astrobot_description/share/astrobot_description/hook/cmake_prefix_path.dsv'
[2.031s] INFO:colcon.colcon_core.shell:Creating environment hook '/home/astrox/astrobot_ws/install/astrobot_description/share/astrobot_description/hook/cmake_prefix_path.sh'
[2.031s] Level 1:colcon.colcon_core.environment:checking '/home/astrox/astrobot_ws/install/astrobot_description/bin'
[2.031s] Level 1:colcon.colcon_core.environment:checking '/home/astrox/astrobot_ws/install/astrobot_description/lib/pkgconfig/astrobot_description.pc'
[2.031s] Level 1:colcon.colcon_core.environment:checking '/home/astrox/astrobot_ws/install/astrobot_description/lib/python3.10/site-packages'
[2.032s] Level 1:colcon.colcon_core.environment:checking '/home/astrox/astrobot_ws/install/astrobot_description/bin'
[2.044s] INFO:colcon.colcon_core.shell:Creating package script '/home/astrox/astrobot_ws/install/astrobot_description/share/astrobot_description/package.ps1'
[2.044s] INFO:colcon.colcon_core.shell:Creating package descriptor '/home/astrox/astrobot_ws/install/astrobot_description/share/astrobot_description/package.dsv'
[2.045s] INFO:colcon.colcon_core.shell:Creating package script '/home/astrox/astrobot_ws/install/astrobot_description/share/astrobot_description/package.sh'
[2.045s] INFO:colcon.colcon_core.shell:Creating package script '/home/astrox/astrobot_ws/install/astrobot_description/share/astrobot_description/package.bash'
[2.045s] INFO:colcon.colcon_core.shell:Creating package script '/home/astrox/astrobot_ws/install/astrobot_description/share/astrobot_description/package.zsh'
[2.045s] Level 1:colcon.colcon_core.environment:create_file_with_runtime_dependencies(/home/astrox/astrobot_ws/install/astrobot_description/share/colcon-core/packages/astrobot_description)
[2.046s] DEBUG:colcon.colcon_parallel_executor.executor.parallel:closing loop
[2.046s] DEBUG:colcon.colcon_parallel_executor.executor.parallel:loop closed
[2.046s] DEBUG:colcon.colcon_parallel_executor.executor.parallel:run_until_complete finished with '0'
[2.046s] DEBUG:colcon.colcon_core.event_reactor:joining thread
[2.063s] INFO:colcon.colcon_core.plugin_system:Skipping extension 'colcon_notification.desktop_notification.terminal_notifier': Not used on non-Darwin systems
[2.063s] INFO:colcon.colcon_core.plugin_system:Skipping extension 'colcon_notification.desktop_notification.win32': Not used on non-Windows systems
[2.063s] INFO:colcon.colcon_notification.desktop_notification:Sending desktop notification using 'notify2'
[2.072s] DEBUG:colcon.colcon_core.event_reactor:joined thread
[2.085s] INFO:colcon.colcon_core.shell:Creating prefix script '/home/astrox/astrobot_ws/install/local_setup.ps1'
[2.085s] INFO:colcon.colcon_core.shell:Creating prefix util module '/home/astrox/astrobot_ws/install/_local_setup_util_ps1.py'
[2.086s] INFO:colcon.colcon_core.shell:Creating prefix chain script '/home/astrox/astrobot_ws/install/setup.ps1'
[2.099s] INFO:colcon.colcon_core.shell:Creating prefix script '/home/astrox/astrobot_ws/install/local_setup.sh'
[2.100s] INFO:colcon.colcon_core.shell:Creating prefix util module '/home/astrox/astrobot_ws/install/_local_setup_util_sh.py'
[2.100s] INFO:colcon.colcon_core.shell:Creating prefix chain script '/home/astrox/astrobot_ws/install/setup.sh'
[2.113s] INFO:colcon.colcon_core.shell:Creating prefix script '/home/astrox/astrobot_ws/install/local_setup.bash'
[2.114s] INFO:colcon.colcon_core.shell:Creating prefix chain script '/home/astrox/astrobot_ws/install/setup.bash'
[2.128s] INFO:colcon.colcon_core.shell:Creating prefix script '/home/astrox/astrobot_ws/install/local_setup.zsh'
[2.128s] INFO:colcon.colcon_core.shell:Creating prefix chain script '/home/astrox/astrobot_ws/install/setup.zsh'
