[0.282s] Invoking command in '/home/astrox/astrobot_ws/build/astrobot_bringup': CMAKE_PREFIX_PATH=${CMAKE_PREFIX_PATH}:/opt/ros/humble /usr/bin/cmake --build /home/astrox/astrobot_ws/build/astrobot_bringup -- -j12 -l12
[0.304s] -- Found ament_cmake: 1.3.7 (/opt/ros/humble/share/ament_cmake/cmake)
[0.427s] -- Override CMake install command with custom implementation using symlinks instead of copying resources
[0.491s] -- Configuring done
[0.493s] -- Generating done
[0.493s] -- Build files have been written to: /home/astrox/astrobot_ws/build/astrobot_bringup
[0.712s] Invoked command in '/home/astrox/astrobot_ws/build/astrobot_bringup' returned '0': CMAKE_PREFIX_PATH=${CMAKE_PREFIX_PATH}:/opt/ros/humble /usr/bin/cmake --build /home/astrox/astrobot_ws/build/astrobot_bringup -- -j12 -l12
[0.816s] Invoking command in '/home/astrox/astrobot_ws/build/astrobot_bringup': CMAKE_PREFIX_PATH=${CMAKE_PREFIX_PATH}:/opt/ros/humble /usr/bin/cmake --install /home/astrox/astrobot_ws/build/astrobot_bringup
[0.821s] -- Install configuration: ""
[0.821s] -- Execute custom install script
[0.822s] -- Symlinking: /home/astrox/astrobot_ws/install/astrobot_bringup/share/astrobot_bringup/launch/astrobot_brinup_lanuch.py
[0.828s] -- Symlinking: /home/astrox/astrobot_ws/install/astrobot_bringup/share/astrobot_bringup/launch/astrobot_launch.py
[0.834s] -- Symlinking: /home/astrox/astrobot_ws/install/astrobot_bringup/share/astrobot_bringup/launch/extra_launch.py
[0.841s] -- Symlinking: /home/astrox/astrobot_ws/install/astrobot_bringup/share/astrobot_bringup/launch/joy_teleop_launch.py
[0.847s] -- Symlinking: /home/astrox/astrobot_ws/install/astrobot_bringup/share/astrobot_bringup/launch/laser_sensor_launch.py
[0.854s] -- Symlinking: /home/astrox/astrobot_ws/install/astrobot_bringup/share/astrobot_bringup/config/box_laser_filter.yaml
[0.861s] -- Symlinking: /home/astrox/astrobot_ws/install/astrobot_bringup/share/astrobot_bringup/config/fake_laser.yaml
[0.870s] -- Symlinking: /home/astrox/astrobot_ws/install/astrobot_bringup/share/astrobot_bringup/config/joy.yaml
[0.877s] -- Up-to-date symlink: /home/astrox/astrobot_ws/install/astrobot_bringup/share/ament_index/resource_index/package_run_dependencies/astrobot_bringup
[0.877s] -- Up-to-date symlink: /home/astrox/astrobot_ws/install/astrobot_bringup/share/ament_index/resource_index/parent_prefix_path/astrobot_bringup
[0.877s] -- Up-to-date symlink: /home/astrox/astrobot_ws/install/astrobot_bringup/share/astrobot_bringup/environment/ament_prefix_path.sh
[0.877s] -- Up-to-date symlink: /home/astrox/astrobot_ws/install/astrobot_bringup/share/astrobot_bringup/environment/ament_prefix_path.dsv
[0.878s] -- Up-to-date symlink: /home/astrox/astrobot_ws/install/astrobot_bringup/share/astrobot_bringup/environment/path.sh
[0.878s] -- Up-to-date symlink: /home/astrox/astrobot_ws/install/astrobot_bringup/share/astrobot_bringup/environment/path.dsv
[0.878s] -- Up-to-date symlink: /home/astrox/astrobot_ws/install/astrobot_bringup/share/astrobot_bringup/local_setup.bash
[0.878s] -- Up-to-date symlink: /home/astrox/astrobot_ws/install/astrobot_bringup/share/astrobot_bringup/local_setup.sh
[0.878s] -- Up-to-date symlink: /home/astrox/astrobot_ws/install/astrobot_bringup/share/astrobot_bringup/local_setup.zsh
[0.878s] -- Up-to-date symlink: /home/astrox/astrobot_ws/install/astrobot_bringup/share/astrobot_bringup/local_setup.dsv
[0.879s] -- Symlinking: /home/astrox/astrobot_ws/install/astrobot_bringup/share/astrobot_bringup/package.dsv
[0.885s] -- Up-to-date symlink: /home/astrox/astrobot_ws/install/astrobot_bringup/share/ament_index/resource_index/packages/astrobot_bringup
[0.885s] -- Up-to-date symlink: /home/astrox/astrobot_ws/install/astrobot_bringup/share/astrobot_bringup/cmake/astrobot_bringupConfig.cmake
[0.885s] -- Up-to-date symlink: /home/astrox/astrobot_ws/install/astrobot_bringup/share/astrobot_bringup/cmake/astrobot_bringupConfig-version.cmake
[0.885s] -- Up-to-date symlink: /home/astrox/astrobot_ws/install/astrobot_bringup/share/astrobot_bringup/package.xml
[0.915s] Invoked command in '/home/astrox/astrobot_ws/build/astrobot_bringup' returned '0': CMAKE_PREFIX_PATH=${CMAKE_PREFIX_PATH}:/opt/ros/humble /usr/bin/cmake --install /home/astrox/astrobot_ws/build/astrobot_bringup
