[0.342s] Invoking command in '/home/astrox/astrobot_ws/build/astrobot_base': CMAKE_PREFIX_PATH=${CMAKE_PREFIX_PATH}:/opt/ros/humble /usr/bin/cmake --build /home/astrox/astrobot_ws/build/astrobot_base -- -j12 -l12
[0.378s] Invoked command in '/home/astrox/astrobot_ws/build/astrobot_base' returned '0': CMAKE_PREFIX_PATH=${CMAKE_PREFIX_PATH}:/opt/ros/humble /usr/bin/cmake --build /home/astrox/astrobot_ws/build/astrobot_base -- -j12 -l12
[0.424s] Invoking command in '/home/astrox/astrobot_ws/build/astrobot_base': CMAKE_PREFIX_PATH=${CMAKE_PREFIX_PATH}:/opt/ros/humble /usr/bin/cmake --install /home/astrox/astrobot_ws/build/astrobot_base
[0.434s] -- Install configuration: ""
[0.434s] -- Execute custom install script
[0.435s] -- Up-to-date symlink: /home/astrox/astrobot_ws/install/astrobot_base/share/astrobot_base/config/ekf.yaml
[0.437s] -- Up-to-date symlink: /home/astrox/astrobot_ws/install/astrobot_base/share/ament_index/resource_index/package_run_dependencies/astrobot_base
[0.437s] -- Up-to-date symlink: /home/astrox/astrobot_ws/install/astrobot_base/share/ament_index/resource_index/parent_prefix_path/astrobot_base
[0.439s] -- Up-to-date symlink: /home/astrox/astrobot_ws/install/astrobot_base/share/astrobot_base/environment/ament_prefix_path.sh
[0.439s] -- Up-to-date symlink: /home/astrox/astrobot_ws/install/astrobot_base/share/astrobot_base/environment/ament_prefix_path.dsv
[0.439s] -- Up-to-date symlink: /home/astrox/astrobot_ws/install/astrobot_base/share/astrobot_base/environment/path.sh
[0.442s] -- Up-to-date symlink: /home/astrox/astrobot_ws/install/astrobot_base/share/astrobot_base/environment/path.dsv
[0.443s] -- Up-to-date symlink: /home/astrox/astrobot_ws/install/astrobot_base/share/astrobot_base/local_setup.bash
[0.446s] -- Up-to-date symlink: /home/astrox/astrobot_ws/install/astrobot_base/share/astrobot_base/local_setup.sh
[0.447s] -- Up-to-date symlink: /home/astrox/astrobot_ws/install/astrobot_base/share/astrobot_base/local_setup.zsh
[0.450s] -- Up-to-date symlink: /home/astrox/astrobot_ws/install/astrobot_base/share/astrobot_base/local_setup.dsv
[0.450s] -- Symlinking: /home/astrox/astrobot_ws/install/astrobot_base/share/astrobot_base/package.dsv
[0.490s] -- Up-to-date symlink: /home/astrox/astrobot_ws/install/astrobot_base/share/ament_index/resource_index/packages/astrobot_base
[0.491s] -- Up-to-date symlink: /home/astrox/astrobot_ws/install/astrobot_base/share/astrobot_base/cmake/astrobot_baseConfig.cmake
[0.491s] -- Up-to-date symlink: /home/astrox/astrobot_ws/install/astrobot_base/share/astrobot_base/cmake/astrobot_baseConfig-version.cmake
[0.491s] -- Up-to-date symlink: /home/astrox/astrobot_ws/install/astrobot_base/share/astrobot_base/package.xml
[0.617s] Invoked command in '/home/astrox/astrobot_ws/build/astrobot_base' returned '0': CMAKE_PREFIX_PATH=${CMAKE_PREFIX_PATH}:/opt/ros/humble /usr/bin/cmake --install /home/astrox/astrobot_ws/build/astrobot_base
