[0.817s] DEBUG:colcon:Command line arguments: ['/usr/bin/colcon', 'build']
[0.817s] DEBUG:colcon:Parsed command line arguments: Namespace(log_base=None, log_level=None, verb_name='build', build_base='build', install_base='install', merge_install=False, symlink_install=False, test_result_base=None, continue_on_error=False, executor='parallel', parallel_workers=12, event_handlers=None, ignore_user_meta=False, metas=['./colcon.meta'], base_paths=['.'], packages_ignore=None, packages_ignore_regex=None, paths=None, packages_up_to=None, packages_up_to_regex=None, packages_above=None, packages_above_and_dependencies=None, packages_above_depth=None, packages_select_by_dep=None, packages_skip_by_dep=None, packages_skip_up_to=None, packages_select_build_failed=False, packages_skip_build_finished=False, packages_select_test_failures=False, packages_skip_test_passed=False, packages_select=None, packages_skip=None, packages_select_regex=None, packages_skip_regex=None, packages_start=None, packages_end=None, allow_overriding=[], cmake_args=None, cmake_target=None, cmake_target_skip_unavailable=False, cmake_clean_cache=False, cmake_clean_first=False, cmake_force_configure=False, ament_cmake_args=None, catkin_cmake_args=None, catkin_skip_building_tests=False, verb_parser=<colcon_defaults.argument_parser.defaults.DefaultArgumentsDecorator object at 0x7f47f57b5a80>, verb_extension=<colcon_core.verb.build.BuildVerb object at 0x7f47f57b4700>, main=<bound method BuildVerb.main of <colcon_core.verb.build.BuildVerb object at 0x7f47f57b4700>>)
[0.855s] Level 1:colcon.colcon_core.package_discovery:discover_packages(colcon_meta) check parameters
[0.855s] Level 1:colcon.colcon_core.package_discovery:discover_packages(recursive) check parameters
[0.855s] Level 1:colcon.colcon_core.package_discovery:discover_packages(ignore) check parameters
[0.855s] Level 1:colcon.colcon_core.package_discovery:discover_packages(path) check parameters
[0.855s] Level 1:colcon.colcon_core.package_discovery:discover_packages(colcon_meta) discover
[0.855s] Level 1:colcon.colcon_core.package_discovery:discover_packages(recursive) discover
[0.855s] INFO:colcon.colcon_core.package_discovery:Crawling recursively for packages in '/home/astrox/astrobot_ws'
[0.855s] Level 1:colcon.colcon_core.package_identification:_identify(.) by extensions ['ignore', 'ignore_ament_install']
[0.855s] Level 1:colcon.colcon_core.package_identification:_identify(.) by extension 'ignore'
[0.855s] Level 1:colcon.colcon_core.package_identification:_identify(.) by extension 'ignore_ament_install'
[0.855s] Level 1:colcon.colcon_core.package_identification:_identify(.) by extensions ['colcon_pkg']
[0.855s] Level 1:colcon.colcon_core.package_identification:_identify(.) by extension 'colcon_pkg'
[0.855s] Level 1:colcon.colcon_core.package_identification:_identify(.) by extensions ['colcon_meta']
[0.856s] Level 1:colcon.colcon_core.package_identification:_identify(.) by extension 'colcon_meta'
[0.856s] Level 1:colcon.colcon_core.package_identification:_identify(.) by extensions ['ros']
[0.856s] Level 1:colcon.colcon_core.package_identification:_identify(.) by extension 'ros'
[0.864s] Level 1:colcon.colcon_core.package_identification:_identify(.) by extensions ['cmake', 'python']
[0.864s] Level 1:colcon.colcon_core.package_identification:_identify(.) by extension 'cmake'
[0.864s] Level 1:colcon.colcon_core.package_identification:_identify(.) by extension 'python'
[0.864s] Level 1:colcon.colcon_core.package_identification:_identify(.) by extensions ['python_setup_py']
[0.864s] Level 1:colcon.colcon_core.package_identification:_identify(.) by extension 'python_setup_py'
[0.864s] Level 1:colcon.colcon_core.package_identification:_identify(build) by extensions ['ignore', 'ignore_ament_install']
[0.864s] Level 1:colcon.colcon_core.package_identification:_identify(build) by extension 'ignore'
[0.864s] Level 1:colcon.colcon_core.package_identification:_identify(build) ignored
[0.865s] Level 1:colcon.colcon_core.package_identification:_identify(install) by extensions ['ignore', 'ignore_ament_install']
[0.865s] Level 1:colcon.colcon_core.package_identification:_identify(install) by extension 'ignore'
[0.865s] Level 1:colcon.colcon_core.package_identification:_identify(install) ignored
[0.865s] Level 1:colcon.colcon_core.package_identification:_identify(log) by extensions ['ignore', 'ignore_ament_install']
[0.865s] Level 1:colcon.colcon_core.package_identification:_identify(log) by extension 'ignore'
[0.865s] Level 1:colcon.colcon_core.package_identification:_identify(log) ignored
[0.865s] Level 1:colcon.colcon_core.package_identification:_identify(src) by extensions ['ignore', 'ignore_ament_install']
[0.865s] Level 1:colcon.colcon_core.package_identification:_identify(src) by extension 'ignore'
[0.865s] Level 1:colcon.colcon_core.package_identification:_identify(src) by extension 'ignore_ament_install'
[0.865s] Level 1:colcon.colcon_core.package_identification:_identify(src) by extensions ['colcon_pkg']
[0.865s] Level 1:colcon.colcon_core.package_identification:_identify(src) by extension 'colcon_pkg'
[0.865s] Level 1:colcon.colcon_core.package_identification:_identify(src) by extensions ['colcon_meta']
[0.865s] Level 1:colcon.colcon_core.package_identification:_identify(src) by extension 'colcon_meta'
[0.865s] Level 1:colcon.colcon_core.package_identification:_identify(src) by extensions ['ros']
[0.865s] Level 1:colcon.colcon_core.package_identification:_identify(src) by extension 'ros'
[0.865s] Level 1:colcon.colcon_core.package_identification:_identify(src) by extensions ['cmake', 'python']
[0.865s] Level 1:colcon.colcon_core.package_identification:_identify(src) by extension 'cmake'
[0.865s] Level 1:colcon.colcon_core.package_identification:_identify(src) by extension 'python'
[0.865s] Level 1:colcon.colcon_core.package_identification:_identify(src) by extensions ['python_setup_py']
[0.865s] Level 1:colcon.colcon_core.package_identification:_identify(src) by extension 'python_setup_py'
[0.865s] Level 1:colcon.colcon_core.package_identification:_identify(src/astrobot_base) by extensions ['ignore', 'ignore_ament_install']
[0.866s] Level 1:colcon.colcon_core.package_identification:_identify(src/astrobot_base) by extension 'ignore'
[0.866s] Level 1:colcon.colcon_core.package_identification:_identify(src/astrobot_base) by extension 'ignore_ament_install'
[0.866s] Level 1:colcon.colcon_core.package_identification:_identify(src/astrobot_base) by extensions ['colcon_pkg']
[0.866s] Level 1:colcon.colcon_core.package_identification:_identify(src/astrobot_base) by extension 'colcon_pkg'
[0.866s] Level 1:colcon.colcon_core.package_identification:_identify(src/astrobot_base) by extensions ['colcon_meta']
[0.866s] Level 1:colcon.colcon_core.package_identification:_identify(src/astrobot_base) by extension 'colcon_meta'
[0.866s] Level 1:colcon.colcon_core.package_identification:_identify(src/astrobot_base) by extensions ['ros']
[0.866s] Level 1:colcon.colcon_core.package_identification:_identify(src/astrobot_base) by extension 'ros'
[0.867s] DEBUG:colcon.colcon_core.package_identification:Package 'src/astrobot_base' with type 'ros.ament_cmake' and name 'astrobot_base'
[0.868s] Level 1:colcon.colcon_core.package_identification:_identify(src/astrobot_bringup) by extensions ['ignore', 'ignore_ament_install']
[0.868s] Level 1:colcon.colcon_core.package_identification:_identify(src/astrobot_bringup) by extension 'ignore'
[0.868s] Level 1:colcon.colcon_core.package_identification:_identify(src/astrobot_bringup) by extension 'ignore_ament_install'
[0.868s] Level 1:colcon.colcon_core.package_identification:_identify(src/astrobot_bringup) by extensions ['colcon_pkg']
[0.868s] Level 1:colcon.colcon_core.package_identification:_identify(src/astrobot_bringup) by extension 'colcon_pkg'
[0.868s] Level 1:colcon.colcon_core.package_identification:_identify(src/astrobot_bringup) by extensions ['colcon_meta']
[0.868s] Level 1:colcon.colcon_core.package_identification:_identify(src/astrobot_bringup) by extension 'colcon_meta'
[0.868s] Level 1:colcon.colcon_core.package_identification:_identify(src/astrobot_bringup) by extensions ['ros']
[0.868s] Level 1:colcon.colcon_core.package_identification:_identify(src/astrobot_bringup) by extension 'ros'
[0.868s] DEBUG:colcon.colcon_core.package_identification:Package 'src/astrobot_bringup' with type 'ros.ament_cmake' and name 'astrobot_bringup'
[0.868s] Level 1:colcon.colcon_core.package_identification:_identify(src/astrobot_description) by extensions ['ignore', 'ignore_ament_install']
[0.869s] Level 1:colcon.colcon_core.package_identification:_identify(src/astrobot_description) by extension 'ignore'
[0.869s] Level 1:colcon.colcon_core.package_identification:_identify(src/astrobot_description) by extension 'ignore_ament_install'
[0.869s] Level 1:colcon.colcon_core.package_identification:_identify(src/astrobot_description) by extensions ['colcon_pkg']
[0.869s] Level 1:colcon.colcon_core.package_identification:_identify(src/astrobot_description) by extension 'colcon_pkg'
[0.869s] Level 1:colcon.colcon_core.package_identification:_identify(src/astrobot_description) by extensions ['colcon_meta']
[0.869s] Level 1:colcon.colcon_core.package_identification:_identify(src/astrobot_description) by extension 'colcon_meta'
[0.869s] Level 1:colcon.colcon_core.package_identification:_identify(src/astrobot_description) by extensions ['ros']
[0.869s] Level 1:colcon.colcon_core.package_identification:_identify(src/astrobot_description) by extension 'ros'
[0.869s] DEBUG:colcon.colcon_core.package_identification:Package 'src/astrobot_description' with type 'ros.ament_cmake' and name 'astrobot_description'
[0.869s] Level 1:colcon.colcon_core.package_identification:_identify(src/astrobot_navigation) by extensions ['ignore', 'ignore_ament_install']
[0.869s] Level 1:colcon.colcon_core.package_identification:_identify(src/astrobot_navigation) by extension 'ignore'
[0.869s] Level 1:colcon.colcon_core.package_identification:_identify(src/astrobot_navigation) by extension 'ignore_ament_install'
[0.869s] Level 1:colcon.colcon_core.package_identification:_identify(src/astrobot_navigation) by extensions ['colcon_pkg']
[0.869s] Level 1:colcon.colcon_core.package_identification:_identify(src/astrobot_navigation) by extension 'colcon_pkg'
[0.869s] Level 1:colcon.colcon_core.package_identification:_identify(src/astrobot_navigation) by extensions ['colcon_meta']
[0.869s] Level 1:colcon.colcon_core.package_identification:_identify(src/astrobot_navigation) by extension 'colcon_meta'
[0.870s] Level 1:colcon.colcon_core.package_identification:_identify(src/astrobot_navigation) by extensions ['ros']
[0.870s] Level 1:colcon.colcon_core.package_identification:_identify(src/astrobot_navigation) by extension 'ros'
[0.870s] DEBUG:colcon.colcon_core.package_identification:Package 'src/astrobot_navigation' with type 'ros.ament_cmake' and name 'astrobot_navigation'
[0.870s] Level 1:colcon.colcon_core.package_identification:_identify(src/astrobot_slam) by extensions ['ignore', 'ignore_ament_install']
[0.870s] Level 1:colcon.colcon_core.package_identification:_identify(src/astrobot_slam) by extension 'ignore'
[0.870s] Level 1:colcon.colcon_core.package_identification:_identify(src/astrobot_slam) by extension 'ignore_ament_install'
[0.870s] Level 1:colcon.colcon_core.package_identification:_identify(src/astrobot_slam) by extensions ['colcon_pkg']
[0.870s] Level 1:colcon.colcon_core.package_identification:_identify(src/astrobot_slam) by extension 'colcon_pkg'
[0.870s] Level 1:colcon.colcon_core.package_identification:_identify(src/astrobot_slam) by extensions ['colcon_meta']
[0.870s] Level 1:colcon.colcon_core.package_identification:_identify(src/astrobot_slam) by extension 'colcon_meta'
[0.870s] Level 1:colcon.colcon_core.package_identification:_identify(src/astrobot_slam) by extensions ['ros']
[0.870s] Level 1:colcon.colcon_core.package_identification:_identify(src/astrobot_slam) by extension 'ros'
[0.871s] DEBUG:colcon.colcon_core.package_identification:Package 'src/astrobot_slam' with type 'ros.ament_cmake' and name 'astrobot_slam'
[0.871s] Level 1:colcon.colcon_core.package_identification:_identify(src/micro_ros_setup) by extensions ['ignore', 'ignore_ament_install']
[0.871s] Level 1:colcon.colcon_core.package_identification:_identify(src/micro_ros_setup) by extension 'ignore'
[0.871s] Level 1:colcon.colcon_core.package_identification:_identify(src/micro_ros_setup) by extension 'ignore_ament_install'
[0.871s] Level 1:colcon.colcon_core.package_identification:_identify(src/micro_ros_setup) by extensions ['colcon_pkg']
[0.871s] Level 1:colcon.colcon_core.package_identification:_identify(src/micro_ros_setup) by extension 'colcon_pkg'
[0.871s] Level 1:colcon.colcon_core.package_identification:_identify(src/micro_ros_setup) by extensions ['colcon_meta']
[0.871s] Level 1:colcon.colcon_core.package_identification:_identify(src/micro_ros_setup) by extension 'colcon_meta'
[0.871s] Level 1:colcon.colcon_core.package_identification:_identify(src/micro_ros_setup) by extensions ['ros']
[0.871s] Level 1:colcon.colcon_core.package_identification:_identify(src/micro_ros_setup) by extension 'ros'
[0.872s] DEBUG:colcon.colcon_core.package_identification:Package 'src/micro_ros_setup' with type 'ros.ament_cmake' and name 'micro_ros_setup'
[0.872s] Level 1:colcon.colcon_core.package_identification:_identify(src/sllidar_ros2) by extensions ['ignore', 'ignore_ament_install']
[0.872s] Level 1:colcon.colcon_core.package_identification:_identify(src/sllidar_ros2) by extension 'ignore'
[0.872s] Level 1:colcon.colcon_core.package_identification:_identify(src/sllidar_ros2) by extension 'ignore_ament_install'
[0.872s] Level 1:colcon.colcon_core.package_identification:_identify(src/sllidar_ros2) by extensions ['colcon_pkg']
[0.872s] Level 1:colcon.colcon_core.package_identification:_identify(src/sllidar_ros2) by extension 'colcon_pkg'
[0.872s] Level 1:colcon.colcon_core.package_identification:_identify(src/sllidar_ros2) by extensions ['colcon_meta']
[0.872s] Level 1:colcon.colcon_core.package_identification:_identify(src/sllidar_ros2) by extension 'colcon_meta'
[0.872s] Level 1:colcon.colcon_core.package_identification:_identify(src/sllidar_ros2) by extensions ['ros']
[0.872s] Level 1:colcon.colcon_core.package_identification:_identify(src/sllidar_ros2) by extension 'ros'
[0.873s] DEBUG:colcon.colcon_core.package_identification:Package 'src/sllidar_ros2' with type 'ros.ament_cmake' and name 'sllidar_ros2'
[0.873s] Level 1:colcon.colcon_core.package_discovery:discover_packages(recursive) using defaults
[0.873s] Level 1:colcon.colcon_core.package_discovery:discover_packages(ignore) discover
[0.873s] Level 1:colcon.colcon_core.package_discovery:discover_packages(ignore) using defaults
[0.873s] Level 1:colcon.colcon_core.package_discovery:discover_packages(path) discover
[0.873s] Level 1:colcon.colcon_core.package_discovery:discover_packages(path) using defaults
[0.948s] Level 1:colcon.colcon_core.package_discovery:discover_packages(prefix_path) check parameters
[0.948s] Level 1:colcon.colcon_core.package_discovery:discover_packages(prefix_path) discover
[0.974s] DEBUG:colcon.colcon_installed_package_information.package_discovery:Found 9 installed packages in /home/astrox/astrobot_ws/install
[0.986s] DEBUG:colcon.colcon_installed_package_information.package_discovery:Found 374 installed packages in /opt/ros/humble
[0.988s] Level 1:colcon.colcon_core.package_discovery:discover_packages(prefix_path) using defaults
[1.079s] Level 5:colcon.colcon_core.verb:set package 'astrobot_base' build argument 'cmake_args' from command line to 'None'
[1.079s] Level 5:colcon.colcon_core.verb:set package 'astrobot_base' build argument 'cmake_target' from command line to 'None'
[1.079s] Level 5:colcon.colcon_core.verb:set package 'astrobot_base' build argument 'cmake_target_skip_unavailable' from command line to 'False'
[1.079s] Level 5:colcon.colcon_core.verb:set package 'astrobot_base' build argument 'cmake_clean_cache' from command line to 'False'
[1.079s] Level 5:colcon.colcon_core.verb:set package 'astrobot_base' build argument 'cmake_clean_first' from command line to 'False'
[1.079s] Level 5:colcon.colcon_core.verb:set package 'astrobot_base' build argument 'cmake_force_configure' from command line to 'False'
[1.079s] Level 5:colcon.colcon_core.verb:set package 'astrobot_base' build argument 'ament_cmake_args' from command line to 'None'
[1.079s] Level 5:colcon.colcon_core.verb:set package 'astrobot_base' build argument 'catkin_cmake_args' from command line to 'None'
[1.080s] Level 5:colcon.colcon_core.verb:set package 'astrobot_base' build argument 'catkin_skip_building_tests' from command line to 'False'
[1.080s] DEBUG:colcon.colcon_core.verb:Building package 'astrobot_base' with the following arguments: {'ament_cmake_args': None, 'build_base': '/home/astrox/astrobot_ws/build/astrobot_base', 'catkin_cmake_args': None, 'catkin_skip_building_tests': False, 'cmake_args': None, 'cmake_clean_cache': False, 'cmake_clean_first': False, 'cmake_force_configure': False, 'cmake_target': None, 'cmake_target_skip_unavailable': False, 'install_base': '/home/astrox/astrobot_ws/install/astrobot_base', 'merge_install': False, 'path': '/home/astrox/astrobot_ws/src/astrobot_base', 'symlink_install': False, 'test_result_base': None}
[1.092s] Level 5:colcon.colcon_core.verb:set package 'astrobot_bringup' build argument 'cmake_args' from command line to 'None'
[1.092s] Level 5:colcon.colcon_core.verb:set package 'astrobot_bringup' build argument 'cmake_target' from command line to 'None'
[1.092s] Level 5:colcon.colcon_core.verb:set package 'astrobot_bringup' build argument 'cmake_target_skip_unavailable' from command line to 'False'
[1.092s] Level 5:colcon.colcon_core.verb:set package 'astrobot_bringup' build argument 'cmake_clean_cache' from command line to 'False'
[1.092s] Level 5:colcon.colcon_core.verb:set package 'astrobot_bringup' build argument 'cmake_clean_first' from command line to 'False'
[1.092s] Level 5:colcon.colcon_core.verb:set package 'astrobot_bringup' build argument 'cmake_force_configure' from command line to 'False'
[1.092s] Level 5:colcon.colcon_core.verb:set package 'astrobot_bringup' build argument 'ament_cmake_args' from command line to 'None'
[1.092s] Level 5:colcon.colcon_core.verb:set package 'astrobot_bringup' build argument 'catkin_cmake_args' from command line to 'None'
[1.092s] Level 5:colcon.colcon_core.verb:set package 'astrobot_bringup' build argument 'catkin_skip_building_tests' from command line to 'False'
[1.092s] DEBUG:colcon.colcon_core.verb:Building package 'astrobot_bringup' with the following arguments: {'ament_cmake_args': None, 'build_base': '/home/astrox/astrobot_ws/build/astrobot_bringup', 'catkin_cmake_args': None, 'catkin_skip_building_tests': False, 'cmake_args': None, 'cmake_clean_cache': False, 'cmake_clean_first': False, 'cmake_force_configure': False, 'cmake_target': None, 'cmake_target_skip_unavailable': False, 'install_base': '/home/astrox/astrobot_ws/install/astrobot_bringup', 'merge_install': False, 'path': '/home/astrox/astrobot_ws/src/astrobot_bringup', 'symlink_install': False, 'test_result_base': None}
[1.104s] Level 5:colcon.colcon_core.verb:set package 'astrobot_description' build argument 'cmake_args' from command line to 'None'
[1.104s] Level 5:colcon.colcon_core.verb:set package 'astrobot_description' build argument 'cmake_target' from command line to 'None'
[1.104s] Level 5:colcon.colcon_core.verb:set package 'astrobot_description' build argument 'cmake_target_skip_unavailable' from command line to 'False'
[1.104s] Level 5:colcon.colcon_core.verb:set package 'astrobot_description' build argument 'cmake_clean_cache' from command line to 'False'
[1.104s] Level 5:colcon.colcon_core.verb:set package 'astrobot_description' build argument 'cmake_clean_first' from command line to 'False'
[1.104s] Level 5:colcon.colcon_core.verb:set package 'astrobot_description' build argument 'cmake_force_configure' from command line to 'False'
[1.104s] Level 5:colcon.colcon_core.verb:set package 'astrobot_description' build argument 'ament_cmake_args' from command line to 'None'
[1.104s] Level 5:colcon.colcon_core.verb:set package 'astrobot_description' build argument 'catkin_cmake_args' from command line to 'None'
[1.104s] Level 5:colcon.colcon_core.verb:set package 'astrobot_description' build argument 'catkin_skip_building_tests' from command line to 'False'
[1.104s] DEBUG:colcon.colcon_core.verb:Building package 'astrobot_description' with the following arguments: {'ament_cmake_args': None, 'build_base': '/home/astrox/astrobot_ws/build/astrobot_description', 'catkin_cmake_args': None, 'catkin_skip_building_tests': False, 'cmake_args': None, 'cmake_clean_cache': False, 'cmake_clean_first': False, 'cmake_force_configure': False, 'cmake_target': None, 'cmake_target_skip_unavailable': False, 'install_base': '/home/astrox/astrobot_ws/install/astrobot_description', 'merge_install': False, 'path': '/home/astrox/astrobot_ws/src/astrobot_description', 'symlink_install': False, 'test_result_base': None}
[1.117s] Level 5:colcon.colcon_core.verb:set package 'astrobot_navigation' build argument 'cmake_args' from command line to 'None'
[1.117s] Level 5:colcon.colcon_core.verb:set package 'astrobot_navigation' build argument 'cmake_target' from command line to 'None'
[1.117s] Level 5:colcon.colcon_core.verb:set package 'astrobot_navigation' build argument 'cmake_target_skip_unavailable' from command line to 'False'
[1.117s] Level 5:colcon.colcon_core.verb:set package 'astrobot_navigation' build argument 'cmake_clean_cache' from command line to 'False'
[1.117s] Level 5:colcon.colcon_core.verb:set package 'astrobot_navigation' build argument 'cmake_clean_first' from command line to 'False'
[1.117s] Level 5:colcon.colcon_core.verb:set package 'astrobot_navigation' build argument 'cmake_force_configure' from command line to 'False'
[1.117s] Level 5:colcon.colcon_core.verb:set package 'astrobot_navigation' build argument 'ament_cmake_args' from command line to 'None'
[1.117s] Level 5:colcon.colcon_core.verb:set package 'astrobot_navigation' build argument 'catkin_cmake_args' from command line to 'None'
[1.117s] Level 5:colcon.colcon_core.verb:set package 'astrobot_navigation' build argument 'catkin_skip_building_tests' from command line to 'False'
[1.117s] DEBUG:colcon.colcon_core.verb:Building package 'astrobot_navigation' with the following arguments: {'ament_cmake_args': None, 'build_base': '/home/astrox/astrobot_ws/build/astrobot_navigation', 'catkin_cmake_args': None, 'catkin_skip_building_tests': False, 'cmake_args': None, 'cmake_clean_cache': False, 'cmake_clean_first': False, 'cmake_force_configure': False, 'cmake_target': None, 'cmake_target_skip_unavailable': False, 'install_base': '/home/astrox/astrobot_ws/install/astrobot_navigation', 'merge_install': False, 'path': '/home/astrox/astrobot_ws/src/astrobot_navigation', 'symlink_install': False, 'test_result_base': None}
[1.129s] Level 5:colcon.colcon_core.verb:set package 'astrobot_slam' build argument 'cmake_args' from command line to 'None'
[1.129s] Level 5:colcon.colcon_core.verb:set package 'astrobot_slam' build argument 'cmake_target' from command line to 'None'
[1.129s] Level 5:colcon.colcon_core.verb:set package 'astrobot_slam' build argument 'cmake_target_skip_unavailable' from command line to 'False'
[1.129s] Level 5:colcon.colcon_core.verb:set package 'astrobot_slam' build argument 'cmake_clean_cache' from command line to 'False'
[1.129s] Level 5:colcon.colcon_core.verb:set package 'astrobot_slam' build argument 'cmake_clean_first' from command line to 'False'
[1.129s] Level 5:colcon.colcon_core.verb:set package 'astrobot_slam' build argument 'cmake_force_configure' from command line to 'False'
[1.129s] Level 5:colcon.colcon_core.verb:set package 'astrobot_slam' build argument 'ament_cmake_args' from command line to 'None'
[1.129s] Level 5:colcon.colcon_core.verb:set package 'astrobot_slam' build argument 'catkin_cmake_args' from command line to 'None'
[1.129s] Level 5:colcon.colcon_core.verb:set package 'astrobot_slam' build argument 'catkin_skip_building_tests' from command line to 'False'
[1.129s] DEBUG:colcon.colcon_core.verb:Building package 'astrobot_slam' with the following arguments: {'ament_cmake_args': None, 'build_base': '/home/astrox/astrobot_ws/build/astrobot_slam', 'catkin_cmake_args': None, 'catkin_skip_building_tests': False, 'cmake_args': None, 'cmake_clean_cache': False, 'cmake_clean_first': False, 'cmake_force_configure': False, 'cmake_target': None, 'cmake_target_skip_unavailable': False, 'install_base': '/home/astrox/astrobot_ws/install/astrobot_slam', 'merge_install': False, 'path': '/home/astrox/astrobot_ws/src/astrobot_slam', 'symlink_install': False, 'test_result_base': None}
[1.141s] Level 5:colcon.colcon_core.verb:set package 'micro_ros_setup' build argument 'cmake_args' from command line to 'None'
[1.141s] Level 5:colcon.colcon_core.verb:set package 'micro_ros_setup' build argument 'cmake_target' from command line to 'None'
[1.141s] Level 5:colcon.colcon_core.verb:set package 'micro_ros_setup' build argument 'cmake_target_skip_unavailable' from command line to 'False'
[1.141s] Level 5:colcon.colcon_core.verb:set package 'micro_ros_setup' build argument 'cmake_clean_cache' from command line to 'False'
[1.141s] Level 5:colcon.colcon_core.verb:set package 'micro_ros_setup' build argument 'cmake_clean_first' from command line to 'False'
[1.141s] Level 5:colcon.colcon_core.verb:set package 'micro_ros_setup' build argument 'cmake_force_configure' from command line to 'False'
[1.141s] Level 5:colcon.colcon_core.verb:set package 'micro_ros_setup' build argument 'ament_cmake_args' from command line to 'None'
[1.141s] Level 5:colcon.colcon_core.verb:set package 'micro_ros_setup' build argument 'catkin_cmake_args' from command line to 'None'
[1.141s] Level 5:colcon.colcon_core.verb:set package 'micro_ros_setup' build argument 'catkin_skip_building_tests' from command line to 'False'
[1.141s] DEBUG:colcon.colcon_core.verb:Building package 'micro_ros_setup' with the following arguments: {'ament_cmake_args': None, 'build_base': '/home/astrox/astrobot_ws/build/micro_ros_setup', 'catkin_cmake_args': None, 'catkin_skip_building_tests': False, 'cmake_args': None, 'cmake_clean_cache': False, 'cmake_clean_first': False, 'cmake_force_configure': False, 'cmake_target': None, 'cmake_target_skip_unavailable': False, 'install_base': '/home/astrox/astrobot_ws/install/micro_ros_setup', 'merge_install': False, 'path': '/home/astrox/astrobot_ws/src/micro_ros_setup', 'symlink_install': False, 'test_result_base': None}
[1.154s] Level 5:colcon.colcon_core.verb:set package 'sllidar_ros2' build argument 'cmake_args' from command line to 'None'
[1.154s] Level 5:colcon.colcon_core.verb:set package 'sllidar_ros2' build argument 'cmake_target' from command line to 'None'
[1.154s] Level 5:colcon.colcon_core.verb:set package 'sllidar_ros2' build argument 'cmake_target_skip_unavailable' from command line to 'False'
[1.154s] Level 5:colcon.colcon_core.verb:set package 'sllidar_ros2' build argument 'cmake_clean_cache' from command line to 'False'
[1.154s] Level 5:colcon.colcon_core.verb:set package 'sllidar_ros2' build argument 'cmake_clean_first' from command line to 'False'
[1.154s] Level 5:colcon.colcon_core.verb:set package 'sllidar_ros2' build argument 'cmake_force_configure' from command line to 'False'
[1.154s] Level 5:colcon.colcon_core.verb:set package 'sllidar_ros2' build argument 'ament_cmake_args' from command line to 'None'
[1.154s] Level 5:colcon.colcon_core.verb:set package 'sllidar_ros2' build argument 'catkin_cmake_args' from command line to 'None'
[1.154s] Level 5:colcon.colcon_core.verb:set package 'sllidar_ros2' build argument 'catkin_skip_building_tests' from command line to 'False'
[1.154s] DEBUG:colcon.colcon_core.verb:Building package 'sllidar_ros2' with the following arguments: {'ament_cmake_args': None, 'build_base': '/home/astrox/astrobot_ws/build/sllidar_ros2', 'catkin_cmake_args': None, 'catkin_skip_building_tests': False, 'cmake_args': None, 'cmake_clean_cache': False, 'cmake_clean_first': False, 'cmake_force_configure': False, 'cmake_target': None, 'cmake_target_skip_unavailable': False, 'install_base': '/home/astrox/astrobot_ws/install/sllidar_ros2', 'merge_install': False, 'path': '/home/astrox/astrobot_ws/src/sllidar_ros2', 'symlink_install': False, 'test_result_base': None}
[1.166s] INFO:colcon.colcon_core.executor:Executing jobs using 'parallel' executor
[1.178s] DEBUG:colcon.colcon_parallel_executor.executor.parallel:run_until_complete
[1.178s] INFO:colcon.colcon_ros.task.ament_cmake.build:Building ROS package in '/home/astrox/astrobot_ws/src/astrobot_base' with build type 'ament_cmake'
[1.179s] INFO:colcon.colcon_cmake.task.cmake.build:Building CMake package in '/home/astrox/astrobot_ws/src/astrobot_base'
[1.192s] INFO:colcon.colcon_core.plugin_system:Skipping extension 'colcon_core.shell.bat': Not used on non-Windows systems
[1.192s] INFO:colcon.colcon_core.shell:Skip shell extension 'powershell' for command environment: Not usable outside of PowerShell
[1.192s] DEBUG:colcon.colcon_core.shell:Skip shell extension 'dsv' for command environment
[1.231s] INFO:colcon.colcon_ros.task.ament_cmake.build:Building ROS package in '/home/astrox/astrobot_ws/src/astrobot_bringup' with build type 'ament_cmake'
[1.231s] INFO:colcon.colcon_cmake.task.cmake.build:Building CMake package in '/home/astrox/astrobot_ws/src/astrobot_bringup'
[1.244s] INFO:colcon.colcon_core.shell:Skip shell extension 'powershell' for command environment: Not usable outside of PowerShell
[1.244s] DEBUG:colcon.colcon_core.shell:Skip shell extension 'dsv' for command environment
[1.283s] INFO:colcon.colcon_ros.task.ament_cmake.build:Building ROS package in '/home/astrox/astrobot_ws/src/astrobot_description' with build type 'ament_cmake'
[1.283s] INFO:colcon.colcon_cmake.task.cmake.build:Building CMake package in '/home/astrox/astrobot_ws/src/astrobot_description'
[1.296s] INFO:colcon.colcon_core.shell:Skip shell extension 'powershell' for command environment: Not usable outside of PowerShell
[1.296s] DEBUG:colcon.colcon_core.shell:Skip shell extension 'dsv' for command environment
[1.335s] INFO:colcon.colcon_ros.task.ament_cmake.build:Building ROS package in '/home/astrox/astrobot_ws/src/astrobot_navigation' with build type 'ament_cmake'
[1.335s] INFO:colcon.colcon_cmake.task.cmake.build:Building CMake package in '/home/astrox/astrobot_ws/src/astrobot_navigation'
[1.347s] INFO:colcon.colcon_core.shell:Skip shell extension 'powershell' for command environment: Not usable outside of PowerShell
[1.348s] DEBUG:colcon.colcon_core.shell:Skip shell extension 'dsv' for command environment
[1.386s] INFO:colcon.colcon_ros.task.ament_cmake.build:Building ROS package in '/home/astrox/astrobot_ws/src/astrobot_slam' with build type 'ament_cmake'
[1.387s] INFO:colcon.colcon_cmake.task.cmake.build:Building CMake package in '/home/astrox/astrobot_ws/src/astrobot_slam'
[1.399s] INFO:colcon.colcon_core.shell:Skip shell extension 'powershell' for command environment: Not usable outside of PowerShell
[1.399s] DEBUG:colcon.colcon_core.shell:Skip shell extension 'dsv' for command environment
[1.438s] INFO:colcon.colcon_ros.task.ament_cmake.build:Building ROS package in '/home/astrox/astrobot_ws/src/micro_ros_setup' with build type 'ament_cmake'
[1.438s] INFO:colcon.colcon_cmake.task.cmake.build:Building CMake package in '/home/astrox/astrobot_ws/src/micro_ros_setup'
[1.451s] INFO:colcon.colcon_core.shell:Skip shell extension 'powershell' for command environment: Not usable outside of PowerShell
[1.451s] DEBUG:colcon.colcon_core.shell:Skip shell extension 'dsv' for command environment
[1.490s] INFO:colcon.colcon_ros.task.ament_cmake.build:Building ROS package in '/home/astrox/astrobot_ws/src/sllidar_ros2' with build type 'ament_cmake'
[1.490s] INFO:colcon.colcon_cmake.task.cmake.build:Building CMake package in '/home/astrox/astrobot_ws/src/sllidar_ros2'
[1.503s] INFO:colcon.colcon_core.shell:Skip shell extension 'powershell' for command environment: Not usable outside of PowerShell
[1.503s] DEBUG:colcon.colcon_core.shell:Skip shell extension 'dsv' for command environment
[1.546s] DEBUG:colcon.colcon_core.event_handler.log_command:Invoking command in '/home/astrox/astrobot_ws/build/astrobot_base': CMAKE_PREFIX_PATH=${CMAKE_PREFIX_PATH}:/opt/ros/humble /usr/bin/cmake --build /home/astrox/astrobot_ws/build/astrobot_base -- -j12 -l12
[1.547s] DEBUG:colcon.colcon_core.event_handler.log_command:Invoking command in '/home/astrox/astrobot_ws/build/astrobot_bringup': CMAKE_PREFIX_PATH=${CMAKE_PREFIX_PATH}:/opt/ros/humble /usr/bin/cmake --build /home/astrox/astrobot_ws/build/astrobot_bringup -- -j12 -l12
[1.549s] DEBUG:colcon.colcon_core.event_handler.log_command:Invoking command in '/home/astrox/astrobot_ws/build/astrobot_description': CMAKE_PREFIX_PATH=${CMAKE_PREFIX_PATH}:/opt/ros/humble /usr/bin/cmake --build /home/astrox/astrobot_ws/build/astrobot_description -- -j12 -l12
[1.551s] DEBUG:colcon.colcon_core.event_handler.log_command:Invoking command in '/home/astrox/astrobot_ws/build/astrobot_navigation': CMAKE_PREFIX_PATH=${CMAKE_PREFIX_PATH}:/opt/ros/humble /usr/bin/cmake --build /home/astrox/astrobot_ws/build/astrobot_navigation -- -j12 -l12
[1.553s] DEBUG:colcon.colcon_core.event_handler.log_command:Invoking command in '/home/astrox/astrobot_ws/build/astrobot_slam': CMAKE_PREFIX_PATH=${CMAKE_PREFIX_PATH}:/opt/ros/humble /usr/bin/cmake --build /home/astrox/astrobot_ws/build/astrobot_slam -- -j12 -l12
[1.557s] DEBUG:colcon.colcon_core.event_handler.log_command:Invoking command in '/home/astrox/astrobot_ws/build/micro_ros_setup': CMAKE_PREFIX_PATH=${CMAKE_PREFIX_PATH}:/opt/ros/humble /usr/bin/cmake --build /home/astrox/astrobot_ws/build/micro_ros_setup -- -j12 -l12
[1.563s] DEBUG:colcon.colcon_core.event_handler.log_command:Invoking command in '/home/astrox/astrobot_ws/build/sllidar_ros2': CMAKE_PREFIX_PATH=${CMAKE_PREFIX_PATH}:/opt/ros/humble /usr/bin/cmake --build /home/astrox/astrobot_ws/build/sllidar_ros2 -- -j12 -l12
[1.575s] DEBUG:colcon.colcon_core.event_handler.log_command:Invoked command in '/home/astrox/astrobot_ws/build/astrobot_base' returned '0': CMAKE_PREFIX_PATH=${CMAKE_PREFIX_PATH}:/opt/ros/humble /usr/bin/cmake --build /home/astrox/astrobot_ws/build/astrobot_base -- -j12 -l12
[1.577s] DEBUG:colcon.colcon_core.event_handler.log_command:Invoked command in '/home/astrox/astrobot_ws/build/astrobot_navigation' returned '0': CMAKE_PREFIX_PATH=${CMAKE_PREFIX_PATH}:/opt/ros/humble /usr/bin/cmake --build /home/astrox/astrobot_ws/build/astrobot_navigation -- -j12 -l12
[1.578s] DEBUG:colcon.colcon_core.event_handler.log_command:Invoked command in '/home/astrox/astrobot_ws/build/astrobot_description' returned '0': CMAKE_PREFIX_PATH=${CMAKE_PREFIX_PATH}:/opt/ros/humble /usr/bin/cmake --build /home/astrox/astrobot_ws/build/astrobot_description -- -j12 -l12
[1.580s] DEBUG:colcon.colcon_core.event_handler.log_command:Invoked command in '/home/astrox/astrobot_ws/build/astrobot_bringup' returned '0': CMAKE_PREFIX_PATH=${CMAKE_PREFIX_PATH}:/opt/ros/humble /usr/bin/cmake --build /home/astrox/astrobot_ws/build/astrobot_bringup -- -j12 -l12
[1.582s] DEBUG:colcon.colcon_core.event_handler.log_command:Invoked command in '/home/astrox/astrobot_ws/build/astrobot_slam' returned '0': CMAKE_PREFIX_PATH=${CMAKE_PREFIX_PATH}:/opt/ros/humble /usr/bin/cmake --build /home/astrox/astrobot_ws/build/astrobot_slam -- -j12 -l12
[1.602s] DEBUG:colcon.colcon_core.event_handler.log_command:Invoking command in '/home/astrox/astrobot_ws/build/astrobot_navigation': CMAKE_PREFIX_PATH=${CMAKE_PREFIX_PATH}:/opt/ros/humble /usr/bin/cmake --install /home/astrox/astrobot_ws/build/astrobot_navigation
[1.604s] DEBUG:colcon.colcon_core.event_handler.log_command:Invoking command in '/home/astrox/astrobot_ws/build/astrobot_base': CMAKE_PREFIX_PATH=${CMAKE_PREFIX_PATH}:/opt/ros/humble /usr/bin/cmake --install /home/astrox/astrobot_ws/build/astrobot_base
[1.606s] DEBUG:colcon.colcon_core.event_handler.log_command:Invoking command in '/home/astrox/astrobot_ws/build/astrobot_description': CMAKE_PREFIX_PATH=${CMAKE_PREFIX_PATH}:/opt/ros/humble /usr/bin/cmake --install /home/astrox/astrobot_ws/build/astrobot_description
[1.607s] DEBUG:colcon.colcon_core.event_handler.log_command:Invoking command in '/home/astrox/astrobot_ws/build/astrobot_bringup': CMAKE_PREFIX_PATH=${CMAKE_PREFIX_PATH}:/opt/ros/humble /usr/bin/cmake --install /home/astrox/astrobot_ws/build/astrobot_bringup
[1.610s] DEBUG:colcon.colcon_core.event_handler.log_command:Invoking command in '/home/astrox/astrobot_ws/build/astrobot_slam': CMAKE_PREFIX_PATH=${CMAKE_PREFIX_PATH}:/opt/ros/humble /usr/bin/cmake --install /home/astrox/astrobot_ws/build/astrobot_slam
[1.625s] DEBUG:colcon.colcon_core.event_handler.log_command:Invoked command in '/home/astrox/astrobot_ws/build/sllidar_ros2' returned '0': CMAKE_PREFIX_PATH=${CMAKE_PREFIX_PATH}:/opt/ros/humble /usr/bin/cmake --build /home/astrox/astrobot_ws/build/sllidar_ros2 -- -j12 -l12
[1.626s] Level 1:colcon.colcon_core.environment:create_environment_scripts_only(astrobot_base)
[1.627s] DEBUG:colcon.colcon_core.event_handler.log_command:Invoked command in '/home/astrox/astrobot_ws/build/astrobot_base' returned '0': CMAKE_PREFIX_PATH=${CMAKE_PREFIX_PATH}:/opt/ros/humble /usr/bin/cmake --install /home/astrox/astrobot_ws/build/astrobot_base
[1.643s] Level 1:colcon.colcon_core.environment:checking '/home/astrox/astrobot_ws/install/astrobot_base' for CMake module files
[1.644s] Level 1:colcon.colcon_core.environment:checking '/home/astrox/astrobot_ws/install/astrobot_base' for CMake config files
[1.644s] Level 1:colcon.colcon_core.shell:create_environment_hook('astrobot_base', 'cmake_prefix_path')
[1.657s] INFO:colcon.colcon_core.shell:Creating environment hook '/home/astrox/astrobot_ws/install/astrobot_base/share/astrobot_base/hook/cmake_prefix_path.ps1'
[1.657s] INFO:colcon.colcon_core.shell:Creating environment descriptor '/home/astrox/astrobot_ws/install/astrobot_base/share/astrobot_base/hook/cmake_prefix_path.dsv'
[1.658s] INFO:colcon.colcon_core.shell:Creating environment hook '/home/astrox/astrobot_ws/install/astrobot_base/share/astrobot_base/hook/cmake_prefix_path.sh'
[1.658s] Level 1:colcon.colcon_core.environment:checking '/home/astrox/astrobot_ws/install/astrobot_base/bin'
[1.658s] Level 1:colcon.colcon_core.environment:checking '/home/astrox/astrobot_ws/install/astrobot_base/lib/pkgconfig/astrobot_base.pc'
[1.659s] Level 1:colcon.colcon_core.environment:checking '/home/astrox/astrobot_ws/install/astrobot_base/lib/python3.10/site-packages'
[1.659s] Level 1:colcon.colcon_core.environment:checking '/home/astrox/astrobot_ws/install/astrobot_base/bin'
[1.672s] INFO:colcon.colcon_core.shell:Creating package script '/home/astrox/astrobot_ws/install/astrobot_base/share/astrobot_base/package.ps1'
[1.672s] INFO:colcon.colcon_core.shell:Creating package descriptor '/home/astrox/astrobot_ws/install/astrobot_base/share/astrobot_base/package.dsv'
[1.673s] INFO:colcon.colcon_core.shell:Creating package script '/home/astrox/astrobot_ws/install/astrobot_base/share/astrobot_base/package.sh'
[1.673s] INFO:colcon.colcon_core.shell:Creating package script '/home/astrox/astrobot_ws/install/astrobot_base/share/astrobot_base/package.bash'
[1.674s] INFO:colcon.colcon_core.shell:Creating package script '/home/astrox/astrobot_ws/install/astrobot_base/share/astrobot_base/package.zsh'
[1.674s] Level 1:colcon.colcon_core.environment:create_file_with_runtime_dependencies(/home/astrox/astrobot_ws/install/astrobot_base/share/colcon-core/packages/astrobot_base)
[1.675s] Level 1:colcon.colcon_core.environment:create_environment_scripts_only(astrobot_navigation)
[1.675s] DEBUG:colcon.colcon_core.event_handler.log_command:Invoked command in '/home/astrox/astrobot_ws/build/astrobot_navigation' returned '0': CMAKE_PREFIX_PATH=${CMAKE_PREFIX_PATH}:/opt/ros/humble /usr/bin/cmake --install /home/astrox/astrobot_ws/build/astrobot_navigation
[1.688s] Level 1:colcon.colcon_core.environment:checking '/home/astrox/astrobot_ws/install/astrobot_navigation' for CMake module files
[1.689s] Level 1:colcon.colcon_core.environment:checking '/home/astrox/astrobot_ws/install/astrobot_navigation' for CMake config files
[1.689s] Level 1:colcon.colcon_core.shell:create_environment_hook('astrobot_navigation', 'cmake_prefix_path')
[1.702s] INFO:colcon.colcon_core.shell:Creating environment hook '/home/astrox/astrobot_ws/install/astrobot_navigation/share/astrobot_navigation/hook/cmake_prefix_path.ps1'
[1.702s] INFO:colcon.colcon_core.shell:Creating environment descriptor '/home/astrox/astrobot_ws/install/astrobot_navigation/share/astrobot_navigation/hook/cmake_prefix_path.dsv'
[1.702s] INFO:colcon.colcon_core.shell:Creating environment hook '/home/astrox/astrobot_ws/install/astrobot_navigation/share/astrobot_navigation/hook/cmake_prefix_path.sh'
[1.702s] Level 1:colcon.colcon_core.environment:checking '/home/astrox/astrobot_ws/install/astrobot_navigation/bin'
[1.702s] Level 1:colcon.colcon_core.environment:checking '/home/astrox/astrobot_ws/install/astrobot_navigation/lib/pkgconfig/astrobot_navigation.pc'
[1.703s] Level 1:colcon.colcon_core.environment:checking '/home/astrox/astrobot_ws/install/astrobot_navigation/lib/python3.10/site-packages'
[1.703s] Level 1:colcon.colcon_core.environment:checking '/home/astrox/astrobot_ws/install/astrobot_navigation/bin'
[1.716s] INFO:colcon.colcon_core.shell:Creating package script '/home/astrox/astrobot_ws/install/astrobot_navigation/share/astrobot_navigation/package.ps1'
[1.716s] INFO:colcon.colcon_core.shell:Creating package descriptor '/home/astrox/astrobot_ws/install/astrobot_navigation/share/astrobot_navigation/package.dsv'
[1.716s] INFO:colcon.colcon_core.shell:Creating package script '/home/astrox/astrobot_ws/install/astrobot_navigation/share/astrobot_navigation/package.sh'
[1.717s] INFO:colcon.colcon_core.shell:Creating package script '/home/astrox/astrobot_ws/install/astrobot_navigation/share/astrobot_navigation/package.bash'
[1.717s] INFO:colcon.colcon_core.shell:Creating package script '/home/astrox/astrobot_ws/install/astrobot_navigation/share/astrobot_navigation/package.zsh'
[1.717s] Level 1:colcon.colcon_core.environment:create_file_with_runtime_dependencies(/home/astrox/astrobot_ws/install/astrobot_navigation/share/colcon-core/packages/astrobot_navigation)
[1.720s] DEBUG:colcon.colcon_core.event_handler.log_command:Invoking command in '/home/astrox/astrobot_ws/build/sllidar_ros2': CMAKE_PREFIX_PATH=${CMAKE_PREFIX_PATH}:/opt/ros/humble /usr/bin/cmake --install /home/astrox/astrobot_ws/build/sllidar_ros2
[1.721s] Level 1:colcon.colcon_core.environment:create_environment_scripts_only(astrobot_bringup)
[1.721s] DEBUG:colcon.colcon_core.event_handler.log_command:Invoked command in '/home/astrox/astrobot_ws/build/astrobot_bringup' returned '0': CMAKE_PREFIX_PATH=${CMAKE_PREFIX_PATH}:/opt/ros/humble /usr/bin/cmake --install /home/astrox/astrobot_ws/build/astrobot_bringup
[1.739s] Level 1:colcon.colcon_core.environment:checking '/home/astrox/astrobot_ws/install/astrobot_bringup' for CMake module files
[1.740s] Level 1:colcon.colcon_core.environment:checking '/home/astrox/astrobot_ws/install/astrobot_bringup' for CMake config files
[1.740s] Level 1:colcon.colcon_core.shell:create_environment_hook('astrobot_bringup', 'cmake_prefix_path')
[1.753s] INFO:colcon.colcon_core.shell:Creating environment hook '/home/astrox/astrobot_ws/install/astrobot_bringup/share/astrobot_bringup/hook/cmake_prefix_path.ps1'
[1.754s] INFO:colcon.colcon_core.shell:Creating environment descriptor '/home/astrox/astrobot_ws/install/astrobot_bringup/share/astrobot_bringup/hook/cmake_prefix_path.dsv'
[1.754s] INFO:colcon.colcon_core.shell:Creating environment hook '/home/astrox/astrobot_ws/install/astrobot_bringup/share/astrobot_bringup/hook/cmake_prefix_path.sh'
[1.754s] Level 1:colcon.colcon_core.environment:checking '/home/astrox/astrobot_ws/install/astrobot_bringup/bin'
[1.754s] Level 1:colcon.colcon_core.environment:checking '/home/astrox/astrobot_ws/install/astrobot_bringup/lib/pkgconfig/astrobot_bringup.pc'
[1.755s] Level 1:colcon.colcon_core.environment:checking '/home/astrox/astrobot_ws/install/astrobot_bringup/lib/python3.10/site-packages'
[1.755s] Level 1:colcon.colcon_core.environment:checking '/home/astrox/astrobot_ws/install/astrobot_bringup/bin'
[1.767s] INFO:colcon.colcon_core.shell:Creating package script '/home/astrox/astrobot_ws/install/astrobot_bringup/share/astrobot_bringup/package.ps1'
[1.768s] INFO:colcon.colcon_core.shell:Creating package descriptor '/home/astrox/astrobot_ws/install/astrobot_bringup/share/astrobot_bringup/package.dsv'
[1.768s] INFO:colcon.colcon_core.shell:Creating package script '/home/astrox/astrobot_ws/install/astrobot_bringup/share/astrobot_bringup/package.sh'
[1.768s] INFO:colcon.colcon_core.shell:Creating package script '/home/astrox/astrobot_ws/install/astrobot_bringup/share/astrobot_bringup/package.bash'
[1.768s] INFO:colcon.colcon_core.shell:Creating package script '/home/astrox/astrobot_ws/install/astrobot_bringup/share/astrobot_bringup/package.zsh'
[1.769s] Level 1:colcon.colcon_core.environment:create_file_with_runtime_dependencies(/home/astrox/astrobot_ws/install/astrobot_bringup/share/colcon-core/packages/astrobot_bringup)
[1.769s] Level 1:colcon.colcon_core.environment:create_environment_scripts_only(astrobot_description)
[1.770s] DEBUG:colcon.colcon_core.event_handler.log_command:Invoked command in '/home/astrox/astrobot_ws/build/astrobot_description' returned '0': CMAKE_PREFIX_PATH=${CMAKE_PREFIX_PATH}:/opt/ros/humble /usr/bin/cmake --install /home/astrox/astrobot_ws/build/astrobot_description
[1.783s] Level 1:colcon.colcon_core.environment:checking '/home/astrox/astrobot_ws/install/astrobot_description' for CMake module files
[1.783s] Level 1:colcon.colcon_core.environment:checking '/home/astrox/astrobot_ws/install/astrobot_description' for CMake config files
[1.784s] Level 1:colcon.colcon_core.shell:create_environment_hook('astrobot_description', 'cmake_prefix_path')
[1.796s] INFO:colcon.colcon_core.shell:Creating environment hook '/home/astrox/astrobot_ws/install/astrobot_description/share/astrobot_description/hook/cmake_prefix_path.ps1'
[1.796s] INFO:colcon.colcon_core.shell:Creating environment descriptor '/home/astrox/astrobot_ws/install/astrobot_description/share/astrobot_description/hook/cmake_prefix_path.dsv'
[1.797s] INFO:colcon.colcon_core.shell:Creating environment hook '/home/astrox/astrobot_ws/install/astrobot_description/share/astrobot_description/hook/cmake_prefix_path.sh'
[1.797s] Level 1:colcon.colcon_core.environment:checking '/home/astrox/astrobot_ws/install/astrobot_description/bin'
[1.797s] Level 1:colcon.colcon_core.environment:checking '/home/astrox/astrobot_ws/install/astrobot_description/lib/pkgconfig/astrobot_description.pc'
[1.797s] Level 1:colcon.colcon_core.environment:checking '/home/astrox/astrobot_ws/install/astrobot_description/lib/python3.10/site-packages'
[1.797s] Level 1:colcon.colcon_core.environment:checking '/home/astrox/astrobot_ws/install/astrobot_description/bin'
[1.810s] INFO:colcon.colcon_core.shell:Creating package script '/home/astrox/astrobot_ws/install/astrobot_description/share/astrobot_description/package.ps1'
[1.811s] INFO:colcon.colcon_core.shell:Creating package descriptor '/home/astrox/astrobot_ws/install/astrobot_description/share/astrobot_description/package.dsv'
[1.811s] INFO:colcon.colcon_core.shell:Creating package script '/home/astrox/astrobot_ws/install/astrobot_description/share/astrobot_description/package.sh'
[1.811s] INFO:colcon.colcon_core.shell:Creating package script '/home/astrox/astrobot_ws/install/astrobot_description/share/astrobot_description/package.bash'
[1.811s] INFO:colcon.colcon_core.shell:Creating package script '/home/astrox/astrobot_ws/install/astrobot_description/share/astrobot_description/package.zsh'
[1.812s] Level 1:colcon.colcon_core.environment:create_file_with_runtime_dependencies(/home/astrox/astrobot_ws/install/astrobot_description/share/colcon-core/packages/astrobot_description)
[1.812s] Level 1:colcon.colcon_core.environment:create_environment_scripts_only(astrobot_slam)
[1.813s] DEBUG:colcon.colcon_core.event_handler.log_command:Invoked command in '/home/astrox/astrobot_ws/build/astrobot_slam' returned '0': CMAKE_PREFIX_PATH=${CMAKE_PREFIX_PATH}:/opt/ros/humble /usr/bin/cmake --install /home/astrox/astrobot_ws/build/astrobot_slam
[1.827s] Level 1:colcon.colcon_core.environment:checking '/home/astrox/astrobot_ws/install/astrobot_slam' for CMake module files
[1.827s] Level 1:colcon.colcon_core.environment:checking '/home/astrox/astrobot_ws/install/astrobot_slam' for CMake config files
[1.827s] Level 1:colcon.colcon_core.shell:create_environment_hook('astrobot_slam', 'cmake_prefix_path')
[1.840s] INFO:colcon.colcon_core.shell:Creating environment hook '/home/astrox/astrobot_ws/install/astrobot_slam/share/astrobot_slam/hook/cmake_prefix_path.ps1'
[1.840s] INFO:colcon.colcon_core.shell:Creating environment descriptor '/home/astrox/astrobot_ws/install/astrobot_slam/share/astrobot_slam/hook/cmake_prefix_path.dsv'
[1.840s] INFO:colcon.colcon_core.shell:Creating environment hook '/home/astrox/astrobot_ws/install/astrobot_slam/share/astrobot_slam/hook/cmake_prefix_path.sh'
[1.841s] Level 1:colcon.colcon_core.environment:checking '/home/astrox/astrobot_ws/install/astrobot_slam/bin'
[1.841s] Level 1:colcon.colcon_core.environment:checking '/home/astrox/astrobot_ws/install/astrobot_slam/lib/pkgconfig/astrobot_slam.pc'
[1.841s] Level 1:colcon.colcon_core.environment:checking '/home/astrox/astrobot_ws/install/astrobot_slam/lib/python3.10/site-packages'
[1.841s] Level 1:colcon.colcon_core.environment:checking '/home/astrox/astrobot_ws/install/astrobot_slam/bin'
[1.861s] INFO:colcon.colcon_core.shell:Creating package script '/home/astrox/astrobot_ws/install/astrobot_slam/share/astrobot_slam/package.ps1'
[1.861s] INFO:colcon.colcon_core.shell:Creating package descriptor '/home/astrox/astrobot_ws/install/astrobot_slam/share/astrobot_slam/package.dsv'
[1.861s] INFO:colcon.colcon_core.shell:Creating package script '/home/astrox/astrobot_ws/install/astrobot_slam/share/astrobot_slam/package.sh'
[1.861s] INFO:colcon.colcon_core.shell:Creating package script '/home/astrox/astrobot_ws/install/astrobot_slam/share/astrobot_slam/package.bash'
[1.862s] INFO:colcon.colcon_core.shell:Creating package script '/home/astrox/astrobot_ws/install/astrobot_slam/share/astrobot_slam/package.zsh'
[1.862s] Level 1:colcon.colcon_core.environment:create_file_with_runtime_dependencies(/home/astrox/astrobot_ws/install/astrobot_slam/share/colcon-core/packages/astrobot_slam)
[1.875s] Level 1:colcon.colcon_core.environment:create_environment_scripts_only(astrobot_base)
[1.887s] Level 1:colcon.colcon_core.environment:checking '/home/astrox/astrobot_ws/install/astrobot_base' for CMake module files
[1.887s] Level 1:colcon.colcon_core.environment:checking '/home/astrox/astrobot_ws/install/astrobot_base' for CMake config files
[1.888s] Level 1:colcon.colcon_core.shell:create_environment_hook('astrobot_base', 'cmake_prefix_path')
[1.899s] INFO:colcon.colcon_core.shell:Creating environment hook '/home/astrox/astrobot_ws/install/astrobot_base/share/astrobot_base/hook/cmake_prefix_path.ps1'
[1.900s] INFO:colcon.colcon_core.shell:Creating environment descriptor '/home/astrox/astrobot_ws/install/astrobot_base/share/astrobot_base/hook/cmake_prefix_path.dsv'
[1.900s] INFO:colcon.colcon_core.shell:Creating environment hook '/home/astrox/astrobot_ws/install/astrobot_base/share/astrobot_base/hook/cmake_prefix_path.sh'
[1.900s] Level 1:colcon.colcon_core.environment:checking '/home/astrox/astrobot_ws/install/astrobot_base/bin'
[1.900s] Level 1:colcon.colcon_core.environment:checking '/home/astrox/astrobot_ws/install/astrobot_base/lib/pkgconfig/astrobot_base.pc'
[1.901s] Level 1:colcon.colcon_core.environment:checking '/home/astrox/astrobot_ws/install/astrobot_base/lib/python3.10/site-packages'
[1.901s] Level 1:colcon.colcon_core.environment:checking '/home/astrox/astrobot_ws/install/astrobot_base/bin'
[1.913s] INFO:colcon.colcon_core.shell:Creating package script '/home/astrox/astrobot_ws/install/astrobot_base/share/astrobot_base/package.ps1'
[1.913s] INFO:colcon.colcon_core.shell:Creating package descriptor '/home/astrox/astrobot_ws/install/astrobot_base/share/astrobot_base/package.dsv'
[1.913s] INFO:colcon.colcon_core.shell:Creating package script '/home/astrox/astrobot_ws/install/astrobot_base/share/astrobot_base/package.sh'
[1.914s] INFO:colcon.colcon_core.shell:Creating package script '/home/astrox/astrobot_ws/install/astrobot_base/share/astrobot_base/package.bash'
[1.914s] INFO:colcon.colcon_core.shell:Creating package script '/home/astrox/astrobot_ws/install/astrobot_base/share/astrobot_base/package.zsh'
[1.914s] Level 1:colcon.colcon_core.environment:create_file_with_runtime_dependencies(/home/astrox/astrobot_ws/install/astrobot_base/share/colcon-core/packages/astrobot_base)
[1.928s] Level 1:colcon.colcon_core.environment:create_environment_scripts_only(astrobot_navigation)
[1.941s] Level 1:colcon.colcon_core.environment:checking '/home/astrox/astrobot_ws/install/astrobot_navigation' for CMake module files
[1.942s] Level 1:colcon.colcon_core.environment:checking '/home/astrox/astrobot_ws/install/astrobot_navigation' for CMake config files
[1.942s] Level 1:colcon.colcon_core.shell:create_environment_hook('astrobot_navigation', 'cmake_prefix_path')
[1.954s] INFO:colcon.colcon_core.shell:Creating environment hook '/home/astrox/astrobot_ws/install/astrobot_navigation/share/astrobot_navigation/hook/cmake_prefix_path.ps1'
[1.954s] INFO:colcon.colcon_core.shell:Creating environment descriptor '/home/astrox/astrobot_ws/install/astrobot_navigation/share/astrobot_navigation/hook/cmake_prefix_path.dsv'
[1.955s] INFO:colcon.colcon_core.shell:Creating environment hook '/home/astrox/astrobot_ws/install/astrobot_navigation/share/astrobot_navigation/hook/cmake_prefix_path.sh'
[1.955s] Level 1:colcon.colcon_core.environment:checking '/home/astrox/astrobot_ws/install/astrobot_navigation/bin'
[1.955s] Level 1:colcon.colcon_core.environment:checking '/home/astrox/astrobot_ws/install/astrobot_navigation/lib/pkgconfig/astrobot_navigation.pc'
[1.955s] Level 1:colcon.colcon_core.environment:checking '/home/astrox/astrobot_ws/install/astrobot_navigation/lib/python3.10/site-packages'
[1.955s] Level 1:colcon.colcon_core.environment:checking '/home/astrox/astrobot_ws/install/astrobot_navigation/bin'
[1.968s] INFO:colcon.colcon_core.shell:Creating package script '/home/astrox/astrobot_ws/install/astrobot_navigation/share/astrobot_navigation/package.ps1'
[1.968s] INFO:colcon.colcon_core.shell:Creating package descriptor '/home/astrox/astrobot_ws/install/astrobot_navigation/share/astrobot_navigation/package.dsv'
[1.968s] INFO:colcon.colcon_core.shell:Creating package script '/home/astrox/astrobot_ws/install/astrobot_navigation/share/astrobot_navigation/package.sh'
[1.969s] INFO:colcon.colcon_core.shell:Creating package script '/home/astrox/astrobot_ws/install/astrobot_navigation/share/astrobot_navigation/package.bash'
[1.969s] INFO:colcon.colcon_core.shell:Creating package script '/home/astrox/astrobot_ws/install/astrobot_navigation/share/astrobot_navigation/package.zsh'
[1.969s] Level 1:colcon.colcon_core.environment:create_file_with_runtime_dependencies(/home/astrox/astrobot_ws/install/astrobot_navigation/share/colcon-core/packages/astrobot_navigation)
[1.969s] Level 1:colcon.colcon_core.environment:create_environment_scripts_only(sllidar_ros2)
[1.970s] DEBUG:colcon.colcon_core.event_handler.log_command:Invoked command in '/home/astrox/astrobot_ws/build/sllidar_ros2' returned '0': CMAKE_PREFIX_PATH=${CMAKE_PREFIX_PATH}:/opt/ros/humble /usr/bin/cmake --install /home/astrox/astrobot_ws/build/sllidar_ros2
[1.983s] Level 1:colcon.colcon_core.environment:checking '/home/astrox/astrobot_ws/install/sllidar_ros2' for CMake module files
[1.983s] Level 1:colcon.colcon_core.environment:checking '/home/astrox/astrobot_ws/install/sllidar_ros2' for CMake config files
[1.984s] Level 1:colcon.colcon_core.shell:create_environment_hook('sllidar_ros2', 'cmake_prefix_path')
[1.996s] INFO:colcon.colcon_core.shell:Creating environment hook '/home/astrox/astrobot_ws/install/sllidar_ros2/share/sllidar_ros2/hook/cmake_prefix_path.ps1'
[1.997s] INFO:colcon.colcon_core.shell:Creating environment descriptor '/home/astrox/astrobot_ws/install/sllidar_ros2/share/sllidar_ros2/hook/cmake_prefix_path.dsv'
[1.997s] INFO:colcon.colcon_core.shell:Creating environment hook '/home/astrox/astrobot_ws/install/sllidar_ros2/share/sllidar_ros2/hook/cmake_prefix_path.sh'
[1.997s] Level 1:colcon.colcon_core.environment:checking '/home/astrox/astrobot_ws/install/sllidar_ros2/lib'
[1.998s] Level 1:colcon.colcon_core.environment:checking '/home/astrox/astrobot_ws/install/sllidar_ros2/bin'
[1.998s] Level 1:colcon.colcon_core.environment:checking '/home/astrox/astrobot_ws/install/sllidar_ros2/lib/pkgconfig/sllidar_ros2.pc'
[1.998s] Level 1:colcon.colcon_core.environment:checking '/home/astrox/astrobot_ws/install/sllidar_ros2/lib/python3.10/site-packages'
[1.998s] Level 1:colcon.colcon_core.environment:checking '/home/astrox/astrobot_ws/install/sllidar_ros2/bin'
[2.011s] INFO:colcon.colcon_core.shell:Creating package script '/home/astrox/astrobot_ws/install/sllidar_ros2/share/sllidar_ros2/package.ps1'
[2.011s] INFO:colcon.colcon_core.shell:Creating package descriptor '/home/astrox/astrobot_ws/install/sllidar_ros2/share/sllidar_ros2/package.dsv'
[2.011s] INFO:colcon.colcon_core.shell:Creating package script '/home/astrox/astrobot_ws/install/sllidar_ros2/share/sllidar_ros2/package.sh'
[2.012s] INFO:colcon.colcon_core.shell:Creating package script '/home/astrox/astrobot_ws/install/sllidar_ros2/share/sllidar_ros2/package.bash'
[2.012s] INFO:colcon.colcon_core.shell:Creating package script '/home/astrox/astrobot_ws/install/sllidar_ros2/share/sllidar_ros2/package.zsh'
[2.012s] Level 1:colcon.colcon_core.environment:create_file_with_runtime_dependencies(/home/astrox/astrobot_ws/install/sllidar_ros2/share/colcon-core/packages/sllidar_ros2)
[2.014s] DEBUG:colcon.colcon_core.event_handler.log_command:Invoked command in '/home/astrox/astrobot_ws/build/micro_ros_setup' returned '0': CMAKE_PREFIX_PATH=${CMAKE_PREFIX_PATH}:/opt/ros/humble /usr/bin/cmake --build /home/astrox/astrobot_ws/build/micro_ros_setup -- -j12 -l12
[2.026s] Level 1:colcon.colcon_core.environment:create_environment_scripts_only(astrobot_bringup)
[2.039s] Level 1:colcon.colcon_core.environment:checking '/home/astrox/astrobot_ws/install/astrobot_bringup' for CMake module files
[2.040s] Level 1:colcon.colcon_core.environment:checking '/home/astrox/astrobot_ws/install/astrobot_bringup' for CMake config files
[2.040s] Level 1:colcon.colcon_core.shell:create_environment_hook('astrobot_bringup', 'cmake_prefix_path')
[2.052s] INFO:colcon.colcon_core.shell:Creating environment hook '/home/astrox/astrobot_ws/install/astrobot_bringup/share/astrobot_bringup/hook/cmake_prefix_path.ps1'
[2.053s] INFO:colcon.colcon_core.shell:Creating environment descriptor '/home/astrox/astrobot_ws/install/astrobot_bringup/share/astrobot_bringup/hook/cmake_prefix_path.dsv'
[2.053s] INFO:colcon.colcon_core.shell:Creating environment hook '/home/astrox/astrobot_ws/install/astrobot_bringup/share/astrobot_bringup/hook/cmake_prefix_path.sh'
[2.053s] Level 1:colcon.colcon_core.environment:checking '/home/astrox/astrobot_ws/install/astrobot_bringup/bin'
[2.053s] Level 1:colcon.colcon_core.environment:checking '/home/astrox/astrobot_ws/install/astrobot_bringup/lib/pkgconfig/astrobot_bringup.pc'
[2.054s] Level 1:colcon.colcon_core.environment:checking '/home/astrox/astrobot_ws/install/astrobot_bringup/lib/python3.10/site-packages'
[2.054s] Level 1:colcon.colcon_core.environment:checking '/home/astrox/astrobot_ws/install/astrobot_bringup/bin'
[2.066s] INFO:colcon.colcon_core.shell:Creating package script '/home/astrox/astrobot_ws/install/astrobot_bringup/share/astrobot_bringup/package.ps1'
[2.066s] INFO:colcon.colcon_core.shell:Creating package descriptor '/home/astrox/astrobot_ws/install/astrobot_bringup/share/astrobot_bringup/package.dsv'
[2.067s] INFO:colcon.colcon_core.shell:Creating package script '/home/astrox/astrobot_ws/install/astrobot_bringup/share/astrobot_bringup/package.sh'
[2.067s] INFO:colcon.colcon_core.shell:Creating package script '/home/astrox/astrobot_ws/install/astrobot_bringup/share/astrobot_bringup/package.bash'
[2.067s] INFO:colcon.colcon_core.shell:Creating package script '/home/astrox/astrobot_ws/install/astrobot_bringup/share/astrobot_bringup/package.zsh'
[2.068s] Level 1:colcon.colcon_core.environment:create_file_with_runtime_dependencies(/home/astrox/astrobot_ws/install/astrobot_bringup/share/colcon-core/packages/astrobot_bringup)
[2.081s] Level 1:colcon.colcon_core.environment:create_environment_scripts_only(astrobot_description)
[2.093s] Level 1:colcon.colcon_core.environment:checking '/home/astrox/astrobot_ws/install/astrobot_description' for CMake module files
[2.094s] Level 1:colcon.colcon_core.environment:checking '/home/astrox/astrobot_ws/install/astrobot_description' for CMake config files
[2.094s] Level 1:colcon.colcon_core.shell:create_environment_hook('astrobot_description', 'cmake_prefix_path')
[2.107s] INFO:colcon.colcon_core.shell:Creating environment hook '/home/astrox/astrobot_ws/install/astrobot_description/share/astrobot_description/hook/cmake_prefix_path.ps1'
[2.107s] INFO:colcon.colcon_core.shell:Creating environment descriptor '/home/astrox/astrobot_ws/install/astrobot_description/share/astrobot_description/hook/cmake_prefix_path.dsv'
[2.107s] INFO:colcon.colcon_core.shell:Creating environment hook '/home/astrox/astrobot_ws/install/astrobot_description/share/astrobot_description/hook/cmake_prefix_path.sh'
[2.108s] Level 1:colcon.colcon_core.environment:checking '/home/astrox/astrobot_ws/install/astrobot_description/bin'
[2.108s] Level 1:colcon.colcon_core.environment:checking '/home/astrox/astrobot_ws/install/astrobot_description/lib/pkgconfig/astrobot_description.pc'
[2.108s] Level 1:colcon.colcon_core.environment:checking '/home/astrox/astrobot_ws/install/astrobot_description/lib/python3.10/site-packages'
[2.108s] Level 1:colcon.colcon_core.environment:checking '/home/astrox/astrobot_ws/install/astrobot_description/bin'
[2.121s] INFO:colcon.colcon_core.shell:Creating package script '/home/astrox/astrobot_ws/install/astrobot_description/share/astrobot_description/package.ps1'
[2.121s] INFO:colcon.colcon_core.shell:Creating package descriptor '/home/astrox/astrobot_ws/install/astrobot_description/share/astrobot_description/package.dsv'
[2.121s] INFO:colcon.colcon_core.shell:Creating package script '/home/astrox/astrobot_ws/install/astrobot_description/share/astrobot_description/package.sh'
[2.122s] INFO:colcon.colcon_core.shell:Creating package script '/home/astrox/astrobot_ws/install/astrobot_description/share/astrobot_description/package.bash'
[2.122s] INFO:colcon.colcon_core.shell:Creating package script '/home/astrox/astrobot_ws/install/astrobot_description/share/astrobot_description/package.zsh'
[2.122s] Level 1:colcon.colcon_core.environment:create_file_with_runtime_dependencies(/home/astrox/astrobot_ws/install/astrobot_description/share/colcon-core/packages/astrobot_description)
[2.135s] Level 1:colcon.colcon_core.environment:create_environment_scripts_only(astrobot_slam)
[2.148s] Level 1:colcon.colcon_core.environment:checking '/home/astrox/astrobot_ws/install/astrobot_slam' for CMake module files
[2.148s] Level 1:colcon.colcon_core.environment:checking '/home/astrox/astrobot_ws/install/astrobot_slam' for CMake config files
[2.148s] Level 1:colcon.colcon_core.shell:create_environment_hook('astrobot_slam', 'cmake_prefix_path')
[2.160s] INFO:colcon.colcon_core.shell:Creating environment hook '/home/astrox/astrobot_ws/install/astrobot_slam/share/astrobot_slam/hook/cmake_prefix_path.ps1'
[2.161s] INFO:colcon.colcon_core.shell:Creating environment descriptor '/home/astrox/astrobot_ws/install/astrobot_slam/share/astrobot_slam/hook/cmake_prefix_path.dsv'
[2.161s] INFO:colcon.colcon_core.shell:Creating environment hook '/home/astrox/astrobot_ws/install/astrobot_slam/share/astrobot_slam/hook/cmake_prefix_path.sh'
[2.161s] Level 1:colcon.colcon_core.environment:checking '/home/astrox/astrobot_ws/install/astrobot_slam/bin'
[2.161s] Level 1:colcon.colcon_core.environment:checking '/home/astrox/astrobot_ws/install/astrobot_slam/lib/pkgconfig/astrobot_slam.pc'
[2.162s] Level 1:colcon.colcon_core.environment:checking '/home/astrox/astrobot_ws/install/astrobot_slam/lib/python3.10/site-packages'
[2.162s] Level 1:colcon.colcon_core.environment:checking '/home/astrox/astrobot_ws/install/astrobot_slam/bin'
[2.174s] INFO:colcon.colcon_core.shell:Creating package script '/home/astrox/astrobot_ws/install/astrobot_slam/share/astrobot_slam/package.ps1'
[2.174s] INFO:colcon.colcon_core.shell:Creating package descriptor '/home/astrox/astrobot_ws/install/astrobot_slam/share/astrobot_slam/package.dsv'
[2.175s] INFO:colcon.colcon_core.shell:Creating package script '/home/astrox/astrobot_ws/install/astrobot_slam/share/astrobot_slam/package.sh'
[2.175s] INFO:colcon.colcon_core.shell:Creating package script '/home/astrox/astrobot_ws/install/astrobot_slam/share/astrobot_slam/package.bash'
[2.175s] INFO:colcon.colcon_core.shell:Creating package script '/home/astrox/astrobot_ws/install/astrobot_slam/share/astrobot_slam/package.zsh'
[2.176s] Level 1:colcon.colcon_core.environment:create_file_with_runtime_dependencies(/home/astrox/astrobot_ws/install/astrobot_slam/share/colcon-core/packages/astrobot_slam)
[2.190s] Level 1:colcon.colcon_core.environment:create_environment_scripts_only(sllidar_ros2)
[2.202s] Level 1:colcon.colcon_core.environment:checking '/home/astrox/astrobot_ws/install/sllidar_ros2' for CMake module files
[2.203s] Level 1:colcon.colcon_core.environment:checking '/home/astrox/astrobot_ws/install/sllidar_ros2' for CMake config files
[2.203s] Level 1:colcon.colcon_core.shell:create_environment_hook('sllidar_ros2', 'cmake_prefix_path')
[2.215s] INFO:colcon.colcon_core.shell:Creating environment hook '/home/astrox/astrobot_ws/install/sllidar_ros2/share/sllidar_ros2/hook/cmake_prefix_path.ps1'
[2.216s] INFO:colcon.colcon_core.shell:Creating environment descriptor '/home/astrox/astrobot_ws/install/sllidar_ros2/share/sllidar_ros2/hook/cmake_prefix_path.dsv'
[2.216s] INFO:colcon.colcon_core.shell:Creating environment hook '/home/astrox/astrobot_ws/install/sllidar_ros2/share/sllidar_ros2/hook/cmake_prefix_path.sh'
[2.216s] Level 1:colcon.colcon_core.environment:checking '/home/astrox/astrobot_ws/install/sllidar_ros2/lib'
[2.216s] Level 1:colcon.colcon_core.environment:checking '/home/astrox/astrobot_ws/install/sllidar_ros2/bin'
[2.217s] Level 1:colcon.colcon_core.environment:checking '/home/astrox/astrobot_ws/install/sllidar_ros2/lib/pkgconfig/sllidar_ros2.pc'
[2.217s] Level 1:colcon.colcon_core.environment:checking '/home/astrox/astrobot_ws/install/sllidar_ros2/lib/python3.10/site-packages'
[2.217s] Level 1:colcon.colcon_core.environment:checking '/home/astrox/astrobot_ws/install/sllidar_ros2/bin'
[2.229s] INFO:colcon.colcon_core.shell:Creating package script '/home/astrox/astrobot_ws/install/sllidar_ros2/share/sllidar_ros2/package.ps1'
[2.230s] INFO:colcon.colcon_core.shell:Creating package descriptor '/home/astrox/astrobot_ws/install/sllidar_ros2/share/sllidar_ros2/package.dsv'
[2.230s] INFO:colcon.colcon_core.shell:Creating package script '/home/astrox/astrobot_ws/install/sllidar_ros2/share/sllidar_ros2/package.sh'
[2.230s] INFO:colcon.colcon_core.shell:Creating package script '/home/astrox/astrobot_ws/install/sllidar_ros2/share/sllidar_ros2/package.bash'
[2.231s] INFO:colcon.colcon_core.shell:Creating package script '/home/astrox/astrobot_ws/install/sllidar_ros2/share/sllidar_ros2/package.zsh'
[2.231s] Level 1:colcon.colcon_core.environment:create_file_with_runtime_dependencies(/home/astrox/astrobot_ws/install/sllidar_ros2/share/colcon-core/packages/sllidar_ros2)
[2.233s] DEBUG:colcon.colcon_core.event_handler.log_command:Invoking command in '/home/astrox/astrobot_ws/build/micro_ros_setup': CMAKE_PREFIX_PATH=${CMAKE_PREFIX_PATH}:/opt/ros/humble /usr/bin/cmake --install /home/astrox/astrobot_ws/build/micro_ros_setup
[2.253s] Level 1:colcon.colcon_core.environment:create_environment_scripts_only(micro_ros_setup)
[2.253s] DEBUG:colcon.colcon_core.event_handler.log_command:Invoked command in '/home/astrox/astrobot_ws/build/micro_ros_setup' returned '0': CMAKE_PREFIX_PATH=${CMAKE_PREFIX_PATH}:/opt/ros/humble /usr/bin/cmake --install /home/astrox/astrobot_ws/build/micro_ros_setup
[2.266s] Level 1:colcon.colcon_core.environment:checking '/home/astrox/astrobot_ws/install/micro_ros_setup' for CMake module files
[2.266s] Level 1:colcon.colcon_core.environment:checking '/home/astrox/astrobot_ws/install/micro_ros_setup' for CMake config files
[2.266s] Level 1:colcon.colcon_core.shell:create_environment_hook('micro_ros_setup', 'cmake_prefix_path')
[2.279s] INFO:colcon.colcon_core.shell:Creating environment hook '/home/astrox/astrobot_ws/install/micro_ros_setup/share/micro_ros_setup/hook/cmake_prefix_path.ps1'
[2.279s] INFO:colcon.colcon_core.shell:Creating environment descriptor '/home/astrox/astrobot_ws/install/micro_ros_setup/share/micro_ros_setup/hook/cmake_prefix_path.dsv'
[2.279s] INFO:colcon.colcon_core.shell:Creating environment hook '/home/astrox/astrobot_ws/install/micro_ros_setup/share/micro_ros_setup/hook/cmake_prefix_path.sh'
[2.280s] Level 1:colcon.colcon_core.environment:checking '/home/astrox/astrobot_ws/install/micro_ros_setup/lib'
[2.280s] Level 1:colcon.colcon_core.environment:checking '/home/astrox/astrobot_ws/install/micro_ros_setup/bin'
[2.280s] Level 1:colcon.colcon_core.environment:checking '/home/astrox/astrobot_ws/install/micro_ros_setup/lib/pkgconfig/micro_ros_setup.pc'
[2.280s] Level 1:colcon.colcon_core.environment:checking '/home/astrox/astrobot_ws/install/micro_ros_setup/lib/python3.10/site-packages'
[2.280s] Level 1:colcon.colcon_core.environment:checking '/home/astrox/astrobot_ws/install/micro_ros_setup/bin'
[2.293s] INFO:colcon.colcon_core.shell:Creating package script '/home/astrox/astrobot_ws/install/micro_ros_setup/share/micro_ros_setup/package.ps1'
[2.294s] INFO:colcon.colcon_core.shell:Creating package descriptor '/home/astrox/astrobot_ws/install/micro_ros_setup/share/micro_ros_setup/package.dsv'
[2.294s] INFO:colcon.colcon_core.shell:Creating package script '/home/astrox/astrobot_ws/install/micro_ros_setup/share/micro_ros_setup/package.sh'
[2.294s] INFO:colcon.colcon_core.shell:Creating package script '/home/astrox/astrobot_ws/install/micro_ros_setup/share/micro_ros_setup/package.bash'
[2.295s] INFO:colcon.colcon_core.shell:Creating package script '/home/astrox/astrobot_ws/install/micro_ros_setup/share/micro_ros_setup/package.zsh'
[2.295s] Level 1:colcon.colcon_core.environment:create_file_with_runtime_dependencies(/home/astrox/astrobot_ws/install/micro_ros_setup/share/colcon-core/packages/micro_ros_setup)
[2.322s] Level 1:colcon.colcon_core.environment:create_environment_scripts_only(micro_ros_setup)
[2.334s] Level 1:colcon.colcon_core.environment:checking '/home/astrox/astrobot_ws/install/micro_ros_setup' for CMake module files
[2.335s] Level 1:colcon.colcon_core.environment:checking '/home/astrox/astrobot_ws/install/micro_ros_setup' for CMake config files
[2.335s] Level 1:colcon.colcon_core.shell:create_environment_hook('micro_ros_setup', 'cmake_prefix_path')
[2.347s] INFO:colcon.colcon_core.shell:Creating environment hook '/home/astrox/astrobot_ws/install/micro_ros_setup/share/micro_ros_setup/hook/cmake_prefix_path.ps1'
[2.348s] INFO:colcon.colcon_core.shell:Creating environment descriptor '/home/astrox/astrobot_ws/install/micro_ros_setup/share/micro_ros_setup/hook/cmake_prefix_path.dsv'
[2.348s] INFO:colcon.colcon_core.shell:Creating environment hook '/home/astrox/astrobot_ws/install/micro_ros_setup/share/micro_ros_setup/hook/cmake_prefix_path.sh'
[2.348s] Level 1:colcon.colcon_core.environment:checking '/home/astrox/astrobot_ws/install/micro_ros_setup/lib'
[2.348s] Level 1:colcon.colcon_core.environment:checking '/home/astrox/astrobot_ws/install/micro_ros_setup/bin'
[2.348s] Level 1:colcon.colcon_core.environment:checking '/home/astrox/astrobot_ws/install/micro_ros_setup/lib/pkgconfig/micro_ros_setup.pc'
[2.348s] Level 1:colcon.colcon_core.environment:checking '/home/astrox/astrobot_ws/install/micro_ros_setup/lib/python3.10/site-packages'
[2.349s] Level 1:colcon.colcon_core.environment:checking '/home/astrox/astrobot_ws/install/micro_ros_setup/bin'
[2.361s] INFO:colcon.colcon_core.shell:Creating package script '/home/astrox/astrobot_ws/install/micro_ros_setup/share/micro_ros_setup/package.ps1'
[2.361s] INFO:colcon.colcon_core.shell:Creating package descriptor '/home/astrox/astrobot_ws/install/micro_ros_setup/share/micro_ros_setup/package.dsv'
[2.362s] INFO:colcon.colcon_core.shell:Creating package script '/home/astrox/astrobot_ws/install/micro_ros_setup/share/micro_ros_setup/package.sh'
[2.362s] INFO:colcon.colcon_core.shell:Creating package script '/home/astrox/astrobot_ws/install/micro_ros_setup/share/micro_ros_setup/package.bash'
[2.362s] INFO:colcon.colcon_core.shell:Creating package script '/home/astrox/astrobot_ws/install/micro_ros_setup/share/micro_ros_setup/package.zsh'
[2.362s] Level 1:colcon.colcon_core.environment:create_file_with_runtime_dependencies(/home/astrox/astrobot_ws/install/micro_ros_setup/share/colcon-core/packages/micro_ros_setup)
[2.363s] DEBUG:colcon.colcon_parallel_executor.executor.parallel:closing loop
[2.363s] DEBUG:colcon.colcon_parallel_executor.executor.parallel:loop closed
[2.363s] DEBUG:colcon.colcon_parallel_executor.executor.parallel:run_until_complete finished with '0'
[2.363s] DEBUG:colcon.colcon_core.event_reactor:joining thread
[2.379s] INFO:colcon.colcon_core.plugin_system:Skipping extension 'colcon_notification.desktop_notification.terminal_notifier': Not used on non-Darwin systems
[2.380s] INFO:colcon.colcon_core.plugin_system:Skipping extension 'colcon_notification.desktop_notification.win32': Not used on non-Windows systems
[2.380s] INFO:colcon.colcon_notification.desktop_notification:Sending desktop notification using 'notify2'
[2.388s] DEBUG:colcon.colcon_core.event_reactor:joined thread
[2.401s] INFO:colcon.colcon_core.shell:Creating prefix script '/home/astrox/astrobot_ws/install/local_setup.ps1'
[2.402s] INFO:colcon.colcon_core.shell:Creating prefix util module '/home/astrox/astrobot_ws/install/_local_setup_util_ps1.py'
[2.403s] INFO:colcon.colcon_core.shell:Creating prefix chain script '/home/astrox/astrobot_ws/install/setup.ps1'
[2.416s] INFO:colcon.colcon_core.shell:Creating prefix script '/home/astrox/astrobot_ws/install/local_setup.sh'
[2.416s] INFO:colcon.colcon_core.shell:Creating prefix util module '/home/astrox/astrobot_ws/install/_local_setup_util_sh.py'
[2.416s] INFO:colcon.colcon_core.shell:Creating prefix chain script '/home/astrox/astrobot_ws/install/setup.sh'
[2.430s] INFO:colcon.colcon_core.shell:Creating prefix script '/home/astrox/astrobot_ws/install/local_setup.bash'
[2.430s] INFO:colcon.colcon_core.shell:Creating prefix chain script '/home/astrox/astrobot_ws/install/setup.bash'
[2.443s] INFO:colcon.colcon_core.shell:Creating prefix script '/home/astrox/astrobot_ws/install/local_setup.zsh'
[2.443s] INFO:colcon.colcon_core.shell:Creating prefix chain script '/home/astrox/astrobot_ws/install/setup.zsh'
