[0.138s] Invoking command in '/home/astrox/astrobot_ws/build/astrobot_slam': CMAKE_PREFIX_PATH=/opt/ros/humble /usr/bin/cmake --build /home/astrox/astrobot_ws/build/astrobot_slam -- -j12 -l12
[0.178s] Invoked command in '/home/astrox/astrobot_ws/build/astrobot_slam' returned '0': CMAKE_PREFIX_PATH=/opt/ros/humble /usr/bin/cmake --build /home/astrox/astrobot_ws/build/astrobot_slam -- -j12 -l12
[0.212s] Invoking command in '/home/astrox/astrobot_ws/build/astrobot_slam': CMAKE_PREFIX_PATH=/opt/ros/humble /usr/bin/cmake --install /home/astrox/astrobot_ws/build/astrobot_slam
[0.221s] -- Install configuration: ""
[0.222s] -- Execute custom install script
[0.222s] -- Up-to-date symlink: /home/astrox/astrobot_ws/install/astrobot_slam/share/astrobot_slam/launch/astrobot_cartographer_launch.py
[0.222s] -- Up-to-date symlink: /home/astrox/astrobot_ws/install/astrobot_slam/share/astrobot_slam/launch/occupancy_grid.launch.py
[0.223s] -- Up-to-date symlink: /home/astrox/astrobot_ws/install/astrobot_slam/share/astrobot_slam/launch/slam_launch.py
[0.224s] -- Up-to-date symlink: /home/astrox/astrobot_ws/install/astrobot_slam/share/astrobot_slam/rviz/astrobot_cartographer.rviz
[0.224s] -- Up-to-date symlink: /home/astrox/astrobot_ws/install/astrobot_slam/share/astrobot_slam/rviz/astrobot_slam.rviz
[0.225s] -- Up-to-date symlink: /home/astrox/astrobot_ws/install/astrobot_slam/share/astrobot_slam/config/astrobot_lds_2d.lua
[0.225s] -- Up-to-date symlink: /home/astrox/astrobot_ws/install/astrobot_slam/share/astrobot_slam/config/slam.yaml
[0.226s] -- Up-to-date symlink: /home/astrox/astrobot_ws/install/astrobot_slam/share/ament_index/resource_index/package_run_dependencies/astrobot_slam
[0.226s] -- Up-to-date symlink: /home/astrox/astrobot_ws/install/astrobot_slam/share/ament_index/resource_index/parent_prefix_path/astrobot_slam
[0.226s] -- Up-to-date symlink: /home/astrox/astrobot_ws/install/astrobot_slam/share/astrobot_slam/environment/ament_prefix_path.sh
[0.226s] -- Up-to-date symlink: /home/astrox/astrobot_ws/install/astrobot_slam/share/astrobot_slam/environment/ament_prefix_path.dsv
[0.227s] -- Up-to-date symlink: /home/astrox/astrobot_ws/install/astrobot_slam/share/astrobot_slam/environment/path.sh
[0.227s] -- Up-to-date symlink: /home/astrox/astrobot_ws/install/astrobot_slam/share/astrobot_slam/environment/path.dsv
[0.227s] -- Up-to-date symlink: /home/astrox/astrobot_ws/install/astrobot_slam/share/astrobot_slam/local_setup.bash
[0.228s] -- Up-to-date symlink: /home/astrox/astrobot_ws/install/astrobot_slam/share/astrobot_slam/local_setup.sh
[0.229s] -- Up-to-date symlink: /home/astrox/astrobot_ws/install/astrobot_slam/share/astrobot_slam/local_setup.zsh
[0.230s] -- Up-to-date symlink: /home/astrox/astrobot_ws/install/astrobot_slam/share/astrobot_slam/local_setup.dsv
[0.231s] -- Symlinking: /home/astrox/astrobot_ws/install/astrobot_slam/share/astrobot_slam/package.dsv
[0.270s] -- Up-to-date symlink: /home/astrox/astrobot_ws/install/astrobot_slam/share/ament_index/resource_index/packages/astrobot_slam
[0.270s] -- Up-to-date symlink: /home/astrox/astrobot_ws/install/astrobot_slam/share/astrobot_slam/cmake/astrobot_slamConfig.cmake
[0.270s] -- Up-to-date symlink: /home/astrox/astrobot_ws/install/astrobot_slam/share/astrobot_slam/cmake/astrobot_slamConfig-version.cmake
[0.270s] -- Up-to-date symlink: /home/astrox/astrobot_ws/install/astrobot_slam/share/astrobot_slam/package.xml
[0.352s] Invoked command in '/home/astrox/astrobot_ws/build/astrobot_slam' returned '0': CMAKE_PREFIX_PATH=/opt/ros/humble /usr/bin/cmake --install /home/astrox/astrobot_ws/build/astrobot_slam
