[0.060s] Invoking command in '/home/astrox/astrobot_ws/build/sllidar_ros2': CMAKE_PREFIX_PATH=/opt/ros/humble /usr/bin/cmake --build /home/astrox/astrobot_ws/build/sllidar_ros2 -- -j12 -l12
[0.144s] [ 10%] Built target sllidar_client
[0.149s] [100%] Built target sllidar_node
[0.358s] Invoked command in '/home/astrox/astrobot_ws/build/sllidar_ros2' returned '0': CMAKE_PREFIX_PATH=/opt/ros/humble /usr/bin/cmake --build /home/astrox/astrobot_ws/build/sllidar_ros2 -- -j12 -l12
[0.617s] Invoking command in '/home/astrox/astrobot_ws/build/sllidar_ros2': CMAKE_PREFIX_PATH=/opt/ros/humble /usr/bin/cmake --install /home/astrox/astrobot_ws/build/sllidar_ros2
[0.623s] -- Install configuration: ""
[0.623s] -- Execute custom install script
[0.624s] -- Up-to-date symlink: /home/astrox/astrobot_ws/install/sllidar_ros2/share/sllidar_ros2/launch/sllidar_a1_launch.py
[0.624s] -- Up-to-date symlink: /home/astrox/astrobot_ws/install/sllidar_ros2/share/sllidar_ros2/launch/sllidar_a2m12_launch .py
[0.624s] -- Up-to-date symlink: /home/astrox/astrobot_ws/install/sllidar_ros2/share/sllidar_ros2/launch/sllidar_a2m7_launch.py
[0.624s] -- Up-to-date symlink: /home/astrox/astrobot_ws/install/sllidar_ros2/share/sllidar_ros2/launch/sllidar_a2m8_launch.py
[0.625s] -- Up-to-date symlink: /home/astrox/astrobot_ws/install/sllidar_ros2/share/sllidar_ros2/launch/sllidar_a3_launch.py
[0.625s] -- Up-to-date symlink: /home/astrox/astrobot_ws/install/sllidar_ros2/share/sllidar_ros2/launch/sllidar_c1_launch.py
[0.625s] -- Up-to-date symlink: /home/astrox/astrobot_ws/install/sllidar_ros2/share/sllidar_ros2/launch/sllidar_s1_launch.py
[0.625s] -- Up-to-date symlink: /home/astrox/astrobot_ws/install/sllidar_ros2/share/sllidar_ros2/launch/sllidar_s1_tcp_launch.py
[0.626s] -- Up-to-date symlink: /home/astrox/astrobot_ws/install/sllidar_ros2/share/sllidar_ros2/launch/sllidar_s2_launch.py
[0.626s] -- Up-to-date symlink: /home/astrox/astrobot_ws/install/sllidar_ros2/share/sllidar_ros2/launch/sllidar_s2e_launch.py
[0.626s] -- Up-to-date symlink: /home/astrox/astrobot_ws/install/sllidar_ros2/share/sllidar_ros2/launch/sllidar_s3_launch.py
[0.626s] -- Up-to-date symlink: /home/astrox/astrobot_ws/install/sllidar_ros2/share/sllidar_ros2/launch/sllidar_t1_launch.py
[0.626s] -- Up-to-date symlink: /home/astrox/astrobot_ws/install/sllidar_ros2/share/sllidar_ros2/launch/view_sllidar_a1_launch.py
[0.626s] -- Up-to-date symlink: /home/astrox/astrobot_ws/install/sllidar_ros2/share/sllidar_ros2/launch/view_sllidar_a2m12_launch.py
[0.627s] -- Up-to-date symlink: /home/astrox/astrobot_ws/install/sllidar_ros2/share/sllidar_ros2/launch/view_sllidar_a2m7_launch.py
[0.627s] -- Up-to-date symlink: /home/astrox/astrobot_ws/install/sllidar_ros2/share/sllidar_ros2/launch/view_sllidar_a2m8_launch.py
[0.627s] -- Up-to-date symlink: /home/astrox/astrobot_ws/install/sllidar_ros2/share/sllidar_ros2/launch/view_sllidar_a3_launch.py
[0.627s] -- Up-to-date symlink: /home/astrox/astrobot_ws/install/sllidar_ros2/share/sllidar_ros2/launch/view_sllidar_c1_launch.py
[0.627s] -- Up-to-date symlink: /home/astrox/astrobot_ws/install/sllidar_ros2/share/sllidar_ros2/launch/view_sllidar_s1_launch.py
[0.627s] -- Up-to-date symlink: /home/astrox/astrobot_ws/install/sllidar_ros2/share/sllidar_ros2/launch/view_sllidar_s1_tcp_launch.py
[0.627s] -- Up-to-date symlink: /home/astrox/astrobot_ws/install/sllidar_ros2/share/sllidar_ros2/launch/view_sllidar_s2_launch.py
[0.628s] -- Up-to-date symlink: /home/astrox/astrobot_ws/install/sllidar_ros2/share/sllidar_ros2/launch/view_sllidar_s2e_launch.py
[0.628s] -- Up-to-date symlink: /home/astrox/astrobot_ws/install/sllidar_ros2/share/sllidar_ros2/launch/view_sllidar_s3_launch.py
[0.628s] -- Up-to-date symlink: /home/astrox/astrobot_ws/install/sllidar_ros2/share/sllidar_ros2/launch/view_sllidar_t1_launch.py
[0.628s] -- Up-to-date symlink: /home/astrox/astrobot_ws/install/sllidar_ros2/share/sllidar_ros2/rviz/sllidar_ros2.rviz
[0.629s] -- Up-to-date symlink: /home/astrox/astrobot_ws/install/sllidar_ros2/lib/sllidar_ros2/sllidar_node
[0.629s] -- Up-to-date symlink: /home/astrox/astrobot_ws/install/sllidar_ros2/lib/sllidar_ros2/sllidar_client
[0.629s] -- Up-to-date symlink: /home/astrox/astrobot_ws/install/sllidar_ros2/share/ament_index/resource_index/package_run_dependencies/sllidar_ros2
[0.629s] -- Up-to-date symlink: /home/astrox/astrobot_ws/install/sllidar_ros2/share/ament_index/resource_index/parent_prefix_path/sllidar_ros2
[0.629s] -- Up-to-date symlink: /home/astrox/astrobot_ws/install/sllidar_ros2/share/sllidar_ros2/environment/ament_prefix_path.sh
[0.630s] -- Up-to-date symlink: /home/astrox/astrobot_ws/install/sllidar_ros2/share/sllidar_ros2/environment/ament_prefix_path.dsv
[0.630s] -- Up-to-date symlink: /home/astrox/astrobot_ws/install/sllidar_ros2/share/sllidar_ros2/environment/path.sh
[0.630s] -- Up-to-date symlink: /home/astrox/astrobot_ws/install/sllidar_ros2/share/sllidar_ros2/environment/path.dsv
[0.630s] -- Up-to-date symlink: /home/astrox/astrobot_ws/install/sllidar_ros2/share/sllidar_ros2/local_setup.bash
[0.630s] -- Up-to-date symlink: /home/astrox/astrobot_ws/install/sllidar_ros2/share/sllidar_ros2/local_setup.sh
[0.630s] -- Up-to-date symlink: /home/astrox/astrobot_ws/install/sllidar_ros2/share/sllidar_ros2/local_setup.zsh
[0.631s] -- Up-to-date symlink: /home/astrox/astrobot_ws/install/sllidar_ros2/share/sllidar_ros2/local_setup.dsv
[0.631s] -- Symlinking: /home/astrox/astrobot_ws/install/sllidar_ros2/share/sllidar_ros2/package.dsv
[0.637s] -- Up-to-date symlink: /home/astrox/astrobot_ws/install/sllidar_ros2/share/ament_index/resource_index/packages/sllidar_ros2
[0.637s] -- Up-to-date symlink: /home/astrox/astrobot_ws/install/sllidar_ros2/share/sllidar_ros2/cmake/ament_cmake_export_dependencies-extras.cmake
[0.638s] -- Up-to-date symlink: /home/astrox/astrobot_ws/install/sllidar_ros2/share/sllidar_ros2/cmake/ament_cmake_export_include_directories-extras.cmake
[0.638s] -- Up-to-date symlink: /home/astrox/astrobot_ws/install/sllidar_ros2/share/sllidar_ros2/cmake/sllidar_ros2Config.cmake
[0.638s] -- Up-to-date symlink: /home/astrox/astrobot_ws/install/sllidar_ros2/share/sllidar_ros2/cmake/sllidar_ros2Config-version.cmake
[0.638s] -- Up-to-date symlink: /home/astrox/astrobot_ws/install/sllidar_ros2/share/sllidar_ros2/package.xml
[0.640s] Invoked command in '/home/astrox/astrobot_ws/build/sllidar_ros2' returned '0': CMAKE_PREFIX_PATH=/opt/ros/humble /usr/bin/cmake --install /home/astrox/astrobot_ws/build/sllidar_ros2
