[0.411s] Invoking command in '/home/astrox/astrobot_ws/build/astrobot_base': CMAKE_PREFIX_PATH=${CMAKE_PREFIX_PATH}:/opt/ros/humble /usr/bin/cmake /home/astrox/astrobot_ws/src/astrobot_base -DCMAKE_INSTALL_PREFIX=/home/astrox/astrobot_ws/install/astrobot_base
[0.426s] -- Found ament_cmake: 1.3.7 (/opt/ros/humble/share/ament_cmake/cmake)
[0.617s] -- Override CMake install command with custom implementation using symlinks instead of copying resources
[0.715s] -- Configuring done
[0.722s] -- Generating done
[0.723s] -- Build files have been written to: /home/astrox/astrobot_ws/build/astrobot_base
[0.728s] Invoked command in '/home/astrox/astrobot_ws/build/astrobot_base' returned '0': CMAKE_PREFIX_PATH=${CMAKE_PREFIX_PATH}:/opt/ros/humble /usr/bin/cmake /home/astrox/astrobot_ws/src/astrobot_base -DCMAKE_INSTALL_PREFIX=/home/astrox/astrobot_ws/install/astrobot_base
[0.731s] Invoking command in '/home/astrox/astrobot_ws/build/astrobot_base': CMAKE_PREFIX_PATH=${CMAKE_PREFIX_PATH}:/opt/ros/humble /usr/bin/cmake --build /home/astrox/astrobot_ws/build/astrobot_base -- -j12 -l12
[0.777s] Invoked command in '/home/astrox/astrobot_ws/build/astrobot_base' returned '0': CMAKE_PREFIX_PATH=${CMAKE_PREFIX_PATH}:/opt/ros/humble /usr/bin/cmake --build /home/astrox/astrobot_ws/build/astrobot_base -- -j12 -l12
[0.808s] Invoking command in '/home/astrox/astrobot_ws/build/astrobot_base': CMAKE_PREFIX_PATH=${CMAKE_PREFIX_PATH}:/opt/ros/humble /usr/bin/cmake --install /home/astrox/astrobot_ws/build/astrobot_base
[0.815s] -- Install configuration: ""
[0.815s] -- Execute custom install script
[0.816s] -- Up-to-date symlink: /home/astrox/astrobot_ws/install/astrobot_base/share/astrobot_base/config/ekf.yaml
[0.816s] -- Up-to-date symlink: /home/astrox/astrobot_ws/install/astrobot_base/share/ament_index/resource_index/package_run_dependencies/astrobot_base
[0.816s] -- Up-to-date symlink: /home/astrox/astrobot_ws/install/astrobot_base/share/ament_index/resource_index/parent_prefix_path/astrobot_base
[0.816s] -- Up-to-date symlink: /home/astrox/astrobot_ws/install/astrobot_base/share/astrobot_base/environment/ament_prefix_path.sh
[0.816s] -- Up-to-date symlink: /home/astrox/astrobot_ws/install/astrobot_base/share/astrobot_base/environment/ament_prefix_path.dsv
[0.816s] -- Up-to-date symlink: /home/astrox/astrobot_ws/install/astrobot_base/share/astrobot_base/environment/path.sh
[0.817s] -- Up-to-date symlink: /home/astrox/astrobot_ws/install/astrobot_base/share/astrobot_base/environment/path.dsv
[0.817s] -- Up-to-date symlink: /home/astrox/astrobot_ws/install/astrobot_base/share/astrobot_base/local_setup.bash
[0.817s] -- Up-to-date symlink: /home/astrox/astrobot_ws/install/astrobot_base/share/astrobot_base/local_setup.sh
[0.818s] -- Up-to-date symlink: /home/astrox/astrobot_ws/install/astrobot_base/share/astrobot_base/local_setup.zsh
[0.818s] -- Up-to-date symlink: /home/astrox/astrobot_ws/install/astrobot_base/share/astrobot_base/local_setup.dsv
[0.818s] -- Symlinking: /home/astrox/astrobot_ws/install/astrobot_base/share/astrobot_base/package.dsv
[0.829s] -- Up-to-date symlink: /home/astrox/astrobot_ws/install/astrobot_base/share/ament_index/resource_index/packages/astrobot_base
[0.829s] -- Up-to-date symlink: /home/astrox/astrobot_ws/install/astrobot_base/share/astrobot_base/cmake/astrobot_baseConfig.cmake
[0.829s] -- Up-to-date symlink: /home/astrox/astrobot_ws/install/astrobot_base/share/astrobot_base/cmake/astrobot_baseConfig-version.cmake
[0.829s] -- Up-to-date symlink: /home/astrox/astrobot_ws/install/astrobot_base/share/astrobot_base/package.xml
[0.836s] Invoked command in '/home/astrox/astrobot_ws/build/astrobot_base' returned '0': CMAKE_PREFIX_PATH=${CMAKE_PREFIX_PATH}:/opt/ros/humble /usr/bin/cmake --install /home/astrox/astrobot_ws/build/astrobot_base
