[0.254s] Invoking command in '/home/astrox/astrobot_ws/build/astrobot_base': CMAKE_PREFIX_PATH=/opt/ros/humble /usr/bin/cmake --build /home/astrox/astrobot_ws/build/astrobot_base -- -j12 -l12
[0.292s] Invoked command in '/home/astrox/astrobot_ws/build/astrobot_base' returned '0': CMAKE_PREFIX_PATH=/opt/ros/humble /usr/bin/cmake --build /home/astrox/astrobot_ws/build/astrobot_base -- -j12 -l12
[0.336s] Invoking command in '/home/astrox/astrobot_ws/build/astrobot_base': CMAKE_PREFIX_PATH=/opt/ros/humble /usr/bin/cmake --install /home/astrox/astrobot_ws/build/astrobot_base
[0.349s] -- Install configuration: ""
[0.352s] -- Execute custom install script
[0.353s] -- Up-to-date symlink: /home/astrox/astrobot_ws/install/astrobot_base/share/astrobot_base/config/ekf.yaml
[0.357s] -- Up-to-date symlink: /home/astrox/astrobot_ws/install/astrobot_base/share/ament_index/resource_index/package_run_dependencies/astrobot_base
[0.357s] -- Up-to-date symlink: /home/astrox/astrobot_ws/install/astrobot_base/share/ament_index/resource_index/parent_prefix_path/astrobot_base
[0.361s] -- Up-to-date symlink: /home/astrox/astrobot_ws/install/astrobot_base/share/astrobot_base/environment/ament_prefix_path.sh
[0.361s] -- Up-to-date symlink: /home/astrox/astrobot_ws/install/astrobot_base/share/astrobot_base/environment/ament_prefix_path.dsv
[0.363s] -- Up-to-date symlink: /home/astrox/astrobot_ws/install/astrobot_base/share/astrobot_base/environment/path.sh
[0.364s] -- Up-to-date symlink: /home/astrox/astrobot_ws/install/astrobot_base/share/astrobot_base/environment/path.dsv
[0.367s] -- Up-to-date symlink: /home/astrox/astrobot_ws/install/astrobot_base/share/astrobot_base/local_setup.bash
[0.371s] -- Up-to-date symlink: /home/astrox/astrobot_ws/install/astrobot_base/share/astrobot_base/local_setup.sh
[0.372s] -- Up-to-date symlink: /home/astrox/astrobot_ws/install/astrobot_base/share/astrobot_base/local_setup.zsh
[0.373s] -- Up-to-date symlink: /home/astrox/astrobot_ws/install/astrobot_base/share/astrobot_base/local_setup.dsv
[0.376s] -- Symlinking: /home/astrox/astrobot_ws/install/astrobot_base/share/astrobot_base/package.dsv
[0.394s] -- Up-to-date symlink: /home/astrox/astrobot_ws/install/astrobot_base/share/ament_index/resource_index/packages/astrobot_base
[0.394s] -- Up-to-date symlink: /home/astrox/astrobot_ws/install/astrobot_base/share/astrobot_base/cmake/astrobot_baseConfig.cmake
[0.394s] -- Up-to-date symlink: /home/astrox/astrobot_ws/install/astrobot_base/share/astrobot_base/cmake/astrobot_baseConfig-version.cmake
[0.394s] -- Up-to-date symlink: /home/astrox/astrobot_ws/install/astrobot_base/share/astrobot_base/package.xml
[0.566s] Invoked command in '/home/astrox/astrobot_ws/build/astrobot_base' returned '0': CMAKE_PREFIX_PATH=/opt/ros/humble /usr/bin/cmake --install /home/astrox/astrobot_ws/build/astrobot_base
