[0.354s] Invoking command in '/home/astrox/astrobot_ws/build/astrobot_bringup': CMAKE_PREFIX_PATH=${CMAKE_PREFIX_PATH}:/opt/ros/humble /usr/bin/cmake /home/astrox/astrobot_ws/src/astrobot_bringup -DCMAKE_INSTALL_PREFIX=/home/astrox/astrobot_ws/install/astrobot_bringup
[0.365s] -- Found ament_cmake: 1.3.7 (/opt/ros/humble/share/ament_cmake/cmake)
[0.555s] -- Override CMake install command with custom implementation using symlinks instead of copying resources
[0.660s] -- Configuring done
[0.664s] -- Generating done
[0.667s] -- Build files have been written to: /home/astrox/astrobot_ws/build/astrobot_bringup
[0.672s] Invoked command in '/home/astrox/astrobot_ws/build/astrobot_bringup' returned '0': CMAKE_PREFIX_PATH=${CMAKE_PREFIX_PATH}:/opt/ros/humble /usr/bin/cmake /home/astrox/astrobot_ws/src/astrobot_bringup -DCMAKE_INSTALL_PREFIX=/home/astrox/astrobot_ws/install/astrobot_bringup
[0.673s] Invoking command in '/home/astrox/astrobot_ws/build/astrobot_bringup': CMAKE_PREFIX_PATH=${CMAKE_PREFIX_PATH}:/opt/ros/humble /usr/bin/cmake --build /home/astrox/astrobot_ws/build/astrobot_bringup -- -j12 -l12
[0.717s] Invoked command in '/home/astrox/astrobot_ws/build/astrobot_bringup' returned '0': CMAKE_PREFIX_PATH=${CMAKE_PREFIX_PATH}:/opt/ros/humble /usr/bin/cmake --build /home/astrox/astrobot_ws/build/astrobot_bringup -- -j12 -l12
[0.748s] Invoking command in '/home/astrox/astrobot_ws/build/astrobot_bringup': CMAKE_PREFIX_PATH=${CMAKE_PREFIX_PATH}:/opt/ros/humble /usr/bin/cmake --install /home/astrox/astrobot_ws/build/astrobot_bringup
[0.754s] -- Install configuration: ""
[0.755s] -- Execute custom install script
[0.755s] -- Up-to-date symlink: /home/astrox/astrobot_ws/install/astrobot_bringup/share/astrobot_bringup/launch/astrobot_brinup_lanuch.py
[0.756s] -- Up-to-date symlink: /home/astrox/astrobot_ws/install/astrobot_bringup/share/astrobot_bringup/launch/astrobot_launch.py
[0.756s] -- Up-to-date symlink: /home/astrox/astrobot_ws/install/astrobot_bringup/share/astrobot_bringup/launch/extra_launch.py
[0.756s] -- Up-to-date symlink: /home/astrox/astrobot_ws/install/astrobot_bringup/share/astrobot_bringup/launch/joy_teleop_launch.py
[0.756s] -- Up-to-date symlink: /home/astrox/astrobot_ws/install/astrobot_bringup/share/astrobot_bringup/launch/laser_sensor_launch.py
[0.757s] -- Up-to-date symlink: /home/astrox/astrobot_ws/install/astrobot_bringup/share/astrobot_bringup/config/box_laser_filter.yaml
[0.757s] -- Up-to-date symlink: /home/astrox/astrobot_ws/install/astrobot_bringup/share/astrobot_bringup/config/fake_laser.yaml
[0.757s] -- Up-to-date symlink: /home/astrox/astrobot_ws/install/astrobot_bringup/share/astrobot_bringup/config/joy.yaml
[0.758s] -- Up-to-date symlink: /home/astrox/astrobot_ws/install/astrobot_bringup/share/ament_index/resource_index/package_run_dependencies/astrobot_bringup
[0.758s] -- Up-to-date symlink: /home/astrox/astrobot_ws/install/astrobot_bringup/share/ament_index/resource_index/parent_prefix_path/astrobot_bringup
[0.758s] -- Up-to-date symlink: /home/astrox/astrobot_ws/install/astrobot_bringup/share/astrobot_bringup/environment/ament_prefix_path.sh
[0.759s] -- Up-to-date symlink: /home/astrox/astrobot_ws/install/astrobot_bringup/share/astrobot_bringup/environment/ament_prefix_path.dsv
[0.759s] -- Up-to-date symlink: /home/astrox/astrobot_ws/install/astrobot_bringup/share/astrobot_bringup/environment/path.sh
[0.759s] -- Up-to-date symlink: /home/astrox/astrobot_ws/install/astrobot_bringup/share/astrobot_bringup/environment/path.dsv
[0.759s] -- Up-to-date symlink: /home/astrox/astrobot_ws/install/astrobot_bringup/share/astrobot_bringup/local_setup.bash
[0.760s] -- Up-to-date symlink: /home/astrox/astrobot_ws/install/astrobot_bringup/share/astrobot_bringup/local_setup.sh
[0.760s] -- Up-to-date symlink: /home/astrox/astrobot_ws/install/astrobot_bringup/share/astrobot_bringup/local_setup.zsh
[0.760s] -- Up-to-date symlink: /home/astrox/astrobot_ws/install/astrobot_bringup/share/astrobot_bringup/local_setup.dsv
[0.761s] -- Symlinking: /home/astrox/astrobot_ws/install/astrobot_bringup/share/astrobot_bringup/package.dsv
[0.776s] -- Up-to-date symlink: /home/astrox/astrobot_ws/install/astrobot_bringup/share/ament_index/resource_index/packages/astrobot_bringup
[0.776s] -- Up-to-date symlink: /home/astrox/astrobot_ws/install/astrobot_bringup/share/astrobot_bringup/cmake/astrobot_bringupConfig.cmake
[0.776s] -- Up-to-date symlink: /home/astrox/astrobot_ws/install/astrobot_bringup/share/astrobot_bringup/cmake/astrobot_bringupConfig-version.cmake
[0.776s] -- Up-to-date symlink: /home/astrox/astrobot_ws/install/astrobot_bringup/share/astrobot_bringup/package.xml
[0.838s] Invoked command in '/home/astrox/astrobot_ws/build/astrobot_bringup' returned '0': CMAKE_PREFIX_PATH=${CMAKE_PREFIX_PATH}:/opt/ros/humble /usr/bin/cmake --install /home/astrox/astrobot_ws/build/astrobot_bringup
