[0.274s] Invoking command in '/home/astrox/astrobot_ws/build/astrobot_bringup': CMAKE_PREFIX_PATH=${CMAKE_PREFIX_PATH}:/opt/ros/humble /usr/bin/cmake /home/astrox/astrobot_ws/src/astrobot_bringup -DAMENT_CMAKE_SYMLINK_INSTALL=1 -DCMAKE_INSTALL_PREFIX=/home/astrox/astrobot_ws/install/astrobot_bringup
[0.283s] -- Found ament_cmake: 1.3.7 (/opt/ros/humble/share/ament_cmake/cmake)
[0.412s] -- Override CMake install command with custom implementation using symlinks instead of copying resources
[0.486s] -- Configuring done
[0.489s] -- Generating done
[0.490s] -- Build files have been written to: /home/astrox/astrobot_ws/build/astrobot_bringup
[0.493s] Invoked command in '/home/astrox/astrobot_ws/build/astrobot_bringup' returned '0': CMAKE_PREFIX_PATH=${CMAKE_PREFIX_PATH}:/opt/ros/humble /usr/bin/cmake /home/astrox/astrobot_ws/src/astrobot_bringup -DAMENT_CMAKE_SYMLINK_INSTALL=1 -DCMAKE_INSTALL_PREFIX=/home/astrox/astrobot_ws/install/astrobot_bringup
[0.495s] Invoking command in '/home/astrox/astrobot_ws/build/astrobot_bringup': CMAKE_PREFIX_PATH=${CMAKE_PREFIX_PATH}:/opt/ros/humble /usr/bin/cmake --build /home/astrox/astrobot_ws/build/astrobot_bringup -- -j12 -l12
[0.527s] Invoked command in '/home/astrox/astrobot_ws/build/astrobot_bringup' returned '0': CMAKE_PREFIX_PATH=${CMAKE_PREFIX_PATH}:/opt/ros/humble /usr/bin/cmake --build /home/astrox/astrobot_ws/build/astrobot_bringup -- -j12 -l12
[0.551s] Invoking command in '/home/astrox/astrobot_ws/build/astrobot_bringup': CMAKE_PREFIX_PATH=${CMAKE_PREFIX_PATH}:/opt/ros/humble /usr/bin/cmake --install /home/astrox/astrobot_ws/build/astrobot_bringup
[0.558s] -- Install configuration: ""
[0.558s] -- Execute custom install script
[0.558s] -- Up-to-date symlink: /home/astrox/astrobot_ws/install/astrobot_bringup/share/astrobot_bringup/launch/astrobot_brinup_lanuch.py
[0.560s] -- Up-to-date symlink: /home/astrox/astrobot_ws/install/astrobot_bringup/share/astrobot_bringup/launch/astrobot_launch.py
[0.562s] -- Up-to-date symlink: /home/astrox/astrobot_ws/install/astrobot_bringup/share/astrobot_bringup/launch/extra_launch.py
[0.562s] -- Up-to-date symlink: /home/astrox/astrobot_ws/install/astrobot_bringup/share/astrobot_bringup/launch/joy_teleop_launch.py
[0.562s] -- Up-to-date symlink: /home/astrox/astrobot_ws/install/astrobot_bringup/share/astrobot_bringup/launch/laser_sensor_launch.py
[0.562s] -- Up-to-date symlink: /home/astrox/astrobot_ws/install/astrobot_bringup/share/astrobot_bringup/config/box_laser_filter.yaml
[0.562s] -- Up-to-date symlink: /home/astrox/astrobot_ws/install/astrobot_bringup/share/astrobot_bringup/config/fake_laser.yaml
[0.563s] -- Up-to-date symlink: /home/astrox/astrobot_ws/install/astrobot_bringup/share/astrobot_bringup/config/joy.yaml
[0.563s] -- Up-to-date symlink: /home/astrox/astrobot_ws/install/astrobot_bringup/share/ament_index/resource_index/package_run_dependencies/astrobot_bringup
[0.563s] -- Up-to-date symlink: /home/astrox/astrobot_ws/install/astrobot_bringup/share/ament_index/resource_index/parent_prefix_path/astrobot_bringup
[0.563s] -- Up-to-date symlink: /home/astrox/astrobot_ws/install/astrobot_bringup/share/astrobot_bringup/environment/ament_prefix_path.sh
[0.563s] -- Up-to-date symlink: /home/astrox/astrobot_ws/install/astrobot_bringup/share/astrobot_bringup/environment/ament_prefix_path.dsv
[0.563s] -- Up-to-date symlink: /home/astrox/astrobot_ws/install/astrobot_bringup/share/astrobot_bringup/environment/path.sh
[0.564s] -- Up-to-date symlink: /home/astrox/astrobot_ws/install/astrobot_bringup/share/astrobot_bringup/environment/path.dsv
[0.564s] -- Up-to-date symlink: /home/astrox/astrobot_ws/install/astrobot_bringup/share/astrobot_bringup/local_setup.bash
[0.564s] -- Up-to-date symlink: /home/astrox/astrobot_ws/install/astrobot_bringup/share/astrobot_bringup/local_setup.sh
[0.564s] -- Up-to-date symlink: /home/astrox/astrobot_ws/install/astrobot_bringup/share/astrobot_bringup/local_setup.zsh
[0.565s] -- Up-to-date symlink: /home/astrox/astrobot_ws/install/astrobot_bringup/share/astrobot_bringup/local_setup.dsv
[0.566s] -- Symlinking: /home/astrox/astrobot_ws/install/astrobot_bringup/share/astrobot_bringup/package.dsv
[0.570s] -- Up-to-date symlink: /home/astrox/astrobot_ws/install/astrobot_bringup/share/ament_index/resource_index/packages/astrobot_bringup
[0.570s] -- Up-to-date symlink: /home/astrox/astrobot_ws/install/astrobot_bringup/share/astrobot_bringup/cmake/astrobot_bringupConfig.cmake
[0.571s] -- Up-to-date symlink: /home/astrox/astrobot_ws/install/astrobot_bringup/share/astrobot_bringup/cmake/astrobot_bringupConfig-version.cmake
[0.571s] -- Up-to-date symlink: /home/astrox/astrobot_ws/install/astrobot_bringup/share/astrobot_bringup/package.xml
[0.573s] Invoked command in '/home/astrox/astrobot_ws/build/astrobot_bringup' returned '0': CMAKE_PREFIX_PATH=${CMAKE_PREFIX_PATH}:/opt/ros/humble /usr/bin/cmake --install /home/astrox/astrobot_ws/build/astrobot_bringup
