-- Install configuration: ""
-- Execute custom install script
-- Symlinking: /home/astrox/astrobot_ws/install/astrobot_slam/share/astrobot_slam/launch/astrobot_cartographer_launch.py
-- Symlinking: /home/astrox/astrobot_ws/install/astrobot_slam/share/astrobot_slam/launch/occupancy_grid.launch.py
-- Up-to-date symlink: /home/astrox/astrobot_ws/install/astrobot_slam/share/astrobot_slam/launch/slam_launch.py
-- Symlinking: /home/astrox/astrobot_ws/install/astrobot_slam/share/astrobot_slam/rviz/astrobot_cartographer.rviz
-- Up-to-date symlink: /home/astrox/astrobot_ws/install/astrobot_slam/share/astrobot_slam/rviz/astrobot_slam.rviz
-- Symlinking: /home/astrox/astrobot_ws/install/astrobot_slam/share/astrobot_slam/config/astrobot_lds_2d.lua
-- Up-to-date symlink: /home/astrox/astrobot_ws/install/astrobot_slam/share/astrobot_slam/config/slam.yaml
-- Up-to-date symlink: /home/astrox/astrobot_ws/install/astrobot_slam/share/ament_index/resource_index/package_run_dependencies/astrobot_slam
-- Up-to-date symlink: /home/astrox/astrobot_ws/install/astrobot_slam/share/ament_index/resource_index/parent_prefix_path/astrobot_slam
-- Up-to-date symlink: /home/astrox/astrobot_ws/install/astrobot_slam/share/astrobot_slam/environment/ament_prefix_path.sh
-- Up-to-date symlink: /home/astrox/astrobot_ws/install/astrobot_slam/share/astrobot_slam/environment/ament_prefix_path.dsv
-- Up-to-date symlink: /home/astrox/astrobot_ws/install/astrobot_slam/share/astrobot_slam/environment/path.sh
-- Up-to-date symlink: /home/astrox/astrobot_ws/install/astrobot_slam/share/astrobot_slam/environment/path.dsv
-- Up-to-date symlink: /home/astrox/astrobot_ws/install/astrobot_slam/share/astrobot_slam/local_setup.bash
-- Up-to-date symlink: /home/astrox/astrobot_ws/install/astrobot_slam/share/astrobot_slam/local_setup.sh
-- Up-to-date symlink: /home/astrox/astrobot_ws/install/astrobot_slam/share/astrobot_slam/local_setup.zsh
-- Up-to-date symlink: /home/astrox/astrobot_ws/install/astrobot_slam/share/astrobot_slam/local_setup.dsv
-- Symlinking: /home/astrox/astrobot_ws/install/astrobot_slam/share/astrobot_slam/package.dsv
-- Up-to-date symlink: /home/astrox/astrobot_ws/install/astrobot_slam/share/ament_index/resource_index/packages/astrobot_slam
-- Up-to-date symlink: /home/astrox/astrobot_ws/install/astrobot_slam/share/astrobot_slam/cmake/astrobot_slamConfig.cmake
-- Up-to-date symlink: /home/astrox/astrobot_ws/install/astrobot_slam/share/astrobot_slam/cmake/astrobot_slamConfig-version.cmake
-- Up-to-date symlink: /home/astrox/astrobot_ws/install/astrobot_slam/share/astrobot_slam/package.xml
