[0.232s] Invoking command in '/home/astrox/astrobot_ws/build/astrobot_navigation': CMAKE_PREFIX_PATH=${CMAKE_PREFIX_PATH}:/opt/ros/humble /usr/bin/cmake --build /home/astrox/astrobot_ws/build/astrobot_navigation -- -j12 -l12
[0.271s] Invoked command in '/home/astrox/astrobot_ws/build/astrobot_navigation' returned '0': CMAKE_PREFIX_PATH=${CMAKE_PREFIX_PATH}:/opt/ros/humble /usr/bin/cmake --build /home/astrox/astrobot_ws/build/astrobot_navigation -- -j12 -l12
[0.317s] Invoking command in '/home/astrox/astrobot_ws/build/astrobot_navigation': CMAKE_PREFIX_PATH=${CMAKE_PREFIX_PATH}:/opt/ros/humble /usr/bin/cmake --install /home/astrox/astrobot_ws/build/astrobot_navigation
[0.323s] -- Install configuration: ""
[0.324s] -- Execute custom install script
[0.326s] -- Up-to-date symlink: /home/astrox/astrobot_ws/install/astrobot_navigation/share/astrobot_navigation/launch/astrobot_navigation_launch.py
[0.327s] -- Up-to-date symlink: /home/astrox/astrobot_ws/install/astrobot_navigation/share/astrobot_navigation/rviz/astrobot_navigation.rviz
[0.330s] -- Up-to-date symlink: /home/astrox/astrobot_ws/install/astrobot_navigation/share/astrobot_navigation/config/navigation.yaml
[0.334s] -- Up-to-date symlink: /home/astrox/astrobot_ws/install/astrobot_navigation/share/ament_index/resource_index/package_run_dependencies/astrobot_navigation
[0.335s] -- Up-to-date symlink: /home/astrox/astrobot_ws/install/astrobot_navigation/share/ament_index/resource_index/parent_prefix_path/astrobot_navigation
[0.336s] -- Up-to-date symlink: /home/astrox/astrobot_ws/install/astrobot_navigation/share/astrobot_navigation/environment/ament_prefix_path.sh
[0.337s] -- Up-to-date symlink: /home/astrox/astrobot_ws/install/astrobot_navigation/share/astrobot_navigation/environment/ament_prefix_path.dsv
[0.338s] -- Up-to-date symlink: /home/astrox/astrobot_ws/install/astrobot_navigation/share/astrobot_navigation/environment/path.sh
[0.341s] -- Up-to-date symlink: /home/astrox/astrobot_ws/install/astrobot_navigation/share/astrobot_navigation/environment/path.dsv
[0.342s] -- Up-to-date symlink: /home/astrox/astrobot_ws/install/astrobot_navigation/share/astrobot_navigation/local_setup.bash
[0.343s] -- Up-to-date symlink: /home/astrox/astrobot_ws/install/astrobot_navigation/share/astrobot_navigation/local_setup.sh
[0.345s] -- Up-to-date symlink: /home/astrox/astrobot_ws/install/astrobot_navigation/share/astrobot_navigation/local_setup.zsh
[0.348s] -- Up-to-date symlink: /home/astrox/astrobot_ws/install/astrobot_navigation/share/astrobot_navigation/local_setup.dsv
[0.348s] -- Symlinking: /home/astrox/astrobot_ws/install/astrobot_navigation/share/astrobot_navigation/package.dsv
[0.365s] -- Up-to-date symlink: /home/astrox/astrobot_ws/install/astrobot_navigation/share/ament_index/resource_index/packages/astrobot_navigation
[0.365s] -- Up-to-date symlink: /home/astrox/astrobot_ws/install/astrobot_navigation/share/astrobot_navigation/cmake/astrobot_navigationConfig.cmake
[0.366s] -- Up-to-date symlink: /home/astrox/astrobot_ws/install/astrobot_navigation/share/astrobot_navigation/cmake/astrobot_navigationConfig-version.cmake
[0.366s] -- Up-to-date symlink: /home/astrox/astrobot_ws/install/astrobot_navigation/share/astrobot_navigation/package.xml
[0.400s] Invoked command in '/home/astrox/astrobot_ws/build/astrobot_navigation' returned '0': CMAKE_PREFIX_PATH=${CMAKE_PREFIX_PATH}:/opt/ros/humble /usr/bin/cmake --install /home/astrox/astrobot_ws/build/astrobot_navigation
