[0.275s] Invoking command in '/home/astrox/astrobot_ws/build/astrobot_bringup': CMAKE_PREFIX_PATH=${CMAKE_PREFIX_PATH}:/opt/ros/humble /usr/bin/cmake --build /home/astrox/astrobot_ws/build/astrobot_bringup -- -j12 -l12
[0.305s] Invoked command in '/home/astrox/astrobot_ws/build/astrobot_bringup' returned '0': CMAKE_PREFIX_PATH=${CMAKE_PREFIX_PATH}:/opt/ros/humble /usr/bin/cmake --build /home/astrox/astrobot_ws/build/astrobot_bringup -- -j12 -l12
[0.328s] Invoking command in '/home/astrox/astrobot_ws/build/astrobot_bringup': CMAKE_PREFIX_PATH=${CMAKE_PREFIX_PATH}:/opt/ros/humble /usr/bin/cmake --install /home/astrox/astrobot_ws/build/astrobot_bringup
[0.335s] -- Install configuration: ""
[0.335s] -- Execute custom install script
[0.336s] -- Up-to-date symlink: /home/astrox/astrobot_ws/install/astrobot_bringup/share/astrobot_bringup/launch/astrobot_brinup_lanuch.py
[0.336s] -- Up-to-date symlink: /home/astrox/astrobot_ws/install/astrobot_bringup/share/astrobot_bringup/launch/astrobot_launch.py
[0.336s] -- Up-to-date symlink: /home/astrox/astrobot_ws/install/astrobot_bringup/share/astrobot_bringup/launch/extra_launch.py
[0.336s] -- Up-to-date symlink: /home/astrox/astrobot_ws/install/astrobot_bringup/share/astrobot_bringup/launch/joy_teleop_launch.py
[0.337s] -- Up-to-date symlink: /home/astrox/astrobot_ws/install/astrobot_bringup/share/astrobot_bringup/launch/laser_sensor_launch.py
[0.337s] -- Up-to-date symlink: /home/astrox/astrobot_ws/install/astrobot_bringup/share/astrobot_bringup/config/box_laser_filter.yaml
[0.337s] -- Up-to-date symlink: /home/astrox/astrobot_ws/install/astrobot_bringup/share/astrobot_bringup/config/fake_laser.yaml
[0.338s] -- Up-to-date symlink: /home/astrox/astrobot_ws/install/astrobot_bringup/share/astrobot_bringup/config/joy.yaml
[0.338s] -- Up-to-date symlink: /home/astrox/astrobot_ws/install/astrobot_bringup/share/ament_index/resource_index/package_run_dependencies/astrobot_bringup
[0.339s] -- Up-to-date symlink: /home/astrox/astrobot_ws/install/astrobot_bringup/share/ament_index/resource_index/parent_prefix_path/astrobot_bringup
[0.339s] -- Up-to-date symlink: /home/astrox/astrobot_ws/install/astrobot_bringup/share/astrobot_bringup/environment/ament_prefix_path.sh
[0.339s] -- Up-to-date symlink: /home/astrox/astrobot_ws/install/astrobot_bringup/share/astrobot_bringup/environment/ament_prefix_path.dsv
[0.339s] -- Up-to-date symlink: /home/astrox/astrobot_ws/install/astrobot_bringup/share/astrobot_bringup/environment/path.sh
[0.340s] -- Up-to-date symlink: /home/astrox/astrobot_ws/install/astrobot_bringup/share/astrobot_bringup/environment/path.dsv
[0.340s] -- Up-to-date symlink: /home/astrox/astrobot_ws/install/astrobot_bringup/share/astrobot_bringup/local_setup.bash
[0.340s] -- Up-to-date symlink: /home/astrox/astrobot_ws/install/astrobot_bringup/share/astrobot_bringup/local_setup.sh
[0.341s] -- Up-to-date symlink: /home/astrox/astrobot_ws/install/astrobot_bringup/share/astrobot_bringup/local_setup.zsh
[0.341s] -- Up-to-date symlink: /home/astrox/astrobot_ws/install/astrobot_bringup/share/astrobot_bringup/local_setup.dsv
[0.342s] -- Symlinking: /home/astrox/astrobot_ws/install/astrobot_bringup/share/astrobot_bringup/package.dsv
[0.346s] -- Up-to-date symlink: /home/astrox/astrobot_ws/install/astrobot_bringup/share/ament_index/resource_index/packages/astrobot_bringup
[0.346s] -- Up-to-date symlink: /home/astrox/astrobot_ws/install/astrobot_bringup/share/astrobot_bringup/cmake/astrobot_bringupConfig.cmake
[0.346s] -- Up-to-date symlink: /home/astrox/astrobot_ws/install/astrobot_bringup/share/astrobot_bringup/cmake/astrobot_bringupConfig-version.cmake
[0.346s] -- Up-to-date symlink: /home/astrox/astrobot_ws/install/astrobot_bringup/share/astrobot_bringup/package.xml
[0.397s] Invoked command in '/home/astrox/astrobot_ws/build/astrobot_bringup' returned '0': CMAKE_PREFIX_PATH=${CMAKE_PREFIX_PATH}:/opt/ros/humble /usr/bin/cmake --install /home/astrox/astrobot_ws/build/astrobot_bringup
