[0.835s] DEBUG:colcon:Command line arguments: ['/usr/bin/colcon', 'build']
[0.835s] DEBUG:colcon:Parsed command line arguments: Namespace(log_base=None, log_level=None, verb_name='build', build_base='build', install_base='install', merge_install=False, symlink_install=False, test_result_base=None, continue_on_error=False, executor='parallel', parallel_workers=12, event_handlers=None, ignore_user_meta=False, metas=['./colcon.meta'], base_paths=['.'], packages_ignore=None, packages_ignore_regex=None, paths=None, packages_up_to=None, packages_up_to_regex=None, packages_above=None, packages_above_and_dependencies=None, packages_above_depth=None, packages_select_by_dep=None, packages_skip_by_dep=None, packages_skip_up_to=None, packages_select_build_failed=False, packages_skip_build_finished=False, packages_select_test_failures=False, packages_skip_test_passed=False, packages_select=None, packages_skip=None, packages_select_regex=None, packages_skip_regex=None, packages_start=None, packages_end=None, allow_overriding=[], cmake_args=None, cmake_target=None, cmake_target_skip_unavailable=False, cmake_clean_cache=False, cmake_clean_first=False, cmake_force_configure=False, ament_cmake_args=None, catkin_cmake_args=None, catkin_skip_building_tests=False, verb_parser=<colcon_defaults.argument_parser.defaults.DefaultArgumentsDecorator object at 0x7f45f81abcd0>, verb_extension=<colcon_core.verb.build.BuildVerb object at 0x7f45f85d7f70>, main=<bound method BuildVerb.main of <colcon_core.verb.build.BuildVerb object at 0x7f45f85d7f70>>)
[0.874s] Level 1:colcon.colcon_core.package_discovery:discover_packages(colcon_meta) check parameters
[0.874s] Level 1:colcon.colcon_core.package_discovery:discover_packages(recursive) check parameters
[0.874s] Level 1:colcon.colcon_core.package_discovery:discover_packages(ignore) check parameters
[0.874s] Level 1:colcon.colcon_core.package_discovery:discover_packages(path) check parameters
[0.874s] Level 1:colcon.colcon_core.package_discovery:discover_packages(colcon_meta) discover
[0.874s] Level 1:colcon.colcon_core.package_discovery:discover_packages(recursive) discover
[0.874s] INFO:colcon.colcon_core.package_discovery:Crawling recursively for packages in '/home/astrox/astrobot_ws'
[0.874s] Level 1:colcon.colcon_core.package_identification:_identify(.) by extensions ['ignore', 'ignore_ament_install']
[0.874s] Level 1:colcon.colcon_core.package_identification:_identify(.) by extension 'ignore'
[0.874s] Level 1:colcon.colcon_core.package_identification:_identify(.) by extension 'ignore_ament_install'
[0.874s] Level 1:colcon.colcon_core.package_identification:_identify(.) by extensions ['colcon_pkg']
[0.874s] Level 1:colcon.colcon_core.package_identification:_identify(.) by extension 'colcon_pkg'
[0.874s] Level 1:colcon.colcon_core.package_identification:_identify(.) by extensions ['colcon_meta']
[0.874s] Level 1:colcon.colcon_core.package_identification:_identify(.) by extension 'colcon_meta'
[0.874s] Level 1:colcon.colcon_core.package_identification:_identify(.) by extensions ['ros']
[0.874s] Level 1:colcon.colcon_core.package_identification:_identify(.) by extension 'ros'
[0.883s] Level 1:colcon.colcon_core.package_identification:_identify(.) by extensions ['cmake', 'python']
[0.883s] Level 1:colcon.colcon_core.package_identification:_identify(.) by extension 'cmake'
[0.883s] Level 1:colcon.colcon_core.package_identification:_identify(.) by extension 'python'
[0.883s] Level 1:colcon.colcon_core.package_identification:_identify(.) by extensions ['python_setup_py']
[0.883s] Level 1:colcon.colcon_core.package_identification:_identify(.) by extension 'python_setup_py'
[0.883s] Level 1:colcon.colcon_core.package_identification:_identify(build) by extensions ['ignore', 'ignore_ament_install']
[0.883s] Level 1:colcon.colcon_core.package_identification:_identify(build) by extension 'ignore'
[0.883s] Level 1:colcon.colcon_core.package_identification:_identify(build) ignored
[0.884s] Level 1:colcon.colcon_core.package_identification:_identify(install) by extensions ['ignore', 'ignore_ament_install']
[0.884s] Level 1:colcon.colcon_core.package_identification:_identify(install) by extension 'ignore'
[0.884s] Level 1:colcon.colcon_core.package_identification:_identify(install) ignored
[0.884s] Level 1:colcon.colcon_core.package_identification:_identify(log) by extensions ['ignore', 'ignore_ament_install']
[0.884s] Level 1:colcon.colcon_core.package_identification:_identify(log) by extension 'ignore'
[0.884s] Level 1:colcon.colcon_core.package_identification:_identify(log) ignored
[0.884s] Level 1:colcon.colcon_core.package_identification:_identify(src) by extensions ['ignore', 'ignore_ament_install']
[0.884s] Level 1:colcon.colcon_core.package_identification:_identify(src) by extension 'ignore'
[0.884s] Level 1:colcon.colcon_core.package_identification:_identify(src) by extension 'ignore_ament_install'
[0.884s] Level 1:colcon.colcon_core.package_identification:_identify(src) by extensions ['colcon_pkg']
[0.884s] Level 1:colcon.colcon_core.package_identification:_identify(src) by extension 'colcon_pkg'
[0.884s] Level 1:colcon.colcon_core.package_identification:_identify(src) by extensions ['colcon_meta']
[0.884s] Level 1:colcon.colcon_core.package_identification:_identify(src) by extension 'colcon_meta'
[0.884s] Level 1:colcon.colcon_core.package_identification:_identify(src) by extensions ['ros']
[0.884s] Level 1:colcon.colcon_core.package_identification:_identify(src) by extension 'ros'
[0.884s] Level 1:colcon.colcon_core.package_identification:_identify(src) by extensions ['cmake', 'python']
[0.884s] Level 1:colcon.colcon_core.package_identification:_identify(src) by extension 'cmake'
[0.884s] Level 1:colcon.colcon_core.package_identification:_identify(src) by extension 'python'
[0.884s] Level 1:colcon.colcon_core.package_identification:_identify(src) by extensions ['python_setup_py']
[0.884s] Level 1:colcon.colcon_core.package_identification:_identify(src) by extension 'python_setup_py'
[0.885s] Level 1:colcon.colcon_core.package_identification:_identify(src/astrobot_base) by extensions ['ignore', 'ignore_ament_install']
[0.885s] Level 1:colcon.colcon_core.package_identification:_identify(src/astrobot_base) by extension 'ignore'
[0.885s] Level 1:colcon.colcon_core.package_identification:_identify(src/astrobot_base) by extension 'ignore_ament_install'
[0.885s] Level 1:colcon.colcon_core.package_identification:_identify(src/astrobot_base) by extensions ['colcon_pkg']
[0.885s] Level 1:colcon.colcon_core.package_identification:_identify(src/astrobot_base) by extension 'colcon_pkg'
[0.885s] Level 1:colcon.colcon_core.package_identification:_identify(src/astrobot_base) by extensions ['colcon_meta']
[0.885s] Level 1:colcon.colcon_core.package_identification:_identify(src/astrobot_base) by extension 'colcon_meta'
[0.885s] Level 1:colcon.colcon_core.package_identification:_identify(src/astrobot_base) by extensions ['ros']
[0.885s] Level 1:colcon.colcon_core.package_identification:_identify(src/astrobot_base) by extension 'ros'
[0.887s] DEBUG:colcon.colcon_core.package_identification:Package 'src/astrobot_base' with type 'ros.ament_cmake' and name 'astrobot_base'
[0.887s] Level 1:colcon.colcon_core.package_identification:_identify(src/astrobot_bringup) by extensions ['ignore', 'ignore_ament_install']
[0.887s] Level 1:colcon.colcon_core.package_identification:_identify(src/astrobot_bringup) by extension 'ignore'
[0.887s] Level 1:colcon.colcon_core.package_identification:_identify(src/astrobot_bringup) by extension 'ignore_ament_install'
[0.887s] Level 1:colcon.colcon_core.package_identification:_identify(src/astrobot_bringup) by extensions ['colcon_pkg']
[0.887s] Level 1:colcon.colcon_core.package_identification:_identify(src/astrobot_bringup) by extension 'colcon_pkg'
[0.887s] Level 1:colcon.colcon_core.package_identification:_identify(src/astrobot_bringup) by extensions ['colcon_meta']
[0.887s] Level 1:colcon.colcon_core.package_identification:_identify(src/astrobot_bringup) by extension 'colcon_meta'
[0.887s] Level 1:colcon.colcon_core.package_identification:_identify(src/astrobot_bringup) by extensions ['ros']
[0.887s] Level 1:colcon.colcon_core.package_identification:_identify(src/astrobot_bringup) by extension 'ros'
[0.887s] DEBUG:colcon.colcon_core.package_identification:Package 'src/astrobot_bringup' with type 'ros.ament_cmake' and name 'astrobot_bringup'
[0.888s] Level 1:colcon.colcon_core.package_identification:_identify(src/astrobot_description) by extensions ['ignore', 'ignore_ament_install']
[0.888s] Level 1:colcon.colcon_core.package_identification:_identify(src/astrobot_description) by extension 'ignore'
[0.888s] Level 1:colcon.colcon_core.package_identification:_identify(src/astrobot_description) by extension 'ignore_ament_install'
[0.888s] Level 1:colcon.colcon_core.package_identification:_identify(src/astrobot_description) by extensions ['colcon_pkg']
[0.888s] Level 1:colcon.colcon_core.package_identification:_identify(src/astrobot_description) by extension 'colcon_pkg'
[0.888s] Level 1:colcon.colcon_core.package_identification:_identify(src/astrobot_description) by extensions ['colcon_meta']
[0.888s] Level 1:colcon.colcon_core.package_identification:_identify(src/astrobot_description) by extension 'colcon_meta'
[0.888s] Level 1:colcon.colcon_core.package_identification:_identify(src/astrobot_description) by extensions ['ros']
[0.888s] Level 1:colcon.colcon_core.package_identification:_identify(src/astrobot_description) by extension 'ros'
[0.888s] DEBUG:colcon.colcon_core.package_identification:Package 'src/astrobot_description' with type 'ros.ament_cmake' and name 'astrobot_description'
[0.888s] Level 1:colcon.colcon_core.package_identification:_identify(src/astrobot_navigation) by extensions ['ignore', 'ignore_ament_install']
[0.888s] Level 1:colcon.colcon_core.package_identification:_identify(src/astrobot_navigation) by extension 'ignore'
[0.888s] Level 1:colcon.colcon_core.package_identification:_identify(src/astrobot_navigation) by extension 'ignore_ament_install'
[0.888s] Level 1:colcon.colcon_core.package_identification:_identify(src/astrobot_navigation) by extensions ['colcon_pkg']
[0.889s] Level 1:colcon.colcon_core.package_identification:_identify(src/astrobot_navigation) by extension 'colcon_pkg'
[0.889s] Level 1:colcon.colcon_core.package_identification:_identify(src/astrobot_navigation) by extensions ['colcon_meta']
[0.889s] Level 1:colcon.colcon_core.package_identification:_identify(src/astrobot_navigation) by extension 'colcon_meta'
[0.889s] Level 1:colcon.colcon_core.package_identification:_identify(src/astrobot_navigation) by extensions ['ros']
[0.889s] Level 1:colcon.colcon_core.package_identification:_identify(src/astrobot_navigation) by extension 'ros'
[0.889s] DEBUG:colcon.colcon_core.package_identification:Package 'src/astrobot_navigation' with type 'ros.ament_cmake' and name 'astrobot_navigation'
[0.889s] Level 1:colcon.colcon_core.package_identification:_identify(src/astrobot_slam) by extensions ['ignore', 'ignore_ament_install']
[0.889s] Level 1:colcon.colcon_core.package_identification:_identify(src/astrobot_slam) by extension 'ignore'
[0.889s] Level 1:colcon.colcon_core.package_identification:_identify(src/astrobot_slam) by extension 'ignore_ament_install'
[0.889s] Level 1:colcon.colcon_core.package_identification:_identify(src/astrobot_slam) by extensions ['colcon_pkg']
[0.889s] Level 1:colcon.colcon_core.package_identification:_identify(src/astrobot_slam) by extension 'colcon_pkg'
[0.889s] Level 1:colcon.colcon_core.package_identification:_identify(src/astrobot_slam) by extensions ['colcon_meta']
[0.889s] Level 1:colcon.colcon_core.package_identification:_identify(src/astrobot_slam) by extension 'colcon_meta'
[0.889s] Level 1:colcon.colcon_core.package_identification:_identify(src/astrobot_slam) by extensions ['ros']
[0.889s] Level 1:colcon.colcon_core.package_identification:_identify(src/astrobot_slam) by extension 'ros'
[0.890s] DEBUG:colcon.colcon_core.package_identification:Package 'src/astrobot_slam' with type 'ros.ament_cmake' and name 'astrobot_slam'
[0.890s] Level 1:colcon.colcon_core.package_discovery:discover_packages(recursive) using defaults
[0.890s] Level 1:colcon.colcon_core.package_discovery:discover_packages(ignore) discover
[0.890s] Level 1:colcon.colcon_core.package_discovery:discover_packages(ignore) using defaults
[0.890s] Level 1:colcon.colcon_core.package_discovery:discover_packages(path) discover
[0.890s] Level 1:colcon.colcon_core.package_discovery:discover_packages(path) using defaults
[0.966s] Level 1:colcon.colcon_core.package_discovery:discover_packages(prefix_path) check parameters
[0.967s] Level 1:colcon.colcon_core.package_discovery:discover_packages(prefix_path) discover
[0.993s] DEBUG:colcon.colcon_installed_package_information.package_discovery:Found 1 installed packages in /home/astrox/astrobot_ws/install
[1.006s] DEBUG:colcon.colcon_installed_package_information.package_discovery:Found 348 installed packages in /opt/ros/humble
[1.008s] Level 1:colcon.colcon_core.package_discovery:discover_packages(prefix_path) using defaults
[1.092s] Level 5:colcon.colcon_core.verb:set package 'astrobot_base' build argument 'cmake_args' from command line to 'None'
[1.092s] Level 5:colcon.colcon_core.verb:set package 'astrobot_base' build argument 'cmake_target' from command line to 'None'
[1.092s] Level 5:colcon.colcon_core.verb:set package 'astrobot_base' build argument 'cmake_target_skip_unavailable' from command line to 'False'
[1.092s] Level 5:colcon.colcon_core.verb:set package 'astrobot_base' build argument 'cmake_clean_cache' from command line to 'False'
[1.092s] Level 5:colcon.colcon_core.verb:set package 'astrobot_base' build argument 'cmake_clean_first' from command line to 'False'
[1.092s] Level 5:colcon.colcon_core.verb:set package 'astrobot_base' build argument 'cmake_force_configure' from command line to 'False'
[1.092s] Level 5:colcon.colcon_core.verb:set package 'astrobot_base' build argument 'ament_cmake_args' from command line to 'None'
[1.092s] Level 5:colcon.colcon_core.verb:set package 'astrobot_base' build argument 'catkin_cmake_args' from command line to 'None'
[1.092s] Level 5:colcon.colcon_core.verb:set package 'astrobot_base' build argument 'catkin_skip_building_tests' from command line to 'False'
[1.092s] DEBUG:colcon.colcon_core.verb:Building package 'astrobot_base' with the following arguments: {'ament_cmake_args': None, 'build_base': '/home/astrox/astrobot_ws/build/astrobot_base', 'catkin_cmake_args': None, 'catkin_skip_building_tests': False, 'cmake_args': None, 'cmake_clean_cache': False, 'cmake_clean_first': False, 'cmake_force_configure': False, 'cmake_target': None, 'cmake_target_skip_unavailable': False, 'install_base': '/home/astrox/astrobot_ws/install/astrobot_base', 'merge_install': False, 'path': '/home/astrox/astrobot_ws/src/astrobot_base', 'symlink_install': False, 'test_result_base': None}
[1.104s] Level 5:colcon.colcon_core.verb:set package 'astrobot_bringup' build argument 'cmake_args' from command line to 'None'
[1.104s] Level 5:colcon.colcon_core.verb:set package 'astrobot_bringup' build argument 'cmake_target' from command line to 'None'
[1.104s] Level 5:colcon.colcon_core.verb:set package 'astrobot_bringup' build argument 'cmake_target_skip_unavailable' from command line to 'False'
[1.104s] Level 5:colcon.colcon_core.verb:set package 'astrobot_bringup' build argument 'cmake_clean_cache' from command line to 'False'
[1.104s] Level 5:colcon.colcon_core.verb:set package 'astrobot_bringup' build argument 'cmake_clean_first' from command line to 'False'
[1.104s] Level 5:colcon.colcon_core.verb:set package 'astrobot_bringup' build argument 'cmake_force_configure' from command line to 'False'
[1.104s] Level 5:colcon.colcon_core.verb:set package 'astrobot_bringup' build argument 'ament_cmake_args' from command line to 'None'
[1.104s] Level 5:colcon.colcon_core.verb:set package 'astrobot_bringup' build argument 'catkin_cmake_args' from command line to 'None'
[1.104s] Level 5:colcon.colcon_core.verb:set package 'astrobot_bringup' build argument 'catkin_skip_building_tests' from command line to 'False'
[1.104s] DEBUG:colcon.colcon_core.verb:Building package 'astrobot_bringup' with the following arguments: {'ament_cmake_args': None, 'build_base': '/home/astrox/astrobot_ws/build/astrobot_bringup', 'catkin_cmake_args': None, 'catkin_skip_building_tests': False, 'cmake_args': None, 'cmake_clean_cache': False, 'cmake_clean_first': False, 'cmake_force_configure': False, 'cmake_target': None, 'cmake_target_skip_unavailable': False, 'install_base': '/home/astrox/astrobot_ws/install/astrobot_bringup', 'merge_install': False, 'path': '/home/astrox/astrobot_ws/src/astrobot_bringup', 'symlink_install': False, 'test_result_base': None}
[1.117s] Level 5:colcon.colcon_core.verb:set package 'astrobot_description' build argument 'cmake_args' from command line to 'None'
[1.117s] Level 5:colcon.colcon_core.verb:set package 'astrobot_description' build argument 'cmake_target' from command line to 'None'
[1.117s] Level 5:colcon.colcon_core.verb:set package 'astrobot_description' build argument 'cmake_target_skip_unavailable' from command line to 'False'
[1.117s] Level 5:colcon.colcon_core.verb:set package 'astrobot_description' build argument 'cmake_clean_cache' from command line to 'False'
[1.117s] Level 5:colcon.colcon_core.verb:set package 'astrobot_description' build argument 'cmake_clean_first' from command line to 'False'
[1.117s] Level 5:colcon.colcon_core.verb:set package 'astrobot_description' build argument 'cmake_force_configure' from command line to 'False'
[1.117s] Level 5:colcon.colcon_core.verb:set package 'astrobot_description' build argument 'ament_cmake_args' from command line to 'None'
[1.117s] Level 5:colcon.colcon_core.verb:set package 'astrobot_description' build argument 'catkin_cmake_args' from command line to 'None'
[1.117s] Level 5:colcon.colcon_core.verb:set package 'astrobot_description' build argument 'catkin_skip_building_tests' from command line to 'False'
[1.117s] DEBUG:colcon.colcon_core.verb:Building package 'astrobot_description' with the following arguments: {'ament_cmake_args': None, 'build_base': '/home/astrox/astrobot_ws/build/astrobot_description', 'catkin_cmake_args': None, 'catkin_skip_building_tests': False, 'cmake_args': None, 'cmake_clean_cache': False, 'cmake_clean_first': False, 'cmake_force_configure': False, 'cmake_target': None, 'cmake_target_skip_unavailable': False, 'install_base': '/home/astrox/astrobot_ws/install/astrobot_description', 'merge_install': False, 'path': '/home/astrox/astrobot_ws/src/astrobot_description', 'symlink_install': False, 'test_result_base': None}
[1.129s] Level 5:colcon.colcon_core.verb:set package 'astrobot_navigation' build argument 'cmake_args' from command line to 'None'
[1.129s] Level 5:colcon.colcon_core.verb:set package 'astrobot_navigation' build argument 'cmake_target' from command line to 'None'
[1.129s] Level 5:colcon.colcon_core.verb:set package 'astrobot_navigation' build argument 'cmake_target_skip_unavailable' from command line to 'False'
[1.129s] Level 5:colcon.colcon_core.verb:set package 'astrobot_navigation' build argument 'cmake_clean_cache' from command line to 'False'
[1.129s] Level 5:colcon.colcon_core.verb:set package 'astrobot_navigation' build argument 'cmake_clean_first' from command line to 'False'
[1.129s] Level 5:colcon.colcon_core.verb:set package 'astrobot_navigation' build argument 'cmake_force_configure' from command line to 'False'
[1.129s] Level 5:colcon.colcon_core.verb:set package 'astrobot_navigation' build argument 'ament_cmake_args' from command line to 'None'
[1.129s] Level 5:colcon.colcon_core.verb:set package 'astrobot_navigation' build argument 'catkin_cmake_args' from command line to 'None'
[1.129s] Level 5:colcon.colcon_core.verb:set package 'astrobot_navigation' build argument 'catkin_skip_building_tests' from command line to 'False'
[1.129s] DEBUG:colcon.colcon_core.verb:Building package 'astrobot_navigation' with the following arguments: {'ament_cmake_args': None, 'build_base': '/home/astrox/astrobot_ws/build/astrobot_navigation', 'catkin_cmake_args': None, 'catkin_skip_building_tests': False, 'cmake_args': None, 'cmake_clean_cache': False, 'cmake_clean_first': False, 'cmake_force_configure': False, 'cmake_target': None, 'cmake_target_skip_unavailable': False, 'install_base': '/home/astrox/astrobot_ws/install/astrobot_navigation', 'merge_install': False, 'path': '/home/astrox/astrobot_ws/src/astrobot_navigation', 'symlink_install': False, 'test_result_base': None}
[1.142s] Level 5:colcon.colcon_core.verb:set package 'astrobot_slam' build argument 'cmake_args' from command line to 'None'
[1.142s] Level 5:colcon.colcon_core.verb:set package 'astrobot_slam' build argument 'cmake_target' from command line to 'None'
[1.142s] Level 5:colcon.colcon_core.verb:set package 'astrobot_slam' build argument 'cmake_target_skip_unavailable' from command line to 'False'
[1.142s] Level 5:colcon.colcon_core.verb:set package 'astrobot_slam' build argument 'cmake_clean_cache' from command line to 'False'
[1.142s] Level 5:colcon.colcon_core.verb:set package 'astrobot_slam' build argument 'cmake_clean_first' from command line to 'False'
[1.142s] Level 5:colcon.colcon_core.verb:set package 'astrobot_slam' build argument 'cmake_force_configure' from command line to 'False'
[1.142s] Level 5:colcon.colcon_core.verb:set package 'astrobot_slam' build argument 'ament_cmake_args' from command line to 'None'
[1.142s] Level 5:colcon.colcon_core.verb:set package 'astrobot_slam' build argument 'catkin_cmake_args' from command line to 'None'
[1.142s] Level 5:colcon.colcon_core.verb:set package 'astrobot_slam' build argument 'catkin_skip_building_tests' from command line to 'False'
[1.142s] DEBUG:colcon.colcon_core.verb:Building package 'astrobot_slam' with the following arguments: {'ament_cmake_args': None, 'build_base': '/home/astrox/astrobot_ws/build/astrobot_slam', 'catkin_cmake_args': None, 'catkin_skip_building_tests': False, 'cmake_args': None, 'cmake_clean_cache': False, 'cmake_clean_first': False, 'cmake_force_configure': False, 'cmake_target': None, 'cmake_target_skip_unavailable': False, 'install_base': '/home/astrox/astrobot_ws/install/astrobot_slam', 'merge_install': False, 'path': '/home/astrox/astrobot_ws/src/astrobot_slam', 'symlink_install': False, 'test_result_base': None}
[1.154s] INFO:colcon.colcon_core.executor:Executing jobs using 'parallel' executor
[1.166s] DEBUG:colcon.colcon_parallel_executor.executor.parallel:run_until_complete
[1.167s] INFO:colcon.colcon_ros.task.ament_cmake.build:Building ROS package in '/home/astrox/astrobot_ws/src/astrobot_base' with build type 'ament_cmake'
[1.167s] INFO:colcon.colcon_cmake.task.cmake.build:Building CMake package in '/home/astrox/astrobot_ws/src/astrobot_base'
[1.181s] INFO:colcon.colcon_core.plugin_system:Skipping extension 'colcon_core.shell.bat': Not used on non-Windows systems
[1.181s] INFO:colcon.colcon_core.shell:Skip shell extension 'powershell' for command environment: Not usable outside of PowerShell
[1.181s] DEBUG:colcon.colcon_core.shell:Skip shell extension 'dsv' for command environment
[1.222s] INFO:colcon.colcon_ros.task.ament_cmake.build:Building ROS package in '/home/astrox/astrobot_ws/src/astrobot_bringup' with build type 'ament_cmake'
[1.222s] INFO:colcon.colcon_cmake.task.cmake.build:Building CMake package in '/home/astrox/astrobot_ws/src/astrobot_bringup'
[1.245s] INFO:colcon.colcon_core.shell:Skip shell extension 'powershell' for command environment: Not usable outside of PowerShell
[1.245s] DEBUG:colcon.colcon_core.shell:Skip shell extension 'dsv' for command environment
[1.289s] INFO:colcon.colcon_ros.task.ament_cmake.build:Building ROS package in '/home/astrox/astrobot_ws/src/astrobot_description' with build type 'ament_cmake'
[1.290s] INFO:colcon.colcon_cmake.task.cmake.build:Building CMake package in '/home/astrox/astrobot_ws/src/astrobot_description'
[1.304s] INFO:colcon.colcon_core.shell:Skip shell extension 'powershell' for command environment: Not usable outside of PowerShell
[1.304s] DEBUG:colcon.colcon_core.shell:Skip shell extension 'dsv' for command environment
[1.345s] INFO:colcon.colcon_ros.task.ament_cmake.build:Building ROS package in '/home/astrox/astrobot_ws/src/astrobot_navigation' with build type 'ament_cmake'
[1.346s] INFO:colcon.colcon_cmake.task.cmake.build:Building CMake package in '/home/astrox/astrobot_ws/src/astrobot_navigation'
[1.359s] INFO:colcon.colcon_core.shell:Skip shell extension 'powershell' for command environment: Not usable outside of PowerShell
[1.359s] DEBUG:colcon.colcon_core.shell:Skip shell extension 'dsv' for command environment
[1.401s] INFO:colcon.colcon_ros.task.ament_cmake.build:Building ROS package in '/home/astrox/astrobot_ws/src/astrobot_slam' with build type 'ament_cmake'
[1.401s] INFO:colcon.colcon_cmake.task.cmake.build:Building CMake package in '/home/astrox/astrobot_ws/src/astrobot_slam'
[1.415s] INFO:colcon.colcon_core.shell:Skip shell extension 'powershell' for command environment: Not usable outside of PowerShell
[1.415s] DEBUG:colcon.colcon_core.shell:Skip shell extension 'dsv' for command environment
[1.462s] DEBUG:colcon.colcon_core.event_handler.log_command:Invoking command in '/home/astrox/astrobot_ws/build/astrobot_base': CMAKE_PREFIX_PATH=/opt/ros/humble /usr/bin/cmake --build /home/astrox/astrobot_ws/build/astrobot_base -- -j12 -l12
[1.464s] DEBUG:colcon.colcon_core.event_handler.log_command:Invoking command in '/home/astrox/astrobot_ws/build/astrobot_bringup': CMAKE_PREFIX_PATH=/opt/ros/humble /usr/bin/cmake /home/astrox/astrobot_ws/src/astrobot_bringup -DCMAKE_INSTALL_PREFIX=/home/astrox/astrobot_ws/install/astrobot_bringup
[1.466s] DEBUG:colcon.colcon_core.event_handler.log_command:Invoking command in '/home/astrox/astrobot_ws/build/astrobot_description': CMAKE_PREFIX_PATH=/opt/ros/humble /usr/bin/cmake /home/astrox/astrobot_ws/src/astrobot_description -DCMAKE_INSTALL_PREFIX=/home/astrox/astrobot_ws/install/astrobot_description
[1.468s] DEBUG:colcon.colcon_core.event_handler.log_command:Invoking command in '/home/astrox/astrobot_ws/build/astrobot_navigation': CMAKE_PREFIX_PATH=/opt/ros/humble /usr/bin/cmake /home/astrox/astrobot_ws/src/astrobot_navigation -DCMAKE_INSTALL_PREFIX=/home/astrox/astrobot_ws/install/astrobot_navigation
[1.471s] DEBUG:colcon.colcon_core.event_handler.log_command:Invoking command in '/home/astrox/astrobot_ws/build/astrobot_slam': CMAKE_PREFIX_PATH=/opt/ros/humble /usr/bin/cmake /home/astrox/astrobot_ws/src/astrobot_slam -DCMAKE_INSTALL_PREFIX=/home/astrox/astrobot_ws/install/astrobot_slam
[1.494s] DEBUG:colcon.colcon_core.event_handler.log_command:Invoked command in '/home/astrox/astrobot_ws/build/astrobot_base' returned '0': CMAKE_PREFIX_PATH=/opt/ros/humble /usr/bin/cmake --build /home/astrox/astrobot_ws/build/astrobot_base -- -j12 -l12
[1.526s] DEBUG:colcon.colcon_core.event_handler.log_command:Invoking command in '/home/astrox/astrobot_ws/build/astrobot_base': CMAKE_PREFIX_PATH=/opt/ros/humble /usr/bin/cmake --install /home/astrox/astrobot_ws/build/astrobot_base
[1.534s] Level 1:colcon.colcon_core.environment:create_environment_scripts_only(astrobot_base)
[1.535s] DEBUG:colcon.colcon_core.event_handler.log_command:Invoked command in '/home/astrox/astrobot_ws/build/astrobot_base' returned '0': CMAKE_PREFIX_PATH=/opt/ros/humble /usr/bin/cmake --install /home/astrox/astrobot_ws/build/astrobot_base
[1.550s] Level 1:colcon.colcon_core.environment:checking '/home/astrox/astrobot_ws/install/astrobot_base' for CMake module files
[1.551s] Level 1:colcon.colcon_core.environment:checking '/home/astrox/astrobot_ws/install/astrobot_base' for CMake config files
[1.551s] Level 1:colcon.colcon_core.shell:create_environment_hook('astrobot_base', 'cmake_prefix_path')
[1.568s] INFO:colcon.colcon_core.shell:Creating environment hook '/home/astrox/astrobot_ws/install/astrobot_base/share/astrobot_base/hook/cmake_prefix_path.ps1'
[1.570s] INFO:colcon.colcon_core.shell:Creating environment descriptor '/home/astrox/astrobot_ws/install/astrobot_base/share/astrobot_base/hook/cmake_prefix_path.dsv'
[1.570s] INFO:colcon.colcon_core.shell:Creating environment hook '/home/astrox/astrobot_ws/install/astrobot_base/share/astrobot_base/hook/cmake_prefix_path.sh'
[1.571s] Level 1:colcon.colcon_core.environment:checking '/home/astrox/astrobot_ws/install/astrobot_base/bin'
[1.571s] Level 1:colcon.colcon_core.environment:checking '/home/astrox/astrobot_ws/install/astrobot_base/lib/pkgconfig/astrobot_base.pc'
[1.572s] Level 1:colcon.colcon_core.environment:checking '/home/astrox/astrobot_ws/install/astrobot_base/lib/python3.10/site-packages'
[1.572s] Level 1:colcon.colcon_core.environment:checking '/home/astrox/astrobot_ws/install/astrobot_base/bin'
[1.592s] INFO:colcon.colcon_core.shell:Creating package script '/home/astrox/astrobot_ws/install/astrobot_base/share/astrobot_base/package.ps1'
[1.593s] INFO:colcon.colcon_core.shell:Creating package descriptor '/home/astrox/astrobot_ws/install/astrobot_base/share/astrobot_base/package.dsv'
[1.593s] INFO:colcon.colcon_core.shell:Creating package script '/home/astrox/astrobot_ws/install/astrobot_base/share/astrobot_base/package.sh'
[1.594s] INFO:colcon.colcon_core.shell:Creating package script '/home/astrox/astrobot_ws/install/astrobot_base/share/astrobot_base/package.bash'
[1.594s] INFO:colcon.colcon_core.shell:Creating package script '/home/astrox/astrobot_ws/install/astrobot_base/share/astrobot_base/package.zsh'
[1.595s] Level 1:colcon.colcon_core.environment:create_file_with_runtime_dependencies(/home/astrox/astrobot_ws/install/astrobot_base/share/colcon-core/packages/astrobot_base)
[1.624s] Level 1:colcon.colcon_core.environment:create_environment_scripts_only(astrobot_base)
[1.646s] Level 1:colcon.colcon_core.environment:checking '/home/astrox/astrobot_ws/install/astrobot_base' for CMake module files
[1.646s] Level 1:colcon.colcon_core.environment:checking '/home/astrox/astrobot_ws/install/astrobot_base' for CMake config files
[1.647s] Level 1:colcon.colcon_core.shell:create_environment_hook('astrobot_base', 'cmake_prefix_path')
[1.663s] INFO:colcon.colcon_core.shell:Creating environment hook '/home/astrox/astrobot_ws/install/astrobot_base/share/astrobot_base/hook/cmake_prefix_path.ps1'
[1.663s] INFO:colcon.colcon_core.shell:Creating environment descriptor '/home/astrox/astrobot_ws/install/astrobot_base/share/astrobot_base/hook/cmake_prefix_path.dsv'
[1.663s] INFO:colcon.colcon_core.shell:Creating environment hook '/home/astrox/astrobot_ws/install/astrobot_base/share/astrobot_base/hook/cmake_prefix_path.sh'
[1.664s] Level 1:colcon.colcon_core.environment:checking '/home/astrox/astrobot_ws/install/astrobot_base/bin'
[1.664s] Level 1:colcon.colcon_core.environment:checking '/home/astrox/astrobot_ws/install/astrobot_base/lib/pkgconfig/astrobot_base.pc'
[1.664s] Level 1:colcon.colcon_core.environment:checking '/home/astrox/astrobot_ws/install/astrobot_base/lib/python3.10/site-packages'
[1.664s] Level 1:colcon.colcon_core.environment:checking '/home/astrox/astrobot_ws/install/astrobot_base/bin'
[1.679s] INFO:colcon.colcon_core.shell:Creating package script '/home/astrox/astrobot_ws/install/astrobot_base/share/astrobot_base/package.ps1'
[1.680s] INFO:colcon.colcon_core.shell:Creating package descriptor '/home/astrox/astrobot_ws/install/astrobot_base/share/astrobot_base/package.dsv'
[1.681s] INFO:colcon.colcon_core.shell:Creating package script '/home/astrox/astrobot_ws/install/astrobot_base/share/astrobot_base/package.sh'
[1.681s] INFO:colcon.colcon_core.shell:Creating package script '/home/astrox/astrobot_ws/install/astrobot_base/share/astrobot_base/package.bash'
[1.682s] INFO:colcon.colcon_core.shell:Creating package script '/home/astrox/astrobot_ws/install/astrobot_base/share/astrobot_base/package.zsh'
[1.682s] Level 1:colcon.colcon_core.environment:create_file_with_runtime_dependencies(/home/astrox/astrobot_ws/install/astrobot_base/share/colcon-core/packages/astrobot_base)
[2.025s] DEBUG:colcon.colcon_core.event_handler.log_command:Invoked command in '/home/astrox/astrobot_ws/build/astrobot_bringup' returned '0': CMAKE_PREFIX_PATH=/opt/ros/humble /usr/bin/cmake /home/astrox/astrobot_ws/src/astrobot_bringup -DCMAKE_INSTALL_PREFIX=/home/astrox/astrobot_ws/install/astrobot_bringup
[2.026s] DEBUG:colcon.colcon_core.event_handler.log_command:Invoking command in '/home/astrox/astrobot_ws/build/astrobot_bringup': CMAKE_PREFIX_PATH=/opt/ros/humble /usr/bin/cmake --build /home/astrox/astrobot_ws/build/astrobot_bringup -- -j12 -l12
[2.027s] DEBUG:colcon.colcon_core.event_handler.log_command:Invoked command in '/home/astrox/astrobot_ws/build/astrobot_navigation' returned '0': CMAKE_PREFIX_PATH=/opt/ros/humble /usr/bin/cmake /home/astrox/astrobot_ws/src/astrobot_navigation -DCMAKE_INSTALL_PREFIX=/home/astrox/astrobot_ws/install/astrobot_navigation
[2.028s] DEBUG:colcon.colcon_core.event_handler.log_command:Invoking command in '/home/astrox/astrobot_ws/build/astrobot_navigation': CMAKE_PREFIX_PATH=/opt/ros/humble /usr/bin/cmake --build /home/astrox/astrobot_ws/build/astrobot_navigation -- -j12 -l12
[2.029s] DEBUG:colcon.colcon_core.event_handler.log_command:Invoked command in '/home/astrox/astrobot_ws/build/astrobot_description' returned '0': CMAKE_PREFIX_PATH=/opt/ros/humble /usr/bin/cmake /home/astrox/astrobot_ws/src/astrobot_description -DCMAKE_INSTALL_PREFIX=/home/astrox/astrobot_ws/install/astrobot_description
[2.030s] DEBUG:colcon.colcon_core.event_handler.log_command:Invoking command in '/home/astrox/astrobot_ws/build/astrobot_description': CMAKE_PREFIX_PATH=/opt/ros/humble /usr/bin/cmake --build /home/astrox/astrobot_ws/build/astrobot_description -- -j12 -l12
[2.032s] DEBUG:colcon.colcon_core.event_handler.log_command:Invoked command in '/home/astrox/astrobot_ws/build/astrobot_slam' returned '0': CMAKE_PREFIX_PATH=/opt/ros/humble /usr/bin/cmake /home/astrox/astrobot_ws/src/astrobot_slam -DCMAKE_INSTALL_PREFIX=/home/astrox/astrobot_ws/install/astrobot_slam
[2.034s] DEBUG:colcon.colcon_core.event_handler.log_command:Invoking command in '/home/astrox/astrobot_ws/build/astrobot_slam': CMAKE_PREFIX_PATH=/opt/ros/humble /usr/bin/cmake --build /home/astrox/astrobot_ws/build/astrobot_slam -- -j12 -l12
[2.053s] DEBUG:colcon.colcon_core.event_handler.log_command:Invoked command in '/home/astrox/astrobot_ws/build/astrobot_bringup' returned '0': CMAKE_PREFIX_PATH=/opt/ros/humble /usr/bin/cmake --build /home/astrox/astrobot_ws/build/astrobot_bringup -- -j12 -l12
[2.054s] DEBUG:colcon.colcon_core.event_handler.log_command:Invoked command in '/home/astrox/astrobot_ws/build/astrobot_navigation' returned '0': CMAKE_PREFIX_PATH=/opt/ros/humble /usr/bin/cmake --build /home/astrox/astrobot_ws/build/astrobot_navigation -- -j12 -l12
[2.056s] DEBUG:colcon.colcon_core.event_handler.log_command:Invoked command in '/home/astrox/astrobot_ws/build/astrobot_description' returned '0': CMAKE_PREFIX_PATH=/opt/ros/humble /usr/bin/cmake --build /home/astrox/astrobot_ws/build/astrobot_description -- -j12 -l12
[2.060s] DEBUG:colcon.colcon_core.event_handler.log_command:Invoked command in '/home/astrox/astrobot_ws/build/astrobot_slam' returned '0': CMAKE_PREFIX_PATH=/opt/ros/humble /usr/bin/cmake --build /home/astrox/astrobot_ws/build/astrobot_slam -- -j12 -l12
[2.068s] DEBUG:colcon.colcon_core.event_handler.log_command:Invoking command in '/home/astrox/astrobot_ws/build/astrobot_bringup': CMAKE_PREFIX_PATH=/opt/ros/humble /usr/bin/cmake --install /home/astrox/astrobot_ws/build/astrobot_bringup
[2.070s] DEBUG:colcon.colcon_core.event_handler.log_command:Invoking command in '/home/astrox/astrobot_ws/build/astrobot_navigation': CMAKE_PREFIX_PATH=/opt/ros/humble /usr/bin/cmake --install /home/astrox/astrobot_ws/build/astrobot_navigation
[2.071s] DEBUG:colcon.colcon_core.event_handler.log_command:Invoking command in '/home/astrox/astrobot_ws/build/astrobot_description': CMAKE_PREFIX_PATH=/opt/ros/humble /usr/bin/cmake --install /home/astrox/astrobot_ws/build/astrobot_description
[2.077s] DEBUG:colcon.colcon_core.event_handler.log_command:Invoking command in '/home/astrox/astrobot_ws/build/astrobot_slam': CMAKE_PREFIX_PATH=/opt/ros/humble /usr/bin/cmake --install /home/astrox/astrobot_ws/build/astrobot_slam
[2.077s] Level 1:colcon.colcon_core.environment:create_environment_scripts_only(astrobot_bringup)
[2.081s] DEBUG:colcon.colcon_core.event_handler.log_command:Invoked command in '/home/astrox/astrobot_ws/build/astrobot_bringup' returned '0': CMAKE_PREFIX_PATH=/opt/ros/humble /usr/bin/cmake --install /home/astrox/astrobot_ws/build/astrobot_bringup
[2.097s] Level 1:colcon.colcon_core.environment:checking '/home/astrox/astrobot_ws/install/astrobot_bringup' for CMake module files
[2.097s] Level 1:colcon.colcon_core.environment:checking '/home/astrox/astrobot_ws/install/astrobot_bringup' for CMake config files
[2.097s] Level 1:colcon.colcon_core.shell:create_environment_hook('astrobot_bringup', 'cmake_prefix_path')
[2.110s] INFO:colcon.colcon_core.shell:Creating environment hook '/home/astrox/astrobot_ws/install/astrobot_bringup/share/astrobot_bringup/hook/cmake_prefix_path.ps1'
[2.110s] INFO:colcon.colcon_core.shell:Creating environment descriptor '/home/astrox/astrobot_ws/install/astrobot_bringup/share/astrobot_bringup/hook/cmake_prefix_path.dsv'
[2.110s] INFO:colcon.colcon_core.shell:Creating environment hook '/home/astrox/astrobot_ws/install/astrobot_bringup/share/astrobot_bringup/hook/cmake_prefix_path.sh'
[2.111s] Level 1:colcon.colcon_core.environment:checking '/home/astrox/astrobot_ws/install/astrobot_bringup/bin'
[2.111s] Level 1:colcon.colcon_core.environment:checking '/home/astrox/astrobot_ws/install/astrobot_bringup/lib/pkgconfig/astrobot_bringup.pc'
[2.111s] Level 1:colcon.colcon_core.environment:checking '/home/astrox/astrobot_ws/install/astrobot_bringup/lib/python3.10/site-packages'
[2.111s] Level 1:colcon.colcon_core.environment:checking '/home/astrox/astrobot_ws/install/astrobot_bringup/bin'
[2.123s] INFO:colcon.colcon_core.shell:Creating package script '/home/astrox/astrobot_ws/install/astrobot_bringup/share/astrobot_bringup/package.ps1'
[2.123s] INFO:colcon.colcon_core.shell:Creating package descriptor '/home/astrox/astrobot_ws/install/astrobot_bringup/share/astrobot_bringup/package.dsv'
[2.124s] INFO:colcon.colcon_core.shell:Creating package script '/home/astrox/astrobot_ws/install/astrobot_bringup/share/astrobot_bringup/package.sh'
[2.124s] INFO:colcon.colcon_core.shell:Creating package script '/home/astrox/astrobot_ws/install/astrobot_bringup/share/astrobot_bringup/package.bash'
[2.124s] INFO:colcon.colcon_core.shell:Creating package script '/home/astrox/astrobot_ws/install/astrobot_bringup/share/astrobot_bringup/package.zsh'
[2.124s] Level 1:colcon.colcon_core.environment:create_file_with_runtime_dependencies(/home/astrox/astrobot_ws/install/astrobot_bringup/share/colcon-core/packages/astrobot_bringup)
[2.126s] Level 1:colcon.colcon_core.environment:create_environment_scripts_only(astrobot_navigation)
[2.127s] DEBUG:colcon.colcon_core.event_handler.log_command:Invoked command in '/home/astrox/astrobot_ws/build/astrobot_navigation' returned '0': CMAKE_PREFIX_PATH=/opt/ros/humble /usr/bin/cmake --install /home/astrox/astrobot_ws/build/astrobot_navigation
[2.140s] Level 1:colcon.colcon_core.environment:checking '/home/astrox/astrobot_ws/install/astrobot_navigation' for CMake module files
[2.140s] Level 1:colcon.colcon_core.environment:checking '/home/astrox/astrobot_ws/install/astrobot_navigation' for CMake config files
[2.140s] Level 1:colcon.colcon_core.shell:create_environment_hook('astrobot_navigation', 'cmake_prefix_path')
[2.152s] INFO:colcon.colcon_core.shell:Creating environment hook '/home/astrox/astrobot_ws/install/astrobot_navigation/share/astrobot_navigation/hook/cmake_prefix_path.ps1'
[2.153s] INFO:colcon.colcon_core.shell:Creating environment descriptor '/home/astrox/astrobot_ws/install/astrobot_navigation/share/astrobot_navigation/hook/cmake_prefix_path.dsv'
[2.153s] INFO:colcon.colcon_core.shell:Creating environment hook '/home/astrox/astrobot_ws/install/astrobot_navigation/share/astrobot_navigation/hook/cmake_prefix_path.sh'
[2.153s] Level 1:colcon.colcon_core.environment:checking '/home/astrox/astrobot_ws/install/astrobot_navigation/bin'
[2.153s] Level 1:colcon.colcon_core.environment:checking '/home/astrox/astrobot_ws/install/astrobot_navigation/lib/pkgconfig/astrobot_navigation.pc'
[2.153s] Level 1:colcon.colcon_core.environment:checking '/home/astrox/astrobot_ws/install/astrobot_navigation/lib/python3.10/site-packages'
[2.153s] Level 1:colcon.colcon_core.environment:checking '/home/astrox/astrobot_ws/install/astrobot_navigation/bin'
[2.166s] INFO:colcon.colcon_core.shell:Creating package script '/home/astrox/astrobot_ws/install/astrobot_navigation/share/astrobot_navigation/package.ps1'
[2.166s] INFO:colcon.colcon_core.shell:Creating package descriptor '/home/astrox/astrobot_ws/install/astrobot_navigation/share/astrobot_navigation/package.dsv'
[2.166s] INFO:colcon.colcon_core.shell:Creating package script '/home/astrox/astrobot_ws/install/astrobot_navigation/share/astrobot_navigation/package.sh'
[2.166s] INFO:colcon.colcon_core.shell:Creating package script '/home/astrox/astrobot_ws/install/astrobot_navigation/share/astrobot_navigation/package.bash'
[2.167s] INFO:colcon.colcon_core.shell:Creating package script '/home/astrox/astrobot_ws/install/astrobot_navigation/share/astrobot_navigation/package.zsh'
[2.167s] Level 1:colcon.colcon_core.environment:create_file_with_runtime_dependencies(/home/astrox/astrobot_ws/install/astrobot_navigation/share/colcon-core/packages/astrobot_navigation)
[2.167s] Level 1:colcon.colcon_core.environment:create_environment_scripts_only(astrobot_slam)
[2.168s] DEBUG:colcon.colcon_core.event_handler.log_command:Invoked command in '/home/astrox/astrobot_ws/build/astrobot_slam' returned '0': CMAKE_PREFIX_PATH=/opt/ros/humble /usr/bin/cmake --install /home/astrox/astrobot_ws/build/astrobot_slam
[2.181s] Level 1:colcon.colcon_core.environment:checking '/home/astrox/astrobot_ws/install/astrobot_slam' for CMake module files
[2.181s] Level 1:colcon.colcon_core.environment:checking '/home/astrox/astrobot_ws/install/astrobot_slam' for CMake config files
[2.181s] Level 1:colcon.colcon_core.shell:create_environment_hook('astrobot_slam', 'cmake_prefix_path')
[2.194s] INFO:colcon.colcon_core.shell:Creating environment hook '/home/astrox/astrobot_ws/install/astrobot_slam/share/astrobot_slam/hook/cmake_prefix_path.ps1'
[2.194s] INFO:colcon.colcon_core.shell:Creating environment descriptor '/home/astrox/astrobot_ws/install/astrobot_slam/share/astrobot_slam/hook/cmake_prefix_path.dsv'
[2.194s] INFO:colcon.colcon_core.shell:Creating environment hook '/home/astrox/astrobot_ws/install/astrobot_slam/share/astrobot_slam/hook/cmake_prefix_path.sh'
[2.195s] Level 1:colcon.colcon_core.environment:checking '/home/astrox/astrobot_ws/install/astrobot_slam/bin'
[2.195s] Level 1:colcon.colcon_core.environment:checking '/home/astrox/astrobot_ws/install/astrobot_slam/lib/pkgconfig/astrobot_slam.pc'
[2.195s] Level 1:colcon.colcon_core.environment:checking '/home/astrox/astrobot_ws/install/astrobot_slam/lib/python3.10/site-packages'
[2.195s] Level 1:colcon.colcon_core.environment:checking '/home/astrox/astrobot_ws/install/astrobot_slam/bin'
[2.208s] INFO:colcon.colcon_core.shell:Creating package script '/home/astrox/astrobot_ws/install/astrobot_slam/share/astrobot_slam/package.ps1'
[2.208s] INFO:colcon.colcon_core.shell:Creating package descriptor '/home/astrox/astrobot_ws/install/astrobot_slam/share/astrobot_slam/package.dsv'
[2.209s] INFO:colcon.colcon_core.shell:Creating package script '/home/astrox/astrobot_ws/install/astrobot_slam/share/astrobot_slam/package.sh'
[2.209s] INFO:colcon.colcon_core.shell:Creating package script '/home/astrox/astrobot_ws/install/astrobot_slam/share/astrobot_slam/package.bash'
[2.209s] INFO:colcon.colcon_core.shell:Creating package script '/home/astrox/astrobot_ws/install/astrobot_slam/share/astrobot_slam/package.zsh'
[2.209s] Level 1:colcon.colcon_core.environment:create_file_with_runtime_dependencies(/home/astrox/astrobot_ws/install/astrobot_slam/share/colcon-core/packages/astrobot_slam)
[2.210s] Level 1:colcon.colcon_core.environment:create_environment_scripts_only(astrobot_description)
[2.211s] DEBUG:colcon.colcon_core.event_handler.log_command:Invoked command in '/home/astrox/astrobot_ws/build/astrobot_description' returned '0': CMAKE_PREFIX_PATH=/opt/ros/humble /usr/bin/cmake --install /home/astrox/astrobot_ws/build/astrobot_description
[2.223s] Level 1:colcon.colcon_core.environment:checking '/home/astrox/astrobot_ws/install/astrobot_description' for CMake module files
[2.224s] Level 1:colcon.colcon_core.environment:checking '/home/astrox/astrobot_ws/install/astrobot_description' for CMake config files
[2.224s] Level 1:colcon.colcon_core.shell:create_environment_hook('astrobot_description', 'cmake_prefix_path')
[2.236s] INFO:colcon.colcon_core.shell:Creating environment hook '/home/astrox/astrobot_ws/install/astrobot_description/share/astrobot_description/hook/cmake_prefix_path.ps1'
[2.237s] INFO:colcon.colcon_core.shell:Creating environment descriptor '/home/astrox/astrobot_ws/install/astrobot_description/share/astrobot_description/hook/cmake_prefix_path.dsv'
[2.237s] INFO:colcon.colcon_core.shell:Creating environment hook '/home/astrox/astrobot_ws/install/astrobot_description/share/astrobot_description/hook/cmake_prefix_path.sh'
[2.237s] Level 1:colcon.colcon_core.environment:checking '/home/astrox/astrobot_ws/install/astrobot_description/bin'
[2.237s] Level 1:colcon.colcon_core.environment:checking '/home/astrox/astrobot_ws/install/astrobot_description/lib/pkgconfig/astrobot_description.pc'
[2.237s] Level 1:colcon.colcon_core.environment:checking '/home/astrox/astrobot_ws/install/astrobot_description/lib/python3.10/site-packages'
[2.238s] Level 1:colcon.colcon_core.environment:checking '/home/astrox/astrobot_ws/install/astrobot_description/bin'
[2.250s] INFO:colcon.colcon_core.shell:Creating package script '/home/astrox/astrobot_ws/install/astrobot_description/share/astrobot_description/package.ps1'
[2.250s] INFO:colcon.colcon_core.shell:Creating package descriptor '/home/astrox/astrobot_ws/install/astrobot_description/share/astrobot_description/package.dsv'
[2.250s] INFO:colcon.colcon_core.shell:Creating package script '/home/astrox/astrobot_ws/install/astrobot_description/share/astrobot_description/package.sh'
[2.251s] INFO:colcon.colcon_core.shell:Creating package script '/home/astrox/astrobot_ws/install/astrobot_description/share/astrobot_description/package.bash'
[2.251s] INFO:colcon.colcon_core.shell:Creating package script '/home/astrox/astrobot_ws/install/astrobot_description/share/astrobot_description/package.zsh'
[2.251s] Level 1:colcon.colcon_core.environment:create_file_with_runtime_dependencies(/home/astrox/astrobot_ws/install/astrobot_description/share/colcon-core/packages/astrobot_description)
[2.265s] Level 1:colcon.colcon_core.environment:create_environment_scripts_only(astrobot_bringup)
[2.277s] Level 1:colcon.colcon_core.environment:checking '/home/astrox/astrobot_ws/install/astrobot_bringup' for CMake module files
[2.277s] Level 1:colcon.colcon_core.environment:checking '/home/astrox/astrobot_ws/install/astrobot_bringup' for CMake config files
[2.278s] Level 1:colcon.colcon_core.shell:create_environment_hook('astrobot_bringup', 'cmake_prefix_path')
[2.290s] INFO:colcon.colcon_core.shell:Creating environment hook '/home/astrox/astrobot_ws/install/astrobot_bringup/share/astrobot_bringup/hook/cmake_prefix_path.ps1'
[2.291s] INFO:colcon.colcon_core.shell:Creating environment descriptor '/home/astrox/astrobot_ws/install/astrobot_bringup/share/astrobot_bringup/hook/cmake_prefix_path.dsv'
[2.291s] INFO:colcon.colcon_core.shell:Creating environment hook '/home/astrox/astrobot_ws/install/astrobot_bringup/share/astrobot_bringup/hook/cmake_prefix_path.sh'
[2.291s] Level 1:colcon.colcon_core.environment:checking '/home/astrox/astrobot_ws/install/astrobot_bringup/bin'
[2.291s] Level 1:colcon.colcon_core.environment:checking '/home/astrox/astrobot_ws/install/astrobot_bringup/lib/pkgconfig/astrobot_bringup.pc'
[2.292s] Level 1:colcon.colcon_core.environment:checking '/home/astrox/astrobot_ws/install/astrobot_bringup/lib/python3.10/site-packages'
[2.292s] Level 1:colcon.colcon_core.environment:checking '/home/astrox/astrobot_ws/install/astrobot_bringup/bin'
[2.304s] INFO:colcon.colcon_core.shell:Creating package script '/home/astrox/astrobot_ws/install/astrobot_bringup/share/astrobot_bringup/package.ps1'
[2.305s] INFO:colcon.colcon_core.shell:Creating package descriptor '/home/astrox/astrobot_ws/install/astrobot_bringup/share/astrobot_bringup/package.dsv'
[2.305s] INFO:colcon.colcon_core.shell:Creating package script '/home/astrox/astrobot_ws/install/astrobot_bringup/share/astrobot_bringup/package.sh'
[2.306s] INFO:colcon.colcon_core.shell:Creating package script '/home/astrox/astrobot_ws/install/astrobot_bringup/share/astrobot_bringup/package.bash'
[2.306s] INFO:colcon.colcon_core.shell:Creating package script '/home/astrox/astrobot_ws/install/astrobot_bringup/share/astrobot_bringup/package.zsh'
[2.306s] Level 1:colcon.colcon_core.environment:create_file_with_runtime_dependencies(/home/astrox/astrobot_ws/install/astrobot_bringup/share/colcon-core/packages/astrobot_bringup)
[2.320s] Level 1:colcon.colcon_core.environment:create_environment_scripts_only(astrobot_navigation)
[2.333s] Level 1:colcon.colcon_core.environment:checking '/home/astrox/astrobot_ws/install/astrobot_navigation' for CMake module files
[2.334s] Level 1:colcon.colcon_core.environment:checking '/home/astrox/astrobot_ws/install/astrobot_navigation' for CMake config files
[2.334s] Level 1:colcon.colcon_core.shell:create_environment_hook('astrobot_navigation', 'cmake_prefix_path')
[2.346s] INFO:colcon.colcon_core.shell:Creating environment hook '/home/astrox/astrobot_ws/install/astrobot_navigation/share/astrobot_navigation/hook/cmake_prefix_path.ps1'
[2.347s] INFO:colcon.colcon_core.shell:Creating environment descriptor '/home/astrox/astrobot_ws/install/astrobot_navigation/share/astrobot_navigation/hook/cmake_prefix_path.dsv'
[2.347s] INFO:colcon.colcon_core.shell:Creating environment hook '/home/astrox/astrobot_ws/install/astrobot_navigation/share/astrobot_navigation/hook/cmake_prefix_path.sh'
[2.347s] Level 1:colcon.colcon_core.environment:checking '/home/astrox/astrobot_ws/install/astrobot_navigation/bin'
[2.347s] Level 1:colcon.colcon_core.environment:checking '/home/astrox/astrobot_ws/install/astrobot_navigation/lib/pkgconfig/astrobot_navigation.pc'
[2.348s] Level 1:colcon.colcon_core.environment:checking '/home/astrox/astrobot_ws/install/astrobot_navigation/lib/python3.10/site-packages'
[2.348s] Level 1:colcon.colcon_core.environment:checking '/home/astrox/astrobot_ws/install/astrobot_navigation/bin'
[2.360s] INFO:colcon.colcon_core.shell:Creating package script '/home/astrox/astrobot_ws/install/astrobot_navigation/share/astrobot_navigation/package.ps1'
[2.360s] INFO:colcon.colcon_core.shell:Creating package descriptor '/home/astrox/astrobot_ws/install/astrobot_navigation/share/astrobot_navigation/package.dsv'
[2.361s] INFO:colcon.colcon_core.shell:Creating package script '/home/astrox/astrobot_ws/install/astrobot_navigation/share/astrobot_navigation/package.sh'
[2.361s] INFO:colcon.colcon_core.shell:Creating package script '/home/astrox/astrobot_ws/install/astrobot_navigation/share/astrobot_navigation/package.bash'
[2.361s] INFO:colcon.colcon_core.shell:Creating package script '/home/astrox/astrobot_ws/install/astrobot_navigation/share/astrobot_navigation/package.zsh'
[2.361s] Level 1:colcon.colcon_core.environment:create_file_with_runtime_dependencies(/home/astrox/astrobot_ws/install/astrobot_navigation/share/colcon-core/packages/astrobot_navigation)
[2.375s] Level 1:colcon.colcon_core.environment:create_environment_scripts_only(astrobot_slam)
[2.388s] Level 1:colcon.colcon_core.environment:checking '/home/astrox/astrobot_ws/install/astrobot_slam' for CMake module files
[2.389s] Level 1:colcon.colcon_core.environment:checking '/home/astrox/astrobot_ws/install/astrobot_slam' for CMake config files
[2.389s] Level 1:colcon.colcon_core.shell:create_environment_hook('astrobot_slam', 'cmake_prefix_path')
[2.402s] INFO:colcon.colcon_core.shell:Creating environment hook '/home/astrox/astrobot_ws/install/astrobot_slam/share/astrobot_slam/hook/cmake_prefix_path.ps1'
[2.402s] INFO:colcon.colcon_core.shell:Creating environment descriptor '/home/astrox/astrobot_ws/install/astrobot_slam/share/astrobot_slam/hook/cmake_prefix_path.dsv'
[2.403s] INFO:colcon.colcon_core.shell:Creating environment hook '/home/astrox/astrobot_ws/install/astrobot_slam/share/astrobot_slam/hook/cmake_prefix_path.sh'
[2.403s] Level 1:colcon.colcon_core.environment:checking '/home/astrox/astrobot_ws/install/astrobot_slam/bin'
[2.403s] Level 1:colcon.colcon_core.environment:checking '/home/astrox/astrobot_ws/install/astrobot_slam/lib/pkgconfig/astrobot_slam.pc'
[2.404s] Level 1:colcon.colcon_core.environment:checking '/home/astrox/astrobot_ws/install/astrobot_slam/lib/python3.10/site-packages'
[2.404s] Level 1:colcon.colcon_core.environment:checking '/home/astrox/astrobot_ws/install/astrobot_slam/bin'
[2.416s] INFO:colcon.colcon_core.shell:Creating package script '/home/astrox/astrobot_ws/install/astrobot_slam/share/astrobot_slam/package.ps1'
[2.417s] INFO:colcon.colcon_core.shell:Creating package descriptor '/home/astrox/astrobot_ws/install/astrobot_slam/share/astrobot_slam/package.dsv'
[2.417s] INFO:colcon.colcon_core.shell:Creating package script '/home/astrox/astrobot_ws/install/astrobot_slam/share/astrobot_slam/package.sh'
[2.417s] INFO:colcon.colcon_core.shell:Creating package script '/home/astrox/astrobot_ws/install/astrobot_slam/share/astrobot_slam/package.bash'
[2.418s] INFO:colcon.colcon_core.shell:Creating package script '/home/astrox/astrobot_ws/install/astrobot_slam/share/astrobot_slam/package.zsh'
[2.418s] Level 1:colcon.colcon_core.environment:create_file_with_runtime_dependencies(/home/astrox/astrobot_ws/install/astrobot_slam/share/colcon-core/packages/astrobot_slam)
[2.432s] Level 1:colcon.colcon_core.environment:create_environment_scripts_only(astrobot_description)
[2.445s] Level 1:colcon.colcon_core.environment:checking '/home/astrox/astrobot_ws/install/astrobot_description' for CMake module files
[2.446s] Level 1:colcon.colcon_core.environment:checking '/home/astrox/astrobot_ws/install/astrobot_description' for CMake config files
[2.446s] Level 1:colcon.colcon_core.shell:create_environment_hook('astrobot_description', 'cmake_prefix_path')
[2.459s] INFO:colcon.colcon_core.shell:Creating environment hook '/home/astrox/astrobot_ws/install/astrobot_description/share/astrobot_description/hook/cmake_prefix_path.ps1'
[2.460s] INFO:colcon.colcon_core.shell:Creating environment descriptor '/home/astrox/astrobot_ws/install/astrobot_description/share/astrobot_description/hook/cmake_prefix_path.dsv'
[2.460s] INFO:colcon.colcon_core.shell:Creating environment hook '/home/astrox/astrobot_ws/install/astrobot_description/share/astrobot_description/hook/cmake_prefix_path.sh'
[2.460s] Level 1:colcon.colcon_core.environment:checking '/home/astrox/astrobot_ws/install/astrobot_description/bin'
[2.460s] Level 1:colcon.colcon_core.environment:checking '/home/astrox/astrobot_ws/install/astrobot_description/lib/pkgconfig/astrobot_description.pc'
[2.460s] Level 1:colcon.colcon_core.environment:checking '/home/astrox/astrobot_ws/install/astrobot_description/lib/python3.10/site-packages'
[2.461s] Level 1:colcon.colcon_core.environment:checking '/home/astrox/astrobot_ws/install/astrobot_description/bin'
[2.473s] INFO:colcon.colcon_core.shell:Creating package script '/home/astrox/astrobot_ws/install/astrobot_description/share/astrobot_description/package.ps1'
[2.474s] INFO:colcon.colcon_core.shell:Creating package descriptor '/home/astrox/astrobot_ws/install/astrobot_description/share/astrobot_description/package.dsv'
[2.474s] INFO:colcon.colcon_core.shell:Creating package script '/home/astrox/astrobot_ws/install/astrobot_description/share/astrobot_description/package.sh'
[2.474s] INFO:colcon.colcon_core.shell:Creating package script '/home/astrox/astrobot_ws/install/astrobot_description/share/astrobot_description/package.bash'
[2.475s] INFO:colcon.colcon_core.shell:Creating package script '/home/astrox/astrobot_ws/install/astrobot_description/share/astrobot_description/package.zsh'
[2.475s] Level 1:colcon.colcon_core.environment:create_file_with_runtime_dependencies(/home/astrox/astrobot_ws/install/astrobot_description/share/colcon-core/packages/astrobot_description)
[2.475s] DEBUG:colcon.colcon_parallel_executor.executor.parallel:closing loop
[2.475s] DEBUG:colcon.colcon_parallel_executor.executor.parallel:loop closed
[2.475s] DEBUG:colcon.colcon_parallel_executor.executor.parallel:run_until_complete finished with '0'
[2.476s] DEBUG:colcon.colcon_core.event_reactor:joining thread
[2.498s] INFO:colcon.colcon_core.plugin_system:Skipping extension 'colcon_notification.desktop_notification.terminal_notifier': Not used on non-Darwin systems
[2.498s] INFO:colcon.colcon_core.plugin_system:Skipping extension 'colcon_notification.desktop_notification.win32': Not used on non-Windows systems
[2.498s] INFO:colcon.colcon_notification.desktop_notification:Sending desktop notification using 'notify2'
[2.511s] DEBUG:colcon.colcon_core.event_reactor:joined thread
[2.528s] INFO:colcon.colcon_core.shell:Creating prefix script '/home/astrox/astrobot_ws/install/local_setup.ps1'
[2.528s] INFO:colcon.colcon_core.shell:Creating prefix util module '/home/astrox/astrobot_ws/install/_local_setup_util_ps1.py'
[2.530s] INFO:colcon.colcon_core.shell:Creating prefix chain script '/home/astrox/astrobot_ws/install/setup.ps1'
[2.543s] INFO:colcon.colcon_core.shell:Creating prefix script '/home/astrox/astrobot_ws/install/local_setup.sh'
[2.543s] INFO:colcon.colcon_core.shell:Creating prefix util module '/home/astrox/astrobot_ws/install/_local_setup_util_sh.py'
[2.544s] INFO:colcon.colcon_core.shell:Creating prefix chain script '/home/astrox/astrobot_ws/install/setup.sh'
[2.557s] INFO:colcon.colcon_core.shell:Creating prefix script '/home/astrox/astrobot_ws/install/local_setup.bash'
[2.557s] INFO:colcon.colcon_core.shell:Creating prefix chain script '/home/astrox/astrobot_ws/install/setup.bash'
[2.570s] INFO:colcon.colcon_core.shell:Creating prefix script '/home/astrox/astrobot_ws/install/local_setup.zsh'
[2.570s] INFO:colcon.colcon_core.shell:Creating prefix chain script '/home/astrox/astrobot_ws/install/setup.zsh'
