[0.174s] Invoking command in '/home/astrox/astrobot_ws/build/astrobot_navigation': CMAKE_PREFIX_PATH=${CMAKE_PREFIX_PATH}:/opt/ros/humble /usr/bin/cmake --build /home/astrox/astrobot_ws/build/astrobot_navigation -- -j12 -l12
[0.203s] Invoked command in '/home/astrox/astrobot_ws/build/astrobot_navigation' returned '0': CMAKE_PREFIX_PATH=${CMAKE_PREFIX_PATH}:/opt/ros/humble /usr/bin/cmake --build /home/astrox/astrobot_ws/build/astrobot_navigation -- -j12 -l12
[0.227s] Invoking command in '/home/astrox/astrobot_ws/build/astrobot_navigation': CMAKE_PREFIX_PATH=${CMAKE_PREFIX_PATH}:/opt/ros/humble /usr/bin/cmake --install /home/astrox/astrobot_ws/build/astrobot_navigation
[0.233s] -- Install configuration: ""
[0.233s] -- Execute custom install script
[0.234s] -- Up-to-date symlink: /home/astrox/astrobot_ws/install/astrobot_navigation/share/ament_index/resource_index/package_run_dependencies/astrobot_navigation
[0.234s] -- Up-to-date symlink: /home/astrox/astrobot_ws/install/astrobot_navigation/share/ament_index/resource_index/parent_prefix_path/astrobot_navigation
[0.235s] -- Up-to-date symlink: /home/astrox/astrobot_ws/install/astrobot_navigation/share/astrobot_navigation/environment/ament_prefix_path.sh
[0.235s] -- Up-to-date symlink: /home/astrox/astrobot_ws/install/astrobot_navigation/share/astrobot_navigation/environment/ament_prefix_path.dsv
[0.235s] -- Up-to-date symlink: /home/astrox/astrobot_ws/install/astrobot_navigation/share/astrobot_navigation/environment/path.sh
[0.236s] -- Up-to-date symlink: /home/astrox/astrobot_ws/install/astrobot_navigation/share/astrobot_navigation/environment/path.dsv
[0.236s] -- Up-to-date symlink: /home/astrox/astrobot_ws/install/astrobot_navigation/share/astrobot_navigation/local_setup.bash
[0.236s] -- Up-to-date symlink: /home/astrox/astrobot_ws/install/astrobot_navigation/share/astrobot_navigation/local_setup.sh
[0.236s] -- Up-to-date symlink: /home/astrox/astrobot_ws/install/astrobot_navigation/share/astrobot_navigation/local_setup.zsh
[0.236s] -- Up-to-date symlink: /home/astrox/astrobot_ws/install/astrobot_navigation/share/astrobot_navigation/local_setup.dsv
[0.237s] -- Symlinking: /home/astrox/astrobot_ws/install/astrobot_navigation/share/astrobot_navigation/package.dsv
[0.244s] -- Up-to-date symlink: /home/astrox/astrobot_ws/install/astrobot_navigation/share/ament_index/resource_index/packages/astrobot_navigation
[0.244s] -- Up-to-date symlink: /home/astrox/astrobot_ws/install/astrobot_navigation/share/astrobot_navigation/cmake/astrobot_navigationConfig.cmake
[0.244s] -- Up-to-date symlink: /home/astrox/astrobot_ws/install/astrobot_navigation/share/astrobot_navigation/cmake/astrobot_navigationConfig-version.cmake
[0.245s] -- Up-to-date symlink: /home/astrox/astrobot_ws/install/astrobot_navigation/share/astrobot_navigation/package.xml
[0.294s] Invoked command in '/home/astrox/astrobot_ws/build/astrobot_navigation' returned '0': CMAKE_PREFIX_PATH=${CMAKE_PREFIX_PATH}:/opt/ros/humble /usr/bin/cmake --install /home/astrox/astrobot_ws/build/astrobot_navigation
