-- Found ament_cmake: 1.3.7 (/opt/ros/humble/share/ament_cmake/cmake)
-- Override CMake install command with custom implementation using symlinks instead of copying resources
-- Configuring done
-- Generating done
-- Build files have been written to: /home/astrox/astrobot_ws/build/astrobot_base
-- Install configuration: ""
-- Execute custom install script
-- Symlinking: /home/astrox/astrobot_ws/install/astrobot_base/share/astrobot_base/config/ekf.yaml
-- Symlinking: /home/astrox/astrobot_ws/install/astrobot_base/share/ament_index/resource_index/package_run_dependencies/astrobot_base
-- Symlinking: /home/astrox/astrobot_ws/install/astrobot_base/share/ament_index/resource_index/parent_prefix_path/astrobot_base
-- Symlinking: /home/astrox/astrobot_ws/install/astrobot_base/share/astrobot_base/environment/ament_prefix_path.sh
-- Symlinking: /home/astrox/astrobot_ws/install/astrobot_base/share/astrobot_base/environment/ament_prefix_path.dsv
-- Symlinking: /home/astrox/astrobot_ws/install/astrobot_base/share/astrobot_base/environment/path.sh
-- Symlinking: /home/astrox/astrobot_ws/install/astrobot_base/share/astrobot_base/environment/path.dsv
-- Symlinking: /home/astrox/astrobot_ws/install/astrobot_base/share/astrobot_base/local_setup.bash
-- Symlinking: /home/astrox/astrobot_ws/install/astrobot_base/share/astrobot_base/local_setup.sh
-- Symlinking: /home/astrox/astrobot_ws/install/astrobot_base/share/astrobot_base/local_setup.zsh
-- Symlinking: /home/astrox/astrobot_ws/install/astrobot_base/share/astrobot_base/local_setup.dsv
-- Symlinking: /home/astrox/astrobot_ws/install/astrobot_base/share/astrobot_base/package.dsv
-- Symlinking: /home/astrox/astrobot_ws/install/astrobot_base/share/ament_index/resource_index/packages/astrobot_base
-- Symlinking: /home/astrox/astrobot_ws/install/astrobot_base/share/astrobot_base/cmake/astrobot_baseConfig.cmake
-- Symlinking: /home/astrox/astrobot_ws/install/astrobot_base/share/astrobot_base/cmake/astrobot_baseConfig-version.cmake
-- Symlinking: /home/astrox/astrobot_ws/install/astrobot_base/share/astrobot_base/package.xml
