[0.225s] Invoking command in '/home/astrox/astrobot_ws/build/astrobot_navigation': CMAKE_PREFIX_PATH=${CMAKE_PREFIX_PATH}:/opt/ros/humble /usr/bin/cmake --build /home/astrox/astrobot_ws/build/astrobot_navigation -- -j12 -l12
[0.273s] Invoked command in '/home/astrox/astrobot_ws/build/astrobot_navigation' returned '0': CMAKE_PREFIX_PATH=${CMAKE_PREFIX_PATH}:/opt/ros/humble /usr/bin/cmake --build /home/astrox/astrobot_ws/build/astrobot_navigation -- -j12 -l12
[0.313s] Invoking command in '/home/astrox/astrobot_ws/build/astrobot_navigation': CMAKE_PREFIX_PATH=${CMAKE_PREFIX_PATH}:/opt/ros/humble /usr/bin/cmake --install /home/astrox/astrobot_ws/build/astrobot_navigation
[0.331s] -- Install configuration: ""
[0.337s] -- Execute custom install script
[0.340s] -- Up-to-date symlink: /home/astrox/astrobot_ws/install/astrobot_navigation/share/astrobot_navigation/launch/astrobot_navigation_launch.py
[0.340s] -- Up-to-date symlink: /home/astrox/astrobot_ws/install/astrobot_navigation/share/astrobot_navigation/rviz/astrobot_navigation.rviz
[0.341s] -- Up-to-date symlink: /home/astrox/astrobot_ws/install/astrobot_navigation/share/astrobot_navigation/config/navigation.yaml
[0.341s] -- Up-to-date symlink: /home/astrox/astrobot_ws/install/astrobot_navigation/share/ament_index/resource_index/package_run_dependencies/astrobot_navigation
[0.341s] -- Up-to-date symlink: /home/astrox/astrobot_ws/install/astrobot_navigation/share/ament_index/resource_index/parent_prefix_path/astrobot_navigation
[0.342s] -- Up-to-date symlink: /home/astrox/astrobot_ws/install/astrobot_navigation/share/astrobot_navigation/environment/ament_prefix_path.sh
[0.342s] -- Up-to-date symlink: /home/astrox/astrobot_ws/install/astrobot_navigation/share/astrobot_navigation/environment/ament_prefix_path.dsv
[0.342s] -- Up-to-date symlink: /home/astrox/astrobot_ws/install/astrobot_navigation/share/astrobot_navigation/environment/path.sh
[0.342s] -- Up-to-date symlink: /home/astrox/astrobot_ws/install/astrobot_navigation/share/astrobot_navigation/environment/path.dsv
[0.343s] -- Up-to-date symlink: /home/astrox/astrobot_ws/install/astrobot_navigation/share/astrobot_navigation/local_setup.bash
[0.343s] -- Up-to-date symlink: /home/astrox/astrobot_ws/install/astrobot_navigation/share/astrobot_navigation/local_setup.sh
[0.343s] -- Up-to-date symlink: /home/astrox/astrobot_ws/install/astrobot_navigation/share/astrobot_navigation/local_setup.zsh
[0.343s] -- Up-to-date symlink: /home/astrox/astrobot_ws/install/astrobot_navigation/share/astrobot_navigation/local_setup.dsv
[0.343s] -- Symlinking: /home/astrox/astrobot_ws/install/astrobot_navigation/share/astrobot_navigation/package.dsv
[0.361s] -- Up-to-date symlink: /home/astrox/astrobot_ws/install/astrobot_navigation/share/ament_index/resource_index/packages/astrobot_navigation
[0.361s] -- Up-to-date symlink: /home/astrox/astrobot_ws/install/astrobot_navigation/share/astrobot_navigation/cmake/astrobot_navigationConfig.cmake
[0.362s] -- Up-to-date symlink: /home/astrox/astrobot_ws/install/astrobot_navigation/share/astrobot_navigation/cmake/astrobot_navigationConfig-version.cmake
[0.363s] -- Up-to-date symlink: /home/astrox/astrobot_ws/install/astrobot_navigation/share/astrobot_navigation/package.xml
[0.484s] Invoked command in '/home/astrox/astrobot_ws/build/astrobot_navigation' returned '0': CMAKE_PREFIX_PATH=${CMAKE_PREFIX_PATH}:/opt/ros/humble /usr/bin/cmake --install /home/astrox/astrobot_ws/build/astrobot_navigation
