[0.070s] Invoking command in '/home/astrox/astrobot_ws/build/astrobot_slam': CMAKE_PREFIX_PATH=/opt/ros/humble /usr/bin/cmake /home/astrox/astrobot_ws/src/astrobot_slam -DCMAKE_INSTALL_PREFIX=/home/astrox/astrobot_ws/install/astrobot_slam
[0.121s] -- The C compiler identification is GNU 11.4.0
[0.168s] -- The CXX compiler identification is GNU 11.4.0
[0.173s] -- Detecting C compiler ABI info
[0.234s] -- Detecting C compiler ABI info - done
[0.241s] -- Check for working C compiler: /usr/bin/cc - skipped
[0.241s] -- Detecting C compile features
[0.241s] -- Detecting C compile features - done
[0.245s] -- Detecting CXX compiler ABI info
[0.319s] -- Detecting CXX compiler ABI info - done
[0.330s] -- Check for working CXX compiler: /usr/bin/c++ - skipped
[0.331s] -- Detecting CXX compile features
[0.331s] -- Detecting CXX compile features - done
[0.333s] -- Found ament_cmake: 1.3.7 (/opt/ros/humble/share/ament_cmake/cmake)
[0.475s] -- Found Python3: /usr/bin/python3.10 (found version "3.10.12") found components: Interpreter 
[0.550s] -- Found ament_lint_auto: 0.12.10 (/opt/ros/humble/share/ament_lint_auto/cmake)
[0.624s] -- Added test 'lint_cmake' to check CMake code style
[0.625s] -- Added test 'xmllint' to check XML markup files
[0.625s] -- Configuring done
[0.627s] -- Generating done
[0.628s] -- Build files have been written to: /home/astrox/astrobot_ws/build/astrobot_slam
[0.631s] Invoked command in '/home/astrox/astrobot_ws/build/astrobot_slam' returned '0': CMAKE_PREFIX_PATH=/opt/ros/humble /usr/bin/cmake /home/astrox/astrobot_ws/src/astrobot_slam -DCMAKE_INSTALL_PREFIX=/home/astrox/astrobot_ws/install/astrobot_slam
[0.632s] Invoking command in '/home/astrox/astrobot_ws/build/astrobot_slam': CMAKE_PREFIX_PATH=/opt/ros/humble /usr/bin/cmake --build /home/astrox/astrobot_ws/build/astrobot_slam -- -j12 -l12
[0.658s] Invoked command in '/home/astrox/astrobot_ws/build/astrobot_slam' returned '0': CMAKE_PREFIX_PATH=/opt/ros/humble /usr/bin/cmake --build /home/astrox/astrobot_ws/build/astrobot_slam -- -j12 -l12
[0.675s] Invoking command in '/home/astrox/astrobot_ws/build/astrobot_slam': CMAKE_PREFIX_PATH=/opt/ros/humble /usr/bin/cmake --install /home/astrox/astrobot_ws/build/astrobot_slam
[0.683s] -- Install configuration: ""
[0.683s] -- Installing: /home/astrox/astrobot_ws/install/astrobot_slam/share/ament_index/resource_index/package_run_dependencies/astrobot_slam
[0.683s] -- Installing: /home/astrox/astrobot_ws/install/astrobot_slam/share/ament_index/resource_index/parent_prefix_path/astrobot_slam
[0.683s] -- Installing: /home/astrox/astrobot_ws/install/astrobot_slam/share/astrobot_slam/environment/ament_prefix_path.sh
[0.683s] -- Installing: /home/astrox/astrobot_ws/install/astrobot_slam/share/astrobot_slam/environment/ament_prefix_path.dsv
[0.684s] -- Installing: /home/astrox/astrobot_ws/install/astrobot_slam/share/astrobot_slam/environment/path.sh
[0.684s] -- Installing: /home/astrox/astrobot_ws/install/astrobot_slam/share/astrobot_slam/environment/path.dsv
[0.684s] -- Installing: /home/astrox/astrobot_ws/install/astrobot_slam/share/astrobot_slam/local_setup.bash
[0.684s] -- Installing: /home/astrox/astrobot_ws/install/astrobot_slam/share/astrobot_slam/local_setup.sh
[0.684s] -- Installing: /home/astrox/astrobot_ws/install/astrobot_slam/share/astrobot_slam/local_setup.zsh
[0.685s] -- Installing: /home/astrox/astrobot_ws/install/astrobot_slam/share/astrobot_slam/local_setup.dsv
[0.685s] -- Installing: /home/astrox/astrobot_ws/install/astrobot_slam/share/astrobot_slam/package.dsv
[0.685s] -- Installing: /home/astrox/astrobot_ws/install/astrobot_slam/share/ament_index/resource_index/packages/astrobot_slam
[0.685s] -- Installing: /home/astrox/astrobot_ws/install/astrobot_slam/share/astrobot_slam/cmake/astrobot_slamConfig.cmake
[0.685s] -- Installing: /home/astrox/astrobot_ws/install/astrobot_slam/share/astrobot_slam/cmake/astrobot_slamConfig-version.cmake
[0.685s] -- Installing: /home/astrox/astrobot_ws/install/astrobot_slam/share/astrobot_slam/package.xml
[0.766s] Invoked command in '/home/astrox/astrobot_ws/build/astrobot_slam' returned '0': CMAKE_PREFIX_PATH=/opt/ros/humble /usr/bin/cmake --install /home/astrox/astrobot_ws/build/astrobot_slam
