[0.176s] Invoking command in '/home/astrox/astrobot_ws/build/astrobot_description': CMAKE_PREFIX_PATH=/opt/ros/humble /usr/bin/cmake /home/astrox/astrobot_ws/src/astrobot_description -DCMAKE_INSTALL_PREFIX=/home/astrox/astrobot_ws/install/astrobot_description
[0.223s] -- The C compiler identification is GNU 11.4.0
[0.270s] -- The CXX compiler identification is GNU 11.4.0
[0.275s] -- Detecting C compiler ABI info
[0.336s] -- Detecting C compiler ABI info - done
[0.342s] -- Check for working C compiler: /usr/bin/cc - skipped
[0.342s] -- Detecting C compile features
[0.344s] -- Detecting C compile features - done
[0.346s] -- Detecting CXX compiler ABI info
[0.411s] -- Detecting CXX compiler ABI info - done
[0.423s] -- Check for working CXX compiler: /usr/bin/c++ - skipped
[0.424s] -- Detecting CXX compile features
[0.424s] -- Detecting CXX compile features - done
[0.427s] -- Found ament_cmake: 1.3.7 (/opt/ros/humble/share/ament_cmake/cmake)
[0.574s] -- Found Python3: /usr/bin/python3.10 (found version "3.10.12") found components: Interpreter 
[0.648s] -- Found ament_lint_auto: 0.12.10 (/opt/ros/humble/share/ament_lint_auto/cmake)
[0.727s] -- Added test 'lint_cmake' to check CMake code style
[0.728s] -- Added test 'xmllint' to check XML markup files
[0.729s] -- Configuring done
[0.732s] -- Generating done
[0.733s] -- Build files have been written to: /home/astrox/astrobot_ws/build/astrobot_description
[0.738s] Invoked command in '/home/astrox/astrobot_ws/build/astrobot_description' returned '0': CMAKE_PREFIX_PATH=/opt/ros/humble /usr/bin/cmake /home/astrox/astrobot_ws/src/astrobot_description -DCMAKE_INSTALL_PREFIX=/home/astrox/astrobot_ws/install/astrobot_description
[0.740s] Invoking command in '/home/astrox/astrobot_ws/build/astrobot_description': CMAKE_PREFIX_PATH=/opt/ros/humble /usr/bin/cmake --build /home/astrox/astrobot_ws/build/astrobot_description -- -j12 -l12
[0.765s] Invoked command in '/home/astrox/astrobot_ws/build/astrobot_description' returned '0': CMAKE_PREFIX_PATH=/opt/ros/humble /usr/bin/cmake --build /home/astrox/astrobot_ws/build/astrobot_description -- -j12 -l12
[0.781s] Invoking command in '/home/astrox/astrobot_ws/build/astrobot_description': CMAKE_PREFIX_PATH=/opt/ros/humble /usr/bin/cmake --install /home/astrox/astrobot_ws/build/astrobot_description
[0.790s] -- Install configuration: ""
[0.791s] -- Installing: /home/astrox/astrobot_ws/install/astrobot_description/share/ament_index/resource_index/package_run_dependencies/astrobot_description
[0.791s] -- Installing: /home/astrox/astrobot_ws/install/astrobot_description/share/ament_index/resource_index/parent_prefix_path/astrobot_description
[0.791s] -- Installing: /home/astrox/astrobot_ws/install/astrobot_description/share/astrobot_description/environment/ament_prefix_path.sh
[0.791s] -- Installing: /home/astrox/astrobot_ws/install/astrobot_description/share/astrobot_description/environment/ament_prefix_path.dsv
[0.792s] -- Installing: /home/astrox/astrobot_ws/install/astrobot_description/share/astrobot_description/environment/path.sh
[0.792s] -- Installing: /home/astrox/astrobot_ws/install/astrobot_description/share/astrobot_description/environment/path.dsv
[0.792s] -- Installing: /home/astrox/astrobot_ws/install/astrobot_description/share/astrobot_description/local_setup.bash
[0.792s] -- Installing: /home/astrox/astrobot_ws/install/astrobot_description/share/astrobot_description/local_setup.sh
[0.792s] -- Installing: /home/astrox/astrobot_ws/install/astrobot_description/share/astrobot_description/local_setup.zsh
[0.793s] -- Installing: /home/astrox/astrobot_ws/install/astrobot_description/share/astrobot_description/local_setup.dsv
[0.793s] -- Installing: /home/astrox/astrobot_ws/install/astrobot_description/share/astrobot_description/package.dsv
[0.793s] -- Installing: /home/astrox/astrobot_ws/install/astrobot_description/share/ament_index/resource_index/packages/astrobot_description
[0.793s] -- Installing: /home/astrox/astrobot_ws/install/astrobot_description/share/astrobot_description/cmake/astrobot_descriptionConfig.cmake
[0.793s] -- Installing: /home/astrox/astrobot_ws/install/astrobot_description/share/astrobot_description/cmake/astrobot_descriptionConfig-version.cmake
[0.793s] -- Installing: /home/astrox/astrobot_ws/install/astrobot_description/share/astrobot_description/package.xml
[0.920s] Invoked command in '/home/astrox/astrobot_ws/build/astrobot_description' returned '0': CMAKE_PREFIX_PATH=/opt/ros/humble /usr/bin/cmake --install /home/astrox/astrobot_ws/build/astrobot_description
