[0.229s] Invoking command in '/home/astrox/astrobot_ws/build/astrobot_description': CMAKE_PREFIX_PATH=${CMAKE_PREFIX_PATH}:/opt/ros/humble /usr/bin/cmake /home/astrox/astrobot_ws/src/astrobot_description -DAMENT_CMAKE_SYMLINK_INSTALL=1 -DCMAKE_INSTALL_PREFIX=/home/astrox/astrobot_ws/install/astrobot_description
[0.241s] -- Found ament_cmake: 1.3.7 (/opt/ros/humble/share/ament_cmake/cmake)
[0.390s] -- Override CMake install command with custom implementation using symlinks instead of copying resources
[0.405s] -- Found urdf: 2.6.0 (/opt/ros/humble/share/urdf/cmake)
[0.539s] -- Configuring done
[0.543s] -- Generating done
[0.545s] -- Build files have been written to: /home/astrox/astrobot_ws/build/astrobot_description
[0.548s] Invoked command in '/home/astrox/astrobot_ws/build/astrobot_description' returned '0': CMAKE_PREFIX_PATH=${CMAKE_PREFIX_PATH}:/opt/ros/humble /usr/bin/cmake /home/astrox/astrobot_ws/src/astrobot_description -DAMENT_CMAKE_SYMLINK_INSTALL=1 -DCMAKE_INSTALL_PREFIX=/home/astrox/astrobot_ws/install/astrobot_description
[0.550s] Invoking command in '/home/astrox/astrobot_ws/build/astrobot_description': CMAKE_PREFIX_PATH=${CMAKE_PREFIX_PATH}:/opt/ros/humble /usr/bin/cmake --build /home/astrox/astrobot_ws/build/astrobot_description -- -j12 -l12
[0.583s] Invoked command in '/home/astrox/astrobot_ws/build/astrobot_description' returned '0': CMAKE_PREFIX_PATH=${CMAKE_PREFIX_PATH}:/opt/ros/humble /usr/bin/cmake --build /home/astrox/astrobot_ws/build/astrobot_description -- -j12 -l12
[0.602s] Invoking command in '/home/astrox/astrobot_ws/build/astrobot_description': CMAKE_PREFIX_PATH=${CMAKE_PREFIX_PATH}:/opt/ros/humble /usr/bin/cmake --install /home/astrox/astrobot_ws/build/astrobot_description
[0.612s] -- Install configuration: ""
[0.613s] -- Execute custom install script
[0.613s] -- Symlinking: /home/astrox/astrobot_ws/install/astrobot_description/share/astrobot_description/launch/view_robot_launch.py
[0.621s] -- Symlinking: /home/astrox/astrobot_ws/install/astrobot_description/share/astrobot_description/urdf/astrobot.urdf
[0.629s] -- Symlinking: /home/astrox/astrobot_ws/install/astrobot_description/share/astrobot_description/rviz/description.rviz
[0.637s] -- Symlinking: /home/astrox/astrobot_ws/install/astrobot_description/share/astrobot_description/config/joint_state.yaml
[0.645s] -- Symlinking: /home/astrox/astrobot_ws/install/astrobot_description/share/astrobot_description/meshes/mecanum/Front_Lw.STL
[0.654s] -- Symlinking: /home/astrox/astrobot_ws/install/astrobot_description/share/astrobot_description/meshes/mecanum/Front_Rw.STL
[0.661s] -- Symlinking: /home/astrox/astrobot_ws/install/astrobot_description/share/astrobot_description/meshes/mecanum/Rear_Lw.STL
[0.667s] -- Symlinking: /home/astrox/astrobot_ws/install/astrobot_description/share/astrobot_description/meshes/mecanum/Rear_Rw.STL
[0.674s] -- Symlinking: /home/astrox/astrobot_ws/install/astrobot_description/share/astrobot_description/meshes/mecanum/base_link.STL
[0.681s] -- Symlinking: /home/astrox/astrobot_ws/install/astrobot_description/share/astrobot_description/meshes/sensor/camera_sensor.STL
[0.687s] -- Symlinking: /home/astrox/astrobot_ws/install/astrobot_description/share/astrobot_description/meshes/sensor/lida_sensor.STL
[0.694s] -- Symlinking: /home/astrox/astrobot_ws/install/astrobot_description/share/ament_index/resource_index/package_run_dependencies/astrobot_description
[0.701s] -- Symlinking: /home/astrox/astrobot_ws/install/astrobot_description/share/ament_index/resource_index/parent_prefix_path/astrobot_description
[0.707s] -- Symlinking: /home/astrox/astrobot_ws/install/astrobot_description/share/astrobot_description/environment/ament_prefix_path.sh
[0.716s] -- Symlinking: /home/astrox/astrobot_ws/install/astrobot_description/share/astrobot_description/environment/ament_prefix_path.dsv
[0.723s] -- Symlinking: /home/astrox/astrobot_ws/install/astrobot_description/share/astrobot_description/environment/path.sh
[0.729s] -- Symlinking: /home/astrox/astrobot_ws/install/astrobot_description/share/astrobot_description/environment/path.dsv
[0.736s] -- Symlinking: /home/astrox/astrobot_ws/install/astrobot_description/share/astrobot_description/local_setup.bash
[0.743s] -- Symlinking: /home/astrox/astrobot_ws/install/astrobot_description/share/astrobot_description/local_setup.sh
[0.749s] -- Symlinking: /home/astrox/astrobot_ws/install/astrobot_description/share/astrobot_description/local_setup.zsh
[0.755s] -- Symlinking: /home/astrox/astrobot_ws/install/astrobot_description/share/astrobot_description/local_setup.dsv
[0.762s] -- Symlinking: /home/astrox/astrobot_ws/install/astrobot_description/share/astrobot_description/package.dsv
[0.769s] -- Symlinking: /home/astrox/astrobot_ws/install/astrobot_description/share/ament_index/resource_index/packages/astrobot_description
[0.775s] -- Symlinking: /home/astrox/astrobot_ws/install/astrobot_description/share/astrobot_description/cmake/astrobot_descriptionConfig.cmake
[0.781s] -- Symlinking: /home/astrox/astrobot_ws/install/astrobot_description/share/astrobot_description/cmake/astrobot_descriptionConfig-version.cmake
[0.787s] -- Symlinking: /home/astrox/astrobot_ws/install/astrobot_description/share/astrobot_description/package.xml
[0.918s] Invoked command in '/home/astrox/astrobot_ws/build/astrobot_description' returned '0': CMAKE_PREFIX_PATH=${CMAKE_PREFIX_PATH}:/opt/ros/humble /usr/bin/cmake --install /home/astrox/astrobot_ws/build/astrobot_description
