[0.073s] Invoking command in '/home/astrox/astrobot_ws/build/astrobot_slam': CMAKE_PREFIX_PATH=${CMAKE_PREFIX_PATH}:/opt/ros/humble /usr/bin/cmake --build /home/astrox/astrobot_ws/build/astrobot_slam -- -j12 -l12
[0.100s] Invoked command in '/home/astrox/astrobot_ws/build/astrobot_slam' returned '0': CMAKE_PREFIX_PATH=${CMAKE_PREFIX_PATH}:/opt/ros/humble /usr/bin/cmake --build /home/astrox/astrobot_ws/build/astrobot_slam -- -j12 -l12
[0.120s] Invoking command in '/home/astrox/astrobot_ws/build/astrobot_slam': CMAKE_PREFIX_PATH=${CMAKE_PREFIX_PATH}:/opt/ros/humble /usr/bin/cmake --install /home/astrox/astrobot_ws/build/astrobot_slam
[0.134s] -- Install configuration: ""
[0.134s] -- Up-to-date: /home/astrox/astrobot_ws/install/astrobot_slam/share/ament_index/resource_index/package_run_dependencies/astrobot_slam
[0.134s] -- Up-to-date: /home/astrox/astrobot_ws/install/astrobot_slam/share/ament_index/resource_index/parent_prefix_path/astrobot_slam
[0.134s] -- Up-to-date: /home/astrox/astrobot_ws/install/astrobot_slam/share/astrobot_slam/environment/ament_prefix_path.sh
[0.134s] -- Up-to-date: /home/astrox/astrobot_ws/install/astrobot_slam/share/astrobot_slam/environment/ament_prefix_path.dsv
[0.134s] -- Up-to-date: /home/astrox/astrobot_ws/install/astrobot_slam/share/astrobot_slam/environment/path.sh
[0.135s] -- Up-to-date: /home/astrox/astrobot_ws/install/astrobot_slam/share/astrobot_slam/environment/path.dsv
[0.135s] -- Up-to-date: /home/astrox/astrobot_ws/install/astrobot_slam/share/astrobot_slam/local_setup.bash
[0.135s] -- Up-to-date: /home/astrox/astrobot_ws/install/astrobot_slam/share/astrobot_slam/local_setup.sh
[0.135s] -- Up-to-date: /home/astrox/astrobot_ws/install/astrobot_slam/share/astrobot_slam/local_setup.zsh
[0.135s] -- Up-to-date: /home/astrox/astrobot_ws/install/astrobot_slam/share/astrobot_slam/local_setup.dsv
[0.135s] -- Installing: /home/astrox/astrobot_ws/install/astrobot_slam/share/astrobot_slam/package.dsv
[0.135s] -- Up-to-date: /home/astrox/astrobot_ws/install/astrobot_slam/share/ament_index/resource_index/packages/astrobot_slam
[0.136s] -- Up-to-date: /home/astrox/astrobot_ws/install/astrobot_slam/share/astrobot_slam/cmake/astrobot_slamConfig.cmake
[0.136s] -- Up-to-date: /home/astrox/astrobot_ws/install/astrobot_slam/share/astrobot_slam/cmake/astrobot_slamConfig-version.cmake
[0.136s] -- Up-to-date: /home/astrox/astrobot_ws/install/astrobot_slam/share/astrobot_slam/package.xml
[0.263s] Invoked command in '/home/astrox/astrobot_ws/build/astrobot_slam' returned '0': CMAKE_PREFIX_PATH=${CMAKE_PREFIX_PATH}:/opt/ros/humble /usr/bin/cmake --install /home/astrox/astrobot_ws/build/astrobot_slam
