[0.119s] Invoking command in '/home/astrox/astrobot_ws/build/astrobot_slam': CMAKE_PREFIX_PATH=${CMAKE_PREFIX_PATH}:/opt/ros/humble /usr/bin/cmake /home/astrox/astrobot_ws/src/astrobot_slam -DAMENT_CMAKE_SYMLINK_INSTALL=1 -DCMAKE_INSTALL_PREFIX=/home/astrox/astrobot_ws/install/astrobot_slam
[0.127s] -- Found ament_cmake: 1.3.7 (/opt/ros/humble/share/ament_cmake/cmake)
[0.264s] -- Override CMake install command with custom implementation using symlinks instead of copying resources
[0.338s] -- Configuring done
[0.342s] -- Generating done
[0.344s] -- Build files have been written to: /home/astrox/astrobot_ws/build/astrobot_slam
[0.344s] Invoked command in '/home/astrox/astrobot_ws/build/astrobot_slam' returned '0': CMAKE_PREFIX_PATH=${CMAKE_PREFIX_PATH}:/opt/ros/humble /usr/bin/cmake /home/astrox/astrobot_ws/src/astrobot_slam -DAMENT_CMAKE_SYMLINK_INSTALL=1 -DCMAKE_INSTALL_PREFIX=/home/astrox/astrobot_ws/install/astrobot_slam
[0.346s] Invoking command in '/home/astrox/astrobot_ws/build/astrobot_slam': CMAKE_PREFIX_PATH=${CMAKE_PREFIX_PATH}:/opt/ros/humble /usr/bin/cmake --build /home/astrox/astrobot_ws/build/astrobot_slam -- -j12 -l12
[0.377s] Invoked command in '/home/astrox/astrobot_ws/build/astrobot_slam' returned '0': CMAKE_PREFIX_PATH=${CMAKE_PREFIX_PATH}:/opt/ros/humble /usr/bin/cmake --build /home/astrox/astrobot_ws/build/astrobot_slam -- -j12 -l12
[0.395s] Invoking command in '/home/astrox/astrobot_ws/build/astrobot_slam': CMAKE_PREFIX_PATH=${CMAKE_PREFIX_PATH}:/opt/ros/humble /usr/bin/cmake --install /home/astrox/astrobot_ws/build/astrobot_slam
[0.405s] -- Install configuration: ""
[0.405s] -- Execute custom install script
[0.406s] -- Up-to-date symlink: /home/astrox/astrobot_ws/install/astrobot_slam/share/astrobot_slam/launch/slam_launch.py
[0.406s] -- Up-to-date symlink: /home/astrox/astrobot_ws/install/astrobot_slam/share/astrobot_slam/rviz/astrobot_slam.rviz
[0.406s] -- Up-to-date symlink: /home/astrox/astrobot_ws/install/astrobot_slam/share/astrobot_slam/config/slam.yaml
[0.406s] -- Up-to-date symlink: /home/astrox/astrobot_ws/install/astrobot_slam/share/ament_index/resource_index/package_run_dependencies/astrobot_slam
[0.406s] -- Up-to-date symlink: /home/astrox/astrobot_ws/install/astrobot_slam/share/ament_index/resource_index/parent_prefix_path/astrobot_slam
[0.406s] -- Up-to-date symlink: /home/astrox/astrobot_ws/install/astrobot_slam/share/astrobot_slam/environment/ament_prefix_path.sh
[0.406s] -- Up-to-date symlink: /home/astrox/astrobot_ws/install/astrobot_slam/share/astrobot_slam/environment/ament_prefix_path.dsv
[0.406s] -- Up-to-date symlink: /home/astrox/astrobot_ws/install/astrobot_slam/share/astrobot_slam/environment/path.sh
[0.406s] -- Up-to-date symlink: /home/astrox/astrobot_ws/install/astrobot_slam/share/astrobot_slam/environment/path.dsv
[0.406s] -- Up-to-date symlink: /home/astrox/astrobot_ws/install/astrobot_slam/share/astrobot_slam/local_setup.bash
[0.407s] -- Up-to-date symlink: /home/astrox/astrobot_ws/install/astrobot_slam/share/astrobot_slam/local_setup.sh
[0.407s] -- Up-to-date symlink: /home/astrox/astrobot_ws/install/astrobot_slam/share/astrobot_slam/local_setup.zsh
[0.407s] -- Up-to-date symlink: /home/astrox/astrobot_ws/install/astrobot_slam/share/astrobot_slam/local_setup.dsv
[0.407s] -- Symlinking: /home/astrox/astrobot_ws/install/astrobot_slam/share/astrobot_slam/package.dsv
[0.413s] -- Up-to-date symlink: /home/astrox/astrobot_ws/install/astrobot_slam/share/ament_index/resource_index/packages/astrobot_slam
[0.413s] -- Up-to-date symlink: /home/astrox/astrobot_ws/install/astrobot_slam/share/astrobot_slam/cmake/astrobot_slamConfig.cmake
[0.413s] -- Up-to-date symlink: /home/astrox/astrobot_ws/install/astrobot_slam/share/astrobot_slam/cmake/astrobot_slamConfig-version.cmake
[0.413s] -- Up-to-date symlink: /home/astrox/astrobot_ws/install/astrobot_slam/share/astrobot_slam/package.xml
[0.503s] Invoked command in '/home/astrox/astrobot_ws/build/astrobot_slam' returned '0': CMAKE_PREFIX_PATH=${CMAKE_PREFIX_PATH}:/opt/ros/humble /usr/bin/cmake --install /home/astrox/astrobot_ws/build/astrobot_slam
