[0.057s] Invoking command in '/home/astrox/astrobot_ws/build/astrobot_base': CMAKE_PREFIX_PATH=/opt/ros/humble /usr/bin/cmake /home/astrox/astrobot_ws/src/astrobot_base -DCMAKE_INSTALL_PREFIX=/home/astrox/astrobot_ws/install/astrobot_base
[0.211s] -- The C compiler identification is GNU 11.4.0
[0.285s] -- The CXX compiler identification is GNU 11.4.0
[0.293s] -- Detecting C compiler ABI info
[0.348s] -- Detecting C compiler ABI info - done
[0.355s] -- Check for working C compiler: /usr/bin/cc - skipped
[0.355s] -- Detecting C compile features
[0.355s] -- Detecting C compile features - done
[0.358s] -- Detecting CXX compiler ABI info
[0.417s] -- Detecting CXX compiler ABI info - done
[0.423s] -- Check for working CXX compiler: /usr/bin/c++ - skipped
[0.423s] -- Detecting CXX compile features
[0.423s] -- Detecting CXX compile features - done
[0.426s] -- Found ament_cmake: 1.3.7 (/opt/ros/humble/share/ament_cmake/cmake)
[0.557s] -- Found Python3: /usr/bin/python3.10 (found version "3.10.12") found components: Interpreter 
[0.683s] -- Configuring done
[0.685s] -- Generating done
[0.685s] -- Build files have been written to: /home/astrox/astrobot_ws/build/astrobot_base
[0.688s] Invoked command in '/home/astrox/astrobot_ws/build/astrobot_base' returned '0': CMAKE_PREFIX_PATH=/opt/ros/humble /usr/bin/cmake /home/astrox/astrobot_ws/src/astrobot_base -DCMAKE_INSTALL_PREFIX=/home/astrox/astrobot_ws/install/astrobot_base
[0.689s] Invoking command in '/home/astrox/astrobot_ws/build/astrobot_base': CMAKE_PREFIX_PATH=/opt/ros/humble /usr/bin/cmake --build /home/astrox/astrobot_ws/build/astrobot_base -- -j12 -l12
[0.717s] Invoked command in '/home/astrox/astrobot_ws/build/astrobot_base' returned '0': CMAKE_PREFIX_PATH=/opt/ros/humble /usr/bin/cmake --build /home/astrox/astrobot_ws/build/astrobot_base -- -j12 -l12
[0.740s] Invoking command in '/home/astrox/astrobot_ws/build/astrobot_base': CMAKE_PREFIX_PATH=/opt/ros/humble /usr/bin/cmake --install /home/astrox/astrobot_ws/build/astrobot_base
[0.745s] -- Install configuration: ""
[0.745s] -- Installing: /home/astrox/astrobot_ws/install/astrobot_base/share/astrobot_base/config
[0.745s] -- Installing: /home/astrox/astrobot_ws/install/astrobot_base/share/astrobot_base/config/ekf.yaml
[0.745s] -- Installing: /home/astrox/astrobot_ws/install/astrobot_base/share/ament_index/resource_index/package_run_dependencies/astrobot_base
[0.745s] -- Installing: /home/astrox/astrobot_ws/install/astrobot_base/share/ament_index/resource_index/parent_prefix_path/astrobot_base
[0.745s] -- Installing: /home/astrox/astrobot_ws/install/astrobot_base/share/astrobot_base/environment/ament_prefix_path.sh
[0.746s] -- Installing: /home/astrox/astrobot_ws/install/astrobot_base/share/astrobot_base/environment/ament_prefix_path.dsv
[0.746s] -- Installing: /home/astrox/astrobot_ws/install/astrobot_base/share/astrobot_base/environment/path.sh
[0.746s] -- Installing: /home/astrox/astrobot_ws/install/astrobot_base/share/astrobot_base/environment/path.dsv
[0.746s] -- Installing: /home/astrox/astrobot_ws/install/astrobot_base/share/astrobot_base/local_setup.bash
[0.746s] -- Installing: /home/astrox/astrobot_ws/install/astrobot_base/share/astrobot_base/local_setup.sh
[0.746s] -- Installing: /home/astrox/astrobot_ws/install/astrobot_base/share/astrobot_base/local_setup.zsh
[0.746s] -- Installing: /home/astrox/astrobot_ws/install/astrobot_base/share/astrobot_base/local_setup.dsv
[0.747s] -- Installing: /home/astrox/astrobot_ws/install/astrobot_base/share/astrobot_base/package.dsv
[0.747s] -- Installing: /home/astrox/astrobot_ws/install/astrobot_base/share/ament_index/resource_index/packages/astrobot_base
[0.747s] -- Installing: /home/astrox/astrobot_ws/install/astrobot_base/share/astrobot_base/cmake/astrobot_baseConfig.cmake
[0.747s] -- Installing: /home/astrox/astrobot_ws/install/astrobot_base/share/astrobot_base/cmake/astrobot_baseConfig-version.cmake
[0.747s] -- Installing: /home/astrox/astrobot_ws/install/astrobot_base/share/astrobot_base/package.xml
[0.749s] Invoked command in '/home/astrox/astrobot_ws/build/astrobot_base' returned '0': CMAKE_PREFIX_PATH=/opt/ros/humble /usr/bin/cmake --install /home/astrox/astrobot_ws/build/astrobot_base
