-- Found ament_cmake: 1.3.7 (/opt/ros/humble/share/ament_cmake/cmake)
-- Override CMake install command with custom implementation using symlinks instead of copying resources
-- Found ament_lint_auto: 0.12.10 (/opt/ros/humble/share/ament_lint_auto/cmake)
-- Added test 'lint_cmake' to check CMake code style
-- Added test 'xmllint' to check XML markup files
-- Configuring done
-- Generating done
-- Build files have been written to: /home/astrox/astrobot_ws/build/astrobot_slam
-- Install configuration: ""
-- Execute custom install script
-- Symlinking: /home/astrox/astrobot_ws/install/astrobot_slam/share/ament_index/resource_index/package_run_dependencies/astrobot_slam
-- Symlinking: /home/astrox/astrobot_ws/install/astrobot_slam/share/ament_index/resource_index/parent_prefix_path/astrobot_slam
-- Symlinking: /home/astrox/astrobot_ws/install/astrobot_slam/share/astrobot_slam/environment/ament_prefix_path.sh
-- Symlinking: /home/astrox/astrobot_ws/install/astrobot_slam/share/astrobot_slam/environment/ament_prefix_path.dsv
-- Symlinking: /home/astrox/astrobot_ws/install/astrobot_slam/share/astrobot_slam/environment/path.sh
-- Symlinking: /home/astrox/astrobot_ws/install/astrobot_slam/share/astrobot_slam/environment/path.dsv
-- Symlinking: /home/astrox/astrobot_ws/install/astrobot_slam/share/astrobot_slam/local_setup.bash
-- Symlinking: /home/astrox/astrobot_ws/install/astrobot_slam/share/astrobot_slam/local_setup.sh
-- Symlinking: /home/astrox/astrobot_ws/install/astrobot_slam/share/astrobot_slam/local_setup.zsh
-- Symlinking: /home/astrox/astrobot_ws/install/astrobot_slam/share/astrobot_slam/local_setup.dsv
-- Symlinking: /home/astrox/astrobot_ws/install/astrobot_slam/share/astrobot_slam/package.dsv
-- Symlinking: /home/astrox/astrobot_ws/install/astrobot_slam/share/ament_index/resource_index/packages/astrobot_slam
-- Symlinking: /home/astrox/astrobot_ws/install/astrobot_slam/share/astrobot_slam/cmake/astrobot_slamConfig.cmake
-- Symlinking: /home/astrox/astrobot_ws/install/astrobot_slam/share/astrobot_slam/cmake/astrobot_slamConfig-version.cmake
-- Symlinking: /home/astrox/astrobot_ws/install/astrobot_slam/share/astrobot_slam/package.xml
