[0.061s] Invoking command in '/home/astrox/astrobot_ws/build/astrobot_bringup': CMAKE_PREFIX_PATH=/home/astrox/astrobot_ws/install/micro_ros_agent:/home/astrox/astrobot_ws/install/micro_ros_msgs:/home/astrox/astrobot_ws/install/sllidar_ros2:/home/astrox/astrobot_ws/install/micro_ros_setup:/home/astrox/astrobot_ws/install/astrobot_bringup:/home/astrox/astrobot_ws/install/astrobot_slam:/home/astrox/astrobot_ws/install/astrobot_navigation:/home/astrox/astrobot_ws/install/astrobot_description:/home/astrox/astrobot_ws/install/astrobot_base:/opt/ros/humble /usr/bin/cmake --build /home/astrox/astrobot_ws/build/astrobot_bringup -- -j12 -l12
[0.088s] Invoked command in '/home/astrox/astrobot_ws/build/astrobot_bringup' returned '0': CMAKE_PREFIX_PATH=/home/astrox/astrobot_ws/install/micro_ros_agent:/home/astrox/astrobot_ws/install/micro_ros_msgs:/home/astrox/astrobot_ws/install/sllidar_ros2:/home/astrox/astrobot_ws/install/micro_ros_setup:/home/astrox/astrobot_ws/install/astrobot_bringup:/home/astrox/astrobot_ws/install/astrobot_slam:/home/astrox/astrobot_ws/install/astrobot_navigation:/home/astrox/astrobot_ws/install/astrobot_description:/home/astrox/astrobot_ws/install/astrobot_base:/opt/ros/humble /usr/bin/cmake --build /home/astrox/astrobot_ws/build/astrobot_bringup -- -j12 -l12
[0.101s] Invoking command in '/home/astrox/astrobot_ws/build/astrobot_bringup': CMAKE_PREFIX_PATH=/home/astrox/astrobot_ws/install/micro_ros_agent:/home/astrox/astrobot_ws/install/micro_ros_msgs:/home/astrox/astrobot_ws/install/sllidar_ros2:/home/astrox/astrobot_ws/install/micro_ros_setup:/home/astrox/astrobot_ws/install/astrobot_bringup:/home/astrox/astrobot_ws/install/astrobot_slam:/home/astrox/astrobot_ws/install/astrobot_navigation:/home/astrox/astrobot_ws/install/astrobot_description:/home/astrox/astrobot_ws/install/astrobot_base:/opt/ros/humble /usr/bin/cmake --install /home/astrox/astrobot_ws/build/astrobot_bringup
[0.107s] -- Install configuration: ""
[0.107s] -- Execute custom install script
[0.108s] -- Up-to-date symlink: /home/astrox/astrobot_ws/install/astrobot_bringup/share/astrobot_bringup/launch/astrobot_launch.py
[0.108s] -- Up-to-date symlink: /home/astrox/astrobot_ws/install/astrobot_bringup/share/astrobot_bringup/launch/extra_launch.py
[0.108s] -- Up-to-date symlink: /home/astrox/astrobot_ws/install/astrobot_bringup/share/astrobot_bringup/launch/joy_teleop_launch.py
[0.108s] -- Up-to-date symlink: /home/astrox/astrobot_ws/install/astrobot_bringup/share/astrobot_bringup/launch/laser_sensor_launch.py
[0.108s] -- Up-to-date symlink: /home/astrox/astrobot_ws/install/astrobot_bringup/share/astrobot_bringup/launch/robot_bringup_launch.py
[0.108s] -- Up-to-date symlink: /home/astrox/astrobot_ws/install/astrobot_bringup/share/astrobot_bringup/config/box_laser_filter.yaml
[0.108s] -- Up-to-date symlink: /home/astrox/astrobot_ws/install/astrobot_bringup/share/astrobot_bringup/config/fake_laser.yaml
[0.108s] -- Up-to-date symlink: /home/astrox/astrobot_ws/install/astrobot_bringup/share/astrobot_bringup/config/joy.yaml
[0.109s] -- Up-to-date symlink: /home/astrox/astrobot_ws/install/astrobot_bringup/share/ament_index/resource_index/package_run_dependencies/astrobot_bringup
[0.109s] -- Up-to-date symlink: /home/astrox/astrobot_ws/install/astrobot_bringup/share/ament_index/resource_index/parent_prefix_path/astrobot_bringup
[0.109s] -- Up-to-date symlink: /home/astrox/astrobot_ws/install/astrobot_bringup/share/astrobot_bringup/environment/ament_prefix_path.sh
[0.110s] -- Up-to-date symlink: /home/astrox/astrobot_ws/install/astrobot_bringup/share/astrobot_bringup/environment/ament_prefix_path.dsv
[0.110s] -- Up-to-date symlink: /home/astrox/astrobot_ws/install/astrobot_bringup/share/astrobot_bringup/environment/path.sh
[0.110s] -- Up-to-date symlink: /home/astrox/astrobot_ws/install/astrobot_bringup/share/astrobot_bringup/environment/path.dsv
[0.110s] -- Up-to-date symlink: /home/astrox/astrobot_ws/install/astrobot_bringup/share/astrobot_bringup/local_setup.bash
[0.110s] -- Up-to-date symlink: /home/astrox/astrobot_ws/install/astrobot_bringup/share/astrobot_bringup/local_setup.sh
[0.111s] -- Up-to-date symlink: /home/astrox/astrobot_ws/install/astrobot_bringup/share/astrobot_bringup/local_setup.zsh
[0.111s] -- Up-to-date symlink: /home/astrox/astrobot_ws/install/astrobot_bringup/share/astrobot_bringup/local_setup.dsv
[0.111s] -- Symlinking: /home/astrox/astrobot_ws/install/astrobot_bringup/share/astrobot_bringup/package.dsv
[0.118s] -- Up-to-date symlink: /home/astrox/astrobot_ws/install/astrobot_bringup/share/ament_index/resource_index/packages/astrobot_bringup
[0.118s] -- Up-to-date symlink: /home/astrox/astrobot_ws/install/astrobot_bringup/share/astrobot_bringup/cmake/astrobot_bringupConfig.cmake
[0.118s] -- Up-to-date symlink: /home/astrox/astrobot_ws/install/astrobot_bringup/share/astrobot_bringup/cmake/astrobot_bringupConfig-version.cmake
[0.118s] -- Up-to-date symlink: /home/astrox/astrobot_ws/install/astrobot_bringup/share/astrobot_bringup/package.xml
[0.120s] Invoked command in '/home/astrox/astrobot_ws/build/astrobot_bringup' returned '0': CMAKE_PREFIX_PATH=/home/astrox/astrobot_ws/install/micro_ros_agent:/home/astrox/astrobot_ws/install/micro_ros_msgs:/home/astrox/astrobot_ws/install/sllidar_ros2:/home/astrox/astrobot_ws/install/micro_ros_setup:/home/astrox/astrobot_ws/install/astrobot_bringup:/home/astrox/astrobot_ws/install/astrobot_slam:/home/astrox/astrobot_ws/install/astrobot_navigation:/home/astrox/astrobot_ws/install/astrobot_description:/home/astrox/astrobot_ws/install/astrobot_base:/opt/ros/humble /usr/bin/cmake --install /home/astrox/astrobot_ws/build/astrobot_bringup
