[0.169s] Invoking command in '/home/astrox/astrobot_ws/build/astrobot_description': CMAKE_PREFIX_PATH=/opt/ros/humble /usr/bin/cmake --build /home/astrox/astrobot_ws/build/astrobot_description -- -j12 -l12
[0.185s] -- Found ament_cmake: 1.3.7 (/opt/ros/humble/share/ament_cmake/cmake)
[0.319s] -- Found urdf: 2.6.0 (/opt/ros/humble/share/urdf/cmake)
[0.418s] -- Configuring done
[0.419s] -- Generating done
[0.420s] -- Build files have been written to: /home/astrox/astrobot_ws/build/astrobot_description
[0.589s] Invoked command in '/home/astrox/astrobot_ws/build/astrobot_description' returned '0': CMAKE_PREFIX_PATH=/opt/ros/humble /usr/bin/cmake --build /home/astrox/astrobot_ws/build/astrobot_description -- -j12 -l12
[0.646s] Invoking command in '/home/astrox/astrobot_ws/build/astrobot_description': CMAKE_PREFIX_PATH=/opt/ros/humble /usr/bin/cmake --install /home/astrox/astrobot_ws/build/astrobot_description
[0.651s] -- Install configuration: ""
[0.651s] -- Installing: /home/astrox/astrobot_ws/install/astrobot_description/share/astrobot_description/launch
[0.651s] -- Installing: /home/astrox/astrobot_ws/install/astrobot_description/share/astrobot_description/launch/view_robot_launch.py
[0.651s] -- Installing: /home/astrox/astrobot_ws/install/astrobot_description/share/astrobot_description/urdf
[0.651s] -- Installing: /home/astrox/astrobot_ws/install/astrobot_description/share/astrobot_description/urdf/astrobot.urdf
[0.651s] -- Installing: /home/astrox/astrobot_ws/install/astrobot_description/share/astrobot_description/rviz
[0.652s] -- Installing: /home/astrox/astrobot_ws/install/astrobot_description/share/astrobot_description/rviz/description.rviz
[0.652s] -- Installing: /home/astrox/astrobot_ws/install/astrobot_description/share/astrobot_description/config
[0.652s] -- Installing: /home/astrox/astrobot_ws/install/astrobot_description/share/astrobot_description/config/joint_state.yaml
[0.652s] -- Installing: /home/astrox/astrobot_ws/install/astrobot_description/share/astrobot_description/meshes
[0.652s] -- Installing: /home/astrox/astrobot_ws/install/astrobot_description/share/astrobot_description/meshes/sensor
[0.652s] -- Installing: /home/astrox/astrobot_ws/install/astrobot_description/share/astrobot_description/meshes/sensor/lida_sensor.STL
[0.652s] -- Installing: /home/astrox/astrobot_ws/install/astrobot_description/share/astrobot_description/meshes/sensor/camera_sensor.STL
[0.652s] -- Installing: /home/astrox/astrobot_ws/install/astrobot_description/share/astrobot_description/meshes/mecanum
[0.652s] -- Installing: /home/astrox/astrobot_ws/install/astrobot_description/share/astrobot_description/meshes/mecanum/Front_Rw.STL
[0.657s] -- Installing: /home/astrox/astrobot_ws/install/astrobot_description/share/astrobot_description/meshes/mecanum/Rear_Lw.STL
[0.661s] -- Installing: /home/astrox/astrobot_ws/install/astrobot_description/share/astrobot_description/meshes/mecanum/Front_Lw.STL
[0.665s] -- Installing: /home/astrox/astrobot_ws/install/astrobot_description/share/astrobot_description/meshes/mecanum/base_link.STL
[0.669s] -- Installing: /home/astrox/astrobot_ws/install/astrobot_description/share/astrobot_description/meshes/mecanum/Rear_Rw.STL
[0.673s] -- Up-to-date: /home/astrox/astrobot_ws/install/astrobot_description/share/ament_index/resource_index/package_run_dependencies/astrobot_description
[0.673s] -- Up-to-date: /home/astrox/astrobot_ws/install/astrobot_description/share/ament_index/resource_index/parent_prefix_path/astrobot_description
[0.673s] -- Up-to-date: /home/astrox/astrobot_ws/install/astrobot_description/share/astrobot_description/environment/ament_prefix_path.sh
[0.673s] -- Installing: /home/astrox/astrobot_ws/install/astrobot_description/share/astrobot_description/environment/ament_prefix_path.dsv
[0.673s] -- Up-to-date: /home/astrox/astrobot_ws/install/astrobot_description/share/astrobot_description/environment/path.sh
[0.673s] -- Installing: /home/astrox/astrobot_ws/install/astrobot_description/share/astrobot_description/environment/path.dsv
[0.674s] -- Up-to-date: /home/astrox/astrobot_ws/install/astrobot_description/share/astrobot_description/local_setup.bash
[0.674s] -- Up-to-date: /home/astrox/astrobot_ws/install/astrobot_description/share/astrobot_description/local_setup.sh
[0.674s] -- Up-to-date: /home/astrox/astrobot_ws/install/astrobot_description/share/astrobot_description/local_setup.zsh
[0.674s] -- Installing: /home/astrox/astrobot_ws/install/astrobot_description/share/astrobot_description/local_setup.dsv
[0.674s] -- Installing: /home/astrox/astrobot_ws/install/astrobot_description/share/astrobot_description/package.dsv
[0.674s] -- Up-to-date: /home/astrox/astrobot_ws/install/astrobot_description/share/ament_index/resource_index/packages/astrobot_description
[0.674s] -- Up-to-date: /home/astrox/astrobot_ws/install/astrobot_description/share/astrobot_description/cmake/astrobot_descriptionConfig.cmake
[0.674s] -- Up-to-date: /home/astrox/astrobot_ws/install/astrobot_description/share/astrobot_description/cmake/astrobot_descriptionConfig-version.cmake
[0.674s] -- Up-to-date: /home/astrox/astrobot_ws/install/astrobot_description/share/astrobot_description/package.xml
[0.675s] Invoked command in '/home/astrox/astrobot_ws/build/astrobot_description' returned '0': CMAKE_PREFIX_PATH=/opt/ros/humble /usr/bin/cmake --install /home/astrox/astrobot_ws/build/astrobot_description
