[0.845s] DEBUG:colcon:Command line arguments: ['/usr/bin/colcon', 'build']
[0.845s] DEBUG:colcon:Parsed command line arguments: Namespace(log_base=None, log_level=None, verb_name='build', build_base='build', install_base='install', merge_install=False, symlink_install=False, test_result_base=None, continue_on_error=False, executor='parallel', parallel_workers=12, event_handlers=None, ignore_user_meta=False, metas=['./colcon.meta'], base_paths=['.'], packages_ignore=None, packages_ignore_regex=None, paths=None, packages_up_to=None, packages_up_to_regex=None, packages_above=None, packages_above_and_dependencies=None, packages_above_depth=None, packages_select_by_dep=None, packages_skip_by_dep=None, packages_skip_up_to=None, packages_select_build_failed=False, packages_skip_build_finished=False, packages_select_test_failures=False, packages_skip_test_passed=False, packages_select=None, packages_skip=None, packages_select_regex=None, packages_skip_regex=None, packages_start=None, packages_end=None, allow_overriding=[], cmake_args=None, cmake_target=None, cmake_target_skip_unavailable=False, cmake_clean_cache=False, cmake_clean_first=False, cmake_force_configure=False, ament_cmake_args=None, catkin_cmake_args=None, catkin_skip_building_tests=False, verb_parser=<colcon_defaults.argument_parser.defaults.DefaultArgumentsDecorator object at 0x7f61d5047190>, verb_extension=<colcon_core.verb.build.BuildVerb object at 0x7f61d54d3370>, main=<bound method BuildVerb.main of <colcon_core.verb.build.BuildVerb object at 0x7f61d54d3370>>)
[0.884s] Level 1:colcon.colcon_core.package_discovery:discover_packages(colcon_meta) check parameters
[0.884s] Level 1:colcon.colcon_core.package_discovery:discover_packages(recursive) check parameters
[0.884s] Level 1:colcon.colcon_core.package_discovery:discover_packages(ignore) check parameters
[0.884s] Level 1:colcon.colcon_core.package_discovery:discover_packages(path) check parameters
[0.884s] Level 1:colcon.colcon_core.package_discovery:discover_packages(colcon_meta) discover
[0.884s] Level 1:colcon.colcon_core.package_discovery:discover_packages(recursive) discover
[0.884s] INFO:colcon.colcon_core.package_discovery:Crawling recursively for packages in '/home/astrox/astrobot_ws'
[0.884s] Level 1:colcon.colcon_core.package_identification:_identify(.) by extensions ['ignore', 'ignore_ament_install']
[0.884s] Level 1:colcon.colcon_core.package_identification:_identify(.) by extension 'ignore'
[0.884s] Level 1:colcon.colcon_core.package_identification:_identify(.) by extension 'ignore_ament_install'
[0.884s] Level 1:colcon.colcon_core.package_identification:_identify(.) by extensions ['colcon_pkg']
[0.884s] Level 1:colcon.colcon_core.package_identification:_identify(.) by extension 'colcon_pkg'
[0.885s] Level 1:colcon.colcon_core.package_identification:_identify(.) by extensions ['colcon_meta']
[0.885s] Level 1:colcon.colcon_core.package_identification:_identify(.) by extension 'colcon_meta'
[0.885s] Level 1:colcon.colcon_core.package_identification:_identify(.) by extensions ['ros']
[0.885s] Level 1:colcon.colcon_core.package_identification:_identify(.) by extension 'ros'
[0.894s] Level 1:colcon.colcon_core.package_identification:_identify(.) by extensions ['cmake', 'python']
[0.894s] Level 1:colcon.colcon_core.package_identification:_identify(.) by extension 'cmake'
[0.894s] Level 1:colcon.colcon_core.package_identification:_identify(.) by extension 'python'
[0.894s] Level 1:colcon.colcon_core.package_identification:_identify(.) by extensions ['python_setup_py']
[0.894s] Level 1:colcon.colcon_core.package_identification:_identify(.) by extension 'python_setup_py'
[0.894s] Level 1:colcon.colcon_core.package_identification:_identify(build) by extensions ['ignore', 'ignore_ament_install']
[0.894s] Level 1:colcon.colcon_core.package_identification:_identify(build) by extension 'ignore'
[0.894s] Level 1:colcon.colcon_core.package_identification:_identify(build) ignored
[0.894s] Level 1:colcon.colcon_core.package_identification:_identify(install) by extensions ['ignore', 'ignore_ament_install']
[0.894s] Level 1:colcon.colcon_core.package_identification:_identify(install) by extension 'ignore'
[0.894s] Level 1:colcon.colcon_core.package_identification:_identify(install) ignored
[0.894s] Level 1:colcon.colcon_core.package_identification:_identify(log) by extensions ['ignore', 'ignore_ament_install']
[0.894s] Level 1:colcon.colcon_core.package_identification:_identify(log) by extension 'ignore'
[0.894s] Level 1:colcon.colcon_core.package_identification:_identify(log) ignored
[0.894s] Level 1:colcon.colcon_core.package_identification:_identify(src) by extensions ['ignore', 'ignore_ament_install']
[0.894s] Level 1:colcon.colcon_core.package_identification:_identify(src) by extension 'ignore'
[0.894s] Level 1:colcon.colcon_core.package_identification:_identify(src) by extension 'ignore_ament_install'
[0.895s] Level 1:colcon.colcon_core.package_identification:_identify(src) by extensions ['colcon_pkg']
[0.895s] Level 1:colcon.colcon_core.package_identification:_identify(src) by extension 'colcon_pkg'
[0.895s] Level 1:colcon.colcon_core.package_identification:_identify(src) by extensions ['colcon_meta']
[0.895s] Level 1:colcon.colcon_core.package_identification:_identify(src) by extension 'colcon_meta'
[0.895s] Level 1:colcon.colcon_core.package_identification:_identify(src) by extensions ['ros']
[0.895s] Level 1:colcon.colcon_core.package_identification:_identify(src) by extension 'ros'
[0.895s] Level 1:colcon.colcon_core.package_identification:_identify(src) by extensions ['cmake', 'python']
[0.895s] Level 1:colcon.colcon_core.package_identification:_identify(src) by extension 'cmake'
[0.895s] Level 1:colcon.colcon_core.package_identification:_identify(src) by extension 'python'
[0.895s] Level 1:colcon.colcon_core.package_identification:_identify(src) by extensions ['python_setup_py']
[0.895s] Level 1:colcon.colcon_core.package_identification:_identify(src) by extension 'python_setup_py'
[0.895s] Level 1:colcon.colcon_core.package_identification:_identify(src/astrobot_base) by extensions ['ignore', 'ignore_ament_install']
[0.895s] Level 1:colcon.colcon_core.package_identification:_identify(src/astrobot_base) by extension 'ignore'
[0.895s] Level 1:colcon.colcon_core.package_identification:_identify(src/astrobot_base) by extension 'ignore_ament_install'
[0.895s] Level 1:colcon.colcon_core.package_identification:_identify(src/astrobot_base) by extensions ['colcon_pkg']
[0.895s] Level 1:colcon.colcon_core.package_identification:_identify(src/astrobot_base) by extension 'colcon_pkg'
[0.895s] Level 1:colcon.colcon_core.package_identification:_identify(src/astrobot_base) by extensions ['colcon_meta']
[0.895s] Level 1:colcon.colcon_core.package_identification:_identify(src/astrobot_base) by extension 'colcon_meta'
[0.895s] Level 1:colcon.colcon_core.package_identification:_identify(src/astrobot_base) by extensions ['ros']
[0.895s] Level 1:colcon.colcon_core.package_identification:_identify(src/astrobot_base) by extension 'ros'
[0.897s] DEBUG:colcon.colcon_core.package_identification:Package 'src/astrobot_base' with type 'ros.ament_cmake' and name 'astrobot_base'
[0.897s] Level 1:colcon.colcon_core.package_identification:_identify(src/astrobot_bringup) by extensions ['ignore', 'ignore_ament_install']
[0.897s] Level 1:colcon.colcon_core.package_identification:_identify(src/astrobot_bringup) by extension 'ignore'
[0.897s] Level 1:colcon.colcon_core.package_identification:_identify(src/astrobot_bringup) by extension 'ignore_ament_install'
[0.897s] Level 1:colcon.colcon_core.package_identification:_identify(src/astrobot_bringup) by extensions ['colcon_pkg']
[0.897s] Level 1:colcon.colcon_core.package_identification:_identify(src/astrobot_bringup) by extension 'colcon_pkg'
[0.897s] Level 1:colcon.colcon_core.package_identification:_identify(src/astrobot_bringup) by extensions ['colcon_meta']
[0.897s] Level 1:colcon.colcon_core.package_identification:_identify(src/astrobot_bringup) by extension 'colcon_meta'
[0.898s] Level 1:colcon.colcon_core.package_identification:_identify(src/astrobot_bringup) by extensions ['ros']
[0.898s] Level 1:colcon.colcon_core.package_identification:_identify(src/astrobot_bringup) by extension 'ros'
[0.898s] DEBUG:colcon.colcon_core.package_identification:Package 'src/astrobot_bringup' with type 'ros.ament_cmake' and name 'astrobot_bringup'
[0.898s] Level 1:colcon.colcon_core.package_identification:_identify(src/astrobot_description) by extensions ['ignore', 'ignore_ament_install']
[0.898s] Level 1:colcon.colcon_core.package_identification:_identify(src/astrobot_description) by extension 'ignore'
[0.898s] Level 1:colcon.colcon_core.package_identification:_identify(src/astrobot_description) by extension 'ignore_ament_install'
[0.898s] Level 1:colcon.colcon_core.package_identification:_identify(src/astrobot_description) by extensions ['colcon_pkg']
[0.898s] Level 1:colcon.colcon_core.package_identification:_identify(src/astrobot_description) by extension 'colcon_pkg'
[0.898s] Level 1:colcon.colcon_core.package_identification:_identify(src/astrobot_description) by extensions ['colcon_meta']
[0.898s] Level 1:colcon.colcon_core.package_identification:_identify(src/astrobot_description) by extension 'colcon_meta'
[0.898s] Level 1:colcon.colcon_core.package_identification:_identify(src/astrobot_description) by extensions ['ros']
[0.898s] Level 1:colcon.colcon_core.package_identification:_identify(src/astrobot_description) by extension 'ros'
[0.899s] DEBUG:colcon.colcon_core.package_identification:Package 'src/astrobot_description' with type 'ros.ament_cmake' and name 'astrobot_description'
[0.899s] Level 1:colcon.colcon_core.package_identification:_identify(src/astrobot_navigation) by extensions ['ignore', 'ignore_ament_install']
[0.899s] Level 1:colcon.colcon_core.package_identification:_identify(src/astrobot_navigation) by extension 'ignore'
[0.899s] Level 1:colcon.colcon_core.package_identification:_identify(src/astrobot_navigation) by extension 'ignore_ament_install'
[0.899s] Level 1:colcon.colcon_core.package_identification:_identify(src/astrobot_navigation) by extensions ['colcon_pkg']
[0.899s] Level 1:colcon.colcon_core.package_identification:_identify(src/astrobot_navigation) by extension 'colcon_pkg'
[0.899s] Level 1:colcon.colcon_core.package_identification:_identify(src/astrobot_navigation) by extensions ['colcon_meta']
[0.899s] Level 1:colcon.colcon_core.package_identification:_identify(src/astrobot_navigation) by extension 'colcon_meta'
[0.899s] Level 1:colcon.colcon_core.package_identification:_identify(src/astrobot_navigation) by extensions ['ros']
[0.899s] Level 1:colcon.colcon_core.package_identification:_identify(src/astrobot_navigation) by extension 'ros'
[0.900s] DEBUG:colcon.colcon_core.package_identification:Package 'src/astrobot_navigation' with type 'ros.ament_cmake' and name 'astrobot_navigation'
[0.900s] Level 1:colcon.colcon_core.package_identification:_identify(src/astrobot_slam) by extensions ['ignore', 'ignore_ament_install']
[0.900s] Level 1:colcon.colcon_core.package_identification:_identify(src/astrobot_slam) by extension 'ignore'
[0.900s] Level 1:colcon.colcon_core.package_identification:_identify(src/astrobot_slam) by extension 'ignore_ament_install'
[0.900s] Level 1:colcon.colcon_core.package_identification:_identify(src/astrobot_slam) by extensions ['colcon_pkg']
[0.900s] Level 1:colcon.colcon_core.package_identification:_identify(src/astrobot_slam) by extension 'colcon_pkg'
[0.900s] Level 1:colcon.colcon_core.package_identification:_identify(src/astrobot_slam) by extensions ['colcon_meta']
[0.900s] Level 1:colcon.colcon_core.package_identification:_identify(src/astrobot_slam) by extension 'colcon_meta'
[0.900s] Level 1:colcon.colcon_core.package_identification:_identify(src/astrobot_slam) by extensions ['ros']
[0.900s] Level 1:colcon.colcon_core.package_identification:_identify(src/astrobot_slam) by extension 'ros'
[0.900s] DEBUG:colcon.colcon_core.package_identification:Package 'src/astrobot_slam' with type 'ros.ament_cmake' and name 'astrobot_slam'
[0.900s] Level 1:colcon.colcon_core.package_identification:_identify(src/sllidar_ros2) by extensions ['ignore', 'ignore_ament_install']
[0.900s] Level 1:colcon.colcon_core.package_identification:_identify(src/sllidar_ros2) by extension 'ignore'
[0.900s] Level 1:colcon.colcon_core.package_identification:_identify(src/sllidar_ros2) by extension 'ignore_ament_install'
[0.901s] Level 1:colcon.colcon_core.package_identification:_identify(src/sllidar_ros2) by extensions ['colcon_pkg']
[0.901s] Level 1:colcon.colcon_core.package_identification:_identify(src/sllidar_ros2) by extension 'colcon_pkg'
[0.901s] Level 1:colcon.colcon_core.package_identification:_identify(src/sllidar_ros2) by extensions ['colcon_meta']
[0.901s] Level 1:colcon.colcon_core.package_identification:_identify(src/sllidar_ros2) by extension 'colcon_meta'
[0.901s] Level 1:colcon.colcon_core.package_identification:_identify(src/sllidar_ros2) by extensions ['ros']
[0.901s] Level 1:colcon.colcon_core.package_identification:_identify(src/sllidar_ros2) by extension 'ros'
[0.901s] DEBUG:colcon.colcon_core.package_identification:Package 'src/sllidar_ros2' with type 'ros.ament_cmake' and name 'sllidar_ros2'
[0.901s] Level 1:colcon.colcon_core.package_discovery:discover_packages(recursive) using defaults
[0.901s] Level 1:colcon.colcon_core.package_discovery:discover_packages(ignore) discover
[0.901s] Level 1:colcon.colcon_core.package_discovery:discover_packages(ignore) using defaults
[0.901s] Level 1:colcon.colcon_core.package_discovery:discover_packages(path) discover
[0.901s] Level 1:colcon.colcon_core.package_discovery:discover_packages(path) using defaults
[0.979s] Level 1:colcon.colcon_core.package_discovery:discover_packages(prefix_path) check parameters
[0.979s] Level 1:colcon.colcon_core.package_discovery:discover_packages(prefix_path) discover
[1.005s] DEBUG:colcon.colcon_installed_package_information.package_discovery:Found 6 installed packages in /home/astrox/astrobot_ws/install
[1.018s] DEBUG:colcon.colcon_installed_package_information.package_discovery:Found 348 installed packages in /opt/ros/humble
[1.019s] Level 1:colcon.colcon_core.package_discovery:discover_packages(prefix_path) using defaults
[1.103s] Level 5:colcon.colcon_core.verb:set package 'astrobot_base' build argument 'cmake_args' from command line to 'None'
[1.104s] Level 5:colcon.colcon_core.verb:set package 'astrobot_base' build argument 'cmake_target' from command line to 'None'
[1.104s] Level 5:colcon.colcon_core.verb:set package 'astrobot_base' build argument 'cmake_target_skip_unavailable' from command line to 'False'
[1.104s] Level 5:colcon.colcon_core.verb:set package 'astrobot_base' build argument 'cmake_clean_cache' from command line to 'False'
[1.104s] Level 5:colcon.colcon_core.verb:set package 'astrobot_base' build argument 'cmake_clean_first' from command line to 'False'
[1.104s] Level 5:colcon.colcon_core.verb:set package 'astrobot_base' build argument 'cmake_force_configure' from command line to 'False'
[1.104s] Level 5:colcon.colcon_core.verb:set package 'astrobot_base' build argument 'ament_cmake_args' from command line to 'None'
[1.104s] Level 5:colcon.colcon_core.verb:set package 'astrobot_base' build argument 'catkin_cmake_args' from command line to 'None'
[1.104s] Level 5:colcon.colcon_core.verb:set package 'astrobot_base' build argument 'catkin_skip_building_tests' from command line to 'False'
[1.104s] DEBUG:colcon.colcon_core.verb:Building package 'astrobot_base' with the following arguments: {'ament_cmake_args': None, 'build_base': '/home/astrox/astrobot_ws/build/astrobot_base', 'catkin_cmake_args': None, 'catkin_skip_building_tests': False, 'cmake_args': None, 'cmake_clean_cache': False, 'cmake_clean_first': False, 'cmake_force_configure': False, 'cmake_target': None, 'cmake_target_skip_unavailable': False, 'install_base': '/home/astrox/astrobot_ws/install/astrobot_base', 'merge_install': False, 'path': '/home/astrox/astrobot_ws/src/astrobot_base', 'symlink_install': False, 'test_result_base': None}
[1.116s] Level 5:colcon.colcon_core.verb:set package 'astrobot_bringup' build argument 'cmake_args' from command line to 'None'
[1.116s] Level 5:colcon.colcon_core.verb:set package 'astrobot_bringup' build argument 'cmake_target' from command line to 'None'
[1.116s] Level 5:colcon.colcon_core.verb:set package 'astrobot_bringup' build argument 'cmake_target_skip_unavailable' from command line to 'False'
[1.116s] Level 5:colcon.colcon_core.verb:set package 'astrobot_bringup' build argument 'cmake_clean_cache' from command line to 'False'
[1.116s] Level 5:colcon.colcon_core.verb:set package 'astrobot_bringup' build argument 'cmake_clean_first' from command line to 'False'
[1.116s] Level 5:colcon.colcon_core.verb:set package 'astrobot_bringup' build argument 'cmake_force_configure' from command line to 'False'
[1.116s] Level 5:colcon.colcon_core.verb:set package 'astrobot_bringup' build argument 'ament_cmake_args' from command line to 'None'
[1.116s] Level 5:colcon.colcon_core.verb:set package 'astrobot_bringup' build argument 'catkin_cmake_args' from command line to 'None'
[1.116s] Level 5:colcon.colcon_core.verb:set package 'astrobot_bringup' build argument 'catkin_skip_building_tests' from command line to 'False'
[1.116s] DEBUG:colcon.colcon_core.verb:Building package 'astrobot_bringup' with the following arguments: {'ament_cmake_args': None, 'build_base': '/home/astrox/astrobot_ws/build/astrobot_bringup', 'catkin_cmake_args': None, 'catkin_skip_building_tests': False, 'cmake_args': None, 'cmake_clean_cache': False, 'cmake_clean_first': False, 'cmake_force_configure': False, 'cmake_target': None, 'cmake_target_skip_unavailable': False, 'install_base': '/home/astrox/astrobot_ws/install/astrobot_bringup', 'merge_install': False, 'path': '/home/astrox/astrobot_ws/src/astrobot_bringup', 'symlink_install': False, 'test_result_base': None}
[1.129s] Level 5:colcon.colcon_core.verb:set package 'astrobot_description' build argument 'cmake_args' from command line to 'None'
[1.129s] Level 5:colcon.colcon_core.verb:set package 'astrobot_description' build argument 'cmake_target' from command line to 'None'
[1.129s] Level 5:colcon.colcon_core.verb:set package 'astrobot_description' build argument 'cmake_target_skip_unavailable' from command line to 'False'
[1.129s] Level 5:colcon.colcon_core.verb:set package 'astrobot_description' build argument 'cmake_clean_cache' from command line to 'False'
[1.129s] Level 5:colcon.colcon_core.verb:set package 'astrobot_description' build argument 'cmake_clean_first' from command line to 'False'
[1.129s] Level 5:colcon.colcon_core.verb:set package 'astrobot_description' build argument 'cmake_force_configure' from command line to 'False'
[1.129s] Level 5:colcon.colcon_core.verb:set package 'astrobot_description' build argument 'ament_cmake_args' from command line to 'None'
[1.129s] Level 5:colcon.colcon_core.verb:set package 'astrobot_description' build argument 'catkin_cmake_args' from command line to 'None'
[1.129s] Level 5:colcon.colcon_core.verb:set package 'astrobot_description' build argument 'catkin_skip_building_tests' from command line to 'False'
[1.129s] DEBUG:colcon.colcon_core.verb:Building package 'astrobot_description' with the following arguments: {'ament_cmake_args': None, 'build_base': '/home/astrox/astrobot_ws/build/astrobot_description', 'catkin_cmake_args': None, 'catkin_skip_building_tests': False, 'cmake_args': None, 'cmake_clean_cache': False, 'cmake_clean_first': False, 'cmake_force_configure': False, 'cmake_target': None, 'cmake_target_skip_unavailable': False, 'install_base': '/home/astrox/astrobot_ws/install/astrobot_description', 'merge_install': False, 'path': '/home/astrox/astrobot_ws/src/astrobot_description', 'symlink_install': False, 'test_result_base': None}
[1.141s] Level 5:colcon.colcon_core.verb:set package 'astrobot_navigation' build argument 'cmake_args' from command line to 'None'
[1.141s] Level 5:colcon.colcon_core.verb:set package 'astrobot_navigation' build argument 'cmake_target' from command line to 'None'
[1.141s] Level 5:colcon.colcon_core.verb:set package 'astrobot_navigation' build argument 'cmake_target_skip_unavailable' from command line to 'False'
[1.141s] Level 5:colcon.colcon_core.verb:set package 'astrobot_navigation' build argument 'cmake_clean_cache' from command line to 'False'
[1.142s] Level 5:colcon.colcon_core.verb:set package 'astrobot_navigation' build argument 'cmake_clean_first' from command line to 'False'
[1.142s] Level 5:colcon.colcon_core.verb:set package 'astrobot_navigation' build argument 'cmake_force_configure' from command line to 'False'
[1.142s] Level 5:colcon.colcon_core.verb:set package 'astrobot_navigation' build argument 'ament_cmake_args' from command line to 'None'
[1.142s] Level 5:colcon.colcon_core.verb:set package 'astrobot_navigation' build argument 'catkin_cmake_args' from command line to 'None'
[1.142s] Level 5:colcon.colcon_core.verb:set package 'astrobot_navigation' build argument 'catkin_skip_building_tests' from command line to 'False'
[1.142s] DEBUG:colcon.colcon_core.verb:Building package 'astrobot_navigation' with the following arguments: {'ament_cmake_args': None, 'build_base': '/home/astrox/astrobot_ws/build/astrobot_navigation', 'catkin_cmake_args': None, 'catkin_skip_building_tests': False, 'cmake_args': None, 'cmake_clean_cache': False, 'cmake_clean_first': False, 'cmake_force_configure': False, 'cmake_target': None, 'cmake_target_skip_unavailable': False, 'install_base': '/home/astrox/astrobot_ws/install/astrobot_navigation', 'merge_install': False, 'path': '/home/astrox/astrobot_ws/src/astrobot_navigation', 'symlink_install': False, 'test_result_base': None}
[1.154s] Level 5:colcon.colcon_core.verb:set package 'astrobot_slam' build argument 'cmake_args' from command line to 'None'
[1.154s] Level 5:colcon.colcon_core.verb:set package 'astrobot_slam' build argument 'cmake_target' from command line to 'None'
[1.154s] Level 5:colcon.colcon_core.verb:set package 'astrobot_slam' build argument 'cmake_target_skip_unavailable' from command line to 'False'
[1.154s] Level 5:colcon.colcon_core.verb:set package 'astrobot_slam' build argument 'cmake_clean_cache' from command line to 'False'
[1.154s] Level 5:colcon.colcon_core.verb:set package 'astrobot_slam' build argument 'cmake_clean_first' from command line to 'False'
[1.154s] Level 5:colcon.colcon_core.verb:set package 'astrobot_slam' build argument 'cmake_force_configure' from command line to 'False'
[1.154s] Level 5:colcon.colcon_core.verb:set package 'astrobot_slam' build argument 'ament_cmake_args' from command line to 'None'
[1.154s] Level 5:colcon.colcon_core.verb:set package 'astrobot_slam' build argument 'catkin_cmake_args' from command line to 'None'
[1.154s] Level 5:colcon.colcon_core.verb:set package 'astrobot_slam' build argument 'catkin_skip_building_tests' from command line to 'False'
[1.154s] DEBUG:colcon.colcon_core.verb:Building package 'astrobot_slam' with the following arguments: {'ament_cmake_args': None, 'build_base': '/home/astrox/astrobot_ws/build/astrobot_slam', 'catkin_cmake_args': None, 'catkin_skip_building_tests': False, 'cmake_args': None, 'cmake_clean_cache': False, 'cmake_clean_first': False, 'cmake_force_configure': False, 'cmake_target': None, 'cmake_target_skip_unavailable': False, 'install_base': '/home/astrox/astrobot_ws/install/astrobot_slam', 'merge_install': False, 'path': '/home/astrox/astrobot_ws/src/astrobot_slam', 'symlink_install': False, 'test_result_base': None}
[1.166s] Level 5:colcon.colcon_core.verb:set package 'sllidar_ros2' build argument 'cmake_args' from command line to 'None'
[1.166s] Level 5:colcon.colcon_core.verb:set package 'sllidar_ros2' build argument 'cmake_target' from command line to 'None'
[1.167s] Level 5:colcon.colcon_core.verb:set package 'sllidar_ros2' build argument 'cmake_target_skip_unavailable' from command line to 'False'
[1.167s] Level 5:colcon.colcon_core.verb:set package 'sllidar_ros2' build argument 'cmake_clean_cache' from command line to 'False'
[1.167s] Level 5:colcon.colcon_core.verb:set package 'sllidar_ros2' build argument 'cmake_clean_first' from command line to 'False'
[1.167s] Level 5:colcon.colcon_core.verb:set package 'sllidar_ros2' build argument 'cmake_force_configure' from command line to 'False'
[1.167s] Level 5:colcon.colcon_core.verb:set package 'sllidar_ros2' build argument 'ament_cmake_args' from command line to 'None'
[1.167s] Level 5:colcon.colcon_core.verb:set package 'sllidar_ros2' build argument 'catkin_cmake_args' from command line to 'None'
[1.167s] Level 5:colcon.colcon_core.verb:set package 'sllidar_ros2' build argument 'catkin_skip_building_tests' from command line to 'False'
[1.167s] DEBUG:colcon.colcon_core.verb:Building package 'sllidar_ros2' with the following arguments: {'ament_cmake_args': None, 'build_base': '/home/astrox/astrobot_ws/build/sllidar_ros2', 'catkin_cmake_args': None, 'catkin_skip_building_tests': False, 'cmake_args': None, 'cmake_clean_cache': False, 'cmake_clean_first': False, 'cmake_force_configure': False, 'cmake_target': None, 'cmake_target_skip_unavailable': False, 'install_base': '/home/astrox/astrobot_ws/install/sllidar_ros2', 'merge_install': False, 'path': '/home/astrox/astrobot_ws/src/sllidar_ros2', 'symlink_install': False, 'test_result_base': None}
[1.179s] INFO:colcon.colcon_core.executor:Executing jobs using 'parallel' executor
[1.192s] DEBUG:colcon.colcon_parallel_executor.executor.parallel:run_until_complete
[1.192s] INFO:colcon.colcon_ros.task.ament_cmake.build:Building ROS package in '/home/astrox/astrobot_ws/src/astrobot_base' with build type 'ament_cmake'
[1.192s] INFO:colcon.colcon_cmake.task.cmake.build:Building CMake package in '/home/astrox/astrobot_ws/src/astrobot_base'
[1.206s] INFO:colcon.colcon_core.plugin_system:Skipping extension 'colcon_core.shell.bat': Not used on non-Windows systems
[1.206s] INFO:colcon.colcon_core.shell:Skip shell extension 'powershell' for command environment: Not usable outside of PowerShell
[1.206s] DEBUG:colcon.colcon_core.shell:Skip shell extension 'dsv' for command environment
[1.246s] INFO:colcon.colcon_ros.task.ament_cmake.build:Building ROS package in '/home/astrox/astrobot_ws/src/astrobot_bringup' with build type 'ament_cmake'
[1.246s] INFO:colcon.colcon_cmake.task.cmake.build:Building CMake package in '/home/astrox/astrobot_ws/src/astrobot_bringup'
[1.270s] INFO:colcon.colcon_core.shell:Skip shell extension 'powershell' for command environment: Not usable outside of PowerShell
[1.270s] DEBUG:colcon.colcon_core.shell:Skip shell extension 'dsv' for command environment
[1.310s] INFO:colcon.colcon_ros.task.ament_cmake.build:Building ROS package in '/home/astrox/astrobot_ws/src/astrobot_description' with build type 'ament_cmake'
[1.310s] INFO:colcon.colcon_cmake.task.cmake.build:Building CMake package in '/home/astrox/astrobot_ws/src/astrobot_description'
[1.323s] INFO:colcon.colcon_core.shell:Skip shell extension 'powershell' for command environment: Not usable outside of PowerShell
[1.323s] DEBUG:colcon.colcon_core.shell:Skip shell extension 'dsv' for command environment
[1.363s] INFO:colcon.colcon_ros.task.ament_cmake.build:Building ROS package in '/home/astrox/astrobot_ws/src/astrobot_navigation' with build type 'ament_cmake'
[1.363s] INFO:colcon.colcon_cmake.task.cmake.build:Building CMake package in '/home/astrox/astrobot_ws/src/astrobot_navigation'
[1.377s] INFO:colcon.colcon_core.shell:Skip shell extension 'powershell' for command environment: Not usable outside of PowerShell
[1.377s] DEBUG:colcon.colcon_core.shell:Skip shell extension 'dsv' for command environment
[1.417s] INFO:colcon.colcon_ros.task.ament_cmake.build:Building ROS package in '/home/astrox/astrobot_ws/src/astrobot_slam' with build type 'ament_cmake'
[1.417s] INFO:colcon.colcon_cmake.task.cmake.build:Building CMake package in '/home/astrox/astrobot_ws/src/astrobot_slam'
[1.431s] INFO:colcon.colcon_core.shell:Skip shell extension 'powershell' for command environment: Not usable outside of PowerShell
[1.431s] DEBUG:colcon.colcon_core.shell:Skip shell extension 'dsv' for command environment
[1.471s] INFO:colcon.colcon_ros.task.ament_cmake.build:Building ROS package in '/home/astrox/astrobot_ws/src/sllidar_ros2' with build type 'ament_cmake'
[1.471s] INFO:colcon.colcon_cmake.task.cmake.build:Building CMake package in '/home/astrox/astrobot_ws/src/sllidar_ros2'
[1.484s] INFO:colcon.colcon_core.shell:Skip shell extension 'powershell' for command environment: Not usable outside of PowerShell
[1.484s] DEBUG:colcon.colcon_core.shell:Skip shell extension 'dsv' for command environment
[1.529s] DEBUG:colcon.colcon_core.event_handler.log_command:Invoking command in '/home/astrox/astrobot_ws/build/astrobot_base': CMAKE_PREFIX_PATH=${CMAKE_PREFIX_PATH}:/opt/ros/humble /usr/bin/cmake /home/astrox/astrobot_ws/src/astrobot_base -DCMAKE_INSTALL_PREFIX=/home/astrox/astrobot_ws/install/astrobot_base
[1.531s] DEBUG:colcon.colcon_core.event_handler.log_command:Invoking command in '/home/astrox/astrobot_ws/build/astrobot_bringup': CMAKE_PREFIX_PATH=${CMAKE_PREFIX_PATH}:/opt/ros/humble /usr/bin/cmake /home/astrox/astrobot_ws/src/astrobot_bringup -DCMAKE_INSTALL_PREFIX=/home/astrox/astrobot_ws/install/astrobot_bringup
[1.534s] DEBUG:colcon.colcon_core.event_handler.log_command:Invoking command in '/home/astrox/astrobot_ws/build/astrobot_description': CMAKE_PREFIX_PATH=${CMAKE_PREFIX_PATH}:/opt/ros/humble /usr/bin/cmake /home/astrox/astrobot_ws/src/astrobot_description -DCMAKE_INSTALL_PREFIX=/home/astrox/astrobot_ws/install/astrobot_description
[1.536s] DEBUG:colcon.colcon_core.event_handler.log_command:Invoking command in '/home/astrox/astrobot_ws/build/astrobot_navigation': CMAKE_PREFIX_PATH=${CMAKE_PREFIX_PATH}:/opt/ros/humble /usr/bin/cmake /home/astrox/astrobot_ws/src/astrobot_navigation -DCMAKE_INSTALL_PREFIX=/home/astrox/astrobot_ws/install/astrobot_navigation
[1.539s] DEBUG:colcon.colcon_core.event_handler.log_command:Invoking command in '/home/astrox/astrobot_ws/build/astrobot_slam': CMAKE_PREFIX_PATH=${CMAKE_PREFIX_PATH}:/opt/ros/humble /usr/bin/cmake /home/astrox/astrobot_ws/src/astrobot_slam -DCMAKE_INSTALL_PREFIX=/home/astrox/astrobot_ws/install/astrobot_slam
[1.542s] DEBUG:colcon.colcon_core.event_handler.log_command:Invoking command in '/home/astrox/astrobot_ws/build/sllidar_ros2': CMAKE_PREFIX_PATH=${CMAKE_PREFIX_PATH}:/opt/ros/humble /usr/bin/cmake /home/astrox/astrobot_ws/src/sllidar_ros2 -DCMAKE_INSTALL_PREFIX=/home/astrox/astrobot_ws/install/sllidar_ros2
[1.757s] DEBUG:colcon.colcon_core.event_handler.log_command:Invoked command in '/home/astrox/astrobot_ws/build/astrobot_base' returned '0': CMAKE_PREFIX_PATH=${CMAKE_PREFIX_PATH}:/opt/ros/humble /usr/bin/cmake /home/astrox/astrobot_ws/src/astrobot_base -DCMAKE_INSTALL_PREFIX=/home/astrox/astrobot_ws/install/astrobot_base
[1.759s] DEBUG:colcon.colcon_core.event_handler.log_command:Invoking command in '/home/astrox/astrobot_ws/build/astrobot_base': CMAKE_PREFIX_PATH=${CMAKE_PREFIX_PATH}:/opt/ros/humble /usr/bin/cmake --build /home/astrox/astrobot_ws/build/astrobot_base -- -j12 -l12
[1.759s] DEBUG:colcon.colcon_core.event_handler.log_command:Invoked command in '/home/astrox/astrobot_ws/build/astrobot_bringup' returned '0': CMAKE_PREFIX_PATH=${CMAKE_PREFIX_PATH}:/opt/ros/humble /usr/bin/cmake /home/astrox/astrobot_ws/src/astrobot_bringup -DCMAKE_INSTALL_PREFIX=/home/astrox/astrobot_ws/install/astrobot_bringup
[1.760s] DEBUG:colcon.colcon_core.event_handler.log_command:Invoking command in '/home/astrox/astrobot_ws/build/astrobot_bringup': CMAKE_PREFIX_PATH=${CMAKE_PREFIX_PATH}:/opt/ros/humble /usr/bin/cmake --build /home/astrox/astrobot_ws/build/astrobot_bringup -- -j12 -l12
[1.763s] DEBUG:colcon.colcon_core.event_handler.log_command:Invoked command in '/home/astrox/astrobot_ws/build/astrobot_slam' returned '0': CMAKE_PREFIX_PATH=${CMAKE_PREFIX_PATH}:/opt/ros/humble /usr/bin/cmake /home/astrox/astrobot_ws/src/astrobot_slam -DCMAKE_INSTALL_PREFIX=/home/astrox/astrobot_ws/install/astrobot_slam
[1.764s] DEBUG:colcon.colcon_core.event_handler.log_command:Invoking command in '/home/astrox/astrobot_ws/build/astrobot_slam': CMAKE_PREFIX_PATH=${CMAKE_PREFIX_PATH}:/opt/ros/humble /usr/bin/cmake --build /home/astrox/astrobot_ws/build/astrobot_slam -- -j12 -l12
[1.777s] DEBUG:colcon.colcon_core.event_handler.log_command:Invoked command in '/home/astrox/astrobot_ws/build/astrobot_navigation' returned '0': CMAKE_PREFIX_PATH=${CMAKE_PREFIX_PATH}:/opt/ros/humble /usr/bin/cmake /home/astrox/astrobot_ws/src/astrobot_navigation -DCMAKE_INSTALL_PREFIX=/home/astrox/astrobot_ws/install/astrobot_navigation
[1.778s] DEBUG:colcon.colcon_core.event_handler.log_command:Invoking command in '/home/astrox/astrobot_ws/build/astrobot_navigation': CMAKE_PREFIX_PATH=${CMAKE_PREFIX_PATH}:/opt/ros/humble /usr/bin/cmake --build /home/astrox/astrobot_ws/build/astrobot_navigation -- -j12 -l12
[1.789s] DEBUG:colcon.colcon_core.event_handler.log_command:Invoked command in '/home/astrox/astrobot_ws/build/astrobot_base' returned '0': CMAKE_PREFIX_PATH=${CMAKE_PREFIX_PATH}:/opt/ros/humble /usr/bin/cmake --build /home/astrox/astrobot_ws/build/astrobot_base -- -j12 -l12
[1.792s] DEBUG:colcon.colcon_core.event_handler.log_command:Invoked command in '/home/astrox/astrobot_ws/build/astrobot_bringup' returned '0': CMAKE_PREFIX_PATH=${CMAKE_PREFIX_PATH}:/opt/ros/humble /usr/bin/cmake --build /home/astrox/astrobot_ws/build/astrobot_bringup -- -j12 -l12
[1.796s] DEBUG:colcon.colcon_core.event_handler.log_command:Invoked command in '/home/astrox/astrobot_ws/build/astrobot_slam' returned '0': CMAKE_PREFIX_PATH=${CMAKE_PREFIX_PATH}:/opt/ros/humble /usr/bin/cmake --build /home/astrox/astrobot_ws/build/astrobot_slam -- -j12 -l12
[1.800s] DEBUG:colcon.colcon_core.event_handler.log_command:Invoked command in '/home/astrox/astrobot_ws/build/astrobot_description' returned '0': CMAKE_PREFIX_PATH=${CMAKE_PREFIX_PATH}:/opt/ros/humble /usr/bin/cmake /home/astrox/astrobot_ws/src/astrobot_description -DCMAKE_INSTALL_PREFIX=/home/astrox/astrobot_ws/install/astrobot_description
[1.802s] DEBUG:colcon.colcon_core.event_handler.log_command:Invoking command in '/home/astrox/astrobot_ws/build/astrobot_description': CMAKE_PREFIX_PATH=${CMAKE_PREFIX_PATH}:/opt/ros/humble /usr/bin/cmake --build /home/astrox/astrobot_ws/build/astrobot_description -- -j12 -l12
[1.812s] DEBUG:colcon.colcon_core.event_handler.log_command:Invoking command in '/home/astrox/astrobot_ws/build/astrobot_base': CMAKE_PREFIX_PATH=${CMAKE_PREFIX_PATH}:/opt/ros/humble /usr/bin/cmake --install /home/astrox/astrobot_ws/build/astrobot_base
[1.815s] DEBUG:colcon.colcon_core.event_handler.log_command:Invoking command in '/home/astrox/astrobot_ws/build/astrobot_bringup': CMAKE_PREFIX_PATH=${CMAKE_PREFIX_PATH}:/opt/ros/humble /usr/bin/cmake --install /home/astrox/astrobot_ws/build/astrobot_bringup
[1.816s] DEBUG:colcon.colcon_core.event_handler.log_command:Invoking command in '/home/astrox/astrobot_ws/build/astrobot_slam': CMAKE_PREFIX_PATH=${CMAKE_PREFIX_PATH}:/opt/ros/humble /usr/bin/cmake --install /home/astrox/astrobot_ws/build/astrobot_slam
[1.817s] DEBUG:colcon.colcon_core.event_handler.log_command:Invoked command in '/home/astrox/astrobot_ws/build/astrobot_navigation' returned '0': CMAKE_PREFIX_PATH=${CMAKE_PREFIX_PATH}:/opt/ros/humble /usr/bin/cmake --build /home/astrox/astrobot_ws/build/astrobot_navigation -- -j12 -l12
[1.831s] Level 1:colcon.colcon_core.environment:create_environment_scripts_only(astrobot_base)
[1.832s] DEBUG:colcon.colcon_core.event_handler.log_command:Invoked command in '/home/astrox/astrobot_ws/build/astrobot_base' returned '0': CMAKE_PREFIX_PATH=${CMAKE_PREFIX_PATH}:/opt/ros/humble /usr/bin/cmake --install /home/astrox/astrobot_ws/build/astrobot_base
[1.852s] Level 1:colcon.colcon_core.environment:checking '/home/astrox/astrobot_ws/install/astrobot_base' for CMake module files
[1.852s] Level 1:colcon.colcon_core.environment:checking '/home/astrox/astrobot_ws/install/astrobot_base' for CMake config files
[1.852s] Level 1:colcon.colcon_core.shell:create_environment_hook('astrobot_base', 'cmake_prefix_path')
[1.866s] INFO:colcon.colcon_core.shell:Creating environment hook '/home/astrox/astrobot_ws/install/astrobot_base/share/astrobot_base/hook/cmake_prefix_path.ps1'
[1.867s] INFO:colcon.colcon_core.shell:Creating environment descriptor '/home/astrox/astrobot_ws/install/astrobot_base/share/astrobot_base/hook/cmake_prefix_path.dsv'
[1.867s] INFO:colcon.colcon_core.shell:Creating environment hook '/home/astrox/astrobot_ws/install/astrobot_base/share/astrobot_base/hook/cmake_prefix_path.sh'
[1.868s] Level 1:colcon.colcon_core.environment:checking '/home/astrox/astrobot_ws/install/astrobot_base/bin'
[1.868s] Level 1:colcon.colcon_core.environment:checking '/home/astrox/astrobot_ws/install/astrobot_base/lib/pkgconfig/astrobot_base.pc'
[1.868s] Level 1:colcon.colcon_core.environment:checking '/home/astrox/astrobot_ws/install/astrobot_base/lib/python3.10/site-packages'
[1.868s] Level 1:colcon.colcon_core.environment:checking '/home/astrox/astrobot_ws/install/astrobot_base/bin'
[1.881s] INFO:colcon.colcon_core.shell:Creating package script '/home/astrox/astrobot_ws/install/astrobot_base/share/astrobot_base/package.ps1'
[1.882s] INFO:colcon.colcon_core.shell:Creating package descriptor '/home/astrox/astrobot_ws/install/astrobot_base/share/astrobot_base/package.dsv'
[1.882s] INFO:colcon.colcon_core.shell:Creating package script '/home/astrox/astrobot_ws/install/astrobot_base/share/astrobot_base/package.sh'
[1.883s] INFO:colcon.colcon_core.shell:Creating package script '/home/astrox/astrobot_ws/install/astrobot_base/share/astrobot_base/package.bash'
[1.884s] INFO:colcon.colcon_core.shell:Creating package script '/home/astrox/astrobot_ws/install/astrobot_base/share/astrobot_base/package.zsh'
[1.884s] Level 1:colcon.colcon_core.environment:create_file_with_runtime_dependencies(/home/astrox/astrobot_ws/install/astrobot_base/share/colcon-core/packages/astrobot_base)
[1.887s] Level 1:colcon.colcon_core.environment:create_environment_scripts_only(astrobot_bringup)
[1.887s] DEBUG:colcon.colcon_core.event_handler.log_command:Invoking command in '/home/astrox/astrobot_ws/build/astrobot_navigation': CMAKE_PREFIX_PATH=${CMAKE_PREFIX_PATH}:/opt/ros/humble /usr/bin/cmake --install /home/astrox/astrobot_ws/build/astrobot_navigation
[1.888s] DEBUG:colcon.colcon_core.event_handler.log_command:Invoked command in '/home/astrox/astrobot_ws/build/astrobot_bringup' returned '0': CMAKE_PREFIX_PATH=${CMAKE_PREFIX_PATH}:/opt/ros/humble /usr/bin/cmake --install /home/astrox/astrobot_ws/build/astrobot_bringup
[1.902s] Level 1:colcon.colcon_core.environment:checking '/home/astrox/astrobot_ws/install/astrobot_bringup' for CMake module files
[1.902s] Level 1:colcon.colcon_core.environment:checking '/home/astrox/astrobot_ws/install/astrobot_bringup' for CMake config files
[1.902s] Level 1:colcon.colcon_core.shell:create_environment_hook('astrobot_bringup', 'cmake_prefix_path')
[1.915s] INFO:colcon.colcon_core.shell:Creating environment hook '/home/astrox/astrobot_ws/install/astrobot_bringup/share/astrobot_bringup/hook/cmake_prefix_path.ps1'
[1.916s] INFO:colcon.colcon_core.shell:Creating environment descriptor '/home/astrox/astrobot_ws/install/astrobot_bringup/share/astrobot_bringup/hook/cmake_prefix_path.dsv'
[1.916s] INFO:colcon.colcon_core.shell:Creating environment hook '/home/astrox/astrobot_ws/install/astrobot_bringup/share/astrobot_bringup/hook/cmake_prefix_path.sh'
[1.916s] Level 1:colcon.colcon_core.environment:checking '/home/astrox/astrobot_ws/install/astrobot_bringup/bin'
[1.916s] Level 1:colcon.colcon_core.environment:checking '/home/astrox/astrobot_ws/install/astrobot_bringup/lib/pkgconfig/astrobot_bringup.pc'
[1.916s] Level 1:colcon.colcon_core.environment:checking '/home/astrox/astrobot_ws/install/astrobot_bringup/lib/python3.10/site-packages'
[1.917s] Level 1:colcon.colcon_core.environment:checking '/home/astrox/astrobot_ws/install/astrobot_bringup/bin'
[1.929s] INFO:colcon.colcon_core.shell:Creating package script '/home/astrox/astrobot_ws/install/astrobot_bringup/share/astrobot_bringup/package.ps1'
[1.930s] INFO:colcon.colcon_core.shell:Creating package descriptor '/home/astrox/astrobot_ws/install/astrobot_bringup/share/astrobot_bringup/package.dsv'
[1.930s] INFO:colcon.colcon_core.shell:Creating package script '/home/astrox/astrobot_ws/install/astrobot_bringup/share/astrobot_bringup/package.sh'
[1.931s] INFO:colcon.colcon_core.shell:Creating package script '/home/astrox/astrobot_ws/install/astrobot_bringup/share/astrobot_bringup/package.bash'
[1.931s] INFO:colcon.colcon_core.shell:Creating package script '/home/astrox/astrobot_ws/install/astrobot_bringup/share/astrobot_bringup/package.zsh'
[1.931s] Level 1:colcon.colcon_core.environment:create_file_with_runtime_dependencies(/home/astrox/astrobot_ws/install/astrobot_bringup/share/colcon-core/packages/astrobot_bringup)
[1.932s] DEBUG:colcon.colcon_core.event_handler.log_command:Invoked command in '/home/astrox/astrobot_ws/build/astrobot_description' returned '0': CMAKE_PREFIX_PATH=${CMAKE_PREFIX_PATH}:/opt/ros/humble /usr/bin/cmake --build /home/astrox/astrobot_ws/build/astrobot_description -- -j12 -l12
[1.934s] Level 1:colcon.colcon_core.environment:create_environment_scripts_only(astrobot_slam)
[1.935s] DEBUG:colcon.colcon_core.event_handler.log_command:Invoked command in '/home/astrox/astrobot_ws/build/astrobot_slam' returned '0': CMAKE_PREFIX_PATH=${CMAKE_PREFIX_PATH}:/opt/ros/humble /usr/bin/cmake --install /home/astrox/astrobot_ws/build/astrobot_slam
[1.951s] Level 1:colcon.colcon_core.environment:checking '/home/astrox/astrobot_ws/install/astrobot_slam' for CMake module files
[1.951s] Level 1:colcon.colcon_core.environment:checking '/home/astrox/astrobot_ws/install/astrobot_slam' for CMake config files
[1.951s] Level 1:colcon.colcon_core.shell:create_environment_hook('astrobot_slam', 'cmake_prefix_path')
[1.964s] INFO:colcon.colcon_core.shell:Creating environment hook '/home/astrox/astrobot_ws/install/astrobot_slam/share/astrobot_slam/hook/cmake_prefix_path.ps1'
[1.964s] INFO:colcon.colcon_core.shell:Creating environment descriptor '/home/astrox/astrobot_ws/install/astrobot_slam/share/astrobot_slam/hook/cmake_prefix_path.dsv'
[1.965s] INFO:colcon.colcon_core.shell:Creating environment hook '/home/astrox/astrobot_ws/install/astrobot_slam/share/astrobot_slam/hook/cmake_prefix_path.sh'
[1.965s] Level 1:colcon.colcon_core.environment:checking '/home/astrox/astrobot_ws/install/astrobot_slam/bin'
[1.965s] Level 1:colcon.colcon_core.environment:checking '/home/astrox/astrobot_ws/install/astrobot_slam/lib/pkgconfig/astrobot_slam.pc'
[1.965s] Level 1:colcon.colcon_core.environment:checking '/home/astrox/astrobot_ws/install/astrobot_slam/lib/python3.10/site-packages'
[1.965s] Level 1:colcon.colcon_core.environment:checking '/home/astrox/astrobot_ws/install/astrobot_slam/bin'
[1.978s] INFO:colcon.colcon_core.shell:Creating package script '/home/astrox/astrobot_ws/install/astrobot_slam/share/astrobot_slam/package.ps1'
[1.979s] INFO:colcon.colcon_core.shell:Creating package descriptor '/home/astrox/astrobot_ws/install/astrobot_slam/share/astrobot_slam/package.dsv'
[1.979s] INFO:colcon.colcon_core.shell:Creating package script '/home/astrox/astrobot_ws/install/astrobot_slam/share/astrobot_slam/package.sh'
[1.979s] INFO:colcon.colcon_core.shell:Creating package script '/home/astrox/astrobot_ws/install/astrobot_slam/share/astrobot_slam/package.bash'
[1.979s] INFO:colcon.colcon_core.shell:Creating package script '/home/astrox/astrobot_ws/install/astrobot_slam/share/astrobot_slam/package.zsh'
[1.980s] Level 1:colcon.colcon_core.environment:create_file_with_runtime_dependencies(/home/astrox/astrobot_ws/install/astrobot_slam/share/colcon-core/packages/astrobot_slam)
[1.995s] Level 1:colcon.colcon_core.environment:create_environment_scripts_only(astrobot_base)
[2.008s] Level 1:colcon.colcon_core.environment:checking '/home/astrox/astrobot_ws/install/astrobot_base' for CMake module files
[2.008s] Level 1:colcon.colcon_core.environment:checking '/home/astrox/astrobot_ws/install/astrobot_base' for CMake config files
[2.008s] Level 1:colcon.colcon_core.shell:create_environment_hook('astrobot_base', 'cmake_prefix_path')
[2.021s] INFO:colcon.colcon_core.shell:Creating environment hook '/home/astrox/astrobot_ws/install/astrobot_base/share/astrobot_base/hook/cmake_prefix_path.ps1'
[2.021s] INFO:colcon.colcon_core.shell:Creating environment descriptor '/home/astrox/astrobot_ws/install/astrobot_base/share/astrobot_base/hook/cmake_prefix_path.dsv'
[2.022s] INFO:colcon.colcon_core.shell:Creating environment hook '/home/astrox/astrobot_ws/install/astrobot_base/share/astrobot_base/hook/cmake_prefix_path.sh'
[2.022s] Level 1:colcon.colcon_core.environment:checking '/home/astrox/astrobot_ws/install/astrobot_base/bin'
[2.022s] Level 1:colcon.colcon_core.environment:checking '/home/astrox/astrobot_ws/install/astrobot_base/lib/pkgconfig/astrobot_base.pc'
[2.022s] Level 1:colcon.colcon_core.environment:checking '/home/astrox/astrobot_ws/install/astrobot_base/lib/python3.10/site-packages'
[2.022s] Level 1:colcon.colcon_core.environment:checking '/home/astrox/astrobot_ws/install/astrobot_base/bin'
[2.036s] INFO:colcon.colcon_core.shell:Creating package script '/home/astrox/astrobot_ws/install/astrobot_base/share/astrobot_base/package.ps1'
[2.036s] INFO:colcon.colcon_core.shell:Creating package descriptor '/home/astrox/astrobot_ws/install/astrobot_base/share/astrobot_base/package.dsv'
[2.036s] INFO:colcon.colcon_core.shell:Creating package script '/home/astrox/astrobot_ws/install/astrobot_base/share/astrobot_base/package.sh'
[2.037s] INFO:colcon.colcon_core.shell:Creating package script '/home/astrox/astrobot_ws/install/astrobot_base/share/astrobot_base/package.bash'
[2.037s] INFO:colcon.colcon_core.shell:Creating package script '/home/astrox/astrobot_ws/install/astrobot_base/share/astrobot_base/package.zsh'
[2.037s] Level 1:colcon.colcon_core.environment:create_file_with_runtime_dependencies(/home/astrox/astrobot_ws/install/astrobot_base/share/colcon-core/packages/astrobot_base)
[2.038s] Level 1:colcon.colcon_core.environment:create_environment_scripts_only(astrobot_navigation)
[2.039s] DEBUG:colcon.colcon_core.event_handler.log_command:Invoked command in '/home/astrox/astrobot_ws/build/astrobot_navigation' returned '0': CMAKE_PREFIX_PATH=${CMAKE_PREFIX_PATH}:/opt/ros/humble /usr/bin/cmake --install /home/astrox/astrobot_ws/build/astrobot_navigation
[2.051s] Level 1:colcon.colcon_core.environment:checking '/home/astrox/astrobot_ws/install/astrobot_navigation' for CMake module files
[2.052s] Level 1:colcon.colcon_core.environment:checking '/home/astrox/astrobot_ws/install/astrobot_navigation' for CMake config files
[2.052s] Level 1:colcon.colcon_core.shell:create_environment_hook('astrobot_navigation', 'cmake_prefix_path')
[2.065s] INFO:colcon.colcon_core.shell:Creating environment hook '/home/astrox/astrobot_ws/install/astrobot_navigation/share/astrobot_navigation/hook/cmake_prefix_path.ps1'
[2.065s] INFO:colcon.colcon_core.shell:Creating environment descriptor '/home/astrox/astrobot_ws/install/astrobot_navigation/share/astrobot_navigation/hook/cmake_prefix_path.dsv'
[2.065s] INFO:colcon.colcon_core.shell:Creating environment hook '/home/astrox/astrobot_ws/install/astrobot_navigation/share/astrobot_navigation/hook/cmake_prefix_path.sh'
[2.066s] Level 1:colcon.colcon_core.environment:checking '/home/astrox/astrobot_ws/install/astrobot_navigation/bin'
[2.066s] Level 1:colcon.colcon_core.environment:checking '/home/astrox/astrobot_ws/install/astrobot_navigation/lib/pkgconfig/astrobot_navigation.pc'
[2.066s] Level 1:colcon.colcon_core.environment:checking '/home/astrox/astrobot_ws/install/astrobot_navigation/lib/python3.10/site-packages'
[2.066s] Level 1:colcon.colcon_core.environment:checking '/home/astrox/astrobot_ws/install/astrobot_navigation/bin'
[2.079s] INFO:colcon.colcon_core.shell:Creating package script '/home/astrox/astrobot_ws/install/astrobot_navigation/share/astrobot_navigation/package.ps1'
[2.080s] INFO:colcon.colcon_core.shell:Creating package descriptor '/home/astrox/astrobot_ws/install/astrobot_navigation/share/astrobot_navigation/package.dsv'
[2.080s] INFO:colcon.colcon_core.shell:Creating package script '/home/astrox/astrobot_ws/install/astrobot_navigation/share/astrobot_navigation/package.sh'
[2.080s] INFO:colcon.colcon_core.shell:Creating package script '/home/astrox/astrobot_ws/install/astrobot_navigation/share/astrobot_navigation/package.bash'
[2.080s] INFO:colcon.colcon_core.shell:Creating package script '/home/astrox/astrobot_ws/install/astrobot_navigation/share/astrobot_navigation/package.zsh'
[2.081s] Level 1:colcon.colcon_core.environment:create_file_with_runtime_dependencies(/home/astrox/astrobot_ws/install/astrobot_navigation/share/colcon-core/packages/astrobot_navigation)
[2.095s] Level 1:colcon.colcon_core.environment:create_environment_scripts_only(astrobot_bringup)
[2.108s] Level 1:colcon.colcon_core.environment:checking '/home/astrox/astrobot_ws/install/astrobot_bringup' for CMake module files
[2.109s] Level 1:colcon.colcon_core.environment:checking '/home/astrox/astrobot_ws/install/astrobot_bringup' for CMake config files
[2.109s] Level 1:colcon.colcon_core.shell:create_environment_hook('astrobot_bringup', 'cmake_prefix_path')
[2.122s] INFO:colcon.colcon_core.shell:Creating environment hook '/home/astrox/astrobot_ws/install/astrobot_bringup/share/astrobot_bringup/hook/cmake_prefix_path.ps1'
[2.122s] INFO:colcon.colcon_core.shell:Creating environment descriptor '/home/astrox/astrobot_ws/install/astrobot_bringup/share/astrobot_bringup/hook/cmake_prefix_path.dsv'
[2.123s] INFO:colcon.colcon_core.shell:Creating environment hook '/home/astrox/astrobot_ws/install/astrobot_bringup/share/astrobot_bringup/hook/cmake_prefix_path.sh'
[2.123s] Level 1:colcon.colcon_core.environment:checking '/home/astrox/astrobot_ws/install/astrobot_bringup/bin'
[2.123s] Level 1:colcon.colcon_core.environment:checking '/home/astrox/astrobot_ws/install/astrobot_bringup/lib/pkgconfig/astrobot_bringup.pc'
[2.123s] Level 1:colcon.colcon_core.environment:checking '/home/astrox/astrobot_ws/install/astrobot_bringup/lib/python3.10/site-packages'
[2.124s] Level 1:colcon.colcon_core.environment:checking '/home/astrox/astrobot_ws/install/astrobot_bringup/bin'
[2.137s] INFO:colcon.colcon_core.shell:Creating package script '/home/astrox/astrobot_ws/install/astrobot_bringup/share/astrobot_bringup/package.ps1'
[2.137s] INFO:colcon.colcon_core.shell:Creating package descriptor '/home/astrox/astrobot_ws/install/astrobot_bringup/share/astrobot_bringup/package.dsv'
[2.137s] INFO:colcon.colcon_core.shell:Creating package script '/home/astrox/astrobot_ws/install/astrobot_bringup/share/astrobot_bringup/package.sh'
[2.138s] INFO:colcon.colcon_core.shell:Creating package script '/home/astrox/astrobot_ws/install/astrobot_bringup/share/astrobot_bringup/package.bash'
[2.138s] INFO:colcon.colcon_core.shell:Creating package script '/home/astrox/astrobot_ws/install/astrobot_bringup/share/astrobot_bringup/package.zsh'
[2.138s] Level 1:colcon.colcon_core.environment:create_file_with_runtime_dependencies(/home/astrox/astrobot_ws/install/astrobot_bringup/share/colcon-core/packages/astrobot_bringup)
[2.141s] DEBUG:colcon.colcon_core.event_handler.log_command:Invoking command in '/home/astrox/astrobot_ws/build/astrobot_description': CMAKE_PREFIX_PATH=${CMAKE_PREFIX_PATH}:/opt/ros/humble /usr/bin/cmake --install /home/astrox/astrobot_ws/build/astrobot_description
[2.158s] Level 1:colcon.colcon_core.environment:create_environment_scripts_only(astrobot_slam)
[2.171s] Level 1:colcon.colcon_core.environment:checking '/home/astrox/astrobot_ws/install/astrobot_slam' for CMake module files
[2.171s] Level 1:colcon.colcon_core.environment:checking '/home/astrox/astrobot_ws/install/astrobot_slam' for CMake config files
[2.172s] Level 1:colcon.colcon_core.shell:create_environment_hook('astrobot_slam', 'cmake_prefix_path')
[2.184s] INFO:colcon.colcon_core.shell:Creating environment hook '/home/astrox/astrobot_ws/install/astrobot_slam/share/astrobot_slam/hook/cmake_prefix_path.ps1'
[2.184s] INFO:colcon.colcon_core.shell:Creating environment descriptor '/home/astrox/astrobot_ws/install/astrobot_slam/share/astrobot_slam/hook/cmake_prefix_path.dsv'
[2.185s] INFO:colcon.colcon_core.shell:Creating environment hook '/home/astrox/astrobot_ws/install/astrobot_slam/share/astrobot_slam/hook/cmake_prefix_path.sh'
[2.185s] Level 1:colcon.colcon_core.environment:checking '/home/astrox/astrobot_ws/install/astrobot_slam/bin'
[2.185s] Level 1:colcon.colcon_core.environment:checking '/home/astrox/astrobot_ws/install/astrobot_slam/lib/pkgconfig/astrobot_slam.pc'
[2.185s] Level 1:colcon.colcon_core.environment:checking '/home/astrox/astrobot_ws/install/astrobot_slam/lib/python3.10/site-packages'
[2.186s] Level 1:colcon.colcon_core.environment:checking '/home/astrox/astrobot_ws/install/astrobot_slam/bin'
[2.198s] INFO:colcon.colcon_core.shell:Creating package script '/home/astrox/astrobot_ws/install/astrobot_slam/share/astrobot_slam/package.ps1'
[2.199s] INFO:colcon.colcon_core.shell:Creating package descriptor '/home/astrox/astrobot_ws/install/astrobot_slam/share/astrobot_slam/package.dsv'
[2.199s] INFO:colcon.colcon_core.shell:Creating package script '/home/astrox/astrobot_ws/install/astrobot_slam/share/astrobot_slam/package.sh'
[2.200s] INFO:colcon.colcon_core.shell:Creating package script '/home/astrox/astrobot_ws/install/astrobot_slam/share/astrobot_slam/package.bash'
[2.200s] INFO:colcon.colcon_core.shell:Creating package script '/home/astrox/astrobot_ws/install/astrobot_slam/share/astrobot_slam/package.zsh'
[2.200s] Level 1:colcon.colcon_core.environment:create_file_with_runtime_dependencies(/home/astrox/astrobot_ws/install/astrobot_slam/share/colcon-core/packages/astrobot_slam)
[2.214s] Level 1:colcon.colcon_core.environment:create_environment_scripts_only(astrobot_navigation)
[2.228s] Level 1:colcon.colcon_core.environment:checking '/home/astrox/astrobot_ws/install/astrobot_navigation' for CMake module files
[2.228s] Level 1:colcon.colcon_core.environment:checking '/home/astrox/astrobot_ws/install/astrobot_navigation' for CMake config files
[2.229s] Level 1:colcon.colcon_core.shell:create_environment_hook('astrobot_navigation', 'cmake_prefix_path')
[2.242s] INFO:colcon.colcon_core.shell:Creating environment hook '/home/astrox/astrobot_ws/install/astrobot_navigation/share/astrobot_navigation/hook/cmake_prefix_path.ps1'
[2.242s] INFO:colcon.colcon_core.shell:Creating environment descriptor '/home/astrox/astrobot_ws/install/astrobot_navigation/share/astrobot_navigation/hook/cmake_prefix_path.dsv'
[2.242s] INFO:colcon.colcon_core.shell:Creating environment hook '/home/astrox/astrobot_ws/install/astrobot_navigation/share/astrobot_navigation/hook/cmake_prefix_path.sh'
[2.243s] Level 1:colcon.colcon_core.environment:checking '/home/astrox/astrobot_ws/install/astrobot_navigation/bin'
[2.243s] Level 1:colcon.colcon_core.environment:checking '/home/astrox/astrobot_ws/install/astrobot_navigation/lib/pkgconfig/astrobot_navigation.pc'
[2.243s] Level 1:colcon.colcon_core.environment:checking '/home/astrox/astrobot_ws/install/astrobot_navigation/lib/python3.10/site-packages'
[2.243s] Level 1:colcon.colcon_core.environment:checking '/home/astrox/astrobot_ws/install/astrobot_navigation/bin'
[2.256s] INFO:colcon.colcon_core.shell:Creating package script '/home/astrox/astrobot_ws/install/astrobot_navigation/share/astrobot_navigation/package.ps1'
[2.256s] INFO:colcon.colcon_core.shell:Creating package descriptor '/home/astrox/astrobot_ws/install/astrobot_navigation/share/astrobot_navigation/package.dsv'
[2.256s] INFO:colcon.colcon_core.shell:Creating package script '/home/astrox/astrobot_ws/install/astrobot_navigation/share/astrobot_navigation/package.sh'
[2.257s] INFO:colcon.colcon_core.shell:Creating package script '/home/astrox/astrobot_ws/install/astrobot_navigation/share/astrobot_navigation/package.bash'
[2.257s] INFO:colcon.colcon_core.shell:Creating package script '/home/astrox/astrobot_ws/install/astrobot_navigation/share/astrobot_navigation/package.zsh'
[2.257s] Level 1:colcon.colcon_core.environment:create_file_with_runtime_dependencies(/home/astrox/astrobot_ws/install/astrobot_navigation/share/colcon-core/packages/astrobot_navigation)
[2.258s] Level 1:colcon.colcon_core.environment:create_environment_scripts_only(astrobot_description)
[2.259s] DEBUG:colcon.colcon_core.event_handler.log_command:Invoked command in '/home/astrox/astrobot_ws/build/astrobot_description' returned '0': CMAKE_PREFIX_PATH=${CMAKE_PREFIX_PATH}:/opt/ros/humble /usr/bin/cmake --install /home/astrox/astrobot_ws/build/astrobot_description
[2.272s] Level 1:colcon.colcon_core.environment:checking '/home/astrox/astrobot_ws/install/astrobot_description' for CMake module files
[2.272s] Level 1:colcon.colcon_core.environment:checking '/home/astrox/astrobot_ws/install/astrobot_description' for CMake config files
[2.272s] Level 1:colcon.colcon_core.shell:create_environment_hook('astrobot_description', 'cmake_prefix_path')
[2.286s] INFO:colcon.colcon_core.shell:Creating environment hook '/home/astrox/astrobot_ws/install/astrobot_description/share/astrobot_description/hook/cmake_prefix_path.ps1'
[2.286s] INFO:colcon.colcon_core.shell:Creating environment descriptor '/home/astrox/astrobot_ws/install/astrobot_description/share/astrobot_description/hook/cmake_prefix_path.dsv'
[2.286s] INFO:colcon.colcon_core.shell:Creating environment hook '/home/astrox/astrobot_ws/install/astrobot_description/share/astrobot_description/hook/cmake_prefix_path.sh'
[2.287s] Level 1:colcon.colcon_core.environment:checking '/home/astrox/astrobot_ws/install/astrobot_description/bin'
[2.287s] Level 1:colcon.colcon_core.environment:checking '/home/astrox/astrobot_ws/install/astrobot_description/lib/pkgconfig/astrobot_description.pc'
[2.287s] Level 1:colcon.colcon_core.environment:checking '/home/astrox/astrobot_ws/install/astrobot_description/lib/python3.10/site-packages'
[2.287s] Level 1:colcon.colcon_core.environment:checking '/home/astrox/astrobot_ws/install/astrobot_description/bin'
[2.301s] INFO:colcon.colcon_core.shell:Creating package script '/home/astrox/astrobot_ws/install/astrobot_description/share/astrobot_description/package.ps1'
[2.301s] INFO:colcon.colcon_core.shell:Creating package descriptor '/home/astrox/astrobot_ws/install/astrobot_description/share/astrobot_description/package.dsv'
[2.302s] INFO:colcon.colcon_core.shell:Creating package script '/home/astrox/astrobot_ws/install/astrobot_description/share/astrobot_description/package.sh'
[2.302s] INFO:colcon.colcon_core.shell:Creating package script '/home/astrox/astrobot_ws/install/astrobot_description/share/astrobot_description/package.bash'
[2.302s] INFO:colcon.colcon_core.shell:Creating package script '/home/astrox/astrobot_ws/install/astrobot_description/share/astrobot_description/package.zsh'
[2.302s] Level 1:colcon.colcon_core.environment:create_file_with_runtime_dependencies(/home/astrox/astrobot_ws/install/astrobot_description/share/colcon-core/packages/astrobot_description)
[2.304s] DEBUG:colcon.colcon_core.event_handler.log_command:Invoked command in '/home/astrox/astrobot_ws/build/sllidar_ros2' returned '0': CMAKE_PREFIX_PATH=${CMAKE_PREFIX_PATH}:/opt/ros/humble /usr/bin/cmake /home/astrox/astrobot_ws/src/sllidar_ros2 -DCMAKE_INSTALL_PREFIX=/home/astrox/astrobot_ws/install/sllidar_ros2
[2.305s] DEBUG:colcon.colcon_core.event_handler.log_command:Invoking command in '/home/astrox/astrobot_ws/build/sllidar_ros2': CMAKE_PREFIX_PATH=${CMAKE_PREFIX_PATH}:/opt/ros/humble /usr/bin/cmake --build /home/astrox/astrobot_ws/build/sllidar_ros2 -- -j12 -l12
[2.331s] Level 1:colcon.colcon_core.environment:create_environment_scripts_only(astrobot_description)
[2.344s] Level 1:colcon.colcon_core.environment:checking '/home/astrox/astrobot_ws/install/astrobot_description' for CMake module files
[2.345s] Level 1:colcon.colcon_core.environment:checking '/home/astrox/astrobot_ws/install/astrobot_description' for CMake config files
[2.345s] Level 1:colcon.colcon_core.shell:create_environment_hook('astrobot_description', 'cmake_prefix_path')
[2.358s] INFO:colcon.colcon_core.shell:Creating environment hook '/home/astrox/astrobot_ws/install/astrobot_description/share/astrobot_description/hook/cmake_prefix_path.ps1'
[2.358s] INFO:colcon.colcon_core.shell:Creating environment descriptor '/home/astrox/astrobot_ws/install/astrobot_description/share/astrobot_description/hook/cmake_prefix_path.dsv'
[2.358s] INFO:colcon.colcon_core.shell:Creating environment hook '/home/astrox/astrobot_ws/install/astrobot_description/share/astrobot_description/hook/cmake_prefix_path.sh'
[2.359s] Level 1:colcon.colcon_core.environment:checking '/home/astrox/astrobot_ws/install/astrobot_description/bin'
[2.359s] Level 1:colcon.colcon_core.environment:checking '/home/astrox/astrobot_ws/install/astrobot_description/lib/pkgconfig/astrobot_description.pc'
[2.359s] Level 1:colcon.colcon_core.environment:checking '/home/astrox/astrobot_ws/install/astrobot_description/lib/python3.10/site-packages'
[2.359s] Level 1:colcon.colcon_core.environment:checking '/home/astrox/astrobot_ws/install/astrobot_description/bin'
[2.373s] INFO:colcon.colcon_core.shell:Creating package script '/home/astrox/astrobot_ws/install/astrobot_description/share/astrobot_description/package.ps1'
[2.373s] INFO:colcon.colcon_core.shell:Creating package descriptor '/home/astrox/astrobot_ws/install/astrobot_description/share/astrobot_description/package.dsv'
[2.374s] INFO:colcon.colcon_core.shell:Creating package script '/home/astrox/astrobot_ws/install/astrobot_description/share/astrobot_description/package.sh'
[2.374s] INFO:colcon.colcon_core.shell:Creating package script '/home/astrox/astrobot_ws/install/astrobot_description/share/astrobot_description/package.bash'
[2.374s] INFO:colcon.colcon_core.shell:Creating package script '/home/astrox/astrobot_ws/install/astrobot_description/share/astrobot_description/package.zsh'
[2.374s] Level 1:colcon.colcon_core.environment:create_file_with_runtime_dependencies(/home/astrox/astrobot_ws/install/astrobot_description/share/colcon-core/packages/astrobot_description)
[2.376s] DEBUG:colcon.colcon_core.event_handler.log_command:Invoked command in '/home/astrox/astrobot_ws/build/sllidar_ros2' returned '0': CMAKE_PREFIX_PATH=${CMAKE_PREFIX_PATH}:/opt/ros/humble /usr/bin/cmake --build /home/astrox/astrobot_ws/build/sllidar_ros2 -- -j12 -l12
[2.415s] DEBUG:colcon.colcon_core.event_handler.log_command:Invoking command in '/home/astrox/astrobot_ws/build/sllidar_ros2': CMAKE_PREFIX_PATH=${CMAKE_PREFIX_PATH}:/opt/ros/humble /usr/bin/cmake --install /home/astrox/astrobot_ws/build/sllidar_ros2
[2.433s] Level 1:colcon.colcon_core.environment:create_environment_scripts_only(sllidar_ros2)
[2.433s] DEBUG:colcon.colcon_core.event_handler.log_command:Invoked command in '/home/astrox/astrobot_ws/build/sllidar_ros2' returned '0': CMAKE_PREFIX_PATH=${CMAKE_PREFIX_PATH}:/opt/ros/humble /usr/bin/cmake --install /home/astrox/astrobot_ws/build/sllidar_ros2
[2.446s] Level 1:colcon.colcon_core.environment:checking '/home/astrox/astrobot_ws/install/sllidar_ros2' for CMake module files
[2.447s] Level 1:colcon.colcon_core.environment:checking '/home/astrox/astrobot_ws/install/sllidar_ros2' for CMake config files
[2.447s] Level 1:colcon.colcon_core.shell:create_environment_hook('sllidar_ros2', 'cmake_prefix_path')
[2.459s] INFO:colcon.colcon_core.shell:Creating environment hook '/home/astrox/astrobot_ws/install/sllidar_ros2/share/sllidar_ros2/hook/cmake_prefix_path.ps1'
[2.460s] INFO:colcon.colcon_core.shell:Creating environment descriptor '/home/astrox/astrobot_ws/install/sllidar_ros2/share/sllidar_ros2/hook/cmake_prefix_path.dsv'
[2.460s] INFO:colcon.colcon_core.shell:Creating environment hook '/home/astrox/astrobot_ws/install/sllidar_ros2/share/sllidar_ros2/hook/cmake_prefix_path.sh'
[2.461s] Level 1:colcon.colcon_core.environment:checking '/home/astrox/astrobot_ws/install/sllidar_ros2/lib'
[2.461s] Level 1:colcon.colcon_core.environment:checking '/home/astrox/astrobot_ws/install/sllidar_ros2/bin'
[2.461s] Level 1:colcon.colcon_core.environment:checking '/home/astrox/astrobot_ws/install/sllidar_ros2/lib/pkgconfig/sllidar_ros2.pc'
[2.461s] Level 1:colcon.colcon_core.environment:checking '/home/astrox/astrobot_ws/install/sllidar_ros2/lib/python3.10/site-packages'
[2.461s] Level 1:colcon.colcon_core.environment:checking '/home/astrox/astrobot_ws/install/sllidar_ros2/bin'
[2.474s] INFO:colcon.colcon_core.shell:Creating package script '/home/astrox/astrobot_ws/install/sllidar_ros2/share/sllidar_ros2/package.ps1'
[2.474s] INFO:colcon.colcon_core.shell:Creating package descriptor '/home/astrox/astrobot_ws/install/sllidar_ros2/share/sllidar_ros2/package.dsv'
[2.474s] INFO:colcon.colcon_core.shell:Creating package script '/home/astrox/astrobot_ws/install/sllidar_ros2/share/sllidar_ros2/package.sh'
[2.475s] INFO:colcon.colcon_core.shell:Creating package script '/home/astrox/astrobot_ws/install/sllidar_ros2/share/sllidar_ros2/package.bash'
[2.475s] INFO:colcon.colcon_core.shell:Creating package script '/home/astrox/astrobot_ws/install/sllidar_ros2/share/sllidar_ros2/package.zsh'
[2.475s] Level 1:colcon.colcon_core.environment:create_file_with_runtime_dependencies(/home/astrox/astrobot_ws/install/sllidar_ros2/share/colcon-core/packages/sllidar_ros2)
[2.527s] Level 1:colcon.colcon_core.environment:create_environment_scripts_only(sllidar_ros2)
[2.540s] Level 1:colcon.colcon_core.environment:checking '/home/astrox/astrobot_ws/install/sllidar_ros2' for CMake module files
[2.540s] Level 1:colcon.colcon_core.environment:checking '/home/astrox/astrobot_ws/install/sllidar_ros2' for CMake config files
[2.540s] Level 1:colcon.colcon_core.shell:create_environment_hook('sllidar_ros2', 'cmake_prefix_path')
[2.553s] INFO:colcon.colcon_core.shell:Creating environment hook '/home/astrox/astrobot_ws/install/sllidar_ros2/share/sllidar_ros2/hook/cmake_prefix_path.ps1'
[2.553s] INFO:colcon.colcon_core.shell:Creating environment descriptor '/home/astrox/astrobot_ws/install/sllidar_ros2/share/sllidar_ros2/hook/cmake_prefix_path.dsv'
[2.553s] INFO:colcon.colcon_core.shell:Creating environment hook '/home/astrox/astrobot_ws/install/sllidar_ros2/share/sllidar_ros2/hook/cmake_prefix_path.sh'
[2.554s] Level 1:colcon.colcon_core.environment:checking '/home/astrox/astrobot_ws/install/sllidar_ros2/lib'
[2.554s] Level 1:colcon.colcon_core.environment:checking '/home/astrox/astrobot_ws/install/sllidar_ros2/bin'
[2.554s] Level 1:colcon.colcon_core.environment:checking '/home/astrox/astrobot_ws/install/sllidar_ros2/lib/pkgconfig/sllidar_ros2.pc'
[2.554s] Level 1:colcon.colcon_core.environment:checking '/home/astrox/astrobot_ws/install/sllidar_ros2/lib/python3.10/site-packages'
[2.554s] Level 1:colcon.colcon_core.environment:checking '/home/astrox/astrobot_ws/install/sllidar_ros2/bin'
[2.567s] INFO:colcon.colcon_core.shell:Creating package script '/home/astrox/astrobot_ws/install/sllidar_ros2/share/sllidar_ros2/package.ps1'
[2.567s] INFO:colcon.colcon_core.shell:Creating package descriptor '/home/astrox/astrobot_ws/install/sllidar_ros2/share/sllidar_ros2/package.dsv'
[2.567s] INFO:colcon.colcon_core.shell:Creating package script '/home/astrox/astrobot_ws/install/sllidar_ros2/share/sllidar_ros2/package.sh'
[2.568s] INFO:colcon.colcon_core.shell:Creating package script '/home/astrox/astrobot_ws/install/sllidar_ros2/share/sllidar_ros2/package.bash'
[2.568s] INFO:colcon.colcon_core.shell:Creating package script '/home/astrox/astrobot_ws/install/sllidar_ros2/share/sllidar_ros2/package.zsh'
[2.568s] Level 1:colcon.colcon_core.environment:create_file_with_runtime_dependencies(/home/astrox/astrobot_ws/install/sllidar_ros2/share/colcon-core/packages/sllidar_ros2)
[2.568s] DEBUG:colcon.colcon_parallel_executor.executor.parallel:closing loop
[2.569s] DEBUG:colcon.colcon_parallel_executor.executor.parallel:loop closed
[2.569s] DEBUG:colcon.colcon_parallel_executor.executor.parallel:run_until_complete finished with '0'
[2.569s] DEBUG:colcon.colcon_core.event_reactor:joining thread
[2.586s] INFO:colcon.colcon_core.plugin_system:Skipping extension 'colcon_notification.desktop_notification.terminal_notifier': Not used on non-Darwin systems
[2.586s] INFO:colcon.colcon_core.plugin_system:Skipping extension 'colcon_notification.desktop_notification.win32': Not used on non-Windows systems
[2.586s] INFO:colcon.colcon_notification.desktop_notification:Sending desktop notification using 'notify2'
[2.595s] DEBUG:colcon.colcon_core.event_reactor:joined thread
[2.611s] INFO:colcon.colcon_core.shell:Creating prefix script '/home/astrox/astrobot_ws/install/local_setup.ps1'
[2.612s] INFO:colcon.colcon_core.shell:Creating prefix util module '/home/astrox/astrobot_ws/install/_local_setup_util_ps1.py'
[2.613s] INFO:colcon.colcon_core.shell:Creating prefix chain script '/home/astrox/astrobot_ws/install/setup.ps1'
[2.628s] INFO:colcon.colcon_core.shell:Creating prefix script '/home/astrox/astrobot_ws/install/local_setup.sh'
[2.628s] INFO:colcon.colcon_core.shell:Creating prefix util module '/home/astrox/astrobot_ws/install/_local_setup_util_sh.py'
[2.628s] INFO:colcon.colcon_core.shell:Creating prefix chain script '/home/astrox/astrobot_ws/install/setup.sh'
[2.642s] INFO:colcon.colcon_core.shell:Creating prefix script '/home/astrox/astrobot_ws/install/local_setup.bash'
[2.642s] INFO:colcon.colcon_core.shell:Creating prefix chain script '/home/astrox/astrobot_ws/install/setup.bash'
[2.656s] INFO:colcon.colcon_core.shell:Creating prefix script '/home/astrox/astrobot_ws/install/local_setup.zsh'
[2.656s] INFO:colcon.colcon_core.shell:Creating prefix chain script '/home/astrox/astrobot_ws/install/setup.zsh'
